{
  "stats": {
    "suites": 11,
    "tests": 68,
    "passes": 52,
    "pending": 0,
    "failures": 16,
    "start": "2025-11-23T12:48:57.416Z",
    "end": "2025-11-23T12:48:57.444Z",
    "duration": 28,
    "testsRegistered": 68,
    "passPercent": 76.47058823529412,
    "pendingPercent": 0,
    "other": 0,
    "hasOther": false,
    "skipped": 0,
    "hasSkipped": false
  },
  "results": [
    {
      "uuid": "be16a593-4f95-47b4-947c-19373de9fe11",
      "title": "",
      "fullFile": "",
      "file": "",
      "beforeHooks": [],
      "afterHooks": [],
      "tests": [],
      "suites": [
        {
          "uuid": "1cddd2de-81c8-4fc2-81b9-143abbae95dd",
          "title": "Positive testing for add.js",
          "fullFile": "/home/elmeripk/sw_testing_gw/test/addTest.js",
          "file": "/test/addTest.js",
          "beforeHooks": [],
          "afterHooks": [],
          "tests": [
            {
              "title": "It should sum two positive integers correctly",
              "fullTitle": "Positive testing for add.js It should sum two positive integers correctly",
              "timedOut": false,
              "duration": 1,
              "state": "passed",
              "speed": "fast",
              "pass": true,
              "fail": false,
              "pending": false,
              "context": null,
              "code": "const augend = 6;\n        const addend = 4;\n        assert.equal(add(augend, addend), 10);",
              "err": {},
              "uuid": "7d6dbd43-c372-4ca5-93c6-6f8f13e4a210",
              "parentUUID": "1cddd2de-81c8-4fc2-81b9-143abbae95dd",
              "isHook": false,
              "skipped": false
            },
            {
              "title": "It should sum two negative integers correctly",
              "fullTitle": "Positive testing for add.js It should sum two negative integers correctly",
              "timedOut": false,
              "duration": 0,
              "state": "passed",
              "speed": "fast",
              "pass": true,
              "fail": false,
              "pending": false,
              "context": null,
              "code": "const augend = -2;\n        const addend = -8;\n        assert.equal(add(augend, addend), -10);",
              "err": {},
              "uuid": "31baaec8-9515-4f76-a75d-791bb6b02278",
              "parentUUID": "1cddd2de-81c8-4fc2-81b9-143abbae95dd",
              "isHook": false,
              "skipped": false
            },
            {
              "title": "It should sum positive and negative integers correctly",
              "fullTitle": "Positive testing for add.js It should sum positive and negative integers correctly",
              "timedOut": false,
              "duration": 0,
              "state": "passed",
              "speed": "fast",
              "pass": true,
              "fail": false,
              "pending": false,
              "context": null,
              "code": "const augend = -4;\n        const addend = 6;\n        assert.equal(add(augend, addend), 2);",
              "err": {},
              "uuid": "8e68c33a-2a53-47c9-ad1e-92c14c2021d7",
              "parentUUID": "1cddd2de-81c8-4fc2-81b9-143abbae95dd",
              "isHook": false,
              "skipped": false
            },
            {
              "title": "It should sum positive integer and zero addend correctly",
              "fullTitle": "Positive testing for add.js It should sum positive integer and zero addend correctly",
              "timedOut": false,
              "duration": 0,
              "state": "passed",
              "speed": "fast",
              "pass": true,
              "fail": false,
              "pending": false,
              "context": null,
              "code": "const augend = 3;\n        const addend = 0;\n        assert.equal(add(augend, addend), 3);",
              "err": {},
              "uuid": "1e9513ff-02ef-48dc-b05d-2ee97a10b408",
              "parentUUID": "1cddd2de-81c8-4fc2-81b9-143abbae95dd",
              "isHook": false,
              "skipped": false
            },
            {
              "title": "It should sum zero augend and negative integer correctly",
              "fullTitle": "Positive testing for add.js It should sum zero augend and negative integer correctly",
              "timedOut": false,
              "duration": 1,
              "state": "passed",
              "speed": "fast",
              "pass": true,
              "fail": false,
              "pending": false,
              "context": null,
              "code": "const augend = 0;\n        const addend = -2;\n        assert.equal(add(augend, addend), -2);",
              "err": {},
              "uuid": "175c892d-522d-48b2-912a-a27e43334ee7",
              "parentUUID": "1cddd2de-81c8-4fc2-81b9-143abbae95dd",
              "isHook": false,
              "skipped": false
            },
            {
              "title": "It should sum two positive decimals correctly",
              "fullTitle": "Positive testing for add.js It should sum two positive decimals correctly",
              "timedOut": false,
              "duration": 0,
              "state": "passed",
              "speed": "fast",
              "pass": true,
              "fail": false,
              "pending": false,
              "context": null,
              "code": "const augend = 2.1;\n        const addend = 3.3;\n        assert.equal(add(augend, addend), 5.4);",
              "err": {},
              "uuid": "70ad9338-f1df-4c9f-8fcb-064891a46d64",
              "parentUUID": "1cddd2de-81c8-4fc2-81b9-143abbae95dd",
              "isHook": false,
              "skipped": false
            },
            {
              "title": "It should sum positve decimal and integer correctly",
              "fullTitle": "Positive testing for add.js It should sum positve decimal and integer correctly",
              "timedOut": false,
              "duration": 0,
              "state": "passed",
              "speed": "fast",
              "pass": true,
              "fail": false,
              "pending": false,
              "context": null,
              "code": "const augend = 2.1;\n        const addend = 4;\n        assert.equal(add(augend, addend), 6.1);",
              "err": {},
              "uuid": "8a33e584-eee3-47a1-8664-261edcafb96e",
              "parentUUID": "1cddd2de-81c8-4fc2-81b9-143abbae95dd",
              "isHook": false,
              "skipped": false
            }
          ],
          "suites": [],
          "passes": [
            "7d6dbd43-c372-4ca5-93c6-6f8f13e4a210",
            "31baaec8-9515-4f76-a75d-791bb6b02278",
            "8e68c33a-2a53-47c9-ad1e-92c14c2021d7",
            "1e9513ff-02ef-48dc-b05d-2ee97a10b408",
            "175c892d-522d-48b2-912a-a27e43334ee7",
            "70ad9338-f1df-4c9f-8fcb-064891a46d64",
            "8a33e584-eee3-47a1-8664-261edcafb96e"
          ],
          "failures": [],
          "pending": [],
          "skipped": [],
          "duration": 2,
          "root": false,
          "rootEmpty": false,
          "_timeout": 2000
        },
        {
          "uuid": "85504ab0-b039-466c-9792-3a17b5f8921a",
          "title": "Negative testing for add.js",
          "fullFile": "/home/elmeripk/sw_testing_gw/test/addTest.js",
          "file": "/test/addTest.js",
          "beforeHooks": [],
          "afterHooks": [],
          "tests": [
            {
              "title": "It should throw error if augend is undefined",
              "fullTitle": "Negative testing for add.js It should throw error if augend is undefined",
              "timedOut": false,
              "duration": 0,
              "state": "failed",
              "speed": null,
              "pass": false,
              "fail": true,
              "pending": false,
              "context": null,
              "code": "const augend = undefined;\n        const addend = 2;\n        expect(() => add(augend, addend)).to.throw(error)",
              "err": {
                "message": "ReferenceError: expect is not defined",
                "estack": "ReferenceError: expect is not defined\n    at Context.<anonymous> (file:///home/elmeripk/sw_testing_gw/test/addTest.js:72:9)\n    at process.processImmediate (node:internal/timers:511:21)",
                "diff": null
              },
              "uuid": "eea7b145-f87d-4a60-b699-7a6c3d086595",
              "parentUUID": "85504ab0-b039-466c-9792-3a17b5f8921a",
              "isHook": false,
              "skipped": false
            },
            {
              "title": "It should throw error if addend is undefined",
              "fullTitle": "Negative testing for add.js It should throw error if addend is undefined",
              "timedOut": false,
              "duration": 0,
              "state": "failed",
              "speed": null,
              "pass": false,
              "fail": true,
              "pending": false,
              "context": null,
              "code": "const augend = 3;\n        const addend = undefined;\n        expect(() => add(augend, addend)).to.throw(error)",
              "err": {
                "message": "ReferenceError: expect is not defined",
                "estack": "ReferenceError: expect is not defined\n    at Context.<anonymous> (file:///home/elmeripk/sw_testing_gw/test/addTest.js:80:9)\n    at process.processImmediate (node:internal/timers:511:21)",
                "diff": null
              },
              "uuid": "900ef554-aa74-4412-a717-a22d7e6fc01e",
              "parentUUID": "85504ab0-b039-466c-9792-3a17b5f8921a",
              "isHook": false,
              "skipped": false
            },
            {
              "title": "It should throw error if augend is string",
              "fullTitle": "Negative testing for add.js It should throw error if augend is string",
              "timedOut": false,
              "duration": 0,
              "state": "failed",
              "speed": null,
              "pass": false,
              "fail": true,
              "pending": false,
              "context": null,
              "code": "const augend = \"6\";\n        const addend = 4;\n        expect(() => add(augend, addend)).to.throw(error);",
              "err": {
                "message": "ReferenceError: expect is not defined",
                "estack": "ReferenceError: expect is not defined\n    at Context.<anonymous> (file:///home/elmeripk/sw_testing_gw/test/addTest.js:88:9)\n    at process.processImmediate (node:internal/timers:511:21)",
                "diff": null
              },
              "uuid": "050f9d0f-3959-46c3-bbe4-a5fb56cdfd32",
              "parentUUID": "85504ab0-b039-466c-9792-3a17b5f8921a",
              "isHook": false,
              "skipped": false
            },
            {
              "title": "It should throw error if addend is string",
              "fullTitle": "Negative testing for add.js It should throw error if addend is string",
              "timedOut": false,
              "duration": 0,
              "state": "failed",
              "speed": null,
              "pass": false,
              "fail": true,
              "pending": false,
              "context": null,
              "code": "const augend = 6;\n        const addend = \"4\";\n        expect(() => add(augend, addend)).to.throw(error);",
              "err": {
                "message": "ReferenceError: expect is not defined",
                "estack": "ReferenceError: expect is not defined\n    at Context.<anonymous> (file:///home/elmeripk/sw_testing_gw/test/addTest.js:96:9)\n    at process.processImmediate (node:internal/timers:511:21)",
                "diff": null
              },
              "uuid": "64adb8e5-b27c-4f10-9849-dc84883c4c95",
              "parentUUID": "85504ab0-b039-466c-9792-3a17b5f8921a",
              "isHook": false,
              "skipped": false
            }
          ],
          "suites": [],
          "passes": [],
          "failures": [
            "eea7b145-f87d-4a60-b699-7a6c3d086595",
            "900ef554-aa74-4412-a717-a22d7e6fc01e",
            "050f9d0f-3959-46c3-bbe4-a5fb56cdfd32",
            "64adb8e5-b27c-4f10-9849-dc84883c4c95"
          ],
          "pending": [],
          "skipped": [],
          "duration": 0,
          "root": false,
          "rootEmpty": false,
          "_timeout": 2000
        },
        {
          "uuid": "ab2a089f-3d2a-4fef-9349-4205cf7cfdb3",
          "title": "TESTS BASED ON TEST PLAN",
          "fullFile": "/home/elmeripk/sw_testing_gw/test/ceilTest.js",
          "file": "/test/ceilTest.js",
          "beforeHooks": [],
          "afterHooks": [],
          "tests": [],
          "suites": [
            {
              "uuid": "2b2e5821-dab7-4197-8646-d500ee802ec3",
              "title": "Positive test cases for ceil.js",
              "fullFile": "/home/elmeripk/sw_testing_gw/test/ceilTest.js",
              "file": "/test/ceilTest.js",
              "beforeHooks": [],
              "afterHooks": [],
              "tests": [
                {
                  "title": "Should keep an integer without precisions specified unchanged",
                  "fullTitle": "TESTS BASED ON TEST PLAN Positive test cases for ceil.js Should keep an integer without precisions specified unchanged",
                  "timedOut": false,
                  "duration": 0,
                  "state": "passed",
                  "speed": "fast",
                  "pass": true,
                  "fail": false,
                  "pending": false,
                  "context": null,
                  "code": "assert.equal(ceil(6), 6)",
                  "err": {},
                  "uuid": "b4e03950-61d0-40a7-95ef-ef0dffd44eee",
                  "parentUUID": "2b2e5821-dab7-4197-8646-d500ee802ec3",
                  "isHook": false,
                  "skipped": false
                },
                {
                  "title": "Should round decimals up to nearest integer by default",
                  "fullTitle": "TESTS BASED ON TEST PLAN Positive test cases for ceil.js Should round decimals up to nearest integer by default",
                  "timedOut": false,
                  "duration": 0,
                  "state": "passed",
                  "speed": "fast",
                  "pass": true,
                  "fail": false,
                  "pending": false,
                  "context": null,
                  "code": "assert.equal(ceil(3.006), 4);",
                  "err": {},
                  "uuid": "42fc94e6-7161-4869-95cf-edba73c91df3",
                  "parentUUID": "2b2e5821-dab7-4197-8646-d500ee802ec3",
                  "isHook": false,
                  "skipped": false
                },
                {
                  "title": "Should round decimal to correct precision when positive precision is specified",
                  "fullTitle": "TESTS BASED ON TEST PLAN Positive test cases for ceil.js Should round decimal to correct precision when positive precision is specified",
                  "timedOut": false,
                  "duration": 1,
                  "state": "passed",
                  "speed": "fast",
                  "pass": true,
                  "fail": false,
                  "pending": false,
                  "context": null,
                  "code": "assert.equal(ceil(6.004, 2), 6.01);",
                  "err": {},
                  "uuid": "ae8232c0-0335-4e0e-abdb-ebefaf058eb6",
                  "parentUUID": "2b2e5821-dab7-4197-8646-d500ee802ec3",
                  "isHook": false,
                  "skipped": false
                },
                {
                  "title": "Should keep integer unchanged when precision is positive",
                  "fullTitle": "TESTS BASED ON TEST PLAN Positive test cases for ceil.js Should keep integer unchanged when precision is positive",
                  "timedOut": false,
                  "duration": 0,
                  "state": "passed",
                  "speed": "fast",
                  "pass": true,
                  "fail": false,
                  "pending": false,
                  "context": null,
                  "code": "assert.equal(ceil(5, 3), 5);",
                  "err": {},
                  "uuid": "25ae9f88-708e-4371-8b17-ac2a310bc762",
                  "parentUUID": "2b2e5821-dab7-4197-8646-d500ee802ec3",
                  "isHook": false,
                  "skipped": false
                },
                {
                  "title": "Should round decimal to correct precision when zero precision is specified",
                  "fullTitle": "TESTS BASED ON TEST PLAN Positive test cases for ceil.js Should round decimal to correct precision when zero precision is specified",
                  "timedOut": false,
                  "duration": 0,
                  "state": "passed",
                  "speed": "fast",
                  "pass": true,
                  "fail": false,
                  "pending": false,
                  "context": null,
                  "code": "assert.equal(ceil(3.006, 0), 4);",
                  "err": {},
                  "uuid": "d9961c46-6cb8-4b2b-8e51-230fd165053c",
                  "parentUUID": "2b2e5821-dab7-4197-8646-d500ee802ec3",
                  "isHook": false,
                  "skipped": false
                }
              ],
              "suites": [],
              "passes": [
                "b4e03950-61d0-40a7-95ef-ef0dffd44eee",
                "42fc94e6-7161-4869-95cf-edba73c91df3",
                "ae8232c0-0335-4e0e-abdb-ebefaf058eb6",
                "25ae9f88-708e-4371-8b17-ac2a310bc762",
                "d9961c46-6cb8-4b2b-8e51-230fd165053c"
              ],
              "failures": [],
              "pending": [],
              "skipped": [],
              "duration": 1,
              "root": false,
              "rootEmpty": false,
              "_timeout": 2000
            },
            {
              "uuid": "c47ea27a-6df8-4591-b5de-4fa3ef670390",
              "title": "Negative test cases for ceil.js",
              "fullFile": "/home/elmeripk/sw_testing_gw/test/ceilTest.js",
              "file": "/test/ceilTest.js",
              "beforeHooks": [],
              "afterHooks": [],
              "tests": [
                {
                  "title": "Should throw an error when input is not a number",
                  "fullTitle": "TESTS BASED ON TEST PLAN Negative test cases for ceil.js Should throw an error when input is not a number",
                  "timedOut": false,
                  "duration": 2,
                  "state": "failed",
                  "speed": null,
                  "pass": false,
                  "fail": true,
                  "pending": false,
                  "context": null,
                  "code": "assert.throws(() => ceil(\"not a number\"), Error);",
                  "err": {
                    "message": "AssertionError: expected [Function] to throw Error",
                    "estack": "AssertionError: expected [Function] to throw Error\n    at Context.<anonymous> (file:///home/elmeripk/sw_testing_gw/test/ceilTest.js:33:20)\n    at process.processImmediate (node:internal/timers:511:21)",
                    "diff": null
                  },
                  "uuid": "c5cec578-dcca-4638-8e09-b9f997a1cd20",
                  "parentUUID": "c47ea27a-6df8-4591-b5de-4fa3ef670390",
                  "isHook": false,
                  "skipped": false
                },
                {
                  "title": "Should throw an error if precision is not a number",
                  "fullTitle": "TESTS BASED ON TEST PLAN Negative test cases for ceil.js Should throw an error if precision is not a number",
                  "timedOut": false,
                  "duration": 0,
                  "state": "failed",
                  "speed": null,
                  "pass": false,
                  "fail": true,
                  "pending": false,
                  "context": null,
                  "code": "assert.throws(() => ceil(4.3367, \"not a number\"), Error);",
                  "err": {
                    "message": "AssertionError: expected [Function] to throw Error",
                    "estack": "AssertionError: expected [Function] to throw Error\n    at Context.<anonymous> (file:///home/elmeripk/sw_testing_gw/test/ceilTest.js:37:20)\n    at process.processImmediate (node:internal/timers:511:21)",
                    "diff": null
                  },
                  "uuid": "cbf8fd63-ef72-400f-a04f-36336df633a1",
                  "parentUUID": "c47ea27a-6df8-4591-b5de-4fa3ef670390",
                  "isHook": false,
                  "skipped": false
                }
              ],
              "suites": [],
              "passes": [],
              "failures": [
                "c5cec578-dcca-4638-8e09-b9f997a1cd20",
                "cbf8fd63-ef72-400f-a04f-36336df633a1"
              ],
              "pending": [],
              "skipped": [],
              "duration": 2,
              "root": false,
              "rootEmpty": false,
              "_timeout": 2000
            }
          ],
          "passes": [],
          "failures": [],
          "pending": [],
          "skipped": [],
          "duration": 0,
          "root": false,
          "rootEmpty": false,
          "_timeout": 2000
        },
        {
          "uuid": "3b86e98f-c0ba-428f-be8e-6cfda93a6d21",
          "title": "NEWLY ADDED TESTS FOR ceil.js",
          "fullFile": "/home/elmeripk/sw_testing_gw/test/ceilTest.js",
          "file": "/test/ceilTest.js",
          "beforeHooks": [],
          "afterHooks": [],
          "tests": [],
          "suites": [
            {
              "uuid": "db16ad4a-fc89-431b-bbc9-b7e6f445aeec",
              "title": "Positive test cases for ceil.js",
              "fullFile": "/home/elmeripk/sw_testing_gw/test/ceilTest.js",
              "file": "/test/ceilTest.js",
              "beforeHooks": [],
              "afterHooks": [],
              "tests": [
                {
                  "title": "Should round integer to correct precision when negative precision is specified",
                  "fullTitle": "NEWLY ADDED TESTS FOR ceil.js Positive test cases for ceil.js Should round integer to correct precision when negative precision is specified",
                  "timedOut": false,
                  "duration": 0,
                  "state": "passed",
                  "speed": "fast",
                  "pass": true,
                  "fail": false,
                  "pending": false,
                  "context": null,
                  "code": "assert.equal(ceil(6040, -2), 6100);",
                  "err": {},
                  "uuid": "e8246d7d-3e4c-46c1-86e2-891f4ecf4f02",
                  "parentUUID": "db16ad4a-fc89-431b-bbc9-b7e6f445aeec",
                  "isHook": false,
                  "skipped": false
                },
                {
                  "title": "Should round decimal to correct precision when negative precision is specified",
                  "fullTitle": "NEWLY ADDED TESTS FOR ceil.js Positive test cases for ceil.js Should round decimal to correct precision when negative precision is specified",
                  "timedOut": false,
                  "duration": 0,
                  "state": "passed",
                  "speed": "fast",
                  "pass": true,
                  "fail": false,
                  "pending": false,
                  "context": null,
                  "code": "assert.equal(ceil(6.040, -2), 100);",
                  "err": {},
                  "uuid": "fc3a1240-0ddd-488d-9437-1a41f0d2526d",
                  "parentUUID": "db16ad4a-fc89-431b-bbc9-b7e6f445aeec",
                  "isHook": false,
                  "skipped": false
                }
              ],
              "suites": [],
              "passes": [
                "e8246d7d-3e4c-46c1-86e2-891f4ecf4f02",
                "fc3a1240-0ddd-488d-9437-1a41f0d2526d"
              ],
              "failures": [],
              "pending": [],
              "skipped": [],
              "duration": 0,
              "root": false,
              "rootEmpty": false,
              "_timeout": 2000
            },
            {
              "uuid": "cce75f7e-1323-4154-84b9-cf941e93de75",
              "title": "Negative test cases for ceil.js",
              "fullFile": "/home/elmeripk/sw_testing_gw/test/ceilTest.js",
              "file": "/test/ceilTest.js",
              "beforeHooks": [],
              "afterHooks": [],
              "tests": [
                {
                  "title": "Should throw an error when precision is not an integer",
                  "fullTitle": "NEWLY ADDED TESTS FOR ceil.js Negative test cases for ceil.js Should throw an error when precision is not an integer",
                  "timedOut": false,
                  "duration": 1,
                  "state": "failed",
                  "speed": null,
                  "pass": false,
                  "fail": true,
                  "pending": false,
                  "context": null,
                  "code": "assert.throws(() => ceil(4.3367, 1.5), Error);",
                  "err": {
                    "message": "AssertionError: expected [Function] to throw Error",
                    "estack": "AssertionError: expected [Function] to throw Error\n    at Context.<anonymous> (file:///home/elmeripk/sw_testing_gw/test/ceilTest.js:60:20)\n    at process.processImmediate (node:internal/timers:511:21)",
                    "diff": null
                  },
                  "uuid": "f74988fa-23fa-40c5-932f-09f02e43ed82",
                  "parentUUID": "cce75f7e-1323-4154-84b9-cf941e93de75",
                  "isHook": false,
                  "skipped": false
                }
              ],
              "suites": [],
              "passes": [],
              "failures": [
                "f74988fa-23fa-40c5-932f-09f02e43ed82"
              ],
              "pending": [],
              "skipped": [],
              "duration": 1,
              "root": false,
              "rootEmpty": false,
              "_timeout": 2000
            }
          ],
          "passes": [],
          "failures": [],
          "pending": [],
          "skipped": [],
          "duration": 0,
          "root": false,
          "rootEmpty": false,
          "_timeout": 2000
        },
        {
          "uuid": "cd4332eb-da19-4fa4-b037-f019eebce1e8",
          "title": "Positive test cases for defaultToAny.js",
          "fullFile": "/home/elmeripk/sw_testing_gw/test/defaultToAnyTest.js",
          "file": "/test/defaultToAnyTest.js",
          "beforeHooks": [],
          "afterHooks": [],
          "tests": [
            {
              "title": "Should return the first value when it is not NaN, null, or undefined",
              "fullTitle": "Positive test cases for defaultToAny.js Should return the first value when it is not NaN, null, or undefined",
              "timedOut": false,
              "duration": 0,
              "state": "passed",
              "speed": "fast",
              "pass": true,
              "fail": false,
              "pending": false,
              "context": null,
              "code": "assert.equal(defaultToAny(1, 10, 20), 1);",
              "err": {},
              "uuid": "abe18cda-8c97-4b00-a268-de3a9e683612",
              "parentUUID": "cd4332eb-da19-4fa4-b037-f019eebce1e8",
              "isHook": false,
              "skipped": false
            },
            {
              "title": "Should return the first non-NaN, non-null, or non-undefined default value value is undefined",
              "fullTitle": "Positive test cases for defaultToAny.js Should return the first non-NaN, non-null, or non-undefined default value value is undefined",
              "timedOut": false,
              "duration": 0,
              "state": "passed",
              "speed": "fast",
              "pass": true,
              "fail": false,
              "pending": false,
              "context": null,
              "code": "assert.equal(defaultToAny(undefined, 10, 20), 10);",
              "err": {},
              "uuid": "b34bd175-3817-4100-824f-05e617250397",
              "parentUUID": "cd4332eb-da19-4fa4-b037-f019eebce1e8",
              "isHook": false,
              "skipped": false
            },
            {
              "title": "Should return the first non-NaN, non-null, or non-undefined default value when value is NaN and there are valid defaults",
              "fullTitle": "Positive test cases for defaultToAny.js Should return the first non-NaN, non-null, or non-undefined default value when value is NaN and there are valid defaults",
              "timedOut": false,
              "duration": 0,
              "state": "failed",
              "speed": null,
              "pass": false,
              "fail": true,
              "pending": false,
              "context": null,
              "code": "assert.equal(defaultToAny(NaN, null, 20), 20);",
              "err": {
                "message": "AssertionError: expected NaN to equal 20",
                "estack": "AssertionError: expected NaN to equal 20\n    at Context.<anonymous> (file:///home/elmeripk/sw_testing_gw/test/defaultToAnyTest.js:16:20)\n    at process.processImmediate (node:internal/timers:511:21)",
                "diff": "- NaN\n+ 20\n"
              },
              "uuid": "5bffd26e-97f8-486d-bbb4-960d8b030cbf",
              "parentUUID": "cd4332eb-da19-4fa4-b037-f019eebce1e8",
              "isHook": false,
              "skipped": false
            },
            {
              "title": "Should return the first non-NaN, non-null, or non-undefined default value when value is null and there are valid defaults",
              "fullTitle": "Positive test cases for defaultToAny.js Should return the first non-NaN, non-null, or non-undefined default value when value is null and there are valid defaults",
              "timedOut": false,
              "duration": 0,
              "state": "failed",
              "speed": null,
              "pass": false,
              "fail": true,
              "pending": false,
              "context": null,
              "code": "assert.equal(defaultToAny(null, NaN, 30), 30);",
              "err": {
                "message": "AssertionError: expected NaN to equal 30",
                "estack": "AssertionError: expected NaN to equal 30\n    at Context.<anonymous> (file:///home/elmeripk/sw_testing_gw/test/defaultToAnyTest.js:20:20)\n    at process.processImmediate (node:internal/timers:511:21)",
                "diff": "- NaN\n+ 30\n"
              },
              "uuid": "98a075a0-1ce7-44c5-bba3-146bf3df274d",
              "parentUUID": "cd4332eb-da19-4fa4-b037-f019eebce1e8",
              "isHook": false,
              "skipped": false
            },
            {
              "title": "Should return the first non-Nan, non-null or non-undefined default value when value is undefined and there are valid defaults",
              "fullTitle": "Positive test cases for defaultToAny.js Should return the first non-Nan, non-null or non-undefined default value when value is undefined and there are valid defaults",
              "timedOut": false,
              "duration": 0,
              "state": "failed",
              "speed": null,
              "pass": false,
              "fail": true,
              "pending": false,
              "context": null,
              "code": "assert.equal(defaultToAny(undefined, NaN, null, 50), 50);",
              "err": {
                "message": "AssertionError: expected NaN to equal 50",
                "estack": "AssertionError: expected NaN to equal 50\n    at Context.<anonymous> (file:///home/elmeripk/sw_testing_gw/test/defaultToAnyTest.js:24:20)\n    at process.processImmediate (node:internal/timers:511:21)",
                "diff": "- NaN\n+ 50\n"
              },
              "uuid": "13747f19-feb1-41af-b1cd-f5164f878451",
              "parentUUID": "cd4332eb-da19-4fa4-b037-f019eebce1e8",
              "isHook": false,
              "skipped": false
            },
            {
              "title": "Should return the last default value when the value is undefined and any of the default values are not valid V1",
              "fullTitle": "Positive test cases for defaultToAny.js Should return the last default value when the value is undefined and any of the default values are not valid V1",
              "timedOut": false,
              "duration": 0,
              "state": "passed",
              "speed": "fast",
              "pass": true,
              "fail": false,
              "pending": false,
              "context": null,
              "code": "assert.isNaN(defaultToAny(null, undefined, NaN));",
              "err": {},
              "uuid": "b205e3ff-610b-4661-a8d8-4b6c828fce4d",
              "parentUUID": "cd4332eb-da19-4fa4-b037-f019eebce1e8",
              "isHook": false,
              "skipped": false
            },
            {
              "title": "Should return the last default value when the value is undefined and any of the default values are not valid V2",
              "fullTitle": "Positive test cases for defaultToAny.js Should return the last default value when the value is undefined and any of the default values are not valid V2",
              "timedOut": false,
              "duration": 0,
              "state": "passed",
              "speed": "fast",
              "pass": true,
              "fail": false,
              "pending": false,
              "context": null,
              "code": "assert.isNaN(defaultToAny(undefined, null, NaN));",
              "err": {},
              "uuid": "eebe7124-5e20-4eb0-b087-764ceb5fbb5d",
              "parentUUID": "cd4332eb-da19-4fa4-b037-f019eebce1e8",
              "isHook": false,
              "skipped": false
            },
            {
              "title": "Should return the last default value when the value is NaN and any of the default values are not valid V1",
              "fullTitle": "Positive test cases for defaultToAny.js Should return the last default value when the value is NaN and any of the default values are not valid V1",
              "timedOut": false,
              "duration": 0,
              "state": "failed",
              "speed": null,
              "pass": false,
              "fail": true,
              "pending": false,
              "context": null,
              "code": "assert.isNull(defaultToAny(NaN, undefined, null));",
              "err": {
                "message": "AssertionError: expected NaN to equal null",
                "estack": "AssertionError: expected NaN to equal null\n    at Context.<anonymous> (file:///home/elmeripk/sw_testing_gw/test/defaultToAnyTest.js:36:20)\n    at process.processImmediate (node:internal/timers:511:21)",
                "diff": null
              },
              "uuid": "854b73bd-9bcd-46c6-a6ca-cecf5c6881be",
              "parentUUID": "cd4332eb-da19-4fa4-b037-f019eebce1e8",
              "isHook": false,
              "skipped": false
            },
            {
              "title": "Should return the last default value when the value is NaN and any of the default values are not valid V2",
              "fullTitle": "Positive test cases for defaultToAny.js Should return the last default value when the value is NaN and any of the default values are not valid V2",
              "timedOut": false,
              "duration": 1,
              "state": "failed",
              "speed": null,
              "pass": false,
              "fail": true,
              "pending": false,
              "context": null,
              "code": "assert.isNull(defaultToAny(NaN, undefined, null));",
              "err": {
                "message": "AssertionError: expected NaN to equal null",
                "estack": "AssertionError: expected NaN to equal null\n    at Context.<anonymous> (file:///home/elmeripk/sw_testing_gw/test/defaultToAnyTest.js:40:20)\n    at process.processImmediate (node:internal/timers:511:21)",
                "diff": null
              },
              "uuid": "1acd1832-152e-4d33-a51a-012a10b5da5e",
              "parentUUID": "cd4332eb-da19-4fa4-b037-f019eebce1e8",
              "isHook": false,
              "skipped": false
            },
            {
              "title": "Should return the last default value when the value is null and any of the default values are not valid V1",
              "fullTitle": "Positive test cases for defaultToAny.js Should return the last default value when the value is null and any of the default values are not valid V1",
              "timedOut": false,
              "duration": 0,
              "state": "failed",
              "speed": null,
              "pass": false,
              "fail": true,
              "pending": false,
              "context": null,
              "code": "assert.isUndefined(defaultToAny(null, NaN, undefined));",
              "err": {
                "message": "AssertionError: expected NaN to equal undefined",
                "estack": "AssertionError: expected NaN to equal undefined\n    at Context.<anonymous> (file:///home/elmeripk/sw_testing_gw/test/defaultToAnyTest.js:45:20)\n    at process.processImmediate (node:internal/timers:511:21)",
                "diff": null
              },
              "uuid": "785fefbe-79e8-4cc2-b65a-21df2b8da292",
              "parentUUID": "cd4332eb-da19-4fa4-b037-f019eebce1e8",
              "isHook": false,
              "skipped": false
            },
            {
              "title": "Should return the last default value when the value is null and any of the default values are not valid V2",
              "fullTitle": "Positive test cases for defaultToAny.js Should return the last default value when the value is null and any of the default values are not valid V2",
              "timedOut": false,
              "duration": 0,
              "state": "passed",
              "speed": "fast",
              "pass": true,
              "fail": false,
              "pending": false,
              "context": null,
              "code": "assert.isNaN(defaultToAny(null, undefined, NaN));",
              "err": {},
              "uuid": "c6509a20-7f39-4f62-98d5-9cde8b3c8a6c",
              "parentUUID": "cd4332eb-da19-4fa4-b037-f019eebce1e8",
              "isHook": false,
              "skipped": false
            }
          ],
          "suites": [],
          "passes": [
            "abe18cda-8c97-4b00-a268-de3a9e683612",
            "b34bd175-3817-4100-824f-05e617250397",
            "b205e3ff-610b-4661-a8d8-4b6c828fce4d",
            "eebe7124-5e20-4eb0-b087-764ceb5fbb5d",
            "c6509a20-7f39-4f62-98d5-9cde8b3c8a6c"
          ],
          "failures": [
            "5bffd26e-97f8-486d-bbb4-960d8b030cbf",
            "98a075a0-1ce7-44c5-bba3-146bf3df274d",
            "13747f19-feb1-41af-b1cd-f5164f878451",
            "854b73bd-9bcd-46c6-a6ca-cecf5c6881be",
            "1acd1832-152e-4d33-a51a-012a10b5da5e",
            "785fefbe-79e8-4cc2-b65a-21df2b8da292"
          ],
          "pending": [],
          "skipped": [],
          "duration": 1,
          "root": false,
          "rootEmpty": false,
          "_timeout": 2000
        },
        {
          "uuid": "400dd412-41ac-4d36-95d9-91b1e7609ced",
          "title": "Positive testing for eq.js",
          "fullFile": "/home/elmeripk/sw_testing_gw/test/eqTest.js",
          "file": "/test/eqTest.js",
          "beforeHooks": [],
          "afterHooks": [],
          "tests": [
            {
              "title": "It should be false if two different objects have same contents",
              "fullTitle": "Positive testing for eq.js It should be false if two different objects have same contents",
              "timedOut": false,
              "duration": 0,
              "state": "passed",
              "speed": "fast",
              "pass": true,
              "fail": false,
              "pending": false,
              "context": null,
              "code": "const object1 = {'a': 1};\nconst object2 = {'a': 1};\nassert.equal(eq(object1, object2), false);",
              "err": {},
              "uuid": "5251f8fb-3e70-4081-8663-e1bee924aa55",
              "parentUUID": "400dd412-41ac-4d36-95d9-91b1e7609ced",
              "isHook": false,
              "skipped": false
            },
            {
              "title": "It should be true if object is compared to itself",
              "fullTitle": "Positive testing for eq.js It should be true if object is compared to itself",
              "timedOut": false,
              "duration": 0,
              "state": "passed",
              "speed": "fast",
              "pass": true,
              "fail": false,
              "pending": false,
              "context": null,
              "code": "const object = {};\nassert.equal(eq(object, object), true);",
              "err": {},
              "uuid": "d9de1bd2-cca4-4ef1-953b-45aeec5b0271",
              "parentUUID": "400dd412-41ac-4d36-95d9-91b1e7609ced",
              "isHook": false,
              "skipped": false
            },
            {
              "title": "It should be true for equal strings",
              "fullTitle": "Positive testing for eq.js It should be true for equal strings",
              "timedOut": false,
              "duration": 0,
              "state": "passed",
              "speed": "fast",
              "pass": true,
              "fail": false,
              "pending": false,
              "context": null,
              "code": "const str1 = \"a\";\nconst str2 = \"a\"\nassert.equal(eq(str1, str2), true);",
              "err": {},
              "uuid": "d4f0c646-0782-4625-8738-e8950f0736e7",
              "parentUUID": "400dd412-41ac-4d36-95d9-91b1e7609ced",
              "isHook": false,
              "skipped": false
            },
            {
              "title": "It should be false for different strings",
              "fullTitle": "Positive testing for eq.js It should be false for different strings",
              "timedOut": false,
              "duration": 0,
              "state": "passed",
              "speed": "fast",
              "pass": true,
              "fail": false,
              "pending": false,
              "context": null,
              "code": "const str1 = \"a\";\nconst str2 = \"b\"\nassert.equal(eq(str1, str2), false);",
              "err": {},
              "uuid": "4a9db89b-134e-4a52-b061-468c63d38e86",
              "parentUUID": "400dd412-41ac-4d36-95d9-91b1e7609ced",
              "isHook": false,
              "skipped": false
            },
            {
              "title": "It should be true if for equal integers",
              "fullTitle": "Positive testing for eq.js It should be true if for equal integers",
              "timedOut": false,
              "duration": 0,
              "state": "passed",
              "speed": "fast",
              "pass": true,
              "fail": false,
              "pending": false,
              "context": null,
              "code": "const int1 = 1;\nconst int2 = 1;\nassert.equal(eq(int1, int2), true);",
              "err": {},
              "uuid": "cdf5c954-c13d-42ba-a691-3df7d91da550",
              "parentUUID": "400dd412-41ac-4d36-95d9-91b1e7609ced",
              "isHook": false,
              "skipped": false
            },
            {
              "title": "It should be false for different integers",
              "fullTitle": "Positive testing for eq.js It should be false for different integers",
              "timedOut": false,
              "duration": 0,
              "state": "passed",
              "speed": "fast",
              "pass": true,
              "fail": false,
              "pending": false,
              "context": null,
              "code": "const int1 = 1;\nconst int2 = 4;\nassert.equal(eq(int1, int2), false);",
              "err": {},
              "uuid": "13dd2b67-812f-4fa2-a718-06e54c586577",
              "parentUUID": "400dd412-41ac-4d36-95d9-91b1e7609ced",
              "isHook": false,
              "skipped": false
            },
            {
              "title": "It should be false for +1 and -1",
              "fullTitle": "Positive testing for eq.js It should be false for +1 and -1",
              "timedOut": false,
              "duration": 0,
              "state": "passed",
              "speed": "fast",
              "pass": true,
              "fail": false,
              "pending": false,
              "context": null,
              "code": "const int1 = 1;\nconst int2 = -1;\nassert.equal(eq(int1, int2), false);",
              "err": {},
              "uuid": "13fb9b5d-5d85-43ae-8647-f8db800437bf",
              "parentUUID": "400dd412-41ac-4d36-95d9-91b1e7609ced",
              "isHook": false,
              "skipped": false
            },
            {
              "title": "It should be true for -0 and +0",
              "fullTitle": "Positive testing for eq.js It should be true for -0 and +0",
              "timedOut": false,
              "duration": 0,
              "state": "passed",
              "speed": "fast",
              "pass": true,
              "fail": false,
              "pending": false,
              "context": null,
              "code": "const int1 = -0;\nconst int2 = 0;\nassert.equal(eq(int1, int2), true);",
              "err": {},
              "uuid": "0774a1dc-6a71-419d-a1b7-6348788ba16b",
              "parentUUID": "400dd412-41ac-4d36-95d9-91b1e7609ced",
              "isHook": false,
              "skipped": false
            },
            {
              "title": "It should be true for equal decimals",
              "fullTitle": "Positive testing for eq.js It should be true for equal decimals",
              "timedOut": false,
              "duration": 0,
              "state": "passed",
              "speed": "fast",
              "pass": true,
              "fail": false,
              "pending": false,
              "context": null,
              "code": "const deci1 = 1.1;\nconst deci2 = 1.1;\nassert.equal(eq(deci1, deci2), true);",
              "err": {},
              "uuid": "62c7a4be-92e1-4f3d-958f-d2fdc8699866",
              "parentUUID": "400dd412-41ac-4d36-95d9-91b1e7609ced",
              "isHook": false,
              "skipped": false
            },
            {
              "title": "It should be false for different decimals",
              "fullTitle": "Positive testing for eq.js It should be false for different decimals",
              "timedOut": false,
              "duration": 0,
              "state": "passed",
              "speed": "fast",
              "pass": true,
              "fail": false,
              "pending": false,
              "context": null,
              "code": "const deci1 = 1.1;\nconst deci2 = 2.1;\nassert.equal(eq(deci1, deci2), false);",
              "err": {},
              "uuid": "34f57d05-176b-420a-b27c-91d3f3fadacf",
              "parentUUID": "400dd412-41ac-4d36-95d9-91b1e7609ced",
              "isHook": false,
              "skipped": false
            },
            {
              "title": "It should be false when numbers are different",
              "fullTitle": "Positive testing for eq.js It should be false when numbers are different",
              "timedOut": false,
              "duration": 0,
              "state": "passed",
              "speed": "fast",
              "pass": true,
              "fail": false,
              "pending": false,
              "context": null,
              "code": "const int1 = 1;\nconst deci1 = 2.3;\nassert.equal(eq(int1, deci1), false);",
              "err": {},
              "uuid": "3d69b76e-fd7f-4a7c-8449-f47f87c97549",
              "parentUUID": "400dd412-41ac-4d36-95d9-91b1e7609ced",
              "isHook": false,
              "skipped": false
            },
            {
              "title": "It should be true when comparing NaN to NaN",
              "fullTitle": "Positive testing for eq.js It should be true when comparing NaN to NaN",
              "timedOut": false,
              "duration": 0,
              "state": "passed",
              "speed": "fast",
              "pass": true,
              "fail": false,
              "pending": false,
              "context": null,
              "code": "const val1 = NaN;\nconst val2 = NaN;\nassert.equal(eq(val1, val2), true);",
              "err": {},
              "uuid": "5517863d-b9c9-4fc4-b8ae-ec4f1db13030",
              "parentUUID": "400dd412-41ac-4d36-95d9-91b1e7609ced",
              "isHook": false,
              "skipped": false
            },
            {
              "title": "It should be true when comparing undefined to undefined",
              "fullTitle": "Positive testing for eq.js It should be true when comparing undefined to undefined",
              "timedOut": false,
              "duration": 0,
              "state": "passed",
              "speed": "fast",
              "pass": true,
              "fail": false,
              "pending": false,
              "context": null,
              "code": "const val1 = undefined\nconst val2 = undefined\nassert.equal(eq(val1, val2), true);",
              "err": {},
              "uuid": "43b9af1c-5f25-49ba-a520-b3d2e1f84dbd",
              "parentUUID": "400dd412-41ac-4d36-95d9-91b1e7609ced",
              "isHook": false,
              "skipped": false
            },
            {
              "title": "It should be true when comparing null to null",
              "fullTitle": "Positive testing for eq.js It should be true when comparing null to null",
              "timedOut": false,
              "duration": 0,
              "state": "passed",
              "speed": "fast",
              "pass": true,
              "fail": false,
              "pending": false,
              "context": null,
              "code": "const val1 = null\nconst val2 = null\nassert.equal(eq(val1, val2), true);",
              "err": {},
              "uuid": "ab603f35-33c2-4710-91da-a8d9b13b2516",
              "parentUUID": "400dd412-41ac-4d36-95d9-91b1e7609ced",
              "isHook": false,
              "skipped": false
            },
            {
              "title": "It should be true if array is compared to itself",
              "fullTitle": "Positive testing for eq.js It should be true if array is compared to itself",
              "timedOut": false,
              "duration": 0,
              "state": "passed",
              "speed": "fast",
              "pass": true,
              "fail": false,
              "pending": false,
              "context": null,
              "code": "const arr = []\nassert.equal(eq(arr, arr), true);",
              "err": {},
              "uuid": "cb2f26c3-e269-405a-bb2d-cb51c42a85f4",
              "parentUUID": "400dd412-41ac-4d36-95d9-91b1e7609ced",
              "isHook": false,
              "skipped": false
            },
            {
              "title": "It should be false if two different arrays are compared",
              "fullTitle": "Positive testing for eq.js It should be false if two different arrays are compared",
              "timedOut": false,
              "duration": 0,
              "state": "passed",
              "speed": "fast",
              "pass": true,
              "fail": false,
              "pending": false,
              "context": null,
              "code": "const arr1 = [1,2,3,4]\nconst arr2 = [1,2,3]\nassert.equal(eq(arr1, arr2), false);",
              "err": {},
              "uuid": "089cf9a6-6293-4c23-930f-430c0ddc31c5",
              "parentUUID": "400dd412-41ac-4d36-95d9-91b1e7609ced",
              "isHook": false,
              "skipped": false
            },
            {
              "title": "It should be true if class is compared to itself",
              "fullTitle": "Positive testing for eq.js It should be true if class is compared to itself",
              "timedOut": false,
              "duration": 0,
              "state": "passed",
              "speed": "fast",
              "pass": true,
              "fail": false,
              "pending": false,
              "context": null,
              "code": "class A {}\nassert.equal(eq(A, A), true);",
              "err": {},
              "uuid": "aa30e301-974a-449d-8a40-a9f7d7985f6b",
              "parentUUID": "400dd412-41ac-4d36-95d9-91b1e7609ced",
              "isHook": false,
              "skipped": false
            },
            {
              "title": "It should be false if two different classes are compared",
              "fullTitle": "Positive testing for eq.js It should be false if two different classes are compared",
              "timedOut": false,
              "duration": 0,
              "state": "passed",
              "speed": "fast",
              "pass": true,
              "fail": false,
              "pending": false,
              "context": null,
              "code": "class A {\n    constructor(value) {\n        this.value = value;\n    }\n}\nclass B {\n    constructor(value) {\n        this.value = value;\n    }\n}\nassert.equal(eq(A, B), false);",
              "err": {},
              "uuid": "964ef8de-4e91-4920-97ec-fc429e3d87dd",
              "parentUUID": "400dd412-41ac-4d36-95d9-91b1e7609ced",
              "isHook": false,
              "skipped": false
            },
            {
              "title": "It should be true when comparing true to true",
              "fullTitle": "Positive testing for eq.js It should be true when comparing true to true",
              "timedOut": false,
              "duration": 0,
              "state": "passed",
              "speed": "fast",
              "pass": true,
              "fail": false,
              "pending": false,
              "context": null,
              "code": "const bool1 = true\nconst bool2 = true\nassert.equal(eq(bool1, bool2), true);",
              "err": {},
              "uuid": "125ae247-65e4-4dd2-8f02-582b9f5a72ea",
              "parentUUID": "400dd412-41ac-4d36-95d9-91b1e7609ced",
              "isHook": false,
              "skipped": false
            },
            {
              "title": "It should be true when comparing false to false",
              "fullTitle": "Positive testing for eq.js It should be true when comparing false to false",
              "timedOut": false,
              "duration": 0,
              "state": "passed",
              "speed": "fast",
              "pass": true,
              "fail": false,
              "pending": false,
              "context": null,
              "code": "const bool1 = false\nconst bool2 = false\nassert.equal(eq(bool1, bool2), true);",
              "err": {},
              "uuid": "47b8df6e-76ff-4f39-8601-652b4f7dfb33",
              "parentUUID": "400dd412-41ac-4d36-95d9-91b1e7609ced",
              "isHook": false,
              "skipped": false
            },
            {
              "title": "It should be false when comparing false to true",
              "fullTitle": "Positive testing for eq.js It should be false when comparing false to true",
              "timedOut": false,
              "duration": 0,
              "state": "passed",
              "speed": "fast",
              "pass": true,
              "fail": false,
              "pending": false,
              "context": null,
              "code": "const bool1 = true\nconst bool2 = false\nassert.equal(eq(bool1, bool2), false);",
              "err": {},
              "uuid": "fff904d4-5f5c-40dc-aac6-863c71d294db",
              "parentUUID": "400dd412-41ac-4d36-95d9-91b1e7609ced",
              "isHook": false,
              "skipped": false
            },
            {
              "title": "It should be false when comparing different symbols",
              "fullTitle": "Positive testing for eq.js It should be false when comparing different symbols",
              "timedOut": false,
              "duration": 0,
              "state": "passed",
              "speed": "fast",
              "pass": true,
              "fail": false,
              "pending": false,
              "context": null,
              "code": "const symb1 = Symbol('fool')\nconst symb2 = Symbol('fool')\nassert.equal(eq(symb1, symb2), false);",
              "err": {},
              "uuid": "f22841f1-418e-41dd-a86b-b875224f2251",
              "parentUUID": "400dd412-41ac-4d36-95d9-91b1e7609ced",
              "isHook": false,
              "skipped": false
            },
            {
              "title": "It should be true when comparing symbol to itself",
              "fullTitle": "Positive testing for eq.js It should be true when comparing symbol to itself",
              "timedOut": false,
              "duration": 0,
              "state": "passed",
              "speed": "fast",
              "pass": true,
              "fail": false,
              "pending": false,
              "context": null,
              "code": "const symb = Symbol()\nassert.equal(eq(symb, symb), true);",
              "err": {},
              "uuid": "8616c303-2dd6-49df-9770-9ff0a7197dc5",
              "parentUUID": "400dd412-41ac-4d36-95d9-91b1e7609ced",
              "isHook": false,
              "skipped": false
            },
            {
              "title": "It should be false when comparing string to other types",
              "fullTitle": "Positive testing for eq.js It should be false when comparing string to other types",
              "timedOut": false,
              "duration": 0,
              "state": "failed",
              "speed": null,
              "pass": false,
              "fail": true,
              "pending": false,
              "context": null,
              "code": "const str1 = \"1\";\nconst int1 = 1;\nassert.equal(eq(str1, int1), false);",
              "err": {
                "message": "AssertionError: expected true to equal false",
                "estack": "AssertionError: expected true to equal false\n    at Context.<anonymous> (file:///home/elmeripk/sw_testing_gw/test/eqTest.js:144:16)\n    at process.processImmediate (node:internal/timers:511:21)",
                "diff": "- true\n+ false\n"
              },
              "uuid": "a27edecc-6065-42b6-a8ca-566f603bd8f5",
              "parentUUID": "400dd412-41ac-4d36-95d9-91b1e7609ced",
              "isHook": false,
              "skipped": false
            },
            {
              "title": "It should be false when object or list is compared to other types",
              "fullTitle": "Positive testing for eq.js It should be false when object or list is compared to other types",
              "timedOut": false,
              "duration": 0,
              "state": "passed",
              "speed": "fast",
              "pass": true,
              "fail": false,
              "pending": false,
              "context": null,
              "code": "const object = { 'a': 1 }\nconst list = [1,2,3];\nassert.equal(eq(object, list), false);",
              "err": {},
              "uuid": "1981020a-b4c0-4f4d-92a9-414320cb9942",
              "parentUUID": "400dd412-41ac-4d36-95d9-91b1e7609ced",
              "isHook": false,
              "skipped": false
            },
            {
              "title": "It should be false when class or undefined is compared to other types",
              "fullTitle": "Positive testing for eq.js It should be false when class or undefined is compared to other types",
              "timedOut": false,
              "duration": 0,
              "state": "passed",
              "speed": "fast",
              "pass": true,
              "fail": false,
              "pending": false,
              "context": null,
              "code": "class A {};\nconst val = undefined;\nassert.equal(eq(A, val), false);",
              "err": {},
              "uuid": "c4d0cc71-fabf-4003-b4e2-289e11813fe2",
              "parentUUID": "400dd412-41ac-4d36-95d9-91b1e7609ced",
              "isHook": false,
              "skipped": false
            },
            {
              "title": "It should be false when NaN or null is compared to other types",
              "fullTitle": "Positive testing for eq.js It should be false when NaN or null is compared to other types",
              "timedOut": false,
              "duration": 1,
              "state": "passed",
              "speed": "fast",
              "pass": true,
              "fail": false,
              "pending": false,
              "context": null,
              "code": "const val1 = NaN;\nconst val2 = null;\nassert.equal(eq(val1, val2), false);",
              "err": {},
              "uuid": "73a34fbe-8cce-45c8-82a7-01104c4ff53e",
              "parentUUID": "400dd412-41ac-4d36-95d9-91b1e7609ced",
              "isHook": false,
              "skipped": false
            },
            {
              "title": "It should be false when boolean or symbol is compared to other types",
              "fullTitle": "Positive testing for eq.js It should be false when boolean or symbol is compared to other types",
              "timedOut": false,
              "duration": 0,
              "state": "passed",
              "speed": "fast",
              "pass": true,
              "fail": false,
              "pending": false,
              "context": null,
              "code": "const val1 = true;\nconst val2 = Symbol('fool');\nassert.equal(eq(val1, val2), false);",
              "err": {},
              "uuid": "a8a1bfb4-d5cf-462e-bf04-9f9de5943fbd",
              "parentUUID": "400dd412-41ac-4d36-95d9-91b1e7609ced",
              "isHook": false,
              "skipped": false
            }
          ],
          "suites": [],
          "passes": [
            "5251f8fb-3e70-4081-8663-e1bee924aa55",
            "d9de1bd2-cca4-4ef1-953b-45aeec5b0271",
            "d4f0c646-0782-4625-8738-e8950f0736e7",
            "4a9db89b-134e-4a52-b061-468c63d38e86",
            "cdf5c954-c13d-42ba-a691-3df7d91da550",
            "13dd2b67-812f-4fa2-a718-06e54c586577",
            "13fb9b5d-5d85-43ae-8647-f8db800437bf",
            "0774a1dc-6a71-419d-a1b7-6348788ba16b",
            "62c7a4be-92e1-4f3d-958f-d2fdc8699866",
            "34f57d05-176b-420a-b27c-91d3f3fadacf",
            "3d69b76e-fd7f-4a7c-8449-f47f87c97549",
            "5517863d-b9c9-4fc4-b8ae-ec4f1db13030",
            "43b9af1c-5f25-49ba-a520-b3d2e1f84dbd",
            "ab603f35-33c2-4710-91da-a8d9b13b2516",
            "cb2f26c3-e269-405a-bb2d-cb51c42a85f4",
            "089cf9a6-6293-4c23-930f-430c0ddc31c5",
            "aa30e301-974a-449d-8a40-a9f7d7985f6b",
            "964ef8de-4e91-4920-97ec-fc429e3d87dd",
            "125ae247-65e4-4dd2-8f02-582b9f5a72ea",
            "47b8df6e-76ff-4f39-8601-652b4f7dfb33",
            "fff904d4-5f5c-40dc-aac6-863c71d294db",
            "f22841f1-418e-41dd-a86b-b875224f2251",
            "8616c303-2dd6-49df-9770-9ff0a7197dc5",
            "1981020a-b4c0-4f4d-92a9-414320cb9942",
            "c4d0cc71-fabf-4003-b4e2-289e11813fe2",
            "73a34fbe-8cce-45c8-82a7-01104c4ff53e",
            "a8a1bfb4-d5cf-462e-bf04-9f9de5943fbd"
          ],
          "failures": [
            "a27edecc-6065-42b6-a8ca-566f603bd8f5"
          ],
          "pending": [],
          "skipped": [],
          "duration": 1,
          "root": false,
          "rootEmpty": false,
          "_timeout": 2000
        },
        {
          "uuid": "e693f467-8722-45f3-9d70-6c86fb0e8134",
          "title": "Positive test cases for filter.js",
          "fullFile": "/home/elmeripk/sw_testing_gw/test/filterTest.js",
          "file": "/test/filterTest.js",
          "beforeHooks": [],
          "afterHooks": [],
          "tests": [
            {
              "title": "Should filter out elements correctly for simple array",
              "fullTitle": "Positive test cases for filter.js Should filter out elements correctly for simple array",
              "timedOut": false,
              "duration": 0,
              "state": "passed",
              "speed": "fast",
              "pass": true,
              "fail": false,
              "pending": false,
              "context": null,
              "code": "const array = [1, 2, 3, 4, 5, 6];\n        const excpectedOutput = [1, 2];\n        const actualOutput = filter(array, (value) => value < 3);\n        //https://stackoverflow.com/questions/51388975/comparing-an-array-object-to-string-using-mocha-chai\n        // https://stackoverflow.com/questions/13225274/the-difference-between-assert-equal-and-assert-deepequal-in-javascript-testing-w\n        assert.deepEqual(actualOutput, excpectedOutput);",
              "err": {},
              "uuid": "bd91f92c-49dc-4daa-870a-efff5be1a309",
              "parentUUID": "e693f467-8722-45f3-9d70-6c86fb0e8134",
              "isHook": false,
              "skipped": false
            },
            {
              "title": "Should leave array unchanged if all elements pass the predicate",
              "fullTitle": "Positive test cases for filter.js Should leave array unchanged if all elements pass the predicate",
              "timedOut": false,
              "duration": 1,
              "state": "passed",
              "speed": "fast",
              "pass": true,
              "fail": false,
              "pending": false,
              "context": null,
              "code": "const array = [1, 2, 3];\n        const excpectedOutput = [1, 2, 3];\n        const actualOutput = filter(array, (value) => value < 4);\n        assert.deepEqual(actualOutput, excpectedOutput);",
              "err": {},
              "uuid": "102b1b1c-2fe3-49d6-b983-eda609946f1b",
              "parentUUID": "e693f467-8722-45f3-9d70-6c86fb0e8134",
              "isHook": false,
              "skipped": false
            },
            {
              "title": "Should return empty array if no elements pass the predicate",
              "fullTitle": "Positive test cases for filter.js Should return empty array if no elements pass the predicate",
              "timedOut": false,
              "duration": 0,
              "state": "failed",
              "speed": null,
              "pass": false,
              "fail": true,
              "pending": false,
              "context": null,
              "code": "const array = [4, 5, 6];\n        const excpectedOutput = [];\n        const actualOutput = filter(array, (value) => value < 4);\n        assert.deepEqual(actualOutput, excpectedOutput);",
              "err": {
                "message": "AssertionError: expected [ [] ] to deeply equal []",
                "estack": "AssertionError: expected [ [] ] to deeply equal []\n    at Context.<anonymous> (file:///home/elmeripk/sw_testing_gw/test/filterTest.js:32:16)\n    at process.processImmediate (node:internal/timers:511:21)",
                "diff": "- [\n-   []\n- ]\n+ []\n"
              },
              "uuid": "604edc60-0e9e-4835-b1eb-7d58bd4e7f0b",
              "parentUUID": "e693f467-8722-45f3-9d70-6c86fb0e8134",
              "isHook": false,
              "skipped": false
            },
            {
              "title": "Should work correctly with an empty array",
              "fullTitle": "Positive test cases for filter.js Should work correctly with an empty array",
              "timedOut": false,
              "duration": 1,
              "state": "failed",
              "speed": null,
              "pass": false,
              "fail": true,
              "pending": false,
              "context": null,
              "code": "const array = [];\n        const excpectedOutput = [];\n        const actualOutput = filter(array, (value) => value < 4);\n        assert.deepEqual(actualOutput, excpectedOutput);",
              "err": {
                "message": "AssertionError: expected [ [] ] to deeply equal []",
                "estack": "AssertionError: expected [ [] ] to deeply equal []\n    at Context.<anonymous> (file:///home/elmeripk/sw_testing_gw/test/filterTest.js:41:16)\n    at process.processImmediate (node:internal/timers:511:21)",
                "diff": "- [\n-   []\n- ]\n+ []\n"
              },
              "uuid": "8751a222-eb5f-4563-b5ea-7d781aebbf68",
              "parentUUID": "e693f467-8722-45f3-9d70-6c86fb0e8134",
              "isHook": false,
              "skipped": false
            },
            {
              "title": "Should filter objects based on property values",
              "fullTitle": "Positive test cases for filter.js Should filter objects based on property values",
              "timedOut": false,
              "duration": 0,
              "state": "passed",
              "speed": "fast",
              "pass": true,
              "fail": false,
              "pending": false,
              "context": null,
              "code": "const array = [{\"name\": \"Pekka\", \"age\": 25}, {\"name\": \"Jari\", \"age\": 30}, {\"name\": \"Linda\", \"age\": 22}];\n        const excpectedOutput = [{\"name\": \"Pekka\", \"age\": 25}, {\"name\": \"Linda\", \"age\": 22}];\n        const actualOutput = filter(array, (value) => value.age < 30);\n        assert.deepEqual(actualOutput, excpectedOutput);",
              "err": {},
              "uuid": "b7fa0b20-fb2a-4601-a882-85ce5519cfd0",
              "parentUUID": "e693f467-8722-45f3-9d70-6c86fb0e8134",
              "isHook": false,
              "skipped": false
            },
            {
              "title": "Should work correctly with object destructuring in predicate",
              "fullTitle": "Positive test cases for filter.js Should work correctly with object destructuring in predicate",
              "timedOut": false,
              "duration": 0,
              "state": "passed",
              "speed": "fast",
              "pass": true,
              "fail": false,
              "pending": false,
              "context": null,
              "code": "const array = [{\"name\": \"Pekka\", \"age\": 25}, {\"name\": \"Jari\", \"age\": 30}, {\"name\": \"Linda\", \"age\": 22}];\n         const excpectedOutput = [{\"name\": \"Pekka\", \"age\": 25}, {\"name\": \"Linda\", \"age\": 22}];\n        const actualOutput = filter(array, ({age}) => age < 30);\n        assert.deepEqual(actualOutput, excpectedOutput);",
              "err": {},
              "uuid": "1d745da8-0017-4f74-8477-cfa8f2dc33bc",
              "parentUUID": "e693f467-8722-45f3-9d70-6c86fb0e8134",
              "isHook": false,
              "skipped": false
            },
            {
              "title": "Should work correctly when array contains a single element",
              "fullTitle": "Positive test cases for filter.js Should work correctly when array contains a single element",
              "timedOut": false,
              "duration": 0,
              "state": "passed",
              "speed": "fast",
              "pass": true,
              "fail": false,
              "pending": false,
              "context": null,
              "code": "const array = [5];\n        const excpectedOutput = [5];\n        const actualOutput = filter(array, (value) => value > 0);\n        assert.deepEqual(actualOutput, excpectedOutput);",
              "err": {},
              "uuid": "aad91d08-ca43-47ee-a5ea-dc4b5edad7e5",
              "parentUUID": "e693f467-8722-45f3-9d70-6c86fb0e8134",
              "isHook": false,
              "skipped": false
            },
            {
              "title": "Should work correctly when array contains null, undefined, and NaN values",
              "fullTitle": "Positive test cases for filter.js Should work correctly when array contains null, undefined, and NaN values",
              "timedOut": false,
              "duration": 0,
              "state": "passed",
              "speed": "fast",
              "pass": true,
              "fail": false,
              "pending": false,
              "context": null,
              "code": "const array = [null, undefined, NaN, 1, 2, 3];\n        const excpectedOutput = [1, 2, 3];\n        const actualOutput = filter(array, (value) => value > 0);\n        assert.deepEqual(actualOutput, excpectedOutput);",
              "err": {},
              "uuid": "d8c7ffae-3e73-49c9-9875-ca5d6d0bdfb9",
              "parentUUID": "e693f467-8722-45f3-9d70-6c86fb0e8134",
              "isHook": false,
              "skipped": false
            }
          ],
          "suites": [],
          "passes": [
            "bd91f92c-49dc-4daa-870a-efff5be1a309",
            "102b1b1c-2fe3-49d6-b983-eda609946f1b",
            "b7fa0b20-fb2a-4601-a882-85ce5519cfd0",
            "1d745da8-0017-4f74-8477-cfa8f2dc33bc",
            "aad91d08-ca43-47ee-a5ea-dc4b5edad7e5",
            "d8c7ffae-3e73-49c9-9875-ca5d6d0bdfb9"
          ],
          "failures": [
            "604edc60-0e9e-4835-b1eb-7d58bd4e7f0b",
            "8751a222-eb5f-4563-b5ea-7d781aebbf68"
          ],
          "pending": [],
          "skipped": [],
          "duration": 2,
          "root": false,
          "rootEmpty": false,
          "_timeout": 2000
        }
      ],
      "passes": [],
      "failures": [],
      "pending": [],
      "skipped": [],
      "duration": 0,
      "root": true,
      "rootEmpty": true,
      "_timeout": 2000
    }
  ],
  "meta": {
    "mocha": {
      "version": "11.7.5"
    },
    "mochawesome": {
      "options": {
        "quiet": false,
        "reportFilename": "mochawesome",
        "saveHtml": true,
        "saveJson": true,
        "consoleReporter": "spec",
        "useInlineDiffs": false,
        "code": true
      },
      "version": "7.1.4"
    },
    "marge": {
      "options": null,
      "version": "6.3.2"
    }
  }
}