{
  "stats": {
    "suites": 19,
    "tests": 170,
    "passes": 133,
    "pending": 0,
    "failures": 37,
    "start": "2025-11-28T21:01:14.697Z",
    "end": "2025-11-28T21:01:14.801Z",
    "duration": 104,
    "testsRegistered": 170,
    "passPercent": 78.23529411764706,
    "pendingPercent": 0,
    "other": 0,
    "hasOther": false,
    "skipped": 0,
    "hasSkipped": false
  },
  "results": [
    {
      "uuid": "622cc2aa-2d1e-46d7-bf6b-993d98b96198",
      "title": "",
      "fullFile": "",
      "file": "",
      "beforeHooks": [],
      "afterHooks": [],
      "tests": [],
      "suites": [
        {
          "uuid": "b673b9e0-ff31-4c7a-ab69-7fe27bb4fdcf",
          "title": "Positive testing for add.js",
          "fullFile": "C:\\Users\\nurmi\\softTesting\\test\\addTest.js",
          "file": "\\test\\addTest.js",
          "beforeHooks": [],
          "afterHooks": [],
          "tests": [
            {
              "title": "It should sum two positive integers correctly",
              "fullTitle": "Positive testing for add.js It should sum two positive integers correctly",
              "timedOut": false,
              "duration": 0,
              "state": "passed",
              "speed": "fast",
              "pass": true,
              "fail": false,
              "pending": false,
              "context": null,
              "code": "const augend = 6;\nconst addend = 4;\nassert.equal(add(augend, addend), 10);",
              "err": {},
              "uuid": "762dcf67-209d-4ef0-a76f-1ff3ff59024d",
              "parentUUID": "b673b9e0-ff31-4c7a-ab69-7fe27bb4fdcf",
              "isHook": false,
              "skipped": false
            },
            {
              "title": "It should sum two negative integers correctly",
              "fullTitle": "Positive testing for add.js It should sum two negative integers correctly",
              "timedOut": false,
              "duration": 0,
              "state": "passed",
              "speed": "fast",
              "pass": true,
              "fail": false,
              "pending": false,
              "context": null,
              "code": "const augend = -2;\nconst addend = -8;\nassert.equal(add(augend, addend), -10);",
              "err": {},
              "uuid": "7a5b2bb2-2235-44fe-80ba-9777616dd8d7",
              "parentUUID": "b673b9e0-ff31-4c7a-ab69-7fe27bb4fdcf",
              "isHook": false,
              "skipped": false
            },
            {
              "title": "It should sum positive and negative integers correctly",
              "fullTitle": "Positive testing for add.js It should sum positive and negative integers correctly",
              "timedOut": false,
              "duration": 0,
              "state": "passed",
              "speed": "fast",
              "pass": true,
              "fail": false,
              "pending": false,
              "context": null,
              "code": "const augend = -4;\nconst addend = 6;\nassert.equal(add(augend, addend), 2);",
              "err": {},
              "uuid": "57216e6d-686f-4b08-9c05-6accbe5803f0",
              "parentUUID": "b673b9e0-ff31-4c7a-ab69-7fe27bb4fdcf",
              "isHook": false,
              "skipped": false
            },
            {
              "title": "It should sum positive integer and zero addend correctly",
              "fullTitle": "Positive testing for add.js It should sum positive integer and zero addend correctly",
              "timedOut": false,
              "duration": 0,
              "state": "passed",
              "speed": "fast",
              "pass": true,
              "fail": false,
              "pending": false,
              "context": null,
              "code": "const augend = 3;\nconst addend = 0;\nassert.equal(add(augend, addend), 3);",
              "err": {},
              "uuid": "e77c077b-718c-4c29-bafe-f28aacaa8cbb",
              "parentUUID": "b673b9e0-ff31-4c7a-ab69-7fe27bb4fdcf",
              "isHook": false,
              "skipped": false
            },
            {
              "title": "It should sum zero augend and negative integer correctly",
              "fullTitle": "Positive testing for add.js It should sum zero augend and negative integer correctly",
              "timedOut": false,
              "duration": 0,
              "state": "passed",
              "speed": "fast",
              "pass": true,
              "fail": false,
              "pending": false,
              "context": null,
              "code": "const augend = 0;\nconst addend = -2;\nassert.equal(add(augend, addend), -2);",
              "err": {},
              "uuid": "8fcf6fe8-8a7c-4c58-b1e1-c721f1452f52",
              "parentUUID": "b673b9e0-ff31-4c7a-ab69-7fe27bb4fdcf",
              "isHook": false,
              "skipped": false
            },
            {
              "title": "It should sum two positive decimals correctly",
              "fullTitle": "Positive testing for add.js It should sum two positive decimals correctly",
              "timedOut": false,
              "duration": 0,
              "state": "passed",
              "speed": "fast",
              "pass": true,
              "fail": false,
              "pending": false,
              "context": null,
              "code": "const augend = 2.1;\nconst addend = 3.3;\nassert.equal(add(augend, addend), 5.4);",
              "err": {},
              "uuid": "68234be8-5665-4b06-afdd-886a6e4e25df",
              "parentUUID": "b673b9e0-ff31-4c7a-ab69-7fe27bb4fdcf",
              "isHook": false,
              "skipped": false
            },
            {
              "title": "It should sum positve decimal and integer correctly",
              "fullTitle": "Positive testing for add.js It should sum positve decimal and integer correctly",
              "timedOut": false,
              "duration": 0,
              "state": "passed",
              "speed": "fast",
              "pass": true,
              "fail": false,
              "pending": false,
              "context": null,
              "code": "const augend = 2.1;\nconst addend = 4;\nassert.equal(add(augend, addend), 6.1);",
              "err": {},
              "uuid": "6ef96369-17a6-4e9e-af6c-40eb71e1c1ab",
              "parentUUID": "b673b9e0-ff31-4c7a-ab69-7fe27bb4fdcf",
              "isHook": false,
              "skipped": false
            }
          ],
          "suites": [],
          "passes": [
            "762dcf67-209d-4ef0-a76f-1ff3ff59024d",
            "7a5b2bb2-2235-44fe-80ba-9777616dd8d7",
            "57216e6d-686f-4b08-9c05-6accbe5803f0",
            "e77c077b-718c-4c29-bafe-f28aacaa8cbb",
            "8fcf6fe8-8a7c-4c58-b1e1-c721f1452f52",
            "68234be8-5665-4b06-afdd-886a6e4e25df",
            "6ef96369-17a6-4e9e-af6c-40eb71e1c1ab"
          ],
          "failures": [],
          "pending": [],
          "skipped": [],
          "duration": 0,
          "root": false,
          "rootEmpty": false,
          "_timeout": 2000
        },
        {
          "uuid": "b92d8ff7-70f7-4c9c-8657-ef1f994903a3",
          "title": "Negative testing for add.js",
          "fullFile": "C:\\Users\\nurmi\\softTesting\\test\\addTest.js",
          "file": "\\test\\addTest.js",
          "beforeHooks": [],
          "afterHooks": [],
          "tests": [
            {
              "title": "It should throw error if augend is undefined",
              "fullTitle": "Negative testing for add.js It should throw error if augend is undefined",
              "timedOut": false,
              "duration": 3,
              "state": "failed",
              "speed": null,
              "pass": false,
              "fail": true,
              "pending": false,
              "context": null,
              "code": "const augend = undefined;\nconst addend = 2;\nexpect(() => add(augend, addend)).to.throw(Error)",
              "err": {
                "message": "AssertionError: expected [Function] to throw Error",
                "estack": "AssertionError: expected [Function] to throw Error\n    at Context.<anonymous> (file:///C:/Users/nurmi/softTesting/test/addTest.js:57:51)\n    at process.processImmediate (node:internal/timers:478:21)",
                "diff": null
              },
              "uuid": "2ca3b105-200d-46eb-844d-2e188c6ac7d6",
              "parentUUID": "b92d8ff7-70f7-4c9c-8657-ef1f994903a3",
              "isHook": false,
              "skipped": false
            },
            {
              "title": "It should throw error if addend is undefined",
              "fullTitle": "Negative testing for add.js It should throw error if addend is undefined",
              "timedOut": false,
              "duration": 1,
              "state": "failed",
              "speed": null,
              "pass": false,
              "fail": true,
              "pending": false,
              "context": null,
              "code": "const augend = 3;\nconst addend = undefined;\nexpect(() => add(augend, addend)).to.throw(Error)",
              "err": {
                "message": "AssertionError: expected [Function] to throw Error",
                "estack": "AssertionError: expected [Function] to throw Error\n    at Context.<anonymous> (file:///C:/Users/nurmi/softTesting/test/addTest.js:64:51)\n    at process.processImmediate (node:internal/timers:478:21)",
                "diff": null
              },
              "uuid": "94ac65a8-ec45-49f9-94c3-bdf39335878a",
              "parentUUID": "b92d8ff7-70f7-4c9c-8657-ef1f994903a3",
              "isHook": false,
              "skipped": false
            },
            {
              "title": "It should throw error if augend is string",
              "fullTitle": "Negative testing for add.js It should throw error if augend is string",
              "timedOut": false,
              "duration": 1,
              "state": "failed",
              "speed": null,
              "pass": false,
              "fail": true,
              "pending": false,
              "context": null,
              "code": "const augend = \"6\";\nconst addend = 4;\nexpect(() => add(augend, addend)).to.throw(Error);",
              "err": {
                "message": "AssertionError: expected [Function] to throw Error",
                "estack": "AssertionError: expected [Function] to throw Error\n    at Context.<anonymous> (file:///C:/Users/nurmi/softTesting/test/addTest.js:71:51)\n    at process.processImmediate (node:internal/timers:478:21)",
                "diff": null
              },
              "uuid": "c0aef659-3970-41fe-a84b-060aae1de3cd",
              "parentUUID": "b92d8ff7-70f7-4c9c-8657-ef1f994903a3",
              "isHook": false,
              "skipped": false
            },
            {
              "title": "It should throw error if addend is string",
              "fullTitle": "Negative testing for add.js It should throw error if addend is string",
              "timedOut": false,
              "duration": 1,
              "state": "failed",
              "speed": null,
              "pass": false,
              "fail": true,
              "pending": false,
              "context": null,
              "code": "const augend = 6;\nconst addend = \"4\";\nexpect(() => add(augend, addend)).to.throw(Error);",
              "err": {
                "message": "AssertionError: expected [Function] to throw Error",
                "estack": "AssertionError: expected [Function] to throw Error\n    at Context.<anonymous> (file:///C:/Users/nurmi/softTesting/test/addTest.js:78:51)\n    at process.processImmediate (node:internal/timers:478:21)",
                "diff": null
              },
              "uuid": "d4f50ec2-0226-49b4-a23e-67f3d7a11f58",
              "parentUUID": "b92d8ff7-70f7-4c9c-8657-ef1f994903a3",
              "isHook": false,
              "skipped": false
            }
          ],
          "suites": [],
          "passes": [],
          "failures": [
            "2ca3b105-200d-46eb-844d-2e188c6ac7d6",
            "94ac65a8-ec45-49f9-94c3-bdf39335878a",
            "c0aef659-3970-41fe-a84b-060aae1de3cd",
            "d4f50ec2-0226-49b4-a23e-67f3d7a11f58"
          ],
          "pending": [],
          "skipped": [],
          "duration": 6,
          "root": false,
          "rootEmpty": false,
          "_timeout": 2000
        },
        {
          "uuid": "8d845242-fd33-4259-b1b6-bb78ac08b660",
          "title": "TESTS BASED ON TEST PLAN",
          "fullFile": "C:\\Users\\nurmi\\softTesting\\test\\ceilTest.js",
          "file": "\\test\\ceilTest.js",
          "beforeHooks": [],
          "afterHooks": [],
          "tests": [],
          "suites": [
            {
              "uuid": "83409e83-b0bf-4f10-8ba3-30b1f9eed752",
              "title": "Positive test cases for ceil.js",
              "fullFile": "C:\\Users\\nurmi\\softTesting\\test\\ceilTest.js",
              "file": "\\test\\ceilTest.js",
              "beforeHooks": [],
              "afterHooks": [],
              "tests": [
                {
                  "title": "Should keep an integer without precisions specified unchanged",
                  "fullTitle": "TESTS BASED ON TEST PLAN Positive test cases for ceil.js Should keep an integer without precisions specified unchanged",
                  "timedOut": false,
                  "duration": 0,
                  "state": "passed",
                  "speed": "fast",
                  "pass": true,
                  "fail": false,
                  "pending": false,
                  "context": null,
                  "code": "assert.equal(ceil(6), 6)",
                  "err": {},
                  "uuid": "e23c1720-cb4c-4d0b-a6aa-c22e287a8394",
                  "parentUUID": "83409e83-b0bf-4f10-8ba3-30b1f9eed752",
                  "isHook": false,
                  "skipped": false
                },
                {
                  "title": "Should round decimals up to nearest integer by default",
                  "fullTitle": "TESTS BASED ON TEST PLAN Positive test cases for ceil.js Should round decimals up to nearest integer by default",
                  "timedOut": false,
                  "duration": 0,
                  "state": "passed",
                  "speed": "fast",
                  "pass": true,
                  "fail": false,
                  "pending": false,
                  "context": null,
                  "code": "assert.equal(ceil(3.006), 4);",
                  "err": {},
                  "uuid": "5fc9df1d-6abb-48c2-9aeb-293c4467c135",
                  "parentUUID": "83409e83-b0bf-4f10-8ba3-30b1f9eed752",
                  "isHook": false,
                  "skipped": false
                },
                {
                  "title": "Should round decimal to correct precision when positive precision is specified",
                  "fullTitle": "TESTS BASED ON TEST PLAN Positive test cases for ceil.js Should round decimal to correct precision when positive precision is specified",
                  "timedOut": false,
                  "duration": 0,
                  "state": "passed",
                  "speed": "fast",
                  "pass": true,
                  "fail": false,
                  "pending": false,
                  "context": null,
                  "code": "assert.equal(ceil(6.004, 2), 6.01);",
                  "err": {},
                  "uuid": "cfdb2327-b790-49d8-b678-19e48ad52c0e",
                  "parentUUID": "83409e83-b0bf-4f10-8ba3-30b1f9eed752",
                  "isHook": false,
                  "skipped": false
                },
                {
                  "title": "Should keep integer unchanged when precision is positive",
                  "fullTitle": "TESTS BASED ON TEST PLAN Positive test cases for ceil.js Should keep integer unchanged when precision is positive",
                  "timedOut": false,
                  "duration": 0,
                  "state": "passed",
                  "speed": "fast",
                  "pass": true,
                  "fail": false,
                  "pending": false,
                  "context": null,
                  "code": "assert.equal(ceil(5, 3), 5);",
                  "err": {},
                  "uuid": "32d790c1-07e6-48b4-b617-f080775bbc22",
                  "parentUUID": "83409e83-b0bf-4f10-8ba3-30b1f9eed752",
                  "isHook": false,
                  "skipped": false
                },
                {
                  "title": "Should round decimal to correct precision when zero precision is specified",
                  "fullTitle": "TESTS BASED ON TEST PLAN Positive test cases for ceil.js Should round decimal to correct precision when zero precision is specified",
                  "timedOut": false,
                  "duration": 0,
                  "state": "passed",
                  "speed": "fast",
                  "pass": true,
                  "fail": false,
                  "pending": false,
                  "context": null,
                  "code": "assert.equal(ceil(3.006, 0), 4);",
                  "err": {},
                  "uuid": "95022c59-632d-4870-8b0e-558feea5ba16",
                  "parentUUID": "83409e83-b0bf-4f10-8ba3-30b1f9eed752",
                  "isHook": false,
                  "skipped": false
                }
              ],
              "suites": [],
              "passes": [
                "e23c1720-cb4c-4d0b-a6aa-c22e287a8394",
                "5fc9df1d-6abb-48c2-9aeb-293c4467c135",
                "cfdb2327-b790-49d8-b678-19e48ad52c0e",
                "32d790c1-07e6-48b4-b617-f080775bbc22",
                "95022c59-632d-4870-8b0e-558feea5ba16"
              ],
              "failures": [],
              "pending": [],
              "skipped": [],
              "duration": 0,
              "root": false,
              "rootEmpty": false,
              "_timeout": 2000
            },
            {
              "uuid": "dac65c1c-2d3e-4609-999d-669fc70a96c6",
              "title": "Negative test cases for ceil.js",
              "fullFile": "C:\\Users\\nurmi\\softTesting\\test\\ceilTest.js",
              "file": "\\test\\ceilTest.js",
              "beforeHooks": [],
              "afterHooks": [],
              "tests": [
                {
                  "title": "Should throw an error when input is not a number",
                  "fullTitle": "TESTS BASED ON TEST PLAN Negative test cases for ceil.js Should throw an error when input is not a number",
                  "timedOut": false,
                  "duration": 0,
                  "state": "failed",
                  "speed": null,
                  "pass": false,
                  "fail": true,
                  "pending": false,
                  "context": null,
                  "code": "assert.throws(() => ceil(\"not a number\"), Error);",
                  "err": {
                    "message": "AssertionError: expected [Function] to throw Error",
                    "estack": "AssertionError: expected [Function] to throw Error\n    at Context.<anonymous> (file:///C:/Users/nurmi/softTesting/test/ceilTest.js:34:20)\n    at process.processImmediate (node:internal/timers:478:21)",
                    "diff": null
                  },
                  "uuid": "d15cc5a6-0ada-46fd-9788-769c48807a0f",
                  "parentUUID": "dac65c1c-2d3e-4609-999d-669fc70a96c6",
                  "isHook": false,
                  "skipped": false
                },
                {
                  "title": "Should throw an error if precision is not a number",
                  "fullTitle": "TESTS BASED ON TEST PLAN Negative test cases for ceil.js Should throw an error if precision is not a number",
                  "timedOut": false,
                  "duration": 0,
                  "state": "failed",
                  "speed": null,
                  "pass": false,
                  "fail": true,
                  "pending": false,
                  "context": null,
                  "code": "assert.throws(() => ceil(4.3367, \"not a number\"), Error);",
                  "err": {
                    "message": "AssertionError: expected [Function] to throw Error",
                    "estack": "AssertionError: expected [Function] to throw Error\n    at Context.<anonymous> (file:///C:/Users/nurmi/softTesting/test/ceilTest.js:38:20)\n    at process.processImmediate (node:internal/timers:478:21)",
                    "diff": null
                  },
                  "uuid": "1c8ea037-b082-419c-99e1-35ed27ce7b54",
                  "parentUUID": "dac65c1c-2d3e-4609-999d-669fc70a96c6",
                  "isHook": false,
                  "skipped": false
                }
              ],
              "suites": [],
              "passes": [],
              "failures": [
                "d15cc5a6-0ada-46fd-9788-769c48807a0f",
                "1c8ea037-b082-419c-99e1-35ed27ce7b54"
              ],
              "pending": [],
              "skipped": [],
              "duration": 0,
              "root": false,
              "rootEmpty": false,
              "_timeout": 2000
            }
          ],
          "passes": [],
          "failures": [],
          "pending": [],
          "skipped": [],
          "duration": 0,
          "root": false,
          "rootEmpty": false,
          "_timeout": 2000
        },
        {
          "uuid": "7abac3c7-d3a7-4229-8731-923829c8b4c1",
          "title": "NEWLY ADDED TESTS FOR ceil.js",
          "fullFile": "C:\\Users\\nurmi\\softTesting\\test\\ceilTest.js",
          "file": "\\test\\ceilTest.js",
          "beforeHooks": [],
          "afterHooks": [],
          "tests": [],
          "suites": [
            {
              "uuid": "d3883e88-e294-4f87-85f6-10851a0f85f7",
              "title": "Positive test cases for ceil.js",
              "fullFile": "C:\\Users\\nurmi\\softTesting\\test\\ceilTest.js",
              "file": "\\test\\ceilTest.js",
              "beforeHooks": [],
              "afterHooks": [],
              "tests": [
                {
                  "title": "Should round integer to correct precision when negative precision is specified",
                  "fullTitle": "NEWLY ADDED TESTS FOR ceil.js Positive test cases for ceil.js Should round integer to correct precision when negative precision is specified",
                  "timedOut": false,
                  "duration": 1,
                  "state": "passed",
                  "speed": "fast",
                  "pass": true,
                  "fail": false,
                  "pending": false,
                  "context": null,
                  "code": "assert.equal(ceil(6040, -2), 6100);",
                  "err": {},
                  "uuid": "4d307226-7199-462b-930d-c50b80cc10ba",
                  "parentUUID": "d3883e88-e294-4f87-85f6-10851a0f85f7",
                  "isHook": false,
                  "skipped": false
                },
                {
                  "title": "Should round decimal to correct precision when negative precision is specified",
                  "fullTitle": "NEWLY ADDED TESTS FOR ceil.js Positive test cases for ceil.js Should round decimal to correct precision when negative precision is specified",
                  "timedOut": false,
                  "duration": 0,
                  "state": "passed",
                  "speed": "fast",
                  "pass": true,
                  "fail": false,
                  "pending": false,
                  "context": null,
                  "code": "assert.equal(ceil(6.040, -2), 100);",
                  "err": {},
                  "uuid": "14f2b101-1f0d-4815-8496-22f1d90e4a2a",
                  "parentUUID": "d3883e88-e294-4f87-85f6-10851a0f85f7",
                  "isHook": false,
                  "skipped": false
                }
              ],
              "suites": [],
              "passes": [
                "4d307226-7199-462b-930d-c50b80cc10ba",
                "14f2b101-1f0d-4815-8496-22f1d90e4a2a"
              ],
              "failures": [],
              "pending": [],
              "skipped": [],
              "duration": 1,
              "root": false,
              "rootEmpty": false,
              "_timeout": 2000
            },
            {
              "uuid": "a8f8787c-7ed2-43d5-b31b-8b753b2c2fe2",
              "title": "Negative test cases for ceil.js",
              "fullFile": "C:\\Users\\nurmi\\softTesting\\test\\ceilTest.js",
              "file": "\\test\\ceilTest.js",
              "beforeHooks": [],
              "afterHooks": [],
              "tests": [
                {
                  "title": "Should throw an error when precision is not an integer",
                  "fullTitle": "NEWLY ADDED TESTS FOR ceil.js Negative test cases for ceil.js Should throw an error when precision is not an integer",
                  "timedOut": false,
                  "duration": 0,
                  "state": "failed",
                  "speed": null,
                  "pass": false,
                  "fail": true,
                  "pending": false,
                  "context": null,
                  "code": "assert.throws(() => ceil(4.3367, 1.5), Error);",
                  "err": {
                    "message": "AssertionError: expected [Function] to throw Error",
                    "estack": "AssertionError: expected [Function] to throw Error\n    at Context.<anonymous> (file:///C:/Users/nurmi/softTesting/test/ceilTest.js:62:20)\n    at process.processImmediate (node:internal/timers:478:21)",
                    "diff": null
                  },
                  "uuid": "a9cb1263-d783-4666-9603-2473071b3ea1",
                  "parentUUID": "a8f8787c-7ed2-43d5-b31b-8b753b2c2fe2",
                  "isHook": false,
                  "skipped": false
                },
                {
                  "title": "Should throw error if an integer is out of safe integer range",
                  "fullTitle": "NEWLY ADDED TESTS FOR ceil.js Negative test cases for ceil.js Should throw error if an integer is out of safe integer range",
                  "timedOut": false,
                  "duration": 0,
                  "state": "failed",
                  "speed": null,
                  "pass": false,
                  "fail": true,
                  "pending": false,
                  "context": null,
                  "code": "assert.throws(() => ceil(Number.MAX_SAFE_INTEGER + 1), Error);",
                  "err": {
                    "message": "AssertionError: expected [Function] to throw Error",
                    "estack": "AssertionError: expected [Function] to throw Error\n    at Context.<anonymous> (file:///C:/Users/nurmi/softTesting/test/ceilTest.js:66:20)\n    at process.processImmediate (node:internal/timers:478:21)",
                    "diff": null
                  },
                  "uuid": "61121292-757c-4fef-aeb8-ebdf9e6077ed",
                  "parentUUID": "a8f8787c-7ed2-43d5-b31b-8b753b2c2fe2",
                  "isHook": false,
                  "skipped": false
                },
                {
                  "title": "Should throw error if a decimal is larger than the maximum value",
                  "fullTitle": "NEWLY ADDED TESTS FOR ceil.js Negative test cases for ceil.js Should throw error if a decimal is larger than the maximum value",
                  "timedOut": false,
                  "duration": 0,
                  "state": "failed",
                  "speed": null,
                  "pass": false,
                  "fail": true,
                  "pending": false,
                  "context": null,
                  "code": "assert.throws(() => ceil(Number.MAX_VALUE + 1), Error);",
                  "err": {
                    "message": "AssertionError: expected [Function] to throw Error",
                    "estack": "AssertionError: expected [Function] to throw Error\n    at Context.<anonymous> (file:///C:/Users/nurmi/softTesting/test/ceilTest.js:70:20)\n    at process.processImmediate (node:internal/timers:478:21)",
                    "diff": null
                  },
                  "uuid": "aba098f9-5079-41d6-bb0f-8cdf7745c675",
                  "parentUUID": "a8f8787c-7ed2-43d5-b31b-8b753b2c2fe2",
                  "isHook": false,
                  "skipped": false
                },
                {
                  "title": "Should throw error if a decimal is smaller than the minimum value",
                  "fullTitle": "NEWLY ADDED TESTS FOR ceil.js Negative test cases for ceil.js Should throw error if a decimal is smaller than the minimum value",
                  "timedOut": false,
                  "duration": 0,
                  "state": "failed",
                  "speed": null,
                  "pass": false,
                  "fail": true,
                  "pending": false,
                  "context": null,
                  "code": "assert.throws(() => ceil(Number.MIN_VALUE - 1), Error);",
                  "err": {
                    "message": "AssertionError: expected [Function] to throw Error",
                    "estack": "AssertionError: expected [Function] to throw Error\n    at Context.<anonymous> (file:///C:/Users/nurmi/softTesting/test/ceilTest.js:74:20)\n    at process.processImmediate (node:internal/timers:478:21)",
                    "diff": null
                  },
                  "uuid": "d001900f-2dcf-4752-9556-2c7ed8f687ed",
                  "parentUUID": "a8f8787c-7ed2-43d5-b31b-8b753b2c2fe2",
                  "isHook": false,
                  "skipped": false
                },
                {
                  "title": "Should throw error if positive precision is out of safe integer range",
                  "fullTitle": "NEWLY ADDED TESTS FOR ceil.js Negative test cases for ceil.js Should throw error if positive precision is out of safe integer range",
                  "timedOut": false,
                  "duration": 0,
                  "state": "failed",
                  "speed": null,
                  "pass": false,
                  "fail": true,
                  "pending": false,
                  "context": null,
                  "code": "assert.throws(() => ceil(4.3367, Number.MAX_SAFE_INTEGER + 1), Error);",
                  "err": {
                    "message": "AssertionError: expected [Function] to throw Error",
                    "estack": "AssertionError: expected [Function] to throw Error\n    at Context.<anonymous> (file:///C:/Users/nurmi/softTesting/test/ceilTest.js:78:20)\n    at process.processImmediate (node:internal/timers:478:21)",
                    "diff": null
                  },
                  "uuid": "a931b033-08f2-4213-a6cf-f45586981e7a",
                  "parentUUID": "a8f8787c-7ed2-43d5-b31b-8b753b2c2fe2",
                  "isHook": false,
                  "skipped": false
                },
                {
                  "title": "Should throw error if negative precision is out of safe integer range",
                  "fullTitle": "NEWLY ADDED TESTS FOR ceil.js Negative test cases for ceil.js Should throw error if negative precision is out of safe integer range",
                  "timedOut": false,
                  "duration": 0,
                  "state": "failed",
                  "speed": null,
                  "pass": false,
                  "fail": true,
                  "pending": false,
                  "context": null,
                  "code": "assert.throws(() => ceil(4.3367, Number.MIN_SAFE_INTEGER - 1), Error);",
                  "err": {
                    "message": "AssertionError: expected [Function] to throw Error",
                    "estack": "AssertionError: expected [Function] to throw Error\n    at Context.<anonymous> (file:///C:/Users/nurmi/softTesting/test/ceilTest.js:82:20)\n    at process.processImmediate (node:internal/timers:478:21)",
                    "diff": null
                  },
                  "uuid": "bcfaeca7-f190-4086-b7fb-5397528482c6",
                  "parentUUID": "a8f8787c-7ed2-43d5-b31b-8b753b2c2fe2",
                  "isHook": false,
                  "skipped": false
                }
              ],
              "suites": [],
              "passes": [],
              "failures": [
                "a9cb1263-d783-4666-9603-2473071b3ea1",
                "61121292-757c-4fef-aeb8-ebdf9e6077ed",
                "aba098f9-5079-41d6-bb0f-8cdf7745c675",
                "d001900f-2dcf-4752-9556-2c7ed8f687ed",
                "a931b033-08f2-4213-a6cf-f45586981e7a",
                "bcfaeca7-f190-4086-b7fb-5397528482c6"
              ],
              "pending": [],
              "skipped": [],
              "duration": 0,
              "root": false,
              "rootEmpty": false,
              "_timeout": 2000
            }
          ],
          "passes": [],
          "failures": [],
          "pending": [],
          "skipped": [],
          "duration": 0,
          "root": false,
          "rootEmpty": false,
          "_timeout": 2000
        },
        {
          "uuid": "876fbf8a-49b2-41da-9562-7e60f2cfb0e3",
          "title": "Positive test cases for defaultToAny.js",
          "fullFile": "C:\\Users\\nurmi\\softTesting\\test\\defaultToAnyTest.js",
          "file": "\\test\\defaultToAnyTest.js",
          "beforeHooks": [],
          "afterHooks": [],
          "tests": [
            {
              "title": "Should return the first value when it is not NaN, null, or undefined",
              "fullTitle": "Positive test cases for defaultToAny.js Should return the first value when it is not NaN, null, or undefined",
              "timedOut": false,
              "duration": 0,
              "state": "passed",
              "speed": "fast",
              "pass": true,
              "fail": false,
              "pending": false,
              "context": null,
              "code": "assert.equal(defaultToAny(1, 10, 20), 1);",
              "err": {},
              "uuid": "06ff2da9-1da0-4653-8e84-5730cb31a438",
              "parentUUID": "876fbf8a-49b2-41da-9562-7e60f2cfb0e3",
              "isHook": false,
              "skipped": false
            },
            {
              "title": "Should return the first non-NaN, non-null, or non-undefined default value value is undefined",
              "fullTitle": "Positive test cases for defaultToAny.js Should return the first non-NaN, non-null, or non-undefined default value value is undefined",
              "timedOut": false,
              "duration": 0,
              "state": "passed",
              "speed": "fast",
              "pass": true,
              "fail": false,
              "pending": false,
              "context": null,
              "code": "assert.equal(defaultToAny(undefined, 10, 20), 10);",
              "err": {},
              "uuid": "a93fb1a1-57bd-4b93-8949-6b08fa2b9543",
              "parentUUID": "876fbf8a-49b2-41da-9562-7e60f2cfb0e3",
              "isHook": false,
              "skipped": false
            },
            {
              "title": "Should return the first non-NaN, non-null, or non-undefined default value when value is NaN and there are valid defaults",
              "fullTitle": "Positive test cases for defaultToAny.js Should return the first non-NaN, non-null, or non-undefined default value when value is NaN and there are valid defaults",
              "timedOut": false,
              "duration": 1,
              "state": "failed",
              "speed": null,
              "pass": false,
              "fail": true,
              "pending": false,
              "context": null,
              "code": "assert.equal(defaultToAny(NaN, null, 20), 20);",
              "err": {
                "message": "AssertionError: expected NaN to equal 20",
                "estack": "AssertionError: expected NaN to equal 20\n    at Context.<anonymous> (file:///C:/Users/nurmi/softTesting/test/defaultToAnyTest.js:16:20)\n    at process.processImmediate (node:internal/timers:478:21)",
                "diff": "- NaN\n+ 20\n"
              },
              "uuid": "5882cb12-6048-4ebf-867d-4c3d59734b7b",
              "parentUUID": "876fbf8a-49b2-41da-9562-7e60f2cfb0e3",
              "isHook": false,
              "skipped": false
            },
            {
              "title": "Should return the first non-NaN, non-null, or non-undefined default value when value is null and there are valid defaults",
              "fullTitle": "Positive test cases for defaultToAny.js Should return the first non-NaN, non-null, or non-undefined default value when value is null and there are valid defaults",
              "timedOut": false,
              "duration": 0,
              "state": "failed",
              "speed": null,
              "pass": false,
              "fail": true,
              "pending": false,
              "context": null,
              "code": "assert.equal(defaultToAny(null, NaN, 30), 30);",
              "err": {
                "message": "AssertionError: expected NaN to equal 30",
                "estack": "AssertionError: expected NaN to equal 30\n    at Context.<anonymous> (file:///C:/Users/nurmi/softTesting/test/defaultToAnyTest.js:20:20)\n    at process.processImmediate (node:internal/timers:478:21)",
                "diff": "- NaN\n+ 30\n"
              },
              "uuid": "87248288-df14-4363-855e-9452a4eb967c",
              "parentUUID": "876fbf8a-49b2-41da-9562-7e60f2cfb0e3",
              "isHook": false,
              "skipped": false
            },
            {
              "title": "Should return the first non-Nan, non-null or non-undefined default value when value is undefined and there are valid defaults",
              "fullTitle": "Positive test cases for defaultToAny.js Should return the first non-Nan, non-null or non-undefined default value when value is undefined and there are valid defaults",
              "timedOut": false,
              "duration": 0,
              "state": "failed",
              "speed": null,
              "pass": false,
              "fail": true,
              "pending": false,
              "context": null,
              "code": "assert.equal(defaultToAny(undefined, NaN, null, 50), 50);",
              "err": {
                "message": "AssertionError: expected NaN to equal 50",
                "estack": "AssertionError: expected NaN to equal 50\n    at Context.<anonymous> (file:///C:/Users/nurmi/softTesting/test/defaultToAnyTest.js:24:20)\n    at process.processImmediate (node:internal/timers:478:21)",
                "diff": "- NaN\n+ 50\n"
              },
              "uuid": "8052a253-fb0b-4176-9c34-7b50f3a41b7d",
              "parentUUID": "876fbf8a-49b2-41da-9562-7e60f2cfb0e3",
              "isHook": false,
              "skipped": false
            },
            {
              "title": "Should return the last default value when the value is undefined and any of the default values are not valid V1",
              "fullTitle": "Positive test cases for defaultToAny.js Should return the last default value when the value is undefined and any of the default values are not valid V1",
              "timedOut": false,
              "duration": 1,
              "state": "passed",
              "speed": "fast",
              "pass": true,
              "fail": false,
              "pending": false,
              "context": null,
              "code": "assert.isNaN(defaultToAny(undefined, NaN, null));",
              "err": {},
              "uuid": "1da21ed4-4081-4d2a-99d8-12da21a5cb47",
              "parentUUID": "876fbf8a-49b2-41da-9562-7e60f2cfb0e3",
              "isHook": false,
              "skipped": false
            },
            {
              "title": "Should return the last default value when the value is undefined and any of the default values are not valid V2",
              "fullTitle": "Positive test cases for defaultToAny.js Should return the last default value when the value is undefined and any of the default values are not valid V2",
              "timedOut": false,
              "duration": 0,
              "state": "passed",
              "speed": "fast",
              "pass": true,
              "fail": false,
              "pending": false,
              "context": null,
              "code": "assert.isNaN(defaultToAny(undefined, null, NaN));",
              "err": {},
              "uuid": "2f8b91b8-b749-4652-8f74-822749415c68",
              "parentUUID": "876fbf8a-49b2-41da-9562-7e60f2cfb0e3",
              "isHook": false,
              "skipped": false
            },
            {
              "title": "Should return the last default value when the value is NaN and any of the default values are not valid V1",
              "fullTitle": "Positive test cases for defaultToAny.js Should return the last default value when the value is NaN and any of the default values are not valid V1",
              "timedOut": false,
              "duration": 1,
              "state": "failed",
              "speed": null,
              "pass": false,
              "fail": true,
              "pending": false,
              "context": null,
              "code": "assert.isNull(defaultToAny(NaN, undefined, null));",
              "err": {
                "message": "AssertionError: expected NaN to equal null",
                "estack": "AssertionError: expected NaN to equal null\n    at Context.<anonymous> (file:///C:/Users/nurmi/softTesting/test/defaultToAnyTest.js:36:20)\n    at process.processImmediate (node:internal/timers:478:21)",
                "diff": null
              },
              "uuid": "c75c2a22-7608-47d3-a0da-0802b8c45c8a",
              "parentUUID": "876fbf8a-49b2-41da-9562-7e60f2cfb0e3",
              "isHook": false,
              "skipped": false
            },
            {
              "title": "Should return the last default value when the value is NaN and any of the default values are not valid V2",
              "fullTitle": "Positive test cases for defaultToAny.js Should return the last default value when the value is NaN and any of the default values are not valid V2",
              "timedOut": false,
              "duration": 1,
              "state": "failed",
              "speed": null,
              "pass": false,
              "fail": true,
              "pending": false,
              "context": null,
              "code": "assert.isUndefined(defaultToAny(NaN, null, undefined));",
              "err": {
                "message": "AssertionError: expected NaN to equal undefined",
                "estack": "AssertionError: expected NaN to equal undefined\n    at Context.<anonymous> (file:///C:/Users/nurmi/softTesting/test/defaultToAnyTest.js:40:20)\n    at process.processImmediate (node:internal/timers:478:21)",
                "diff": null
              },
              "uuid": "d686c54b-4fdc-4662-bb3b-c46d412aa461",
              "parentUUID": "876fbf8a-49b2-41da-9562-7e60f2cfb0e3",
              "isHook": false,
              "skipped": false
            },
            {
              "title": "Should return the last default value when the value is null and any of the default values are not valid V1",
              "fullTitle": "Positive test cases for defaultToAny.js Should return the last default value when the value is null and any of the default values are not valid V1",
              "timedOut": false,
              "duration": 1,
              "state": "failed",
              "speed": null,
              "pass": false,
              "fail": true,
              "pending": false,
              "context": null,
              "code": "assert.isUndefined(defaultToAny(null, NaN, undefined));",
              "err": {
                "message": "AssertionError: expected NaN to equal undefined",
                "estack": "AssertionError: expected NaN to equal undefined\n    at Context.<anonymous> (file:///C:/Users/nurmi/softTesting/test/defaultToAnyTest.js:45:20)\n    at process.processImmediate (node:internal/timers:478:21)",
                "diff": null
              },
              "uuid": "0762cddf-9c80-4380-b450-fec85e786560",
              "parentUUID": "876fbf8a-49b2-41da-9562-7e60f2cfb0e3",
              "isHook": false,
              "skipped": false
            },
            {
              "title": "Should return the last default value when the value is null and any of the default values are not valid V2",
              "fullTitle": "Positive test cases for defaultToAny.js Should return the last default value when the value is null and any of the default values are not valid V2",
              "timedOut": false,
              "duration": 1,
              "state": "passed",
              "speed": "fast",
              "pass": true,
              "fail": false,
              "pending": false,
              "context": null,
              "code": "assert.isNaN(defaultToAny(null, undefined, NaN));",
              "err": {},
              "uuid": "5dca61d9-ae5e-4242-adcc-8afe900f33eb",
              "parentUUID": "876fbf8a-49b2-41da-9562-7e60f2cfb0e3",
              "isHook": false,
              "skipped": false
            }
          ],
          "suites": [],
          "passes": [
            "06ff2da9-1da0-4653-8e84-5730cb31a438",
            "a93fb1a1-57bd-4b93-8949-6b08fa2b9543",
            "1da21ed4-4081-4d2a-99d8-12da21a5cb47",
            "2f8b91b8-b749-4652-8f74-822749415c68",
            "5dca61d9-ae5e-4242-adcc-8afe900f33eb"
          ],
          "failures": [
            "5882cb12-6048-4ebf-867d-4c3d59734b7b",
            "87248288-df14-4363-855e-9452a4eb967c",
            "8052a253-fb0b-4176-9c34-7b50f3a41b7d",
            "c75c2a22-7608-47d3-a0da-0802b8c45c8a",
            "d686c54b-4fdc-4662-bb3b-c46d412aa461",
            "0762cddf-9c80-4380-b450-fec85e786560"
          ],
          "pending": [],
          "skipped": [],
          "duration": 6,
          "root": false,
          "rootEmpty": false,
          "_timeout": 2000
        },
        {
          "uuid": "ba0418fb-3433-4381-8982-c1469c42ced9",
          "title": "Positive testing for eq.js",
          "fullFile": "C:\\Users\\nurmi\\softTesting\\test\\eqTest.js",
          "file": "\\test\\eqTest.js",
          "beforeHooks": [],
          "afterHooks": [],
          "tests": [
            {
              "title": "It should be false if two different objects have same contents",
              "fullTitle": "Positive testing for eq.js It should be false if two different objects have same contents",
              "timedOut": false,
              "duration": 1,
              "state": "passed",
              "speed": "fast",
              "pass": true,
              "fail": false,
              "pending": false,
              "context": null,
              "code": "const object1 = {'a': 1};\nconst object2 = {'a': 1};\nassert.equal(eq(object1, object2), false);",
              "err": {},
              "uuid": "c27614a7-bb8f-4de2-aba9-955eb5b7c26d",
              "parentUUID": "ba0418fb-3433-4381-8982-c1469c42ced9",
              "isHook": false,
              "skipped": false
            },
            {
              "title": "It should be true if object is compared to itself",
              "fullTitle": "Positive testing for eq.js It should be true if object is compared to itself",
              "timedOut": false,
              "duration": 0,
              "state": "passed",
              "speed": "fast",
              "pass": true,
              "fail": false,
              "pending": false,
              "context": null,
              "code": "const object = {};\nassert.equal(eq(object, object), true);",
              "err": {},
              "uuid": "925f0eac-4347-4aee-ba44-9eff4bfafa80",
              "parentUUID": "ba0418fb-3433-4381-8982-c1469c42ced9",
              "isHook": false,
              "skipped": false
            },
            {
              "title": "It should be true for equal strings",
              "fullTitle": "Positive testing for eq.js It should be true for equal strings",
              "timedOut": false,
              "duration": 0,
              "state": "passed",
              "speed": "fast",
              "pass": true,
              "fail": false,
              "pending": false,
              "context": null,
              "code": "const str1 = \"a\";\nconst str2 = \"a\"\nassert.equal(eq(str1, str2), true);",
              "err": {},
              "uuid": "661aafcd-1bf6-4615-a3ba-938d23e48032",
              "parentUUID": "ba0418fb-3433-4381-8982-c1469c42ced9",
              "isHook": false,
              "skipped": false
            },
            {
              "title": "It should be false for different strings",
              "fullTitle": "Positive testing for eq.js It should be false for different strings",
              "timedOut": false,
              "duration": 0,
              "state": "passed",
              "speed": "fast",
              "pass": true,
              "fail": false,
              "pending": false,
              "context": null,
              "code": "const str1 = \"a\";\nconst str2 = \"b\"\nassert.equal(eq(str1, str2), false);",
              "err": {},
              "uuid": "a1a314eb-7f2e-4fac-8d75-e9e6086859db",
              "parentUUID": "ba0418fb-3433-4381-8982-c1469c42ced9",
              "isHook": false,
              "skipped": false
            },
            {
              "title": "It should be true if for equal integers",
              "fullTitle": "Positive testing for eq.js It should be true if for equal integers",
              "timedOut": false,
              "duration": 0,
              "state": "passed",
              "speed": "fast",
              "pass": true,
              "fail": false,
              "pending": false,
              "context": null,
              "code": "const int1 = 1;\nconst int2 = 1;\nassert.equal(eq(int1, int2), true);",
              "err": {},
              "uuid": "bbd1e207-b12e-44db-8a6b-2728b84719ca",
              "parentUUID": "ba0418fb-3433-4381-8982-c1469c42ced9",
              "isHook": false,
              "skipped": false
            },
            {
              "title": "It should be false for different integers",
              "fullTitle": "Positive testing for eq.js It should be false for different integers",
              "timedOut": false,
              "duration": 0,
              "state": "passed",
              "speed": "fast",
              "pass": true,
              "fail": false,
              "pending": false,
              "context": null,
              "code": "const int1 = 1;\nconst int2 = 4;\nassert.equal(eq(int1, int2), false);",
              "err": {},
              "uuid": "ba80e4b3-2270-427e-9f2d-ad6a213e8ce3",
              "parentUUID": "ba0418fb-3433-4381-8982-c1469c42ced9",
              "isHook": false,
              "skipped": false
            },
            {
              "title": "It should be false for +1 and -1",
              "fullTitle": "Positive testing for eq.js It should be false for +1 and -1",
              "timedOut": false,
              "duration": 0,
              "state": "passed",
              "speed": "fast",
              "pass": true,
              "fail": false,
              "pending": false,
              "context": null,
              "code": "const int1 = 1;\nconst int2 = -1;\nassert.equal(eq(int1, int2), false);",
              "err": {},
              "uuid": "7f11cae4-e3e0-4890-bd65-1021869f85bd",
              "parentUUID": "ba0418fb-3433-4381-8982-c1469c42ced9",
              "isHook": false,
              "skipped": false
            },
            {
              "title": "It should be true for -0 and +0",
              "fullTitle": "Positive testing for eq.js It should be true for -0 and +0",
              "timedOut": false,
              "duration": 0,
              "state": "passed",
              "speed": "fast",
              "pass": true,
              "fail": false,
              "pending": false,
              "context": null,
              "code": "const int1 = -0;\nconst int2 = 0;\nassert.equal(eq(int1, int2), true);",
              "err": {},
              "uuid": "a7d0ff3b-52a7-40b0-8840-8b011ec7e55e",
              "parentUUID": "ba0418fb-3433-4381-8982-c1469c42ced9",
              "isHook": false,
              "skipped": false
            },
            {
              "title": "It should be true for equal decimals",
              "fullTitle": "Positive testing for eq.js It should be true for equal decimals",
              "timedOut": false,
              "duration": 0,
              "state": "passed",
              "speed": "fast",
              "pass": true,
              "fail": false,
              "pending": false,
              "context": null,
              "code": "const deci1 = 1.1;\nconst deci2 = 1.1;\nassert.equal(eq(deci1, deci2), true);",
              "err": {},
              "uuid": "c2dcbdf9-8870-4d31-af73-72d257c5c95a",
              "parentUUID": "ba0418fb-3433-4381-8982-c1469c42ced9",
              "isHook": false,
              "skipped": false
            },
            {
              "title": "It should be false for different decimals",
              "fullTitle": "Positive testing for eq.js It should be false for different decimals",
              "timedOut": false,
              "duration": 0,
              "state": "passed",
              "speed": "fast",
              "pass": true,
              "fail": false,
              "pending": false,
              "context": null,
              "code": "const deci1 = 1.1;\nconst deci2 = 2.1;\nassert.equal(eq(deci1, deci2), false);",
              "err": {},
              "uuid": "aecba6df-cd4c-46df-a48f-fc1a43a64213",
              "parentUUID": "ba0418fb-3433-4381-8982-c1469c42ced9",
              "isHook": false,
              "skipped": false
            },
            {
              "title": "It should be false when numbers are different",
              "fullTitle": "Positive testing for eq.js It should be false when numbers are different",
              "timedOut": false,
              "duration": 0,
              "state": "passed",
              "speed": "fast",
              "pass": true,
              "fail": false,
              "pending": false,
              "context": null,
              "code": "const int1 = 1;\nconst deci1 = 2.3;\nassert.equal(eq(int1, deci1), false);",
              "err": {},
              "uuid": "73ab68b8-2db7-4be5-b8d0-59d6680d6bb8",
              "parentUUID": "ba0418fb-3433-4381-8982-c1469c42ced9",
              "isHook": false,
              "skipped": false
            },
            {
              "title": "It should be true when comparing NaN to NaN",
              "fullTitle": "Positive testing for eq.js It should be true when comparing NaN to NaN",
              "timedOut": false,
              "duration": 0,
              "state": "passed",
              "speed": "fast",
              "pass": true,
              "fail": false,
              "pending": false,
              "context": null,
              "code": "const val1 = NaN;\nconst val2 = NaN;\nassert.equal(eq(val1, val2), true);",
              "err": {},
              "uuid": "32d3f04a-e3ec-4e8c-87f2-8609b00028ab",
              "parentUUID": "ba0418fb-3433-4381-8982-c1469c42ced9",
              "isHook": false,
              "skipped": false
            },
            {
              "title": "It should be true when comparing undefined to undefined",
              "fullTitle": "Positive testing for eq.js It should be true when comparing undefined to undefined",
              "timedOut": false,
              "duration": 0,
              "state": "passed",
              "speed": "fast",
              "pass": true,
              "fail": false,
              "pending": false,
              "context": null,
              "code": "const val1 = undefined\nconst val2 = undefined\nassert.equal(eq(val1, val2), true);",
              "err": {},
              "uuid": "e5e4dadb-098b-4312-a301-3a9d702b727a",
              "parentUUID": "ba0418fb-3433-4381-8982-c1469c42ced9",
              "isHook": false,
              "skipped": false
            },
            {
              "title": "It should be true when comparing null to null",
              "fullTitle": "Positive testing for eq.js It should be true when comparing null to null",
              "timedOut": false,
              "duration": 0,
              "state": "passed",
              "speed": "fast",
              "pass": true,
              "fail": false,
              "pending": false,
              "context": null,
              "code": "const val1 = null\nconst val2 = null\nassert.equal(eq(val1, val2), true);",
              "err": {},
              "uuid": "fe024548-88b5-4293-9e0a-e15384661188",
              "parentUUID": "ba0418fb-3433-4381-8982-c1469c42ced9",
              "isHook": false,
              "skipped": false
            },
            {
              "title": "It should be true if array is compared to itself",
              "fullTitle": "Positive testing for eq.js It should be true if array is compared to itself",
              "timedOut": false,
              "duration": 0,
              "state": "passed",
              "speed": "fast",
              "pass": true,
              "fail": false,
              "pending": false,
              "context": null,
              "code": "const arr = []\nassert.equal(eq(arr, arr), true);",
              "err": {},
              "uuid": "68512a1c-66e5-4997-96b6-d658e5aa0189",
              "parentUUID": "ba0418fb-3433-4381-8982-c1469c42ced9",
              "isHook": false,
              "skipped": false
            },
            {
              "title": "It should be false if two different arrays are compared",
              "fullTitle": "Positive testing for eq.js It should be false if two different arrays are compared",
              "timedOut": false,
              "duration": 0,
              "state": "passed",
              "speed": "fast",
              "pass": true,
              "fail": false,
              "pending": false,
              "context": null,
              "code": "const arr1 = [1,2,3,4]\nconst arr2 = [1,2,3]\nassert.equal(eq(arr1, arr2), false);",
              "err": {},
              "uuid": "eb8ca674-0ae2-4c5f-9762-2e0df67dab53",
              "parentUUID": "ba0418fb-3433-4381-8982-c1469c42ced9",
              "isHook": false,
              "skipped": false
            },
            {
              "title": "It should be true if class is compared to itself",
              "fullTitle": "Positive testing for eq.js It should be true if class is compared to itself",
              "timedOut": false,
              "duration": 0,
              "state": "passed",
              "speed": "fast",
              "pass": true,
              "fail": false,
              "pending": false,
              "context": null,
              "code": "class A {}\nassert.equal(eq(A, A), true);",
              "err": {},
              "uuid": "61e1dc80-64dc-41f6-bdd8-2927df8dc582",
              "parentUUID": "ba0418fb-3433-4381-8982-c1469c42ced9",
              "isHook": false,
              "skipped": false
            },
            {
              "title": "It should be false if two different classes are compared",
              "fullTitle": "Positive testing for eq.js It should be false if two different classes are compared",
              "timedOut": false,
              "duration": 0,
              "state": "passed",
              "speed": "fast",
              "pass": true,
              "fail": false,
              "pending": false,
              "context": null,
              "code": "class A {\n    constructor(value) {\n        this.value = value;\n    }\n}\nclass B {\n    constructor(value) {\n        this.value = value;\n    }\n}\nassert.equal(eq(A, B), false);",
              "err": {},
              "uuid": "2a656d91-82f9-4082-bf51-3200296d778a",
              "parentUUID": "ba0418fb-3433-4381-8982-c1469c42ced9",
              "isHook": false,
              "skipped": false
            },
            {
              "title": "It should be true when comparing true to true",
              "fullTitle": "Positive testing for eq.js It should be true when comparing true to true",
              "timedOut": false,
              "duration": 0,
              "state": "passed",
              "speed": "fast",
              "pass": true,
              "fail": false,
              "pending": false,
              "context": null,
              "code": "const bool1 = true\nconst bool2 = true\nassert.equal(eq(bool1, bool2), true);",
              "err": {},
              "uuid": "8a755b26-3d25-4ec5-8339-ee1674635d2a",
              "parentUUID": "ba0418fb-3433-4381-8982-c1469c42ced9",
              "isHook": false,
              "skipped": false
            },
            {
              "title": "It should be true when comparing false to false",
              "fullTitle": "Positive testing for eq.js It should be true when comparing false to false",
              "timedOut": false,
              "duration": 0,
              "state": "passed",
              "speed": "fast",
              "pass": true,
              "fail": false,
              "pending": false,
              "context": null,
              "code": "const bool1 = false\nconst bool2 = false\nassert.equal(eq(bool1, bool2), true);",
              "err": {},
              "uuid": "76bf248f-0bfe-4335-a274-1ec375b4ee05",
              "parentUUID": "ba0418fb-3433-4381-8982-c1469c42ced9",
              "isHook": false,
              "skipped": false
            },
            {
              "title": "It should be false when comparing false to true",
              "fullTitle": "Positive testing for eq.js It should be false when comparing false to true",
              "timedOut": false,
              "duration": 0,
              "state": "passed",
              "speed": "fast",
              "pass": true,
              "fail": false,
              "pending": false,
              "context": null,
              "code": "const bool1 = true\nconst bool2 = false\nassert.equal(eq(bool1, bool2), false);",
              "err": {},
              "uuid": "a1f44b68-dadb-4e6a-a1f5-cb238281c3e2",
              "parentUUID": "ba0418fb-3433-4381-8982-c1469c42ced9",
              "isHook": false,
              "skipped": false
            },
            {
              "title": "It should be false when comparing different symbols",
              "fullTitle": "Positive testing for eq.js It should be false when comparing different symbols",
              "timedOut": false,
              "duration": 0,
              "state": "passed",
              "speed": "fast",
              "pass": true,
              "fail": false,
              "pending": false,
              "context": null,
              "code": "const symb1 = Symbol('fool')\nconst symb2 = Symbol('fool')\nassert.equal(eq(symb1, symb2), false);",
              "err": {},
              "uuid": "5e3c251a-147e-4f88-9174-20ae694df13b",
              "parentUUID": "ba0418fb-3433-4381-8982-c1469c42ced9",
              "isHook": false,
              "skipped": false
            },
            {
              "title": "It should be true when comparing symbol to itself",
              "fullTitle": "Positive testing for eq.js It should be true when comparing symbol to itself",
              "timedOut": false,
              "duration": 0,
              "state": "passed",
              "speed": "fast",
              "pass": true,
              "fail": false,
              "pending": false,
              "context": null,
              "code": "const symb = Symbol()\nassert.equal(eq(symb, symb), true);",
              "err": {},
              "uuid": "0056315e-2204-4ae7-ac1d-e2f51f325a41",
              "parentUUID": "ba0418fb-3433-4381-8982-c1469c42ced9",
              "isHook": false,
              "skipped": false
            },
            {
              "title": "It should be false when comparing string to other types",
              "fullTitle": "Positive testing for eq.js It should be false when comparing string to other types",
              "timedOut": false,
              "duration": 0,
              "state": "failed",
              "speed": null,
              "pass": false,
              "fail": true,
              "pending": false,
              "context": null,
              "code": "const str1 = \"1\";\nconst int1 = 1;\nassert.equal(eq(str1, int1), false);",
              "err": {
                "message": "AssertionError: expected true to equal false",
                "estack": "AssertionError: expected true to equal false\n    at Context.<anonymous> (file:///C:/Users/nurmi/softTesting/test/eqTest.js:144:16)\n    at process.processImmediate (node:internal/timers:478:21)",
                "diff": "- true\n+ false\n"
              },
              "uuid": "60effbd3-ece8-4904-9f27-132eb49c7878",
              "parentUUID": "ba0418fb-3433-4381-8982-c1469c42ced9",
              "isHook": false,
              "skipped": false
            },
            {
              "title": "It should be false when object or list is compared to other types",
              "fullTitle": "Positive testing for eq.js It should be false when object or list is compared to other types",
              "timedOut": false,
              "duration": 0,
              "state": "passed",
              "speed": "fast",
              "pass": true,
              "fail": false,
              "pending": false,
              "context": null,
              "code": "const object = { 'a': 1 }\nconst list = [1,2,3];\nassert.equal(eq(object, list), false);",
              "err": {},
              "uuid": "0ef3e213-349c-458c-b187-7e039f39522f",
              "parentUUID": "ba0418fb-3433-4381-8982-c1469c42ced9",
              "isHook": false,
              "skipped": false
            },
            {
              "title": "It should be false when class or undefined is compared to other types",
              "fullTitle": "Positive testing for eq.js It should be false when class or undefined is compared to other types",
              "timedOut": false,
              "duration": 1,
              "state": "passed",
              "speed": "fast",
              "pass": true,
              "fail": false,
              "pending": false,
              "context": null,
              "code": "class A {};\nconst val = undefined;\nassert.equal(eq(A, val), false);",
              "err": {},
              "uuid": "de50788e-f32b-4b6c-953f-d3c771aa9d82",
              "parentUUID": "ba0418fb-3433-4381-8982-c1469c42ced9",
              "isHook": false,
              "skipped": false
            },
            {
              "title": "It should be false when NaN or null is compared to other types",
              "fullTitle": "Positive testing for eq.js It should be false when NaN or null is compared to other types",
              "timedOut": false,
              "duration": 0,
              "state": "passed",
              "speed": "fast",
              "pass": true,
              "fail": false,
              "pending": false,
              "context": null,
              "code": "const val1 = NaN;\nconst val2 = null;\nassert.equal(eq(val1, val2), false);",
              "err": {},
              "uuid": "11b57b34-3bd4-4260-b9ce-7ef3bbff758a",
              "parentUUID": "ba0418fb-3433-4381-8982-c1469c42ced9",
              "isHook": false,
              "skipped": false
            },
            {
              "title": "It should be false when boolean or symbol is compared to other types",
              "fullTitle": "Positive testing for eq.js It should be false when boolean or symbol is compared to other types",
              "timedOut": false,
              "duration": 0,
              "state": "passed",
              "speed": "fast",
              "pass": true,
              "fail": false,
              "pending": false,
              "context": null,
              "code": "const val1 = true;\nconst val2 = Symbol('fool');\nassert.equal(eq(val1, val2), false);",
              "err": {},
              "uuid": "9496137b-a86b-4e00-b74c-743e880fc15f",
              "parentUUID": "ba0418fb-3433-4381-8982-c1469c42ced9",
              "isHook": false,
              "skipped": false
            }
          ],
          "suites": [],
          "passes": [
            "c27614a7-bb8f-4de2-aba9-955eb5b7c26d",
            "925f0eac-4347-4aee-ba44-9eff4bfafa80",
            "661aafcd-1bf6-4615-a3ba-938d23e48032",
            "a1a314eb-7f2e-4fac-8d75-e9e6086859db",
            "bbd1e207-b12e-44db-8a6b-2728b84719ca",
            "ba80e4b3-2270-427e-9f2d-ad6a213e8ce3",
            "7f11cae4-e3e0-4890-bd65-1021869f85bd",
            "a7d0ff3b-52a7-40b0-8840-8b011ec7e55e",
            "c2dcbdf9-8870-4d31-af73-72d257c5c95a",
            "aecba6df-cd4c-46df-a48f-fc1a43a64213",
            "73ab68b8-2db7-4be5-b8d0-59d6680d6bb8",
            "32d3f04a-e3ec-4e8c-87f2-8609b00028ab",
            "e5e4dadb-098b-4312-a301-3a9d702b727a",
            "fe024548-88b5-4293-9e0a-e15384661188",
            "68512a1c-66e5-4997-96b6-d658e5aa0189",
            "eb8ca674-0ae2-4c5f-9762-2e0df67dab53",
            "61e1dc80-64dc-41f6-bdd8-2927df8dc582",
            "2a656d91-82f9-4082-bf51-3200296d778a",
            "8a755b26-3d25-4ec5-8339-ee1674635d2a",
            "76bf248f-0bfe-4335-a274-1ec375b4ee05",
            "a1f44b68-dadb-4e6a-a1f5-cb238281c3e2",
            "5e3c251a-147e-4f88-9174-20ae694df13b",
            "0056315e-2204-4ae7-ac1d-e2f51f325a41",
            "0ef3e213-349c-458c-b187-7e039f39522f",
            "de50788e-f32b-4b6c-953f-d3c771aa9d82",
            "11b57b34-3bd4-4260-b9ce-7ef3bbff758a",
            "9496137b-a86b-4e00-b74c-743e880fc15f"
          ],
          "failures": [
            "60effbd3-ece8-4904-9f27-132eb49c7878"
          ],
          "pending": [],
          "skipped": [],
          "duration": 2,
          "root": false,
          "rootEmpty": false,
          "_timeout": 2000
        },
        {
          "uuid": "b44b4a55-b53e-49b3-8833-79428e222595",
          "title": "Positive test cases for filter.js",
          "fullFile": "C:\\Users\\nurmi\\softTesting\\test\\filterTest.js",
          "file": "\\test\\filterTest.js",
          "beforeHooks": [],
          "afterHooks": [],
          "tests": [
            {
              "title": "Should filter out elements correctly for simple array",
              "fullTitle": "Positive test cases for filter.js Should filter out elements correctly for simple array",
              "timedOut": false,
              "duration": 0,
              "state": "passed",
              "speed": "fast",
              "pass": true,
              "fail": false,
              "pending": false,
              "context": null,
              "code": "const array = [1, 2, 3, 4, 5, 6];\n        const excpectedOutput = [1, 2];\n        const actualOutput = filter(array, (value) => value < 3);\n        //https://stackoverflow.com/questions/51388975/comparing-an-array-object-to-string-using-mocha-chai\n        // https://stackoverflow.com/questions/13225274/the-difference-between-assert-equal-and-assert-deepequal-in-javascript-testing-w\n        assert.deepEqual(actualOutput, excpectedOutput);",
              "err": {},
              "uuid": "a718e074-909c-4288-9253-674d4ca06f4c",
              "parentUUID": "b44b4a55-b53e-49b3-8833-79428e222595",
              "isHook": false,
              "skipped": false
            },
            {
              "title": "Should leave array unchanged if all elements pass the predicate",
              "fullTitle": "Positive test cases for filter.js Should leave array unchanged if all elements pass the predicate",
              "timedOut": false,
              "duration": 0,
              "state": "passed",
              "speed": "fast",
              "pass": true,
              "fail": false,
              "pending": false,
              "context": null,
              "code": "const array = [1, 2, 3];\n        const excpectedOutput = [1, 2, 3];\n        const actualOutput = filter(array, (value) => value < 4);\n        assert.deepEqual(actualOutput, excpectedOutput);",
              "err": {},
              "uuid": "df59cc19-fee8-444f-b08c-aff05afa4524",
              "parentUUID": "b44b4a55-b53e-49b3-8833-79428e222595",
              "isHook": false,
              "skipped": false
            },
            {
              "title": "Should return empty array if no elements pass the predicate",
              "fullTitle": "Positive test cases for filter.js Should return empty array if no elements pass the predicate",
              "timedOut": false,
              "duration": 0,
              "state": "failed",
              "speed": null,
              "pass": false,
              "fail": true,
              "pending": false,
              "context": null,
              "code": "const array = [4, 5, 6];\n        const excpectedOutput = [];\n        const actualOutput = filter(array, (value) => value < 4);\n        assert.deepEqual(actualOutput, excpectedOutput);",
              "err": {
                "message": "AssertionError: expected [ [] ] to deeply equal []",
                "estack": "AssertionError: expected [ [] ] to deeply equal []\n    at Context.<anonymous> (file:///C:/Users/nurmi/softTesting/test/filterTest.js:32:16)\n    at process.processImmediate (node:internal/timers:478:21)",
                "diff": "- [\n-   []\n- ]\n+ []\n"
              },
              "uuid": "206d9070-1819-4bea-a0cb-7d4ff6591e51",
              "parentUUID": "b44b4a55-b53e-49b3-8833-79428e222595",
              "isHook": false,
              "skipped": false
            },
            {
              "title": "Should work correctly with an empty array",
              "fullTitle": "Positive test cases for filter.js Should work correctly with an empty array",
              "timedOut": false,
              "duration": 0,
              "state": "failed",
              "speed": null,
              "pass": false,
              "fail": true,
              "pending": false,
              "context": null,
              "code": "const array = [];\n        const excpectedOutput = [];\n        const actualOutput = filter(array, (value) => value < 4);\n        assert.deepEqual(actualOutput, excpectedOutput);",
              "err": {
                "message": "AssertionError: expected [ [] ] to deeply equal []",
                "estack": "AssertionError: expected [ [] ] to deeply equal []\n    at Context.<anonymous> (file:///C:/Users/nurmi/softTesting/test/filterTest.js:41:16)\n    at process.processImmediate (node:internal/timers:478:21)",
                "diff": "- [\n-   []\n- ]\n+ []\n"
              },
              "uuid": "bf711a0e-b395-47a5-8a9d-58934f0ed419",
              "parentUUID": "b44b4a55-b53e-49b3-8833-79428e222595",
              "isHook": false,
              "skipped": false
            },
            {
              "title": "Should filter objects based on property values",
              "fullTitle": "Positive test cases for filter.js Should filter objects based on property values",
              "timedOut": false,
              "duration": 1,
              "state": "passed",
              "speed": "fast",
              "pass": true,
              "fail": false,
              "pending": false,
              "context": null,
              "code": "const array = [{\"name\": \"Pekka\", \"age\": 25}, {\"name\": \"Jari\", \"age\": 30}, {\"name\": \"Linda\", \"age\": 22}];\n        const excpectedOutput = [{\"name\": \"Pekka\", \"age\": 25}, {\"name\": \"Linda\", \"age\": 22}];\n        const actualOutput = filter(array, (value) => value.age < 30);\n        assert.deepEqual(actualOutput, excpectedOutput);",
              "err": {},
              "uuid": "f866dce8-aebc-4a64-849a-da60c7ad0839",
              "parentUUID": "b44b4a55-b53e-49b3-8833-79428e222595",
              "isHook": false,
              "skipped": false
            },
            {
              "title": "Should work correctly with object destructuring in predicate",
              "fullTitle": "Positive test cases for filter.js Should work correctly with object destructuring in predicate",
              "timedOut": false,
              "duration": 0,
              "state": "passed",
              "speed": "fast",
              "pass": true,
              "fail": false,
              "pending": false,
              "context": null,
              "code": "const array = [{\"name\": \"Pekka\", \"age\": 25}, {\"name\": \"Jari\", \"age\": 30}, {\"name\": \"Linda\", \"age\": 22}];\n        const excpectedOutput = [{\"name\": \"Pekka\", \"age\": 25}, {\"name\": \"Linda\", \"age\": 22}];\n        const actualOutput = filter(array, ({age}) => age < 30);\n        assert.deepEqual(actualOutput, excpectedOutput);",
              "err": {},
              "uuid": "388cb9ac-0e72-4213-9940-b8311be9ab06",
              "parentUUID": "b44b4a55-b53e-49b3-8833-79428e222595",
              "isHook": false,
              "skipped": false
            },
            {
              "title": "Should work correctly when array contains a single element",
              "fullTitle": "Positive test cases for filter.js Should work correctly when array contains a single element",
              "timedOut": false,
              "duration": 0,
              "state": "passed",
              "speed": "fast",
              "pass": true,
              "fail": false,
              "pending": false,
              "context": null,
              "code": "const array = [5];\n        const excpectedOutput = [5];\n        const actualOutput = filter(array, (value) => value > 0);\n        assert.deepEqual(actualOutput, excpectedOutput);",
              "err": {},
              "uuid": "574efe92-0d39-4822-b4c2-886550cdca1b",
              "parentUUID": "b44b4a55-b53e-49b3-8833-79428e222595",
              "isHook": false,
              "skipped": false
            },
            {
              "title": "Should work correctly when array contains null, undefined, and NaN values",
              "fullTitle": "Positive test cases for filter.js Should work correctly when array contains null, undefined, and NaN values",
              "timedOut": false,
              "duration": 0,
              "state": "passed",
              "speed": "fast",
              "pass": true,
              "fail": false,
              "pending": false,
              "context": null,
              "code": "const array = [null, undefined, NaN, 1, 2, 3];\n        const excpectedOutput = [1, 2, 3];\n        const actualOutput = filter(array, (value) => value > 0);\n        assert.deepEqual(actualOutput, excpectedOutput);",
              "err": {},
              "uuid": "566f48d1-70fe-4587-a80b-bd4c717bac7a",
              "parentUUID": "b44b4a55-b53e-49b3-8833-79428e222595",
              "isHook": false,
              "skipped": false
            }
          ],
          "suites": [],
          "passes": [
            "a718e074-909c-4288-9253-674d4ca06f4c",
            "df59cc19-fee8-444f-b08c-aff05afa4524",
            "f866dce8-aebc-4a64-849a-da60c7ad0839",
            "388cb9ac-0e72-4213-9940-b8311be9ab06",
            "574efe92-0d39-4822-b4c2-886550cdca1b",
            "566f48d1-70fe-4587-a80b-bd4c717bac7a"
          ],
          "failures": [
            "206d9070-1819-4bea-a0cb-7d4ff6591e51",
            "bf711a0e-b395-47a5-8a9d-58934f0ed419"
          ],
          "pending": [],
          "skipped": [],
          "duration": 1,
          "root": false,
          "rootEmpty": false,
          "_timeout": 2000
        },
        {
          "uuid": "fc0e7311-c0ee-4685-9f13-30ddb2d6f6a6",
[...]
              "err": {},
              "uuid": "770e1593-99cf-4fb7-866b-031eadaa5c82",
              "parentUUID": "dba5139e-58e7-4d8c-91da-6f3b46c0761c",
              "isHook": false,
              "skipped": false
            },
            {
              "title": "Should return NaN when undefined",
              "fullTitle": "Positive testing for toNumber.js Should return NaN when undefined",
              "timedOut": false,
              "duration": 0,
              "state": "passed",
              "speed": "fast",
              "pass": true,
              "fail": false,
              "pending": false,
              "context": null,
              "code": "assert.isNaN(toNumber(undefined));",
              "err": {},
              "uuid": "37d791aa-0148-4d8e-bb53-a341c3e0064e",
              "parentUUID": "dba5139e-58e7-4d8c-91da-6f3b46c0761c",
              "isHook": false,
              "skipped": false
            }
          ],
          "suites": [],
          "passes": [
            "597cf7ec-cdda-494f-b515-70591263968b",
            "2400856d-41e3-414d-948d-b8d55acfb211",
            "9fdbd241-6eeb-45b2-8873-7afdec59791a",
            "0bea37fd-e443-4680-9046-61c9842c26c7",
            "b53ae566-0067-4752-85d7-2fec0a57813a",
            "db13e084-cca8-4617-881d-1e41af778786",
            "74ccdb64-8905-465f-9683-ced66a960558",
            "ba83bdfb-6488-4231-a0e3-fe47cc06da1a",
            "a20265f3-b746-4ff4-a193-94d9b17e320c",
            "d2b5256a-ccfd-46b5-a834-b1819c8b7424",
            "3d881a5c-920e-4b41-a2df-564b9fb12627",
            "3b27b4ab-09c0-4e46-b497-c18be7926c70",
            "e6e0dfd3-8b25-4a73-b39a-96146c223f28",
            "f1464a0a-f9b9-43e9-8f13-0d0abf4fa272",
            "8f1bd0ba-35ea-4d3c-b3a7-de489c330fb4",
            "5df1bb91-5443-4375-af57-520e8ff8afe9",
            "99b0b113-b2fc-4f00-9fc7-d7299ddafd8f",
            "9f67a3dd-e0bb-431a-9dd5-c39089f2cb9d",
            "0433b2cf-21a0-47f2-9a55-b5538dfb2715",
            "08da247c-1d91-4acd-a772-3c5198428568",
            "87621c9b-d741-48a4-bf29-9fe51b7b37e4",
            "0c990730-29b4-4759-a7b5-cb8ef784adbd",
            "95e994a9-e12c-4c28-bee6-6515322b0e7c",
            "528688d7-2974-4400-9192-9db0c26ce78c",
            "770e1593-99cf-4fb7-866b-031eadaa5c82",
            "37d791aa-0148-4d8e-bb53-a341c3e0064e"
          ],
          "failures": [],
          "pending": [],
          "skipped": [],
          "duration": 0,
          "root": false,
          "rootEmpty": false,
          "_timeout": 2000
        },
        {
          "uuid": "3359ab37-96ee-43cd-b999-54c7f36445f7",
          "title": "Positive testing for toString.js",
          "fullFile": "C:\\Users\\nurmi\\softTesting\\test\\toStringTest.js",
          "file": "\\test\\toStringTest.js",
          "beforeHooks": [],
          "afterHooks": [],
          "tests": [
            {
              "title": "Should return empty string for null",
              "fullTitle": "Positive testing for toString.js Should return empty string for null",
              "timedOut": false,
              "duration": 1,
              "state": "failed",
              "speed": null,
              "pass": false,
              "fail": true,
              "pending": false,
              "context": null,
              "code": "assert.equal(toString(null), \"\");",
              "err": {
                "message": "AssertionError: expected 'null' to equal ''",
                "estack": "AssertionError: expected 'null' to equal ''\n    at Context.<anonymous> (file:///C:/Users/nurmi/softTesting/test/toStringTest.js:8:16)\n    at process.processImmediate (node:internal/timers:478:21)",
                "diff": "- null\n"
              },
              "uuid": "57d11191-6502-4d3b-8a96-537103f5f20c",
              "parentUUID": "3359ab37-96ee-43cd-b999-54c7f36445f7",
              "isHook": false,
              "skipped": false
            },
            {
              "title": "Should return empty string for undefined",
              "fullTitle": "Positive testing for toString.js Should return empty string for undefined",
              "timedOut": false,
              "duration": 1,
              "state": "failed",
              "speed": null,
              "pass": false,
              "fail": true,
              "pending": false,
              "context": null,
              "code": "assert.equal(toString(undefined), \"\");",
              "err": {
                "message": "AssertionError: expected 'undefined' to equal ''",
                "estack": "AssertionError: expected 'undefined' to equal ''\n    at Context.<anonymous> (file:///C:/Users/nurmi/softTesting/test/toStringTest.js:11:16)\n    at process.processImmediate (node:internal/timers:478:21)",
                "diff": "- undefined\n"
              },
              "uuid": "0970df8d-9fdd-487f-8e34-b59f8993e56b",
              "parentUUID": "3359ab37-96ee-43cd-b999-54c7f36445f7",
              "isHook": false,
              "skipped": false
            },
            {
              "title": "Should return positive integer as string",
              "fullTitle": "Positive testing for toString.js Should return positive integer as string",
              "timedOut": false,
              "duration": 0,
              "state": "passed",
              "speed": "fast",
              "pass": true,
              "fail": false,
              "pending": false,
              "context": null,
              "code": "assert.equal(toString(4), \"4\");",
              "err": {},
              "uuid": "6efb6e73-3c62-4220-be96-cae84f74f7c2",
              "parentUUID": "3359ab37-96ee-43cd-b999-54c7f36445f7",
              "isHook": false,
              "skipped": false
            },
            {
              "title": "Should preserve the sign for '-0'",
              "fullTitle": "Positive testing for toString.js Should preserve the sign for '-0'",
              "timedOut": false,
              "duration": 0,
              "state": "passed",
              "speed": "fast",
              "pass": true,
              "fail": false,
              "pending": false,
              "context": null,
              "code": "assert.equal(toString(-0), \"-0\");",
              "err": {},
              "uuid": "0364fcda-33c6-4b91-a110-188d090b9d33",
              "parentUUID": "3359ab37-96ee-43cd-b999-54c7f36445f7",
              "isHook": false,
              "skipped": false
            },
            {
              "title": "Should return positive decimal as string",
              "fullTitle": "Positive testing for toString.js Should return positive decimal as string",
              "timedOut": false,
              "duration": 0,
              "state": "passed",
              "speed": "fast",
              "pass": true,
              "fail": false,
              "pending": false,
              "context": null,
              "code": "assert.equal(toString(0.1), \"0.1\");",
              "err": {},
              "uuid": "b7e32c6d-bc21-4245-8929-17c991ea72d2",
              "parentUUID": "3359ab37-96ee-43cd-b999-54c7f36445f7",
              "isHook": false,
              "skipped": false
            },
            {
              "title": "Should preserve the sign for '-4.1'",
              "fullTitle": "Positive testing for toString.js Should preserve the sign for '-4.1'",
              "timedOut": false,
              "duration": 0,
              "state": "passed",
              "speed": "fast",
              "pass": true,
              "fail": false,
              "pending": false,
              "context": null,
              "code": "assert.equal(toString(-4.1), \"-4.1\");",
              "err": {},
              "uuid": "e03f20a8-78a3-46f4-b3e2-d4db22025e68",
              "parentUUID": "3359ab37-96ee-43cd-b999-54c7f36445f7",
              "isHook": false,
              "skipped": false
            },
            {
              "title": "Should return array as string",
              "fullTitle": "Positive testing for toString.js Should return array as string",
              "timedOut": false,
              "duration": 0,
              "state": "passed",
              "speed": "fast",
              "pass": true,
              "fail": false,
              "pending": false,
              "context": null,
              "code": "assert.equal(toString([1,2,3]), \"1,2,3\");",
              "err": {},
              "uuid": "dffa7d6e-5ead-479a-81d4-718b024c6c40",
              "parentUUID": "3359ab37-96ee-43cd-b999-54c7f36445f7",
              "isHook": false,
              "skipped": false
            },
            {
              "title": "Should return empty array as empty string",
              "fullTitle": "Positive testing for toString.js Should return empty array as empty string",
              "timedOut": false,
              "duration": 0,
              "state": "passed",
              "speed": "fast",
              "pass": true,
              "fail": false,
              "pending": false,
              "context": null,
              "code": "assert.equal(toString([]), \"\");",
              "err": {},
              "uuid": "10873f9a-f94d-428d-bd80-bb87761867ba",
              "parentUUID": "3359ab37-96ee-43cd-b999-54c7f36445f7",
              "isHook": false,
              "skipped": false
            },
            {
              "title": "Should work with nested arrays ",
              "fullTitle": "Positive testing for toString.js Should work with nested arrays ",
              "timedOut": false,
              "duration": 0,
              "state": "passed",
              "speed": "fast",
              "pass": true,
              "fail": false,
              "pending": false,
              "context": null,
              "code": "const arr = [[1,2], [3,4]]\nassert.equal(toString(arr), \"1,2,3,4\");",
              "err": {},
              "uuid": "7f0cad3e-56c7-4f39-a0c4-5cd42190dda6",
              "parentUUID": "3359ab37-96ee-43cd-b999-54c7f36445f7",
              "isHook": false,
              "skipped": false
            },
            {
              "title": "Should work with nested arrays with null values in it ",
              "fullTitle": "Positive testing for toString.js Should work with nested arrays with null values in it ",
              "timedOut": false,
              "duration": 0,
              "state": "passed",
              "speed": "fast",
              "pass": true,
              "fail": false,
              "pending": false,
              "context": null,
              "code": "const arr = [[1, null], [3, 4]]\nassert.equal(toString(arr), \"1,,3,4\");",
              "err": {},
              "uuid": "d55a0b56-153d-4669-8f2a-680024262b76",
              "parentUUID": "3359ab37-96ee-43cd-b999-54c7f36445f7",
              "isHook": false,
              "skipped": false
            },
            {
              "title": "Should return string as string",
              "fullTitle": "Positive testing for toString.js Should return string as string",
              "timedOut": false,
              "duration": 0,
              "state": "passed",
              "speed": "fast",
              "pass": true,
              "fail": false,
              "pending": false,
              "context": null,
              "code": "assert.equal(toString(\"5\"), \"5\");",
              "err": {},
              "uuid": "6d39f672-3b89-4263-b0fc-a6b07bc3058e",
              "parentUUID": "3359ab37-96ee-43cd-b999-54c7f36445f7",
              "isHook": false,
              "skipped": false
            },
            {
              "title": "Should return symbol as string",
              "fullTitle": "Positive testing for toString.js Should return symbol as string",
              "timedOut": false,
              "duration": 0,
              "state": "passed",
              "speed": "fast",
              "pass": true,
              "fail": false,
              "pending": false,
              "context": null,
              "code": "const symb = Symbol(\"x\")\nassert.equal(toString(symb), \"Symbol(x)\");",
              "err": {},
              "uuid": "d285c92e-f3d8-4642-b34a-3322e104da5f",
              "parentUUID": "3359ab37-96ee-43cd-b999-54c7f36445f7",
              "isHook": false,
              "skipped": false
            },
            {
              "title": "Should return boolean as string",
              "fullTitle": "Positive testing for toString.js Should return boolean as string",
              "timedOut": false,
              "duration": 0,
              "state": "passed",
              "speed": "fast",
              "pass": true,
              "fail": false,
              "pending": false,
              "context": null,
              "code": "assert.equal(toString(true), \"true\");",
              "err": {},
              "uuid": "6d1fbb7e-b643-494f-87b4-dd261d110bb3",
              "parentUUID": "3359ab37-96ee-43cd-b999-54c7f36445f7",
              "isHook": false,
              "skipped": false
            },
            {
              "title": "Should return boolean as string",
              "fullTitle": "Positive testing for toString.js Should return boolean as string",
              "timedOut": false,
              "duration": 0,
              "state": "passed",
              "speed": "fast",
              "pass": true,
              "fail": false,
              "pending": false,
              "context": null,
              "code": "assert.equal(toString(false), \"false\");",
              "err": {},
              "uuid": "b1d5aabd-8523-422d-85de-143ae70ca3a9",
              "parentUUID": "3359ab37-96ee-43cd-b999-54c7f36445f7",
              "isHook": false,
              "skipped": false
            },
            {
              "title": "Should work with sets ",
              "fullTitle": "Positive testing for toString.js Should work with sets ",
              "timedOut": false,
              "duration": 0,
              "state": "passed",
              "speed": "fast",
              "pass": true,
              "fail": false,
              "pending": false,
              "context": null,
              "code": "assert.equal(toString(new Set([1,2])), \"[object Set]\");",
              "err": {},
              "uuid": "c2a7e4ac-a293-4b40-883a-81012443fc8d",
              "parentUUID": "3359ab37-96ee-43cd-b999-54c7f36445f7",
              "isHook": false,
              "skipped": false
            },
            {
              "title": "Should work with maps ",
              "fullTitle": "Positive testing for toString.js Should work with maps ",
              "timedOut": false,
              "duration": 0,
              "state": "passed",
              "speed": "fast",
              "pass": true,
              "fail": false,
              "pending": false,
              "context": null,
              "code": "assert.equal(toString(new Map([[1, 2]])), \"[object Map]\");",
              "err": {},
              "uuid": "ce845235-c592-4622-ba8b-cffe2f0c6a05",
              "parentUUID": "3359ab37-96ee-43cd-b999-54c7f36445f7",
              "isHook": false,
              "skipped": false
            },
            {
              "title": "Should work with objects ",
              "fullTitle": "Positive testing for toString.js Should work with objects ",
              "timedOut": false,
              "duration": 0,
              "state": "passed",
              "speed": "fast",
              "pass": true,
              "fail": false,
              "pending": false,
              "context": null,
              "code": "assert.equal(toString({'a':1}), \"[object Object]\");",
              "err": {},
              "uuid": "95690d99-7e2a-4290-a481-33caa349b752",
              "parentUUID": "3359ab37-96ee-43cd-b999-54c7f36445f7",
              "isHook": false,
              "skipped": false
            },
            {
              "title": "Should return NaN as string ",
              "fullTitle": "Positive testing for toString.js Should return NaN as string ",
              "timedOut": false,
              "duration": 0,
              "state": "passed",
              "speed": "fast",
              "pass": true,
              "fail": false,
              "pending": false,
              "context": null,
              "code": "assert.equal(toString(NaN), \"NaN\");",
              "err": {},
              "uuid": "84045939-cac0-4d2b-86b8-941e4eda2928",
              "parentUUID": "3359ab37-96ee-43cd-b999-54c7f36445f7",
              "isHook": false,
              "skipped": false
            },
            {
              "title": "Should return Infinity as string ",
              "fullTitle": "Positive testing for toString.js Should return Infinity as string ",
              "timedOut": false,
              "duration": 0,
              "state": "passed",
              "speed": "fast",
              "pass": true,
              "fail": false,
              "pending": false,
              "context": null,
              "code": "assert.equal(toString(Infinity), \"Infinity\");",
              "err": {},
              "uuid": "5309ab3e-badb-460c-bdc6-cca3e2da0603",
              "parentUUID": "3359ab37-96ee-43cd-b999-54c7f36445f7",
              "isHook": false,
              "skipped": false
            },
            {
              "title": "Should return -Infinity as string ",
              "fullTitle": "Positive testing for toString.js Should return -Infinity as string ",
              "timedOut": false,
              "duration": 0,
              "state": "passed",
              "speed": "fast",
              "pass": true,
              "fail": false,
              "pending": false,
              "context": null,
              "code": "assert.equal(toString(-Infinity), \"-Infinity\");",
              "err": {},
              "uuid": "e5399f50-0862-46aa-9de9-a8f45b80d659",
              "parentUUID": "3359ab37-96ee-43cd-b999-54c7f36445f7",
              "isHook": false,
              "skipped": false
            }
          ],
          "suites": [],
          "passes": [
            "6efb6e73-3c62-4220-be96-cae84f74f7c2",
            "0364fcda-33c6-4b91-a110-188d090b9d33",
            "b7e32c6d-bc21-4245-8929-17c991ea72d2",
            "e03f20a8-78a3-46f4-b3e2-d4db22025e68",
            "dffa7d6e-5ead-479a-81d4-718b024c6c40",
            "10873f9a-f94d-428d-bd80-bb87761867ba",
            "7f0cad3e-56c7-4f39-a0c4-5cd42190dda6",
            "d55a0b56-153d-4669-8f2a-680024262b76",
            "6d39f672-3b89-4263-b0fc-a6b07bc3058e",
            "d285c92e-f3d8-4642-b34a-3322e104da5f",
            "6d1fbb7e-b643-494f-87b4-dd261d110bb3",
            "b1d5aabd-8523-422d-85de-143ae70ca3a9",
            "c2a7e4ac-a293-4b40-883a-81012443fc8d",
            "ce845235-c592-4622-ba8b-cffe2f0c6a05",
            "95690d99-7e2a-4290-a481-33caa349b752",
            "84045939-cac0-4d2b-86b8-941e4eda2928",
            "5309ab3e-badb-460c-bdc6-cca3e2da0603",
            "e5399f50-0862-46aa-9de9-a8f45b80d659"
          ],
          "failures": [
            "57d11191-6502-4d3b-8a96-537103f5f20c",
            "0970df8d-9fdd-487f-8e34-b59f8993e56b"
          ],
          "pending": [],
          "skipped": [],
          "duration": 2,
          "root": false,
          "rootEmpty": false,
          "_timeout": 2000
        }
      ],
      "passes": [],
      "failures": [],
      "pending": [],
      "skipped": [],
      "duration": 0,
      "root": true,
      "rootEmpty": true,
      "_timeout": 2000
    }
  ],
  "meta": {
    "mocha": {
      "version": "11.7.5"
    },
    "mochawesome": {
      "options": {
        "quiet": false,
        "reportFilename": "mochawesome",
        "saveHtml": true,
        "saveJson": true,
        "consoleReporter": "spec",
        "useInlineDiffs": false,
        "code": true
      },
      "version": "7.1.4"
    },
    "marge": {
      "options": null,
      "version": "6.3.2"
    }
  }
}