{
  "stats": {
    "suites": 14,
    "tests": 84,
    "passes": 64,
    "pending": 0,
    "failures": 20,
    "start": "2025-11-23T15:14:43.625Z",
    "end": "2025-11-23T15:14:43.653Z",
    "duration": 28,
    "testsRegistered": 84,
    "passPercent": 76.19047619047619,
    "pendingPercent": 0,
    "other": 0,
    "hasOther": false,
    "skipped": 0,
    "hasSkipped": false
  },
  "results": [
    {
      "uuid": "0908a3f5-6a46-45bf-a8c8-099b9e5a875c",
      "title": "",
      "fullFile": "",
      "file": "",
      "beforeHooks": [],
      "afterHooks": [],
      "tests": [],
      "suites": [
        {
          "uuid": "50078c52-a90a-4c7c-b741-1b2d806ae846",
          "title": "Positive testing for add.js",
          "fullFile": "/home/elmeripk/sw_testing_gw/test/addTest.js",
          "file": "/test/addTest.js",
          "beforeHooks": [],
          "afterHooks": [],
          "tests": [
            {
              "title": "It should sum two positive integers correctly",
              "fullTitle": "Positive testing for add.js It should sum two positive integers correctly",
              "timedOut": false,
              "duration": 1,
              "state": "passed",
              "speed": "fast",
              "pass": true,
              "fail": false,
              "pending": false,
              "context": null,
              "code": "const augend = 6;\n        const addend = 4;\n        assert.equal(add(augend, addend), 10);",
              "err": {},
              "uuid": "04b34019-9d05-4c48-bd60-46ba3a92e62a",
              "parentUUID": "50078c52-a90a-4c7c-b741-1b2d806ae846",
              "isHook": false,
              "skipped": false
            },
            {
              "title": "It should sum two negative integers correctly",
              "fullTitle": "Positive testing for add.js It should sum two negative integers correctly",
              "timedOut": false,
              "duration": 0,
              "state": "passed",
              "speed": "fast",
              "pass": true,
              "fail": false,
              "pending": false,
              "context": null,
              "code": "const augend = -2;\n        const addend = -8;\n        assert.equal(add(augend, addend), -10);",
              "err": {},
              "uuid": "731f76f4-fc64-48b9-bad4-1cbb7258bd87",
              "parentUUID": "50078c52-a90a-4c7c-b741-1b2d806ae846",
              "isHook": false,
              "skipped": false
            },
            {
              "title": "It should sum positive and negative integers correctly",
              "fullTitle": "Positive testing for add.js It should sum positive and negative integers correctly",
              "timedOut": false,
              "duration": 0,
              "state": "passed",
              "speed": "fast",
              "pass": true,
              "fail": false,
              "pending": false,
              "context": null,
              "code": "const augend = -4;\n        const addend = 6;\n        assert.equal(add(augend, addend), 2);",
              "err": {},
              "uuid": "a7f2809f-380b-47cd-96b7-262ed581f971",
              "parentUUID": "50078c52-a90a-4c7c-b741-1b2d806ae846",
              "isHook": false,
              "skipped": false
            },
            {
              "title": "It should sum positive integer and zero addend correctly",
              "fullTitle": "Positive testing for add.js It should sum positive integer and zero addend correctly",
              "timedOut": false,
              "duration": 0,
              "state": "passed",
              "speed": "fast",
              "pass": true,
              "fail": false,
              "pending": false,
              "context": null,
              "code": "const augend = 3;\n        const addend = 0;\n        assert.equal(add(augend, addend), 3);",
              "err": {},
              "uuid": "b5562d1c-6afa-438a-b225-c8a5d706aa17",
              "parentUUID": "50078c52-a90a-4c7c-b741-1b2d806ae846",
              "isHook": false,
              "skipped": false
            },
            {
              "title": "It should sum zero augend and negative integer correctly",
              "fullTitle": "Positive testing for add.js It should sum zero augend and negative integer correctly",
              "timedOut": false,
              "duration": 0,
              "state": "passed",
              "speed": "fast",
              "pass": true,
              "fail": false,
              "pending": false,
              "context": null,
              "code": "const augend = 0;\n        const addend = -2;\n        assert.equal(add(augend, addend), -2);",
              "err": {},
              "uuid": "55891a7f-5921-4738-9801-6b35508a5ebd",
              "parentUUID": "50078c52-a90a-4c7c-b741-1b2d806ae846",
              "isHook": false,
              "skipped": false
            },
            {
              "title": "It should sum two positive decimals correctly",
              "fullTitle": "Positive testing for add.js It should sum two positive decimals correctly",
              "timedOut": false,
              "duration": 0,
              "state": "passed",
              "speed": "fast",
              "pass": true,
              "fail": false,
              "pending": false,
              "context": null,
              "code": "const augend = 2.1;\n        const addend = 3.3;\n        assert.equal(add(augend, addend), 5.4);",
              "err": {},
              "uuid": "73bd0778-1ca5-420d-9caf-61163e792950",
              "parentUUID": "50078c52-a90a-4c7c-b741-1b2d806ae846",
              "isHook": false,
              "skipped": false
            },
            {
              "title": "It should sum positve decimal and integer correctly",
              "fullTitle": "Positive testing for add.js It should sum positve decimal and integer correctly",
              "timedOut": false,
              "duration": 0,
              "state": "passed",
              "speed": "fast",
              "pass": true,
              "fail": false,
              "pending": false,
              "context": null,
              "code": "const augend = 2.1;\n        const addend = 4;\n        assert.equal(add(augend, addend), 6.1);",
              "err": {},
              "uuid": "7c1c6838-ec97-460a-9048-ff3e9f8486b4",
              "parentUUID": "50078c52-a90a-4c7c-b741-1b2d806ae846",
              "isHook": false,
              "skipped": false
            }
          ],
          "suites": [],
          "passes": [
            "04b34019-9d05-4c48-bd60-46ba3a92e62a",
            "731f76f4-fc64-48b9-bad4-1cbb7258bd87",
            "a7f2809f-380b-47cd-96b7-262ed581f971",
            "b5562d1c-6afa-438a-b225-c8a5d706aa17",
            "55891a7f-5921-4738-9801-6b35508a5ebd",
            "73bd0778-1ca5-420d-9caf-61163e792950",
            "7c1c6838-ec97-460a-9048-ff3e9f8486b4"
          ],
          "failures": [],
          "pending": [],
          "skipped": [],
          "duration": 1,
          "root": false,
          "rootEmpty": false,
          "_timeout": 2000
        },
        {
          "uuid": "0f4e1653-c012-49f4-baf9-3e7b25ea8c4f",
          "title": "Negative testing for add.js",
          "fullFile": "/home/elmeripk/sw_testing_gw/test/addTest.js",
          "file": "/test/addTest.js",
          "beforeHooks": [],
          "afterHooks": [],
          "tests": [
            {
              "title": "It should throw error if augend is undefined",
              "fullTitle": "Negative testing for add.js It should throw error if augend is undefined",
              "timedOut": false,
              "duration": 0,
              "state": "failed",
              "speed": null,
              "pass": false,
              "fail": true,
              "pending": false,
              "context": null,
              "code": "const augend = undefined;\n        const addend = 2;\n        expect(() => add(augend, addend)).to.throw(error)",
              "err": {
                "message": "ReferenceError: error is not defined",
                "estack": "ReferenceError: error is not defined\n    at Context.<anonymous> (file:///home/elmeripk/sw_testing_gw/test/addTest.js:72:52)\n    at process.processImmediate (node:internal/timers:511:21)",
                "diff": null
              },
              "uuid": "e2e2fdc2-3878-4749-ba53-f1f53e7ba5b9",
              "parentUUID": "0f4e1653-c012-49f4-baf9-3e7b25ea8c4f",
              "isHook": false,
              "skipped": false
            },
            {
              "title": "It should throw error if addend is undefined",
              "fullTitle": "Negative testing for add.js It should throw error if addend is undefined",
              "timedOut": false,
              "duration": 0,
              "state": "failed",
              "speed": null,
              "pass": false,
              "fail": true,
              "pending": false,
              "context": null,
              "code": "const augend = 3;\n        const addend = undefined;\n        expect(() => add(augend, addend)).to.throw(error)",
              "err": {
                "message": "ReferenceError: error is not defined",
                "estack": "ReferenceError: error is not defined\n    at Context.<anonymous> (file:///home/elmeripk/sw_testing_gw/test/addTest.js:80:52)\n    at process.processImmediate (node:internal/timers:511:21)",
                "diff": null
              },
              "uuid": "fa21c96e-ec69-4900-bfca-56e2e9b14c26",
              "parentUUID": "0f4e1653-c012-49f4-baf9-3e7b25ea8c4f",
              "isHook": false,
              "skipped": false
            },
            {
              "title": "It should throw error if augend is string",
              "fullTitle": "Negative testing for add.js It should throw error if augend is string",
              "timedOut": false,
              "duration": 0,
              "state": "failed",
              "speed": null,
              "pass": false,
              "fail": true,
              "pending": false,
              "context": null,
              "code": "const augend = \"6\";\n        const addend = 4;\n        expect(() => add(augend, addend)).to.throw(error);",
              "err": {
                "message": "ReferenceError: error is not defined",
                "estack": "ReferenceError: error is not defined\n    at Context.<anonymous> (file:///home/elmeripk/sw_testing_gw/test/addTest.js:88:52)\n    at process.processImmediate (node:internal/timers:511:21)",
                "diff": null
              },
              "uuid": "ff4e66f5-0fd8-430b-9f80-e8a4b9cf17f7",
              "parentUUID": "0f4e1653-c012-49f4-baf9-3e7b25ea8c4f",
              "isHook": false,
              "skipped": false
            },
            {
              "title": "It should throw error if addend is string",
              "fullTitle": "Negative testing for add.js It should throw error if addend is string",
              "timedOut": false,
              "duration": 1,
              "state": "failed",
              "speed": null,
              "pass": false,
              "fail": true,
              "pending": false,
              "context": null,
              "code": "const augend = 6;\n        const addend = \"4\";\n        expect(() => add(augend, addend)).to.throw(error);",
              "err": {
                "message": "ReferenceError: error is not defined",
                "estack": "ReferenceError: error is not defined\n    at Context.<anonymous> (file:///home/elmeripk/sw_testing_gw/test/addTest.js:96:52)\n    at process.processImmediate (node:internal/timers:511:21)",
                "diff": null
              },
              "uuid": "0ce0e4ac-9f27-4ab4-9cc5-0a875af3ecbb",
              "parentUUID": "0f4e1653-c012-49f4-baf9-3e7b25ea8c4f",
              "isHook": false,
              "skipped": false
            }
          ],
          "suites": [],
          "passes": [],
          "failures": [
            "e2e2fdc2-3878-4749-ba53-f1f53e7ba5b9",
            "fa21c96e-ec69-4900-bfca-56e2e9b14c26",
            "ff4e66f5-0fd8-430b-9f80-e8a4b9cf17f7",
            "0ce0e4ac-9f27-4ab4-9cc5-0a875af3ecbb"
          ],
          "pending": [],
          "skipped": [],
          "duration": 1,
          "root": false,
          "rootEmpty": false,
          "_timeout": 2000
        },
        {
          "uuid": "506efbf4-3348-439f-a82a-e241973ea043",
          "title": "TESTS BASED ON TEST PLAN",
          "fullFile": "/home/elmeripk/sw_testing_gw/test/ceilTest.js",
          "file": "/test/ceilTest.js",
          "beforeHooks": [],
          "afterHooks": [],
          "tests": [],
          "suites": [
            {
              "uuid": "359bdca8-3338-4d67-b21b-eaaa734c33f3",
              "title": "Positive test cases for ceil.js",
              "fullFile": "/home/elmeripk/sw_testing_gw/test/ceilTest.js",
              "file": "/test/ceilTest.js",
              "beforeHooks": [],
              "afterHooks": [],
              "tests": [
                {
                  "title": "Should keep an integer without precisions specified unchanged",
                  "fullTitle": "TESTS BASED ON TEST PLAN Positive test cases for ceil.js Should keep an integer without precisions specified unchanged",
                  "timedOut": false,
                  "duration": 0,
                  "state": "passed",
                  "speed": "fast",
                  "pass": true,
                  "fail": false,
                  "pending": false,
                  "context": null,
                  "code": "assert.equal(ceil(6), 6)",
                  "err": {},
                  "uuid": "704225b7-d98a-47b3-a850-f9d976e2225c",
                  "parentUUID": "359bdca8-3338-4d67-b21b-eaaa734c33f3",
                  "isHook": false,
                  "skipped": false
                },
                {
                  "title": "Should round decimals up to nearest integer by default",
                  "fullTitle": "TESTS BASED ON TEST PLAN Positive test cases for ceil.js Should round decimals up to nearest integer by default",
                  "timedOut": false,
                  "duration": 0,
                  "state": "passed",
                  "speed": "fast",
                  "pass": true,
                  "fail": false,
                  "pending": false,
                  "context": null,
                  "code": "assert.equal(ceil(3.006), 4);",
                  "err": {},
                  "uuid": "14db617c-e6ee-405f-b51c-9f4eb0b00e1f",
                  "parentUUID": "359bdca8-3338-4d67-b21b-eaaa734c33f3",
                  "isHook": false,
                  "skipped": false
                },
                {
                  "title": "Should round decimal to correct precision when positive precision is specified",
                  "fullTitle": "TESTS BASED ON TEST PLAN Positive test cases for ceil.js Should round decimal to correct precision when positive precision is specified",
                  "timedOut": false,
                  "duration": 0,
                  "state": "passed",
                  "speed": "fast",
                  "pass": true,
                  "fail": false,
                  "pending": false,
                  "context": null,
                  "code": "assert.equal(ceil(6.004, 2), 6.01);",
                  "err": {},
                  "uuid": "1fdc9ab0-b70c-4a82-9f3d-b4f3ef2a22f0",
                  "parentUUID": "359bdca8-3338-4d67-b21b-eaaa734c33f3",
                  "isHook": false,
                  "skipped": false
                },
                {
                  "title": "Should keep integer unchanged when precision is positive",
                  "fullTitle": "TESTS BASED ON TEST PLAN Positive test cases for ceil.js Should keep integer unchanged when precision is positive",
                  "timedOut": false,
                  "duration": 0,
                  "state": "passed",
                  "speed": "fast",
                  "pass": true,
                  "fail": false,
                  "pending": false,
                  "context": null,
                  "code": "assert.equal(ceil(5, 3), 5);",
                  "err": {},
                  "uuid": "25f41fc4-412e-4090-aea0-72d20d4d2c23",
                  "parentUUID": "359bdca8-3338-4d67-b21b-eaaa734c33f3",
                  "isHook": false,
                  "skipped": false
                },
                {
                  "title": "Should round decimal to correct precision when zero precision is specified",
                  "fullTitle": "TESTS BASED ON TEST PLAN Positive test cases for ceil.js Should round decimal to correct precision when zero precision is specified",
                  "timedOut": false,
                  "duration": 0,
                  "state": "passed",
                  "speed": "fast",
                  "pass": true,
                  "fail": false,
                  "pending": false,
                  "context": null,
                  "code": "assert.equal(ceil(3.006, 0), 4);",
                  "err": {},
                  "uuid": "f37f9555-fb12-4adb-8889-69a0d27eb45c",
                  "parentUUID": "359bdca8-3338-4d67-b21b-eaaa734c33f3",
                  "isHook": false,
                  "skipped": false
                }
              ],
              "suites": [],
              "passes": [
                "704225b7-d98a-47b3-a850-f9d976e2225c",
                "14db617c-e6ee-405f-b51c-9f4eb0b00e1f",
                "1fdc9ab0-b70c-4a82-9f3d-b4f3ef2a22f0",
                "25f41fc4-412e-4090-aea0-72d20d4d2c23",
                "f37f9555-fb12-4adb-8889-69a0d27eb45c"
              ],
              "failures": [],
              "pending": [],
              "skipped": [],
              "duration": 0,
              "root": false,
              "rootEmpty": false,
              "_timeout": 2000
            },
            {
              "uuid": "97f50a8a-5acb-47fd-b5f4-abbe876d0c06",
              "title": "Negative test cases for ceil.js",
              "fullFile": "/home/elmeripk/sw_testing_gw/test/ceilTest.js",
              "file": "/test/ceilTest.js",
              "beforeHooks": [],
              "afterHooks": [],
              "tests": [
                {
                  "title": "Should throw an error when input is not a number",
                  "fullTitle": "TESTS BASED ON TEST PLAN Negative test cases for ceil.js Should throw an error when input is not a number",
                  "timedOut": false,
                  "duration": 2,
                  "state": "failed",
                  "speed": null,
                  "pass": false,
                  "fail": true,
                  "pending": false,
                  "context": null,
                  "code": "assert.throws(() => ceil(\"not a number\"), Error);",
                  "err": {
                    "message": "AssertionError: expected [Function] to throw Error",
                    "estack": "AssertionError: expected [Function] to throw Error\n    at Context.<anonymous> (file:///home/elmeripk/sw_testing_gw/test/ceilTest.js:33:20)\n    at process.processImmediate (node:internal/timers:511:21)",
                    "diff": null
                  },
                  "uuid": "b05c3040-717c-405f-9b80-e35871c4b41c",
                  "parentUUID": "97f50a8a-5acb-47fd-b5f4-abbe876d0c06",
                  "isHook": false,
                  "skipped": false
                },
                {
                  "title": "Should throw an error if precision is not a number",
                  "fullTitle": "TESTS BASED ON TEST PLAN Negative test cases for ceil.js Should throw an error if precision is not a number",
                  "timedOut": false,
                  "duration": 0,
                  "state": "failed",
                  "speed": null,
                  "pass": false,
                  "fail": true,
                  "pending": false,
                  "context": null,
                  "code": "assert.throws(() => ceil(4.3367, \"not a number\"), Error);",
                  "err": {
                    "message": "AssertionError: expected [Function] to throw Error",
                    "estack": "AssertionError: expected [Function] to throw Error\n    at Context.<anonymous> (file:///home/elmeripk/sw_testing_gw/test/ceilTest.js:37:20)\n    at process.processImmediate (node:internal/timers:511:21)",
                    "diff": null
                  },
                  "uuid": "dc5803f9-6738-4680-bb56-51d42299a4cc",
                  "parentUUID": "97f50a8a-5acb-47fd-b5f4-abbe876d0c06",
                  "isHook": false,
                  "skipped": false
                }
              ],
              "suites": [],
              "passes": [],
              "failures": [
                "b05c3040-717c-405f-9b80-e35871c4b41c",
                "dc5803f9-6738-4680-bb56-51d42299a4cc"
              ],
              "pending": [],
              "skipped": [],
              "duration": 2,
              "root": false,
              "rootEmpty": false,
              "_timeout": 2000
            }
          ],
          "passes": [],
          "failures": [],
          "pending": [],
          "skipped": [],
          "duration": 0,
          "root": false,
          "rootEmpty": false,
          "_timeout": 2000
        },
        {
          "uuid": "c2c32935-a529-4396-8785-3beb36bd1632",
          "title": "NEWLY ADDED TESTS FOR ceil.js",
          "fullFile": "/home/elmeripk/sw_testing_gw/test/ceilTest.js",
          "file": "/test/ceilTest.js",
          "beforeHooks": [],
          "afterHooks": [],
          "tests": [],
          "suites": [
            {
              "uuid": "e8664e38-1cbe-4f1f-82f5-2f41acdeb1ef",
              "title": "Positive test cases for ceil.js",
              "fullFile": "/home/elmeripk/sw_testing_gw/test/ceilTest.js",
              "file": "/test/ceilTest.js",
              "beforeHooks": [],
              "afterHooks": [],
              "tests": [
                {
                  "title": "Should round integer to correct precision when negative precision is specified",
                  "fullTitle": "NEWLY ADDED TESTS FOR ceil.js Positive test cases for ceil.js Should round integer to correct precision when negative precision is specified",
                  "timedOut": false,
                  "duration": 0,
                  "state": "passed",
                  "speed": "fast",
                  "pass": true,
                  "fail": false,
                  "pending": false,
                  "context": null,
                  "code": "assert.equal(ceil(6040, -2), 6100);",
                  "err": {},
                  "uuid": "a2897cfb-7826-4dd2-bcb4-167e9b065088",
                  "parentUUID": "e8664e38-1cbe-4f1f-82f5-2f41acdeb1ef",
                  "isHook": false,
                  "skipped": false
                },
                {
                  "title": "Should round decimal to correct precision when negative precision is specified",
                  "fullTitle": "NEWLY ADDED TESTS FOR ceil.js Positive test cases for ceil.js Should round decimal to correct precision when negative precision is specified",
                  "timedOut": false,
                  "duration": 0,
                  "state": "passed",
                  "speed": "fast",
                  "pass": true,
                  "fail": false,
                  "pending": false,
                  "context": null,
                  "code": "assert.equal(ceil(6.040, -2), 100);",
                  "err": {},
                  "uuid": "e6df48f4-1af9-4096-bf17-b9adfc4a4233",
                  "parentUUID": "e8664e38-1cbe-4f1f-82f5-2f41acdeb1ef",
                  "isHook": false,
                  "skipped": false
                }
              ],
              "suites": [],
              "passes": [
                "a2897cfb-7826-4dd2-bcb4-167e9b065088",
                "e6df48f4-1af9-4096-bf17-b9adfc4a4233"
              ],
              "failures": [],
              "pending": [],
              "skipped": [],
              "duration": 0,
              "root": false,
              "rootEmpty": false,
              "_timeout": 2000
            },
            {
              "uuid": "715834eb-1cc4-4497-83f4-327b85f25ad5",
              "title": "Negative test cases for ceil.js",
              "fullFile": "/home/elmeripk/sw_testing_gw/test/ceilTest.js",
              "file": "/test/ceilTest.js",
              "beforeHooks": [],
              "afterHooks": [],
              "tests": [
                {
                  "title": "Should throw an error when precision is not an integer",
                  "fullTitle": "NEWLY ADDED TESTS FOR ceil.js Negative test cases for ceil.js Should throw an error when precision is not an integer",
                  "timedOut": false,
                  "duration": 0,
                  "state": "failed",
                  "speed": null,
                  "pass": false,
                  "fail": true,
                  "pending": false,
                  "context": null,
                  "code": "assert.throws(() => ceil(4.3367, 1.5), Error);",
                  "err": {
                    "message": "AssertionError: expected [Function] to throw Error",
                    "estack": "AssertionError: expected [Function] to throw Error\n    at Context.<anonymous> (file:///home/elmeripk/sw_testing_gw/test/ceilTest.js:60:20)\n    at process.processImmediate (node:internal/timers:511:21)",
                    "diff": null
                  },
                  "uuid": "34c62204-8890-4b92-811a-4c9e24e29d91",
                  "parentUUID": "715834eb-1cc4-4497-83f4-327b85f25ad5",
                  "isHook": false,
                  "skipped": false
                }
              ],
              "suites": [],
              "passes": [],
              "failures": [
                "34c62204-8890-4b92-811a-4c9e24e29d91"
              ],
              "pending": [],
              "skipped": [],
              "duration": 0,
              "root": false,
              "rootEmpty": false,
              "_timeout": 2000
            }
          ],
          "passes": [],
          "failures": [],
          "pending": [],
          "skipped": [],
          "duration": 0,
          "root": false,
          "rootEmpty": false,
          "_timeout": 2000
        },
        {
          "uuid": "42ac97f2-905a-4681-bca4-5ee9f01785be",
          "title": "Positive test cases for defaultToAny.js",
          "fullFile": "/home/elmeripk/sw_testing_gw/test/defaultToAnyTest.js",
          "file": "/test/defaultToAnyTest.js",
          "beforeHooks": [],
          "afterHooks": [],
          "tests": [
            {
              "title": "Should return the first value when it is not NaN, null, or undefined",
              "fullTitle": "Positive test cases for defaultToAny.js Should return the first value when it is not NaN, null, or undefined",
              "timedOut": false,
              "duration": 0,
              "state": "passed",
              "speed": "fast",
              "pass": true,
              "fail": false,
              "pending": false,
              "context": null,
              "code": "assert.equal(defaultToAny(1, 10, 20), 1);",
              "err": {},
              "uuid": "f94c25eb-a04a-40d5-8a3b-d095cf42d15d",
              "parentUUID": "42ac97f2-905a-4681-bca4-5ee9f01785be",
              "isHook": false,
              "skipped": false
            },
            {
              "title": "Should return the first non-NaN, non-null, or non-undefined default value value is undefined",
              "fullTitle": "Positive test cases for defaultToAny.js Should return the first non-NaN, non-null, or non-undefined default value value is undefined",
              "timedOut": false,
              "duration": 0,
              "state": "passed",
              "speed": "fast",
              "pass": true,
              "fail": false,
              "pending": false,
              "context": null,
              "code": "assert.equal(defaultToAny(undefined, 10, 20), 10);",
              "err": {},
              "uuid": "a360b2ca-f72e-408d-a536-6caf16c2d997",
              "parentUUID": "42ac97f2-905a-4681-bca4-5ee9f01785be",
              "isHook": false,
              "skipped": false
            },
            {
              "title": "Should return the first non-NaN, non-null, or non-undefined default value when value is NaN and there are valid defaults",
              "fullTitle": "Positive test cases for defaultToAny.js Should return the first non-NaN, non-null, or non-undefined default value when value is NaN and there are valid defaults",
              "timedOut": false,
              "duration": 0,
              "state": "failed",
              "speed": null,
              "pass": false,
              "fail": true,
              "pending": false,
              "context": null,
              "code": "assert.equal(defaultToAny(NaN, null, 20), 20);",
              "err": {
                "message": "AssertionError: expected NaN to equal 20",
                "estack": "AssertionError: expected NaN to equal 20\n    at Context.<anonymous> (file:///home/elmeripk/sw_testing_gw/test/defaultToAnyTest.js:16:20)\n    at process.processImmediate (node:internal/timers:511:21)",
                "diff": "- NaN\n+ 20\n"
              },
              "uuid": "7d44618f-a96c-4dcd-a02f-f9ecc2a04bed",
              "parentUUID": "42ac97f2-905a-4681-bca4-5ee9f01785be",
              "isHook": false,
              "skipped": false
            },
            {
              "title": "Should return the first non-NaN, non-null, or non-undefined default value when value is null and there are valid defaults",
              "fullTitle": "Positive test cases for defaultToAny.js Should return the first non-NaN, non-null, or non-undefined default value when value is null and there are valid defaults",
              "timedOut": false,
              "duration": 0,
              "state": "failed",
              "speed": null,
              "pass": false,
              "fail": true,
              "pending": false,
              "context": null,
              "code": "assert.equal(defaultToAny(null, NaN, 30), 30);",
              "err": {
                "message": "AssertionError: expected NaN to equal 30",
                "estack": "AssertionError: expected NaN to equal 30\n    at Context.<anonymous> (file:///home/elmeripk/sw_testing_gw/test/defaultToAnyTest.js:20:20)\n    at process.processImmediate (node:internal/timers:511:21)",
                "diff": "- NaN\n+ 30\n"
              },
              "uuid": "d9ac63f7-15ab-4c45-85e3-78b72070ef66",
              "parentUUID": "42ac97f2-905a-4681-bca4-5ee9f01785be",
              "isHook": false,
              "skipped": false
            },
            {
              "title": "Should return the first non-Nan, non-null or non-undefined default value when value is undefined and there are valid defaults",
              "fullTitle": "Positive test cases for defaultToAny.js Should return the first non-Nan, non-null or non-undefined default value when value is undefined and there are valid defaults",
              "timedOut": false,
              "duration": 0,
              "state": "failed",
              "speed": null,
              "pass": false,
              "fail": true,
              "pending": false,
              "context": null,
              "code": "assert.equal(defaultToAny(undefined, NaN, null, 50), 50);",
              "err": {
                "message": "AssertionError: expected NaN to equal 50",
                "estack": "AssertionError: expected NaN to equal 50\n    at Context.<anonymous> (file:///home/elmeripk/sw_testing_gw/test/defaultToAnyTest.js:24:20)\n    at process.processImmediate (node:internal/timers:511:21)",
                "diff": "- NaN\n+ 50\n"
              },
              "uuid": "c8fb2360-96af-45e5-bb58-0827f694aa6e",
              "parentUUID": "42ac97f2-905a-4681-bca4-5ee9f01785be",
              "isHook": false,
              "skipped": false
            },
            {
              "title": "Should return the last default value when the value is undefined and any of the default values are not valid V1",
              "fullTitle": "Positive test cases for defaultToAny.js Should return the last default value when the value is undefined and any of the default values are not valid V1",
              "timedOut": false,
              "duration": 0,
              "state": "passed",
              "speed": "fast",
              "pass": true,
              "fail": false,
              "pending": false,
              "context": null,
              "code": "assert.isNaN(defaultToAny(null, undefined, NaN));",
              "err": {},
              "uuid": "957efac6-3b5f-46e4-a35e-9ccd7010b5a9",
              "parentUUID": "42ac97f2-905a-4681-bca4-5ee9f01785be",
              "isHook": false,
              "skipped": false
            },
            {
              "title": "Should return the last default value when the value is undefined and any of the default values are not valid V2",
              "fullTitle": "Positive test cases for defaultToAny.js Should return the last default value when the value is undefined and any of the default values are not valid V2",
              "timedOut": false,
              "duration": 0,
              "state": "passed",
              "speed": "fast",
              "pass": true,
              "fail": false,
              "pending": false,
              "context": null,
              "code": "assert.isNaN(defaultToAny(undefined, null, NaN));",
              "err": {},
              "uuid": "3bc4a5c8-680c-43f0-96f3-5a2bd6f1d640",
              "parentUUID": "42ac97f2-905a-4681-bca4-5ee9f01785be",
              "isHook": false,
              "skipped": false
            },
            {
              "title": "Should return the last default value when the value is NaN and any of the default values are not valid V1",
              "fullTitle": "Positive test cases for defaultToAny.js Should return the last default value when the value is NaN and any of the default values are not valid V1",
              "timedOut": false,
              "duration": 0,
              "state": "failed",
              "speed": null,
              "pass": false,
              "fail": true,
              "pending": false,
              "context": null,
              "code": "assert.isNull(defaultToAny(NaN, undefined, null));",
              "err": {
                "message": "AssertionError: expected NaN to equal null",
                "estack": "AssertionError: expected NaN to equal null\n    at Context.<anonymous> (file:///home/elmeripk/sw_testing_gw/test/defaultToAnyTest.js:36:20)\n    at process.processImmediate (node:internal/timers:511:21)",
                "diff": null
              },
              "uuid": "fba418a7-db29-4686-bca5-026df5f758f3",
              "parentUUID": "42ac97f2-905a-4681-bca4-5ee9f01785be",
              "isHook": false,
              "skipped": false
            },
            {
              "title": "Should return the last default value when the value is NaN and any of the default values are not valid V2",
              "fullTitle": "Positive test cases for defaultToAny.js Should return the last default value when the value is NaN and any of the default values are not valid V2",
              "timedOut": false,
              "duration": 0,
              "state": "failed",
              "speed": null,
              "pass": false,
              "fail": true,
              "pending": false,
              "context": null,
              "code": "assert.isNull(defaultToAny(NaN, undefined, null));",
              "err": {
                "message": "AssertionError: expected NaN to equal null",
                "estack": "AssertionError: expected NaN to equal null\n    at Context.<anonymous> (file:///home/elmeripk/sw_testing_gw/test/defaultToAnyTest.js:40:20)\n    at process.processImmediate (node:internal/timers:511:21)",
                "diff": null
              },
              "uuid": "64d776ac-6f04-4165-b9d5-7a3dcf265fe1",
              "parentUUID": "42ac97f2-905a-4681-bca4-5ee9f01785be",
              "isHook": false,
              "skipped": false
            },
            {
              "title": "Should return the last default value when the value is null and any of the default values are not valid V1",
              "fullTitle": "Positive test cases for defaultToAny.js Should return the last default value when the value is null and any of the default values are not valid V1",
              "timedOut": false,
              "duration": 1,
              "state": "failed",
              "speed": null,
              "pass": false,
              "fail": true,
              "pending": false,
              "context": null,
              "code": "assert.isUndefined(defaultToAny(null, NaN, undefined));",
              "err": {
                "message": "AssertionError: expected NaN to equal undefined",
                "estack": "AssertionError: expected NaN to equal undefined\n    at Context.<anonymous> (file:///home/elmeripk/sw_testing_gw/test/defaultToAnyTest.js:45:20)\n    at process.processImmediate (node:internal/timers:511:21)",
                "diff": null
              },
              "uuid": "7790d442-43a0-4642-80d9-2e32f9eef5df",
              "parentUUID": "42ac97f2-905a-4681-bca4-5ee9f01785be",
              "isHook": false,
              "skipped": false
            },
            {
              "title": "Should return the last default value when the value is null and any of the default values are not valid V2",
              "fullTitle": "Positive test cases for defaultToAny.js Should return the last default value when the value is null and any of the default values are not valid V2",
              "timedOut": false,
              "duration": 0,
              "state": "passed",
              "speed": "fast",
              "pass": true,
              "fail": false,
              "pending": false,
              "context": null,
              "code": "assert.isNaN(defaultToAny(null, undefined, NaN));",
              "err": {},
              "uuid": "30d9c432-c37f-4fa0-bb2b-034c7a4f667b",
              "parentUUID": "42ac97f2-905a-4681-bca4-5ee9f01785be",
              "isHook": false,
              "skipped": false
            }
          ],
          "suites": [],
          "passes": [
            "f94c25eb-a04a-40d5-8a3b-d095cf42d15d",
            "a360b2ca-f72e-408d-a536-6caf16c2d997",
            "957efac6-3b5f-46e4-a35e-9ccd7010b5a9",
            "3bc4a5c8-680c-43f0-96f3-5a2bd6f1d640",
            "30d9c432-c37f-4fa0-bb2b-034c7a4f667b"
          ],
          "failures": [
            "7d44618f-a96c-4dcd-a02f-f9ecc2a04bed",
            "d9ac63f7-15ab-4c45-85e3-78b72070ef66",
            "c8fb2360-96af-45e5-bb58-0827f694aa6e",
            "fba418a7-db29-4686-bca5-026df5f758f3",
            "64d776ac-6f04-4165-b9d5-7a3dcf265fe1",
            "7790d442-43a0-4642-80d9-2e32f9eef5df"
          ],
          "pending": [],
          "skipped": [],
          "duration": 1,
          "root": false,
          "rootEmpty": false,
          "_timeout": 2000
        },
        {
          "uuid": "f463d04f-bf84-44f8-950d-0f8e35a50114",
          "title": "Positive testing for eq.js",
          "fullFile": "/home/elmeripk/sw_testing_gw/test/eqTest.js",
          "file": "/test/eqTest.js",
          "beforeHooks": [],
          "afterHooks": [],
          "tests": [
            {
              "title": "It should be false if two different objects have same contents",
              "fullTitle": "Positive testing for eq.js It should be false if two different objects have same contents",
              "timedOut": false,
              "duration": 0,
              "state": "passed",
              "speed": "fast",
              "pass": true,
              "fail": false,
              "pending": false,
              "context": null,
              "code": "const object1 = {'a': 1};\nconst object2 = {'a': 1};\nassert.equal(eq(object1, object2), false);",
              "err": {},
              "uuid": "33f44ce2-a735-4cbd-849a-fe48e6a3da79",
              "parentUUID": "f463d04f-bf84-44f8-950d-0f8e35a50114",
              "isHook": false,
              "skipped": false
            },
            {
              "title": "It should be true if object is compared to itself",
              "fullTitle": "Positive testing for eq.js It should be true if object is compared to itself",
              "timedOut": false,
              "duration": 0,
              "state": "passed",
              "speed": "fast",
              "pass": true,
              "fail": false,
              "pending": false,
              "context": null,
              "code": "const object = {};\nassert.equal(eq(object, object), true);",
              "err": {},
              "uuid": "edcff11f-1323-43d3-9a3e-9310bd8f8122",
              "parentUUID": "f463d04f-bf84-44f8-950d-0f8e35a50114",
              "isHook": false,
              "skipped": false
            },
            {
              "title": "It should be true for equal strings",
              "fullTitle": "Positive testing for eq.js It should be true for equal strings",
              "timedOut": false,
              "duration": 0,
              "state": "passed",
              "speed": "fast",
              "pass": true,
              "fail": false,
              "pending": false,
              "context": null,
              "code": "const str1 = \"a\";\nconst str2 = \"a\"\nassert.equal(eq(str1, str2), true);",
              "err": {},
              "uuid": "b06ee114-2dfb-4f97-9a42-14af33ea8a9f",
              "parentUUID": "f463d04f-bf84-44f8-950d-0f8e35a50114",
              "isHook": false,
              "skipped": false
            },
            {
              "title": "It should be false for different strings",
              "fullTitle": "Positive testing for eq.js It should be false for different strings",
              "timedOut": false,
              "duration": 0,
              "state": "passed",
              "speed": "fast",
              "pass": true,
              "fail": false,
              "pending": false,
              "context": null,
              "code": "const str1 = \"a\";\nconst str2 = \"b\"\nassert.equal(eq(str1, str2), false);",
              "err": {},
              "uuid": "39b91573-f03d-4cf2-8f62-1a8f79750ad2",
              "parentUUID": "f463d04f-bf84-44f8-950d-0f8e35a50114",
              "isHook": false,
              "skipped": false
            },
            {
              "title": "It should be true if for equal integers",
              "fullTitle": "Positive testing for eq.js It should be true if for equal integers",
              "timedOut": false,
              "duration": 0,
              "state": "passed",
              "speed": "fast",
              "pass": true,
              "fail": false,
              "pending": false,
              "context": null,
              "code": "const int1 = 1;\nconst int2 = 1;\nassert.equal(eq(int1, int2), true);",
              "err": {},
              "uuid": "d02f0dfc-2e95-4801-a534-f5483156e956",
              "parentUUID": "f463d04f-bf84-44f8-950d-0f8e35a50114",
              "isHook": false,
              "skipped": false
            },
            {
              "title": "It should be false for different integers",
              "fullTitle": "Positive testing for eq.js It should be false for different integers",
              "timedOut": false,
              "duration": 0,
              "state": "passed",
              "speed": "fast",
              "pass": true,
              "fail": false,
              "pending": false,
              "context": null,
              "code": "const int1 = 1;\nconst int2 = 4;\nassert.equal(eq(int1, int2), false);",
              "err": {},
              "uuid": "2769a663-0be0-45ca-a5ea-a1ba75fac86b",
              "parentUUID": "f463d04f-bf84-44f8-950d-0f8e35a50114",
              "isHook": false,
              "skipped": false
            },
            {
              "title": "It should be false for +1 and -1",
              "fullTitle": "Positive testing for eq.js It should be false for +1 and -1",
              "timedOut": false,
              "duration": 1,
              "state": "passed",
              "speed": "fast",
              "pass": true,
              "fail": false,
              "pending": false,
              "context": null,
              "code": "const int1 = 1;\nconst int2 = -1;\nassert.equal(eq(int1, int2), false);",
              "err": {},
              "uuid": "99aaeef7-e33d-4e56-bedf-31c236e27315",
              "parentUUID": "f463d04f-bf84-44f8-950d-0f8e35a50114",
              "isHook": false,
              "skipped": false
            },
            {
              "title": "It should be true for -0 and +0",
              "fullTitle": "Positive testing for eq.js It should be true for -0 and +0",
              "timedOut": false,
              "duration": 0,
              "state": "passed",
              "speed": "fast",
              "pass": true,
              "fail": false,
              "pending": false,
              "context": null,
              "code": "const int1 = -0;\nconst int2 = 0;\nassert.equal(eq(int1, int2), true);",
              "err": {},
              "uuid": "a7682718-0e72-41cd-a913-8894d4585e31",
              "parentUUID": "f463d04f-bf84-44f8-950d-0f8e35a50114",
              "isHook": false,
              "skipped": false
            },
            {
              "title": "It should be true for equal decimals",
              "fullTitle": "Positive testing for eq.js It should be true for equal decimals",
              "timedOut": false,
              "duration": 0,
              "state": "passed",
              "speed": "fast",
              "pass": true,
              "fail": false,
              "pending": false,
              "context": null,
              "code": "const deci1 = 1.1;\nconst deci2 = 1.1;\nassert.equal(eq(deci1, deci2), true);",
              "err": {},
              "uuid": "775cb5c1-5198-4ff2-b304-667f9a6c99d7",
              "parentUUID": "f463d04f-bf84-44f8-950d-0f8e35a50114",
              "isHook": false,
              "skipped": false
            },
            {
              "title": "It should be false for different decimals",
              "fullTitle": "Positive testing for eq.js It should be false for different decimals",
              "timedOut": false,
              "duration": 0,
              "state": "passed",
              "speed": "fast",
              "pass": true,
              "fail": false,
              "pending": false,
              "context": null,
              "code": "const deci1 = 1.1;\nconst deci2 = 2.1;\nassert.equal(eq(deci1, deci2), false);",
              "err": {},
              "uuid": "8951d503-d614-44ef-9adb-725ca20b94c5",
              "parentUUID": "f463d04f-bf84-44f8-950d-0f8e35a50114",
              "isHook": false,
              "skipped": false
            },
            {
              "title": "It should be false when numbers are different",
              "fullTitle": "Positive testing for eq.js It should be false when numbers are different",
              "timedOut": false,
              "duration": 0,
              "state": "passed",
              "speed": "fast",
              "pass": true,
              "fail": false,
              "pending": false,
              "context": null,
              "code": "const int1 = 1;\nconst deci1 = 2.3;\nassert.equal(eq(int1, deci1), false);",
              "err": {},
              "uuid": "a7862e72-c8d4-452d-8d31-544145aeb47d",
              "parentUUID": "f463d04f-bf84-44f8-950d-0f8e35a50114",
              "isHook": false,
              "skipped": false
            },
            {
              "title": "It should be true when comparing NaN to NaN",
              "fullTitle": "Positive testing for eq.js It should be true when comparing NaN to NaN",
              "timedOut": false,
              "duration": 0,
              "state": "passed",
              "speed": "fast",
              "pass": true,
              "fail": false,
              "pending": false,
              "context": null,
              "code": "const val1 = NaN;\nconst val2 = NaN;\nassert.equal(eq(val1, val2), true);",
              "err": {},
              "uuid": "5049ffa7-196e-424f-a812-d690463825ab",
              "parentUUID": "f463d04f-bf84-44f8-950d-0f8e35a50114",
              "isHook": false,
              "skipped": false
            },
            {
              "title": "It should be true when comparing undefined to undefined",
              "fullTitle": "Positive testing for eq.js It should be true when comparing undefined to undefined",
              "timedOut": false,
              "duration": 0,
              "state": "passed",
              "speed": "fast",
              "pass": true,
              "fail": false,
              "pending": false,
              "context": null,
              "code": "const val1 = undefined\nconst val2 = undefined\nassert.equal(eq(val1, val2), true);",
              "err": {},
              "uuid": "53db790b-3b6f-4628-94a4-ba3e48cded72",
              "parentUUID": "f463d04f-bf84-44f8-950d-0f8e35a50114",
              "isHook": false,
              "skipped": false
            },
            {
              "title": "It should be true when comparing null to null",
              "fullTitle": "Positive testing for eq.js It should be true when comparing null to null",
              "timedOut": false,
              "duration": 0,
              "state": "passed",
              "speed": "fast",
              "pass": true,
              "fail": false,
              "pending": false,
              "context": null,
              "code": "const val1 = null\nconst val2 = null\nassert.equal(eq(val1, val2), true);",
              "err": {},
              "uuid": "49a4e21a-990d-4a1f-ad1a-b52f750764e9",
              "parentUUID": "f463d04f-bf84-44f8-950d-0f8e35a50114",
              "isHook": false,
              "skipped": false
            },
            {
              "title": "It should be true if array is compared to itself",
              "fullTitle": "Positive testing for eq.js It should be true if array is compared to itself",
              "timedOut": false,
              "duration": 0,
              "state": "passed",
              "speed": "fast",
              "pass": true,
              "fail": false,
              "pending": false,
              "context": null,
              "code": "const arr = []\nassert.equal(eq(arr, arr), true);",
              "err": {},
              "uuid": "5de1f973-15c5-4f29-99ae-41092a6c9b10",
              "parentUUID": "f463d04f-bf84-44f8-950d-0f8e35a50114",
              "isHook": false,
              "skipped": false
            },
            {
              "title": "It should be false if two different arrays are compared",
              "fullTitle": "Positive testing for eq.js It should be false if two different arrays are compared",
              "timedOut": false,
              "duration": 0,
              "state": "passed",
              "speed": "fast",
              "pass": true,
              "fail": false,
              "pending": false,
              "context": null,
              "code": "const arr1 = [1,2,3,4]\nconst arr2 = [1,2,3]\nassert.equal(eq(arr1, arr2), false);",
              "err": {},
              "uuid": "0fc27b3f-3ba3-4f62-829f-c8227aa34738",
              "parentUUID": "f463d04f-bf84-44f8-950d-0f8e35a50114",
              "isHook": false,
              "skipped": false
            },
            {
              "title": "It should be true if class is compared to itself",
              "fullTitle": "Positive testing for eq.js It should be true if class is compared to itself",
              "timedOut": false,
              "duration": 0,
              "state": "passed",
              "speed": "fast",
              "pass": true,
              "fail": false,
              "pending": false,
              "context": null,
              "code": "class A {}\nassert.equal(eq(A, A), true);",
              "err": {},
              "uuid": "a4c9881d-ec1a-4e35-97a0-09342ade85f3",
              "parentUUID": "f463d04f-bf84-44f8-950d-0f8e35a50114",
              "isHook": false,
              "skipped": false
            },
            {
              "title": "It should be false if two different classes are compared",
              "fullTitle": "Positive testing for eq.js It should be false if two different classes are compared",
              "timedOut": false,
              "duration": 0,
              "state": "passed",
              "speed": "fast",
              "pass": true,
              "fail": false,
              "pending": false,
              "context": null,
              "code": "class A {\n    constructor(value) {\n        this.value = value;\n    }\n}\nclass B {\n    constructor(value) {\n        this.value = value;\n    }\n}\nassert.equal(eq(A, B), false);",
              "err": {},
              "uuid": "b3324fca-56f6-4bca-9711-655a50700f1b",
              "parentUUID": "f463d04f-bf84-44f8-950d-0f8e35a50114",
              "isHook": false,
              "skipped": false
            },
            {
              "title": "It should be true when comparing true to true",
              "fullTitle": "Positive testing for eq.js It should be true when comparing true to true",
              "timedOut": false,
              "duration": 0,
              "state": "passed",
              "speed": "fast",
              "pass": true,
              "fail": false,
              "pending": false,
              "context": null,
              "code": "const bool1 = true\nconst bool2 = true\nassert.equal(eq(bool1, bool2), true);",
              "err": {},
              "uuid": "752e682a-a0db-4cb2-b9f0-cafbf667ce4a",
              "parentUUID": "f463d04f-bf84-44f8-950d-0f8e35a50114",
              "isHook": false,
              "skipped": false
            },
            {
              "title": "It should be true when comparing false to false",
              "fullTitle": "Positive testing for eq.js It should be true when comparing false to false",
              "timedOut": false,
              "duration": 0,
              "state": "passed",
              "speed": "fast",
              "pass": true,
              "fail": false,
              "pending": false,
              "context": null,
              "code": "const bool1 = false\nconst bool2 = false\nassert.equal(eq(bool1, bool2), true);",
              "err": {},
              "uuid": "5289c999-095e-4a95-8446-4235496a8c34",
              "parentUUID": "f463d04f-bf84-44f8-950d-0f8e35a50114",
              "isHook": false,
              "skipped": false
            },
            {
              "title": "It should be false when comparing false to true",
              "fullTitle": "Positive testing for eq.js It should be false when comparing false to true",
              "timedOut": false,
              "duration": 0,
              "state": "passed",
              "speed": "fast",
              "pass": true,
              "fail": false,
              "pending": false,
              "context": null,
              "code": "const bool1 = true\nconst bool2 = false\nassert.equal(eq(bool1, bool2), false);",
              "err": {},
              "uuid": "75f048a7-f8d8-49d2-bb38-f376b8cfcadd",
              "parentUUID": "f463d04f-bf84-44f8-950d-0f8e35a50114",
              "isHook": false,
              "skipped": false
            },
            {
              "title": "It should be false when comparing different symbols",
              "fullTitle": "Positive testing for eq.js It should be false when comparing different symbols",
              "timedOut": false,
              "duration": 0,
              "state": "passed",
              "speed": "fast",
              "pass": true,
              "fail": false,
              "pending": false,
              "context": null,
              "code": "const symb1 = Symbol('fool')\nconst symb2 = Symbol('fool')\nassert.equal(eq(symb1, symb2), false);",
              "err": {},
              "uuid": "bb28b92d-299b-45c6-982f-7a99b512efcd",
              "parentUUID": "f463d04f-bf84-44f8-950d-0f8e35a50114",
              "isHook": false,
              "skipped": false
            },
            {
              "title": "It should be true when comparing symbol to itself",
              "fullTitle": "Positive testing for eq.js It should be true when comparing symbol to itself",
              "timedOut": false,
              "duration": 0,
              "state": "passed",
              "speed": "fast",
              "pass": true,
              "fail": false,
              "pending": false,
              "context": null,
              "code": "const symb = Symbol()\nassert.equal(eq(symb, symb), true);",
              "err": {},
              "uuid": "98665366-a4d4-4359-9a94-396940722771",
              "parentUUID": "f463d04f-bf84-44f8-950d-0f8e35a50114",
              "isHook": false,
              "skipped": false
            },
            {
              "title": "It should be false when comparing string to other types",
              "fullTitle": "Positive testing for eq.js It should be false when comparing string to other types",
              "timedOut": false,
              "duration": 0,
              "state": "failed",
              "speed": null,
              "pass": false,
              "fail": true,
              "pending": false,
              "context": null,
              "code": "const str1 = \"1\";\nconst int1 = 1;\nassert.equal(eq(str1, int1), false);",
              "err": {
                "message": "AssertionError: expected true to equal false",
                "estack": "AssertionError: expected true to equal false\n    at Context.<anonymous> (file:///home/elmeripk/sw_testing_gw/test/eqTest.js:144:16)\n    at process.processImmediate (node:internal/timers:511:21)",
                "diff": "- true\n+ false\n"
              },
              "uuid": "97a6c2d9-f9db-48dd-99ac-842dc73ef96f",
              "parentUUID": "f463d04f-bf84-44f8-950d-0f8e35a50114",
              "isHook": false,
              "skipped": false
            },
            {
              "title": "It should be false when object or list is compared to other types",
              "fullTitle": "Positive testing for eq.js It should be false when object or list is compared to other types",
              "timedOut": false,
              "duration": 1,
              "state": "passed",
              "speed": "fast",
              "pass": true,
              "fail": false,
              "pending": false,
              "context": null,
              "code": "const object = { 'a': 1 }\nconst list = [1,2,3];\nassert.equal(eq(object, list), false);",
              "err": {},
              "uuid": "240461bb-3f4e-4dec-85f7-209dc4b4a0c9",
              "parentUUID": "f463d04f-bf84-44f8-950d-0f8e35a50114",
              "isHook": false,
              "skipped": false
            },
            {
              "title": "It should be false when class or undefined is compared to other types",
              "fullTitle": "Positive testing for eq.js It should be false when class or undefined is compared to other types",
              "timedOut": false,
              "duration": 0,
              "state": "passed",
              "speed": "fast",
              "pass": true,
              "fail": false,
              "pending": false,
              "context": null,
              "code": "class A {};\nconst val = undefined;\nassert.equal(eq(A, val), false);",
              "err": {},
              "uuid": "3261fd7f-dd95-4aa3-afc6-3f2462381e84",
              "parentUUID": "f463d04f-bf84-44f8-950d-0f8e35a50114",
              "isHook": false,
              "skipped": false
            },
            {
              "title": "It should be false when NaN or null is compared to other types",
              "fullTitle": "Positive testing for eq.js It should be false when NaN or null is compared to other types",
              "timedOut": false,
              "duration": 0,
              "state": "passed",
              "speed": "fast",
              "pass": true,
              "fail": false,
              "pending": false,
              "context": null,
              "code": "const val1 = NaN;\nconst val2 = null;\nassert.equal(eq(val1, val2), false);",
              "err": {},
              "uuid": "ed1a0a01-ad4b-4364-8ae5-b199924279a5",
              "parentUUID": "f463d04f-bf84-44f8-950d-0f8e35a50114",
              "isHook": false,
              "skipped": false
            },
            {
              "title": "It should be false when boolean or symbol is compared to other types",
              "fullTitle": "Positive testing for eq.js It should be false when boolean or symbol is compared to other types",
              "timedOut": false,
              "duration": 0,
              "state": "passed",
              "speed": "fast",
              "pass": true,
              "fail": false,
              "pending": false,
              "context": null,
              "code": "const val1 = true;\nconst val2 = Symbol('fool');\nassert.equal(eq(val1, val2), false);",
              "err": {},
              "uuid": "9539a0bf-5a78-4f00-a8b4-b3f532bad527",
              "parentUUID": "f463d04f-bf84-44f8-950d-0f8e35a50114",
              "isHook": false,
              "skipped": false
            }
          ],
          "suites": [],
          "passes": [
            "33f44ce2-a735-4cbd-849a-fe48e6a3da79",
            "edcff11f-1323-43d3-9a3e-9310bd8f8122",
            "b06ee114-2dfb-4f97-9a42-14af33ea8a9f",
            "39b91573-f03d-4cf2-8f62-1a8f79750ad2",
            "d02f0dfc-2e95-4801-a534-f5483156e956",
            "2769a663-0be0-45ca-a5ea-a1ba75fac86b",
            "99aaeef7-e33d-4e56-bedf-31c236e27315",
            "a7682718-0e72-41cd-a913-8894d4585e31",
            "775cb5c1-5198-4ff2-b304-667f9a6c99d7",
            "8951d503-d614-44ef-9adb-725ca20b94c5",
            "a7862e72-c8d4-452d-8d31-544145aeb47d",
            "5049ffa7-196e-424f-a812-d690463825ab",
            "53db790b-3b6f-4628-94a4-ba3e48cded72",
            "49a4e21a-990d-4a1f-ad1a-b52f750764e9",
            "5de1f973-15c5-4f29-99ae-41092a6c9b10",
            "0fc27b3f-3ba3-4f62-829f-c8227aa34738",
            "a4c9881d-ec1a-4e35-97a0-09342ade85f3",
            "b3324fca-56f6-4bca-9711-655a50700f1b",
            "752e682a-a0db-4cb2-b9f0-cafbf667ce4a",
            "5289c999-095e-4a95-8446-4235496a8c34",
            "75f048a7-f8d8-49d2-bb38-f376b8cfcadd",
            "bb28b92d-299b-45c6-982f-7a99b512efcd",
            "98665366-a4d4-4359-9a94-396940722771",
            "240461bb-3f4e-4dec-85f7-209dc4b4a0c9",
            "3261fd7f-dd95-4aa3-afc6-3f2462381e84",
            "ed1a0a01-ad4b-4364-8ae5-b199924279a5",
            "9539a0bf-5a78-4f00-a8b4-b3f532bad527"
          ],
          "failures": [
            "97a6c2d9-f9db-48dd-99ac-842dc73ef96f"
          ],
          "pending": [],
          "skipped": [],
          "duration": 2,
          "root": false,
          "rootEmpty": false,
          "_timeout": 2000
        },
        {
          "uuid": "d12f1b2d-6693-422c-b6de-e950a2460b9b",
          "title": "Positive test cases for filter.js",
          "fullFile": "/home/elmeripk/sw_testing_gw/test/filterTest.js",
          "file": "/test/filterTest.js",
          "beforeHooks": [],
          "afterHooks": [],
          "tests": [
            {
              "title": "Should filter out elements correctly for simple array",
              "fullTitle": "Positive test cases for filter.js Should filter out elements correctly for simple array",
              "timedOut": false,
              "duration": 1,
              "state": "passed",
              "speed": "fast",
              "pass": true,
              "fail": false,
              "pending": false,
              "context": null,
              "code": "const array = [1, 2, 3, 4, 5, 6];\n        const excpectedOutput = [1, 2];\n        const actualOutput = filter(array, (value) => value < 3);\n        //https://stackoverflow.com/questions/51388975/comparing-an-array-object-to-string-using-mocha-chai\n        // https://stackoverflow.com/questions/13225274/the-difference-between-assert-equal-and-assert-deepequal-in-javascript-testing-w\n        assert.deepEqual(actualOutput, excpectedOutput);",
              "err": {},
              "uuid": "19a5acfa-2717-4245-9601-c991a56dc0d2",
              "parentUUID": "d12f1b2d-6693-422c-b6de-e950a2460b9b",
              "isHook": false,
              "skipped": false
            },
            {
              "title": "Should leave array unchanged if all elements pass the predicate",
              "fullTitle": "Positive test cases for filter.js Should leave array unchanged if all elements pass the predicate",
              "timedOut": false,
              "duration": 0,
              "state": "passed",
              "speed": "fast",
              "pass": true,
              "fail": false,
              "pending": false,
              "context": null,
              "code": "const array = [1, 2, 3];\n        const excpectedOutput = [1, 2, 3];\n        const actualOutput = filter(array, (value) => value < 4);\n        assert.deepEqual(actualOutput, excpectedOutput);",
              "err": {},
              "uuid": "3c15eb3e-9e3d-4bda-880c-c338bfdc57b2",
              "parentUUID": "d12f1b2d-6693-422c-b6de-e950a2460b9b",
              "isHook": false,
              "skipped": false
            },
            {
              "title": "Should return empty array if no elements pass the predicate",
              "fullTitle": "Positive test cases for filter.js Should return empty array if no elements pass the predicate",
              "timedOut": false,
              "duration": 0,
              "state": "failed",
              "speed": null,
              "pass": false,
              "fail": true,
              "pending": false,
              "context": null,
              "code": "const array = [4, 5, 6];\n        const excpectedOutput = [];\n        const actualOutput = filter(array, (value) => value < 4);\n        assert.deepEqual(actualOutput, excpectedOutput);",
              "err": {
                "message": "AssertionError: expected [ [] ] to deeply equal []",
                "estack": "AssertionError: expected [ [] ] to deeply equal []\n    at Context.<anonymous> (file:///home/elmeripk/sw_testing_gw/test/filterTest.js:32:16)\n    at process.processImmediate (node:internal/timers:511:21)",
                "diff": "- [\n-   []\n- ]\n+ []\n"
              },
              "uuid": "da5abfcb-acf3-4cd6-a884-b120b2bb1373",
              "parentUUID": "d12f1b2d-6693-422c-b6de-e950a2460b9b",
              "isHook": false,
              "skipped": false
            },
            {
              "title": "Should work correctly with an empty array",
              "fullTitle": "Positive test cases for filter.js Should work correctly with an empty array",
              "timedOut": false,
              "duration": 0,
              "state": "failed",
              "speed": null,
              "pass": false,
              "fail": true,
              "pending": false,
              "context": null,
              "code": "const array = [];\n        const excpectedOutput = [];\n        const actualOutput = filter(array, (value) => value < 4);\n        assert.deepEqual(actualOutput, excpectedOutput);",
              "err": {
                "message": "AssertionError: expected [ [] ] to deeply equal []",
                "estack": "AssertionError: expected [ [] ] to deeply equal []\n    at Context.<anonymous> (file:///home/elmeripk/sw_testing_gw/test/filterTest.js:41:16)\n    at process.processImmediate (node:internal/timers:511:21)",
                "diff": "- [\n-   []\n- ]\n+ []\n"
              },
              "uuid": "e2667d04-48a1-482d-bd33-9b7d1899b052",
              "parentUUID": "d12f1b2d-6693-422c-b6de-e950a2460b9b",
              "isHook": false,
              "skipped": false
            },
            {
              "title": "Should filter objects based on property values",
              "fullTitle": "Positive test cases for filter.js Should filter objects based on property values",
              "timedOut": false,
              "duration": 1,
              "state": "passed",
              "speed": "fast",
              "pass": true,
              "fail": false,
              "pending": false,
              "context": null,
              "code": "const array = [{\"name\": \"Pekka\", \"age\": 25}, {\"name\": \"Jari\", \"age\": 30}, {\"name\": \"Linda\", \"age\": 22}];\n        const excpectedOutput = [{\"name\": \"Pekka\", \"age\": 25}, {\"name\": \"Linda\", \"age\": 22}];\n        const actualOutput = filter(array, (value) => value.age < 30);\n        assert.deepEqual(actualOutput, excpectedOutput);",
              "err": {},
              "uuid": "b5927ae2-bd3c-4953-98a4-c09dd18995ed",
              "parentUUID": "d12f1b2d-6693-422c-b6de-e950a2460b9b",
              "isHook": false,
              "skipped": false
            },
            {
              "title": "Should work correctly with object destructuring in predicate",
              "fullTitle": "Positive test cases for filter.js Should work correctly with object destructuring in predicate",
              "timedOut": false,
              "duration": 0,
              "state": "passed",
              "speed": "fast",
              "pass": true,
              "fail": false,
              "pending": false,
              "context": null,
              "code": "const array = [{\"name\": \"Pekka\", \"age\": 25}, {\"name\": \"Jari\", \"age\": 30}, {\"name\": \"Linda\", \"age\": 22}];\n        const excpectedOutput = [{\"name\": \"Pekka\", \"age\": 25}, {\"name\": \"Linda\", \"age\": 22}];\n        const actualOutput = filter(array, ({age}) => age < 30);\n        assert.deepEqual(actualOutput, excpectedOutput);",
              "err": {},
              "uuid": "72ef089f-6e66-478d-9f95-d415081cdff6",
              "parentUUID": "d12f1b2d-6693-422c-b6de-e950a2460b9b",
              "isHook": false,
              "skipped": false
            },
            {
              "title": "Should work correctly when array contains a single element",
              "fullTitle": "Positive test cases for filter.js Should work correctly when array contains a single element",
              "timedOut": false,
              "duration": 0,
              "state": "passed",
              "speed": "fast",
              "pass": true,
              "fail": false,
              "pending": false,
              "context": null,
              "code": "const array = [5];\n        const excpectedOutput = [5];\n        const actualOutput = filter(array, (value) => value > 0);\n        assert.deepEqual(actualOutput, excpectedOutput);",
              "err": {},
              "uuid": "a2b90d6d-60b0-44cc-8b31-554530aeb148",
              "parentUUID": "d12f1b2d-6693-422c-b6de-e950a2460b9b",
              "isHook": false,
              "skipped": false
            },
            {
              "title": "Should work correctly when array contains null, undefined, and NaN values",
              "fullTitle": "Positive test cases for filter.js Should work correctly when array contains null, undefined, and NaN values",
              "timedOut": false,
              "duration": 0,
              "state": "passed",
              "speed": "fast",
              "pass": true,
              "fail": false,
              "pending": false,
              "context": null,
              "code": "const array = [null, undefined, NaN, 1, 2, 3];\n        const excpectedOutput = [1, 2, 3];\n        const actualOutput = filter(array, (value) => value > 0);\n        assert.deepEqual(actualOutput, excpectedOutput);",
              "err": {},
              "uuid": "337d4e1d-5817-48d0-be2d-7619bd495fe2",
              "parentUUID": "d12f1b2d-6693-422c-b6de-e950a2460b9b",
              "isHook": false,
              "skipped": false
            }
          ],
          "suites": [],
          "passes": [
            "19a5acfa-2717-4245-9601-c991a56dc0d2",
            "3c15eb3e-9e3d-4bda-880c-c338bfdc57b2",
            "b5927ae2-bd3c-4953-98a4-c09dd18995ed",
            "72ef089f-6e66-478d-9f95-d415081cdff6",
            "a2b90d6d-60b0-44cc-8b31-554530aeb148",
            "337d4e1d-5817-48d0-be2d-7619bd495fe2"
          ],
          "failures": [
            "da5abfcb-acf3-4cd6-a884-b120b2bb1373",
            "e2667d04-48a1-482d-bd33-9b7d1899b052"
          ],
          "pending": [],
          "skipped": [],
          "duration": 2,
          "root": false,
          "rootEmpty": false,
          "_timeout": 2000
        },
        {
          "uuid": "3761c9be-4ee5-48bf-9e90-5220a3772911",
          "title": "Negative test cases for filter.js",
          "fullFile": "/home/elmeripk/sw_testing_gw/test/filterTest.js",
          "file": "/test/filterTest.js",
          "beforeHooks": [],
          "afterHooks": [],
          "tests": [
            {
              "title": "Should return empty array when predicate is not a function",
              "fullTitle": "Negative test cases for filter.js Should return empty array when predicate is not a function",
              "timedOut": false,
              "duration": 1,
              "state": "failed",
              "speed": null,
              "pass": false,
              "fail": true,
              "pending": false,
              "context": null,
              "code": "const array = [1, 2, 3];\nassert.deepEqual([], filter(array, 111));",
              "err": {
                "message": "TypeError: predicate is not a function",
                "estack": "TypeError: predicate is not a function\n    at filter (file:///home/elmeripk/sw_testing_gw/src/filter.js:32:9)\n    at Context.<anonymous> (file:///home/elmeripk/sw_testing_gw/test/filterTest.js:90:30)\n    at process.processImmediate (node:internal/timers:511:21)",
                "diff": null
              },
              "uuid": "a05e10ea-85c4-4bbe-83b7-7c73ad05b3cf",
              "parentUUID": "3761c9be-4ee5-48bf-9e90-5220a3772911",
              "isHook": false,
              "skipped": false
            },
            {
              "title": "Should return empty array when the iterable is undefined",
              "fullTitle": "Negative test cases for filter.js Should return empty array when the iterable is undefined",
              "timedOut": false,
              "duration": 0,
              "state": "failed",
              "speed": null,
              "pass": false,
              "fail": true,
              "pending": false,
              "context": null,
              "code": "const array = undefined;\nconst excpectedOutput = [];\nconst actualOutput = filter(array, (value) => value > 0);\nassert.deepEqual(actualOutput, excpectedOutput);",
              "err": {
                "message": "AssertionError: expected [ [] ] to deeply equal []",
                "estack": "AssertionError: expected [ [] ] to deeply equal []\n    at Context.<anonymous> (file:///home/elmeripk/sw_testing_gw/test/filterTest.js:98:16)\n    at process.processImmediate (node:internal/timers:511:21)",
                "diff": "- [\n-   []\n- ]\n+ []\n"
              },
              "uuid": "708b4a04-caa9-4378-a873-a4de405a07a6",
              "parentUUID": "3761c9be-4ee5-48bf-9e90-5220a3772911",
              "isHook": false,
              "skipped": false
            },
            {
              "title": "Should return empty array when the iterable is null",
              "fullTitle": "Negative test cases for filter.js Should return empty array when the iterable is null",
              "timedOut": false,
              "duration": 0,
              "state": "failed",
              "speed": null,
              "pass": false,
              "fail": true,
              "pending": false,
              "context": null,
              "code": "const array = null;\nconst excpectedOutput = [];\nconst actualOutput = filter(array, (value) => value > 0);\nassert.deepEqual(actualOutput, excpectedOutput);",
              "err": {
                "message": "AssertionError: expected [ [] ] to deeply equal []",
                "estack": "AssertionError: expected [ [] ] to deeply equal []\n    at Context.<anonymous> (file:///home/elmeripk/sw_testing_gw/test/filterTest.js:106:16)\n    at process.processImmediate (node:internal/timers:511:21)",
                "diff": "- [\n-   []\n- ]\n+ []\n"
              },
              "uuid": "1d69b76a-848f-434e-96e5-c03e6873a7d6",
              "parentUUID": "3761c9be-4ee5-48bf-9e90-5220a3772911",
              "isHook": false,
              "skipped": false
            }
          ],
          "suites": [],
          "passes": [],
          "failures": [
            "a05e10ea-85c4-4bbe-83b7-7c73ad05b3cf",
            "708b4a04-caa9-4378-a873-a4de405a07a6",
            "1d69b76a-848f-434e-96e5-c03e6873a7d6"
          ],
          "pending": [],
          "skipped": [],
          "duration": 1,
          "root": false,
          "rootEmpty": false,
          "_timeout": 2000
        },
        {
          "uuid": "0f927d05-59cc-4b89-8749-f248ce49c791",
          "title": "Positive test cases for reduce.js",
          "fullFile": "/home/elmeripk/sw_testing_gw/test/reduceTest.js",
          "file": "/test/reduceTest.js",
          "beforeHooks": [],
          "afterHooks": [],
          "tests": [
            {
              "title": "Should reduce a simple array of numbers to their sum",
              "fullTitle": "Positive test cases for reduce.js Should reduce a simple array of numbers to their sum",
              "timedOut": false,
              "duration": 0,
              "state": "passed",
              "speed": "fast",
              "pass": true,
              "fail": false,
              "pending": false,
              "context": null,
              "code": "const array = [1, 2, 3, 4];\nassert.equal(10, reduce(array, (acc, curr, key) => acc + curr, 0));",
              "err": {},
              "uuid": "9dd5f40c-391f-4b6a-b036-f2dbcae7b0b1",
              "parentUUID": "0f927d05-59cc-4b89-8749-f248ce49c791",
              "isHook": false,
              "skipped": false
            },
            {
              "title": "Should use the first element as the initial accumulator when no initial value is provided",
              "fullTitle": "Positive test cases for reduce.js Should use the first element as the initial accumulator when no initial value is provided",
              "timedOut": false,
              "duration": 0,
              "state": "passed",
              "speed": "fast",
              "pass": true,
              "fail": false,
              "pending": false,
              "context": null,
              "code": "const array = [1, 2, 3, 4];\nassert.equal(10, reduce(array, (acc, curr,key) => acc + curr));",
              "err": {},
              "uuid": "281b1547-64d8-49dc-af01-48c3c5dda617",
              "parentUUID": "0f927d05-59cc-4b89-8749-f248ce49c791",
              "isHook": false,
              "skipped": false
            },
            {
              "title": "Should return the accumulator when reducing an empty array with an initial value",
              "fullTitle": "Positive test cases for reduce.js Should return the accumulator when reducing an empty array with an initial value",
              "timedOut": false,
              "duration": 0,
              "state": "passed",
              "speed": "fast",
              "pass": true,
              "fail": false,
              "pending": false,
              "context": null,
              "code": "assert.equal(5, reduce([], (acc, curr, key) => acc + curr, 5));",
              "err": {},
              "uuid": "8971bacb-7be2-41a1-ab13-7f20d31cf00c",
              "parentUUID": "0f927d05-59cc-4b89-8749-f248ce49c791",
              "isHook": false,
              "skipped": false
            },
            {
              "title": "Should work with array of objects",
              "fullTitle": "Positive test cases for reduce.js Should work with array of objects",
              "timedOut": false,
              "duration": 0,
              "state": "passed",
              "speed": "fast",
              "pass": true,
              "fail": false,
              "pending": false,
              "context": null,
              "code": "const array = [{\"name\": \"Pekka\", \"age\": 25}, {\"name\": \"Jari\", \"age\": 30}, {\"name\": \"Linda\", \"age\": 22}];\nconst expected = [\"Pekka\", \"Jari\", \"Linda\"];\nassert.deepEqual(expected, reduce(array, (acc, curr) => {\n    acc.push(curr.name);\n    return acc;\n}, [])\n);",
              "err": {},
              "uuid": "fc03219e-8868-4682-b1ec-74147c4767a5",
              "parentUUID": "0f927d05-59cc-4b89-8749-f248ce49c791",
              "isHook": false,
              "skipped": false
            },
            {
              "title": "Should work when item to iterate over is an object",
              "fullTitle": "Positive test cases for reduce.js Should work when item to iterate over is an object",
              "timedOut": false,
              "duration": 0,
              "state": "passed",
              "speed": "fast",
              "pass": true,
              "fail": false,
              "pending": false,
              "context": null,
              "code": "const testObject = {\"buyPrice\": 2, \"sellPrice\": 5};\nassert.equal(7, reduce(testObject, (acc, curr, key) => acc + curr, 0));",
              "err": {},
              "uuid": "e956d68f-f579-4303-a9a5-f95041287e0a",
              "parentUUID": "0f927d05-59cc-4b89-8749-f248ce49c791",
              "isHook": false,
              "skipped": false
            }
          ],
          "suites": [],
          "passes": [
            "9dd5f40c-391f-4b6a-b036-f2dbcae7b0b1",
            "281b1547-64d8-49dc-af01-48c3c5dda617",
            "8971bacb-7be2-41a1-ab13-7f20d31cf00c",
            "fc03219e-8868-4682-b1ec-74147c4767a5",
            "e956d68f-f579-4303-a9a5-f95041287e0a"
          ],
          "failures": [],
          "pending": [],
          "skipped": [],
          "duration": 0,
          "root": false,
          "rootEmpty": false,
          "_timeout": 2000
        },
        {
          "uuid": "3e72c6a0-3bd4-4e3b-8d54-3c85767f0f85",
          "title": "Negative test cases for reduce.js",
          "fullFile": "/home/elmeripk/sw_testing_gw/test/reduceTest.js",
          "file": "/test/reduceTest.js",
          "beforeHooks": [],
          "afterHooks": [],
          "tests": [
            {
              "title": "Should return undefined when empty array is used without any accumulator",
              "fullTitle": "Negative test cases for reduce.js Should return undefined when empty array is used without any accumulator",
              "timedOut": false,
              "duration": 0,
              "state": "passed",
              "speed": "fast",
              "pass": true,
              "fail": false,
              "pending": false,
              "context": null,
              "code": "const result = reduce([], (acc, curr, key) => acc + curr);\nassert.equal(result, undefined);",
              "err": {},
              "uuid": "4c32b132-ef74-4872-a020-a72d878846c9",
              "parentUUID": "3e72c6a0-3bd4-4e3b-8d54-3c85767f0f85",
              "isHook": false,
              "skipped": false
            },
            {
              "title": "Should return the initial accumulator when non-array/object is used as collection and accumulator is provided",
              "fullTitle": "Negative test cases for reduce.js Should return the initial accumulator when non-array/object is used as collection and accumulator is provided",
              "timedOut": false,
              "duration": 0,
              "state": "passed",
              "speed": "fast",
              "pass": true,
              "fail": false,
              "pending": false,
              "context": null,
              "code": "const result = reduce(42, (acc, curr, key) => acc + curr, 10);\nassert.equal(result, 10);",
              "err": {},
              "uuid": "f913f04b-b172-4138-835b-940fbe5339b5",
              "parentUUID": "3e72c6a0-3bd4-4e3b-8d54-3c85767f0f85",
              "isHook": false,
              "skipped": false
            },
            {
              "title": "Should return undefined when non-array/object is used as collection and no accumulator is provided",
              "fullTitle": "Negative test cases for reduce.js Should return undefined when non-array/object is used as collection and no accumulator is provided",
              "timedOut": false,
              "duration": 0,
              "state": "passed",
              "speed": "fast",
              "pass": true,
              "fail": false,
              "pending": false,
              "context": null,
              "code": "const result = reduce(42, (acc, curr, key) => acc + curr);\nassert.equal(result, undefined);",
              "err": {},
              "uuid": "c80f8a96-9a4f-466f-8e8a-eaf571898a44",
              "parentUUID": "3e72c6a0-3bd4-4e3b-8d54-3c85767f0f85",
              "isHook": false,
              "skipped": false
            },
            {
              "title": "Should return undefined when trying to use a null array",
              "fullTitle": "Negative test cases for reduce.js Should return undefined when trying to use a null array",
              "timedOut": false,
              "duration": 1,
              "state": "passed",
              "speed": "fast",
              "pass": true,
              "fail": false,
              "pending": false,
              "context": null,
              "code": "const result = reduce(null, (acc, curr, key) => acc + curr);\n assert.equal(result, undefined);",
              "err": {},
              "uuid": "e05f619a-482f-4070-b0f0-802176d0e630",
              "parentUUID": "3e72c6a0-3bd4-4e3b-8d54-3c85767f0f85",
              "isHook": false,
              "skipped": false
            },
            {
              "title": "Should return undefined when trying to use undefined array",
              "fullTitle": "Negative test cases for reduce.js Should return undefined when trying to use undefined array",
              "timedOut": false,
              "duration": 0,
              "state": "passed",
              "speed": "fast",
              "pass": true,
              "fail": false,
              "pending": false,
              "context": null,
              "code": "const result = reduce(undefined, (acc, curr, key) => acc + curr);\nassert.equal(result, undefined);",
              "err": {},
              "uuid": "6e3eb2c2-49ba-459c-8bbf-6028858ff50d",
              "parentUUID": "3e72c6a0-3bd4-4e3b-8d54-3c85767f0f85",
              "isHook": false,
              "skipped": false
            },
            {
              "title": "Should return undefined when a non-function is used as iteratee",
              "fullTitle": "Negative test cases for reduce.js Should return undefined when a non-function is used as iteratee",
              "timedOut": false,
              "duration": 0,
              "state": "failed",
              "speed": null,
              "pass": false,
              "fail": true,
              "pending": false,
              "context": null,
              "code": "const array = [1, 2, 3];\nconst result = reduce(array, null, 0);\nassert.equal(result, undefined);",
              "err": {
                "message": "TypeError: iteratee is not a function",
                "estack": "TypeError: iteratee is not a function\n    at arrayReduce (file:///home/elmeripk/sw_testing_gw/src/.internal/arrayReduce.js:20:19)\n    at reduce (file:///home/elmeripk/sw_testing_gw/src/reduce.js:41:10)\n    at Context.<anonymous> (file:///home/elmeripk/sw_testing_gw/test/reduceTest.js:72:24)\n    at process.processImmediate (node:internal/timers:511:21)",
                "diff": null
              },
              "uuid": "5c0327ce-3003-4c70-a690-06a9f1027708",
              "parentUUID": "3e72c6a0-3bd4-4e3b-8d54-3c85767f0f85",
              "isHook": false,
              "skipped": false
            },
            {
              "title": "Should return joined string when array contains undefined values and string values and no initial accumulator is provided",
              "fullTitle": "Negative test cases for reduce.js Should return joined string when array contains undefined values and string values and no initial accumulator is provided",
              "timedOut": false,
              "duration": 0,
              "state": "passed",
              "speed": "fast",
              "pass": true,
              "fail": false,
              "pending": false,
              "context": null,
              "code": "const array = [\"test1\", \"test2\", undefined];\nconst result = reduce(array, (acc, curr, key) => acc + curr);\nassert.equal(result, \"test1test2undefined\");",
              "err": {},
              "uuid": "a4a1c1ac-2a8a-44ed-8f52-d925cc6bd595",
              "parentUUID": "3e72c6a0-3bd4-4e3b-8d54-3c85767f0f85",
              "isHook": false,
              "skipped": false
            },
            {
              "title": "Should return NaN when array contains undefined values and numeric values and no initial accumulator is provided",
              "fullTitle": "Negative test cases for reduce.js Should return NaN when array contains undefined values and numeric values and no initial accumulator is provided",
              "timedOut": false,
              "duration": 0,
              "state": "passed",
              "speed": "fast",
              "pass": true,
              "fail": false,
              "pending": false,
              "context": null,
              "code": "const array = [1, 2, undefined];\nconst result = reduce(array, (acc, curr, key) => acc + curr);\nassert.isNaN(result);",
              "err": {},
              "uuid": "b7903c52-713a-4570-b9d3-3ff10fa5d8b1",
              "parentUUID": "3e72c6a0-3bd4-4e3b-8d54-3c85767f0f85",
              "isHook": false,
              "skipped": false
            }
          ],
          "suites": [],
          "passes": [
            "4c32b132-ef74-4872-a020-a72d878846c9",
            "f913f04b-b172-4138-835b-940fbe5339b5",
            "c80f8a96-9a4f-466f-8e8a-eaf571898a44",
            "e05f619a-482f-4070-b0f0-802176d0e630",
            "6e3eb2c2-49ba-459c-8bbf-6028858ff50d",
            "a4a1c1ac-2a8a-44ed-8f52-d925cc6bd595",
            "b7903c52-713a-4570-b9d3-3ff10fa5d8b1"
          ],
          "failures": [
            "5c0327ce-3003-4c70-a690-06a9f1027708"
          ],
          "pending": [],
          "skipped": [],
          "duration": 1,
          "root": false,
          "rootEmpty": false,
          "_timeout": 2000
        }
      ],
      "passes": [],
      "failures": [],
      "pending": [],
      "skipped": [],
      "duration": 0,
      "root": true,
      "rootEmpty": true,
      "_timeout": 2000
    }
  ],
  "meta": {
    "mocha": {
      "version": "11.7.5"
    },
    "mochawesome": {
      "options": {
        "quiet": false,
        "reportFilename": "mochawesome",
        "saveHtml": true,
        "saveJson": true,
        "consoleReporter": "spec",
        "useInlineDiffs": false,
        "code": true
      },
      "version": "7.1.4"
    },
    "marge": {
      "options": null,
      "version": "6.3.2"
    }
  }
}