{
  "stats": {
    "suites": 21,
    "tests": 188,
    "passes": 148,
    "pending": 0,
    "failures": 40,
    "start": "2025-12-02T14:29:01.640Z",
    "end": "2025-12-02T14:29:01.735Z",
    "duration": 95,
    "testsRegistered": 188,
    "passPercent": 78.72340425531915,
    "pendingPercent": 0,
    "other": 0,
    "hasOther": false,
    "skipped": 0,
    "hasSkipped": false
  },
  "results": [
    {
      "uuid": "6ccec951-3617-4e5b-992d-bbe5f35417b0",
      "title": "",
      "fullFile": "",
      "file": "",
      "beforeHooks": [],
      "afterHooks": [],
      "tests": [],
      "suites": [
        {
          "uuid": "fc49c51c-af2c-4ac6-83bc-d6d5d626c4de",
          "title": "Positive testing for add.js",
          "fullFile": "C:\\Users\\nurmi\\softTesting\\test\\addTest.js",
          "file": "\\test\\addTest.js",
          "beforeHooks": [],
          "afterHooks": [],
          "tests": [
            {
              "title": "It should sum two positive integers correctly",
              "fullTitle": "Positive testing for add.js It should sum two positive integers correctly",
              "timedOut": false,
              "duration": 0,
              "state": "passed",
              "speed": "fast",
              "pass": true,
              "fail": false,
              "pending": false,
              "context": null,
              "code": "const augend = 6;\nconst addend = 4;\nassert.equal(add(augend, addend), 10);",
              "err": {},
              "uuid": "1f723319-f0b4-48be-9392-266f6ff50cd0",
              "parentUUID": "fc49c51c-af2c-4ac6-83bc-d6d5d626c4de",
              "isHook": false,
              "skipped": false
            },
            {
              "title": "It should sum two negative integers correctly",
              "fullTitle": "Positive testing for add.js It should sum two negative integers correctly",
              "timedOut": false,
              "duration": 0,
              "state": "passed",
              "speed": "fast",
              "pass": true,
              "fail": false,
              "pending": false,
              "context": null,
              "code": "const augend = -2;\nconst addend = -8;\nassert.equal(add(augend, addend), -10);",
              "err": {},
              "uuid": "7056c1a2-d57e-4a24-a4e9-00d3b0082760",
              "parentUUID": "fc49c51c-af2c-4ac6-83bc-d6d5d626c4de",
              "isHook": false,
              "skipped": false
            },
            {
              "title": "It should sum positive and negative integers correctly",
              "fullTitle": "Positive testing for add.js It should sum positive and negative integers correctly",
              "timedOut": false,
              "duration": 0,
              "state": "passed",
              "speed": "fast",
              "pass": true,
              "fail": false,
              "pending": false,
              "context": null,
              "code": "const augend = -4;\nconst addend = 6;\nassert.equal(add(augend, addend), 2);",
              "err": {},
              "uuid": "67a8917d-de02-46e4-bb98-bc841c1a5a4f",
              "parentUUID": "fc49c51c-af2c-4ac6-83bc-d6d5d626c4de",
              "isHook": false,
              "skipped": false
            },
            {
              "title": "It should sum positive integer and zero addend correctly",
              "fullTitle": "Positive testing for add.js It should sum positive integer and zero addend correctly",
              "timedOut": false,
              "duration": 0,
              "state": "passed",
              "speed": "fast",
              "pass": true,
              "fail": false,
              "pending": false,
              "context": null,
              "code": "const augend = 3;\nconst addend = 0;\nassert.equal(add(augend, addend), 3);",
              "err": {},
              "uuid": "d7f01089-0dda-4ac8-b620-b5c8848fb67c",
              "parentUUID": "fc49c51c-af2c-4ac6-83bc-d6d5d626c4de",
              "isHook": false,
              "skipped": false
            },
            {
              "title": "It should sum zero augend and negative integer correctly",
              "fullTitle": "Positive testing for add.js It should sum zero augend and negative integer correctly",
              "timedOut": false,
              "duration": 0,
              "state": "passed",
              "speed": "fast",
              "pass": true,
              "fail": false,
              "pending": false,
              "context": null,
              "code": "const augend = 0;\nconst addend = -2;\nassert.equal(add(augend, addend), -2);",
              "err": {},
              "uuid": "ca32838e-1db2-44cf-a150-16269783c5ff",
              "parentUUID": "fc49c51c-af2c-4ac6-83bc-d6d5d626c4de",
              "isHook": false,
              "skipped": false
            },
            {
              "title": "It should sum two positive decimals correctly",
              "fullTitle": "Positive testing for add.js It should sum two positive decimals correctly",
              "timedOut": false,
              "duration": 0,
              "state": "passed",
              "speed": "fast",
              "pass": true,
              "fail": false,
              "pending": false,
              "context": null,
              "code": "const augend = 2.1;\nconst addend = 3.3;\nassert.equal(add(augend, addend), 5.4);",
              "err": {},
              "uuid": "8ac7b62a-7fb2-4217-a8a4-59571df95ecd",
              "parentUUID": "fc49c51c-af2c-4ac6-83bc-d6d5d626c4de",
              "isHook": false,
              "skipped": false
            },
            {
              "title": "It should sum positve decimal and integer correctly",
              "fullTitle": "Positive testing for add.js It should sum positve decimal and integer correctly",
              "timedOut": false,
              "duration": 0,
              "state": "passed",
              "speed": "fast",
              "pass": true,
              "fail": false,
              "pending": false,
              "context": null,
              "code": "const augend = 2.1;\nconst addend = 4;\nassert.equal(add(augend, addend), 6.1);",
              "err": {},
              "uuid": "6c9c421d-f8ec-48e9-b82b-2817e80ac2e6",
              "parentUUID": "fc49c51c-af2c-4ac6-83bc-d6d5d626c4de",
              "isHook": false,
              "skipped": false
            }
          ],
          "suites": [],
          "passes": [
            "1f723319-f0b4-48be-9392-266f6ff50cd0",
            "7056c1a2-d57e-4a24-a4e9-00d3b0082760",
            "67a8917d-de02-46e4-bb98-bc841c1a5a4f",
            "d7f01089-0dda-4ac8-b620-b5c8848fb67c",
            "ca32838e-1db2-44cf-a150-16269783c5ff",
            "8ac7b62a-7fb2-4217-a8a4-59571df95ecd",
            "6c9c421d-f8ec-48e9-b82b-2817e80ac2e6"
          ],
          "failures": [],
          "pending": [],
          "skipped": [],
          "duration": 0,
          "root": false,
          "rootEmpty": false,
          "_timeout": 2000
        },
        {
          "uuid": "d108db25-7e7e-4ae7-aa56-73ccc3a789a0",
          "title": "Negative testing for add.js",
          "fullFile": "C:\\Users\\nurmi\\softTesting\\test\\addTest.js",
          "file": "\\test\\addTest.js",
          "beforeHooks": [],
          "afterHooks": [],
          "tests": [
            {
              "title": "It should throw error if augend is undefined",
              "fullTitle": "Negative testing for add.js It should throw error if augend is undefined",
              "timedOut": false,
              "duration": 2,
              "state": "failed",
              "speed": null,
              "pass": false,
              "fail": true,
              "pending": false,
              "context": null,
              "code": "const augend = undefined;\nconst addend = 2;\nexpect(() => add(augend, addend)).to.throw(Error)",
              "err": {
                "message": "AssertionError: expected [Function] to throw Error",
                "estack": "AssertionError: expected [Function] to throw Error\n    at Context.<anonymous> (file:///C:/Users/nurmi/softTesting/test/addTest.js:57:51)\n    at process.processImmediate (node:internal/timers:478:21)",
                "diff": null
              },
              "uuid": "247e1c68-dfde-4318-929c-60ca88fe1e33",
              "parentUUID": "d108db25-7e7e-4ae7-aa56-73ccc3a789a0",
              "isHook": false,
              "skipped": false
            },
            {
              "title": "It should throw error if addend is undefined",
              "fullTitle": "Negative testing for add.js It should throw error if addend is undefined",
              "timedOut": false,
              "duration": 0,
              "state": "failed",
              "speed": null,
              "pass": false,
              "fail": true,
              "pending": false,
              "context": null,
              "code": "const augend = 3;\nconst addend = undefined;\nexpect(() => add(augend, addend)).to.throw(Error)",
              "err": {
                "message": "AssertionError: expected [Function] to throw Error",
                "estack": "AssertionError: expected [Function] to throw Error\n    at Context.<anonymous> (file:///C:/Users/nurmi/softTesting/test/addTest.js:64:51)\n    at process.processImmediate (node:internal/timers:478:21)",
                "diff": null
              },
              "uuid": "02addf5c-26af-4950-b844-6ccca18d994e",
              "parentUUID": "d108db25-7e7e-4ae7-aa56-73ccc3a789a0",
              "isHook": false,
              "skipped": false
            },
            {
              "title": "It should throw error if augend is string",
              "fullTitle": "Negative testing for add.js It should throw error if augend is string",
              "timedOut": false,
              "duration": 0,
              "state": "failed",
              "speed": null,
              "pass": false,
              "fail": true,
              "pending": false,
              "context": null,
              "code": "const augend = \"6\";\nconst addend = 4;\nexpect(() => add(augend, addend)).to.throw(Error);",
              "err": {
                "message": "AssertionError: expected [Function] to throw Error",
                "estack": "AssertionError: expected [Function] to throw Error\n    at Context.<anonymous> (file:///C:/Users/nurmi/softTesting/test/addTest.js:71:51)\n    at process.processImmediate (node:internal/timers:478:21)",
                "diff": null
              },
              "uuid": "71b62789-899c-4054-99d0-f2c866ed5cbf",
              "parentUUID": "d108db25-7e7e-4ae7-aa56-73ccc3a789a0",
              "isHook": false,
              "skipped": false
            },
            {
              "title": "It should throw error if addend is string",
              "fullTitle": "Negative testing for add.js It should throw error if addend is string",
              "timedOut": false,
              "duration": 1,
              "state": "failed",
              "speed": null,
              "pass": false,
              "fail": true,
              "pending": false,
              "context": null,
              "code": "const augend = 6;\nconst addend = \"4\";\nexpect(() => add(augend, addend)).to.throw(Error);",
              "err": {
                "message": "AssertionError: expected [Function] to throw Error",
                "estack": "AssertionError: expected [Function] to throw Error\n    at Context.<anonymous> (file:///C:/Users/nurmi/softTesting/test/addTest.js:78:51)\n    at process.processImmediate (node:internal/timers:478:21)",
                "diff": null
              },
              "uuid": "1de89c63-138e-4834-9eb2-51c1ea823343",
              "parentUUID": "d108db25-7e7e-4ae7-aa56-73ccc3a789a0",
              "isHook": false,
              "skipped": false
            }
          ],
          "suites": [],
          "passes": [],
          "failures": [
            "247e1c68-dfde-4318-929c-60ca88fe1e33",
            "02addf5c-26af-4950-b844-6ccca18d994e",
            "71b62789-899c-4054-99d0-f2c866ed5cbf",
            "1de89c63-138e-4834-9eb2-51c1ea823343"
          ],
          "pending": [],
          "skipped": [],
          "duration": 3,
          "root": false,
          "rootEmpty": false,
          "_timeout": 2000
        },
        {
          "uuid": "b21d21f6-0527-4d91-9221-df3a7481a752",
          "title": "AI generated tests for add.js",
          "fullFile": "C:\\Users\\nurmi\\softTesting\\test\\AI\\addAITest.js",
          "file": "\\test\\AI\\addAITest.js",
          "beforeHooks": [],
          "afterHooks": [],
          "tests": [
            {
              "title": "should add two positive numbers",
              "fullTitle": "AI generated tests for add.js should add two positive numbers",
              "timedOut": false,
              "duration": 0,
              "state": "passed",
              "speed": "fast",
              "pass": true,
              "fail": false,
              "pending": false,
              "context": null,
              "code": "expect(add(6, 4)).to.equal(10)",
              "err": {},
              "uuid": "2af5090f-d15a-4942-b90e-748cdc62e247",
              "parentUUID": "b21d21f6-0527-4d91-9221-df3a7481a752",
              "isHook": false,
              "skipped": false
            },
            {
              "title": "should add negative numbers",
              "fullTitle": "AI generated tests for add.js should add negative numbers",
              "timedOut": false,
              "duration": 0,
              "state": "passed",
              "speed": "fast",
              "pass": true,
              "fail": false,
              "pending": false,
              "context": null,
              "code": "expect(add(-3, -7)).to.equal(-10)",
              "err": {},
              "uuid": "acf051d1-0a34-4c78-952a-0de9a8e3a976",
              "parentUUID": "b21d21f6-0527-4d91-9221-df3a7481a752",
              "isHook": false,
              "skipped": false
            },
            {
              "title": "should add a positive and a negative number",
              "fullTitle": "AI generated tests for add.js should add a positive and a negative number",
              "timedOut": false,
              "duration": 0,
              "state": "passed",
              "speed": "fast",
              "pass": true,
              "fail": false,
              "pending": false,
              "context": null,
              "code": "expect(add(10, -3)).to.equal(7)",
              "err": {},
              "uuid": "bfdf4d27-6a27-4dd5-b81f-2ecfc4428029",
              "parentUUID": "b21d21f6-0527-4d91-9221-df3a7481a752",
              "isHook": false,
              "skipped": false
            },
            {
              "title": "should return the other number when one argument is null",
              "fullTitle": "AI generated tests for add.js should return the other number when one argument is null",
              "timedOut": false,
              "duration": 0,
              "state": "passed",
              "speed": "fast",
              "pass": true,
              "fail": false,
              "pending": false,
              "context": null,
              "code": "expect(add(null, 5)).to.equal(5)\nexpect(add(5, null)).to.equal(5)",
              "err": {},
              "uuid": "7500ad8e-d45a-431a-8bb0-2dc7203a2189",
              "parentUUID": "b21d21f6-0527-4d91-9221-df3a7481a752",
              "isHook": false,
              "skipped": false
            },
            {
              "title": "should treat undefined as the default value (0)",
              "fullTitle": "AI generated tests for add.js should treat undefined as the default value (0)",
              "timedOut": false,
              "duration": 0,
              "state": "passed",
              "speed": "fast",
              "pass": true,
              "fail": false,
              "pending": false,
              "context": null,
              "code": "expect(add(undefined, 4)).to.equal(4)\nexpect(add(4, undefined)).to.equal(4)",
              "err": {},
              "uuid": "ddfd1a04-98d5-43e4-86a6-ab27cd1a3d5f",
              "parentUUID": "b21d21f6-0527-4d91-9221-df3a7481a752",
              "isHook": false,
              "skipped": false
            },
            {
              "title": "should return 0 when both arguments are undefined or null",
              "fullTitle": "AI generated tests for add.js should return 0 when both arguments are undefined or null",
              "timedOut": false,
              "duration": 0,
              "state": "passed",
              "speed": "fast",
              "pass": true,
              "fail": false,
              "pending": false,
              "context": null,
              "code": "expect(add(undefined, undefined)).to.equal(0)\nexpect(add(null, null)).to.equal(0)",
              "err": {},
              "uuid": "31873ced-43bc-407b-baeb-bcdbbf368c70",
              "parentUUID": "b21d21f6-0527-4d91-9221-df3a7481a752",
              "isHook": false,
              "skipped": false
            },
            {
              "title": "should handle floating point numbers",
              "fullTitle": "AI generated tests for add.js should handle floating point numbers",
              "timedOut": false,
              "duration": 0,
              "state": "passed",
              "speed": "fast",
              "pass": true,
              "fail": false,
              "pending": false,
              "context": null,
              "code": "expect(add(0.1, 0.2)).to.be.closeTo(0.3, 0.000001)",
              "err": {},
              "uuid": "300d557b-7bb7-43fe-9fb2-94f0534ee454",
              "parentUUID": "b21d21f6-0527-4d91-9221-df3a7481a752",
              "isHook": false,
              "skipped": false
            },
            {
              "title": "should coerce string numbers correctly",
              "fullTitle": "AI generated tests for add.js should coerce string numbers correctly",
              "timedOut": false,
              "duration": 0,
              "state": "failed",
              "speed": null,
              "pass": false,
              "fail": true,
              "pending": false,
              "context": null,
              "code": "expect(add('4', '6')).to.equal(10)",
              "err": {
                "message": "AssertionError: expected '46' to equal 10",
                "estack": "AssertionError: expected '46' to equal 10\n    at Context.<anonymous> (file:///C:/Users/nurmi/softTesting/test/AI/addAITest.js:37:30)\n    at process.processImmediate (node:internal/timers:478:21)",
                "diff": null
              },
              "uuid": "5adbbe13-bc03-4e85-a97c-d845a1e803cc",
              "parentUUID": "b21d21f6-0527-4d91-9221-df3a7481a752",
              "isHook": false,
              "skipped": false
            },
            {
              "title": "should return NaN when input cannot be converted to a number",
              "fullTitle": "AI generated tests for add.js should return NaN when input cannot be converted to a number",
              "timedOut": false,
              "duration": 1,
              "state": "failed",
              "speed": null,
              "pass": false,
              "fail": true,
              "pending": false,
              "context": null,
              "code": "expect(add('a', 4)).to.be.NaN\nexpect(add(4, 'b')).to.be.NaN",
              "err": {
                "message": "AssertionError: expected 'a4' to be NaN",
                "estack": "AssertionError: expected 'a4' to be NaN\n    at Context.<anonymous> (file:///C:/Users/nurmi/softTesting/test/AI/addAITest.js:41:30)\n    at process.processImmediate (node:internal/timers:478:21)",
                "diff": null
              },
              "uuid": "072dfdd8-16ad-44a4-9667-772b48d252e5",
              "parentUUID": "b21d21f6-0527-4d91-9221-df3a7481a752",
              "isHook": false,
              "skipped": false
            }
          ],
          "suites": [],
          "passes": [
            "2af5090f-d15a-4942-b90e-748cdc62e247",
            "acf051d1-0a34-4c78-952a-0de9a8e3a976",
            "bfdf4d27-6a27-4dd5-b81f-2ecfc4428029",
            "7500ad8e-d45a-431a-8bb0-2dc7203a2189",
            "ddfd1a04-98d5-43e4-86a6-ab27cd1a3d5f",
            "31873ced-43bc-407b-baeb-bcdbbf368c70",
            "300d557b-7bb7-43fe-9fb2-94f0534ee454"
          ],
          "failures": [
            "5adbbe13-bc03-4e85-a97c-d845a1e803cc",
            "072dfdd8-16ad-44a4-9667-772b48d252e5"
          ],
          "pending": [],
          "skipped": [],
          "duration": 1,
          "root": false,
          "rootEmpty": false,
          "_timeout": 2000
        },
        {
          "uuid": "210133b1-303c-43b9-b3b8-08ee22622463",
          "title": "AI generated tests for ceil.js",
          "fullFile": "C:\\Users\\nurmi\\softTesting\\test\\AI\\ceilAITest.js",
          "file": "\\test\\AI\\ceilAITest.js",
          "beforeHooks": [],
          "afterHooks": [],
          "tests": [
            {
              "title": "should round up to the nearest integer by default",
              "fullTitle": "AI generated tests for ceil.js should round up to the nearest integer by default",
              "timedOut": false,
              "duration": 0,
              "state": "passed",
              "speed": "fast",
              "pass": true,
              "fail": false,
              "pending": false,
              "context": null,
              "code": "expect(ceil(4.006)).to.equal(5)\nexpect(ceil(4)).to.equal(4)\nexpect(ceil(-1.2)).to.equal(-1)",
              "err": {},
              "uuid": "1dae6707-4112-4c34-aa19-bcfdec247f77",
              "parentUUID": "210133b1-303c-43b9-b3b8-08ee22622463",
              "isHook": false,
              "skipped": false
            },
            {
              "title": "should round up to a given positive precision",
              "fullTitle": "AI generated tests for ceil.js should round up to a given positive precision",
              "timedOut": false,
              "duration": 0,
              "state": "passed",
              "speed": "fast",
              "pass": true,
              "fail": false,
              "pending": false,
              "context": null,
              "code": "expect(ceil(6.004, 2)).to.equal(6.01)\nexpect(ceil(1.2345, 3)).to.equal(1.235)",
              "err": {},
              "uuid": "7aa466fd-c904-4707-80d1-14eb3f78236f",
              "parentUUID": "210133b1-303c-43b9-b3b8-08ee22622463",
              "isHook": false,
              "skipped": false
            },
            {
              "title": "should round up to a given negative precision",
              "fullTitle": "AI generated tests for ceil.js should round up to a given negative precision",
              "timedOut": false,
              "duration": 0,
              "state": "passed",
              "speed": "fast",
              "pass": true,
              "fail": false,
              "pending": false,
              "context": null,
              "code": "expect(ceil(6040, -2)).to.equal(6100)\nexpect(ceil(125, -1)).to.equal(130)",
              "err": {},
              "uuid": "c56251c9-1bcc-4156-bd3d-c58970fb6c44",
              "parentUUID": "210133b1-303c-43b9-b3b8-08ee22622463",
              "isHook": false,
              "skipped": false
            },
            {
              "title": "should handle zero precision explicitly",
              "fullTitle": "AI generated tests for ceil.js should handle zero precision explicitly",
              "timedOut": false,
              "duration": 0,
              "state": "passed",
              "speed": "fast",
              "pass": true,
              "fail": false,
              "pending": false,
              "context": null,
              "code": "expect(ceil(4.006, 0)).to.equal(5)",
              "err": {},
              "uuid": "11686d45-3ac9-4fb9-a5d5-6891e632a073",
              "parentUUID": "210133b1-303c-43b9-b3b8-08ee22622463",
              "isHook": false,
              "skipped": false
            },
            {
              "title": "should return NaN if number cannot be converted",
              "fullTitle": "AI generated tests for ceil.js should return NaN if number cannot be converted",
              "timedOut": false,
              "duration": 0,
              "state": "passed",
              "speed": "fast",
              "pass": true,
              "fail": false,
              "pending": false,
              "context": null,
              "code": "expect(ceil('abc')).to.be.NaN",
              "err": {},
              "uuid": "a24f98e4-8d0d-4ba6-85ad-7e0cdd234a36",
              "parentUUID": "210133b1-303c-43b9-b3b8-08ee22622463",
              "isHook": false,
              "skipped": false
            },
            {
              "title": "should coerce string numbers",
              "fullTitle": "AI generated tests for ceil.js should coerce string numbers",
              "timedOut": false,
              "duration": 0,
              "state": "passed",
              "speed": "fast",
              "pass": true,
              "fail": false,
              "pending": false,
              "context": null,
              "code": "expect(ceil('4.001')).to.equal(5)\nexpect(ceil('6.004', 2)).to.equal(6.01)",
              "err": {},
              "uuid": "868a2ace-748c-47f5-9572-b6c4b31b9387",
              "parentUUID": "210133b1-303c-43b9-b3b8-08ee22622463",
              "isHook": false,
              "skipped": false
            },
            {
              "title": "should treat null as 0",
              "fullTitle": "AI generated tests for ceil.js should treat null as 0",
              "timedOut": false,
              "duration": 1,
              "state": "failed",
              "speed": null,
              "pass": false,
              "fail": true,
              "pending": false,
              "context": null,
              "code": "expect(ceil(null)).to.equal(0)\nexpect(ceil(null, 2)).to.equal(0)",
              "err": {
                "message": "AssertionError: expected NaN to equal +0",
                "estack": "AssertionError: expected NaN to equal +0\n    at Context.<anonymous> (file:///C:/Users/nurmi/softTesting/test/AI/ceilAITest.js:36:30)\n    at process.processImmediate (node:internal/timers:478:21)",
                "diff": "- NaN\n+ 0\n"
              },
              "uuid": "117f2da8-9437-4f61-a2cf-e61ddc5d0eec",
              "parentUUID": "210133b1-303c-43b9-b3b8-08ee22622463",
              "isHook": false,
              "skipped": false
            },
            {
              "title": "should handle undefined as NaN for number input but default precision",
              "fullTitle": "AI generated tests for ceil.js should handle undefined as NaN for number input but default precision",
              "timedOut": false,
              "duration": 0,
              "state": "passed",
              "speed": "fast",
              "pass": true,
              "fail": false,
              "pending": false,
              "context": null,
              "code": "expect(ceil(undefined)).to.be.NaN",
              "err": {},
              "uuid": "b1b32c87-4f12-4783-a40a-471289636271",
              "parentUUID": "210133b1-303c-43b9-b3b8-08ee22622463",
              "isHook": false,
              "skipped": false
            },
            {
              "title": "should handle negative numbers with precision",
              "fullTitle": "AI generated tests for ceil.js should handle negative numbers with precision",
              "timedOut": false,
              "duration": 1,
              "state": "passed",
              "speed": "fast",
              "pass": true,
              "fail": false,
              "pending": false,
              "context": null,
              "code": "expect(ceil(-3.141, 2)).to.equal(-3.14)\nexpect(ceil(-3.141, 1)).to.equal(-3.1)",
              "err": {},
              "uuid": "37702706-798f-43f5-9e72-7f2806ff6b8d",
              "parentUUID": "210133b1-303c-43b9-b3b8-08ee22622463",
              "isHook": false,
              "skipped": false
            }
          ],
          "suites": [],
          "passes": [
            "1dae6707-4112-4c34-aa19-bcfdec247f77",
            "7aa466fd-c904-4707-80d1-14eb3f78236f",
            "c56251c9-1bcc-4156-bd3d-c58970fb6c44",
            "11686d45-3ac9-4fb9-a5d5-6891e632a073",
            "a24f98e4-8d0d-4ba6-85ad-7e0cdd234a36",
            "868a2ace-748c-47f5-9572-b6c4b31b9387",
            "b1b32c87-4f12-4783-a40a-471289636271",
            "37702706-798f-43f5-9e72-7f2806ff6b8d"
          ],
          "failures": [
            "117f2da8-9437-4f61-a2cf-e61ddc5d0eec"
          ],
          "pending": [],
          "skipped": [],
          "duration": 2,
          "root": false,
          "rootEmpty": false,
          "_timeout": 2000
        },
        {
          "uuid": "5a2b13ed-eb26-49c9-8162-ac335452dabc",
          "title": "TESTS BASED ON TEST PLAN",
          "fullFile": "C:\\Users\\nurmi\\softTesting\\test\\ceilTest.js",
          "file": "\\test\\ceilTest.js",
          "beforeHooks": [],
          "afterHooks": [],
          "tests": [],
          "suites": [
            {
              "uuid": "e86f9ca2-58e0-44e4-ac03-113f4ccd564d",
              "title": "Positive test cases for ceil.js",
              "fullFile": "C:\\Users\\nurmi\\softTesting\\test\\ceilTest.js",
              "file": "\\test\\ceilTest.js",
              "beforeHooks": [],
              "afterHooks": [],
              "tests": [
                {
                  "title": "Should keep an integer without precisions specified unchanged",
                  "fullTitle": "TESTS BASED ON TEST PLAN Positive test cases for ceil.js Should keep an integer without precisions specified unchanged",
                  "timedOut": false,
                  "duration": 0,
                  "state": "passed",
                  "speed": "fast",
                  "pass": true,
                  "fail": false,
                  "pending": false,
                  "context": null,
                  "code": "assert.equal(ceil(6), 6)",
                  "err": {},
                  "uuid": "9c8c37be-2773-4a36-8a18-5fef32a1d351",
                  "parentUUID": "e86f9ca2-58e0-44e4-ac03-113f4ccd564d",
                  "isHook": false,
                  "skipped": false
                },
                {
                  "title": "Should round decimals up to nearest integer by default",
                  "fullTitle": "TESTS BASED ON TEST PLAN Positive test cases for ceil.js Should round decimals up to nearest integer by default",
                  "timedOut": false,
                  "duration": 0,
                  "state": "passed",
                  "speed": "fast",
                  "pass": true,
                  "fail": false,
                  "pending": false,
                  "context": null,
                  "code": "assert.equal(ceil(3.006), 4);",
                  "err": {},
                  "uuid": "cbfe2ad2-f97a-4b19-bf4e-6769ccdf5956",
                  "parentUUID": "e86f9ca2-58e0-44e4-ac03-113f4ccd564d",
                  "isHook": false,
                  "skipped": false
                },
                {
                  "title": "Should round decimal to correct precision when positive precision is specified",
                  "fullTitle": "TESTS BASED ON TEST PLAN Positive test cases for ceil.js Should round decimal to correct precision when positive precision is specified",
                  "timedOut": false,
                  "duration": 0,
                  "state": "passed",
                  "speed": "fast",
                  "pass": true,
                  "fail": false,
                  "pending": false,
                  "context": null,
                  "code": "assert.equal(ceil(6.004, 2), 6.01);",
                  "err": {},
                  "uuid": "2f408153-d42c-4322-8fd3-84f20655e622",
                  "parentUUID": "e86f9ca2-58e0-44e4-ac03-113f4ccd564d",
                  "isHook": false,
                  "skipped": false
                },
                {
                  "title": "Should keep integer unchanged when precision is positive",
                  "fullTitle": "TESTS BASED ON TEST PLAN Positive test cases for ceil.js Should keep integer unchanged when precision is positive",
                  "timedOut": false,
                  "duration": 0,
                  "state": "passed",
                  "speed": "fast",
                  "pass": true,
                  "fail": false,
                  "pending": false,
                  "context": null,
                  "code": "assert.equal(ceil(5, 3), 5);",
                  "err": {},
                  "uuid": "a4df9da3-0dc0-471d-a72a-71598f4433a1",
                  "parentUUID": "e86f9ca2-58e0-44e4-ac03-113f4ccd564d",
                  "isHook": false,
                  "skipped": false
                },
                {
                  "title": "Should round decimal to correct precision when zero precision is specified",
                  "fullTitle": "TESTS BASED ON TEST PLAN Positive test cases for ceil.js Should round decimal to correct precision when zero precision is specified",
                  "timedOut": false,
                  "duration": 0,
                  "state": "passed",
                  "speed": "fast",
                  "pass": true,
                  "fail": false,
                  "pending": false,
                  "context": null,
                  "code": "assert.equal(ceil(3.006, 0), 4);",
                  "err": {},
                  "uuid": "357054ff-1681-403e-988e-ee4738d94f18",
                  "parentUUID": "e86f9ca2-58e0-44e4-ac03-113f4ccd564d",
                  "isHook": false,
                  "skipped": false
                }
              ],
              "suites": [],
              "passes": [
                "9c8c37be-2773-4a36-8a18-5fef32a1d351",
                "cbfe2ad2-f97a-4b19-bf4e-6769ccdf5956",
                "2f408153-d42c-4322-8fd3-84f20655e622",
                "a4df9da3-0dc0-471d-a72a-71598f4433a1",
                "357054ff-1681-403e-988e-ee4738d94f18"
              ],
              "failures": [],
              "pending": [],
              "skipped": [],
              "duration": 0,
              "root": false,
              "rootEmpty": false,
              "_timeout": 2000
            },
            {
              "uuid": "3c37612c-1776-49d0-8b84-52d76cddcb32",
              "title": "Negative test cases for ceil.js",
              "fullFile": "C:\\Users\\nurmi\\softTesting\\test\\ceilTest.js",
              "file": "\\test\\ceilTest.js",
              "beforeHooks": [],
              "afterHooks": [],
              "tests": [
                {
                  "title": "Should throw an error when input is not a number",
                  "fullTitle": "TESTS BASED ON TEST PLAN Negative test cases for ceil.js Should throw an error when input is not a number",
                  "timedOut": false,
                  "duration": 1,
                  "state": "failed",
                  "speed": null,
                  "pass": false,
                  "fail": true,
                  "pending": false,
                  "context": null,
                  "code": "assert.throws(() => ceil(\"not a number\"), Error);",
                  "err": {
                    "message": "AssertionError: expected [Function] to throw Error",
                    "estack": "AssertionError: expected [Function] to throw Error\n    at Context.<anonymous> (file:///C:/Users/nurmi/softTesting/test/ceilTest.js:34:20)\n    at process.processImmediate (node:internal/timers:478:21)",
                    "diff": null
                  },
                  "uuid": "4e6d54be-fb0a-4e24-b0b2-3133a4d662bb",
                  "parentUUID": "3c37612c-1776-49d0-8b84-52d76cddcb32",
                  "isHook": false,
                  "skipped": false
                },
                {
                  "title": "Should throw an error if precision is not a number",
                  "fullTitle": "TESTS BASED ON TEST PLAN Negative test cases for ceil.js Should throw an error if precision is not a number",
                  "timedOut": false,
                  "duration": 1,
                  "state": "failed",
                  "speed": null,
                  "pass": false,
                  "fail": true,
                  "pending": false,
                  "context": null,
                  "code": "assert.throws(() => ceil(4.3367, \"not a number\"), Error);",
                  "err": {
                    "message": "AssertionError: expected [Function] to throw Error",
                    "estack": "AssertionError: expected [Function] to throw Error\n    at Context.<anonymous> (file:///C:/Users/nurmi/softTesting/test/ceilTest.js:38:20)\n    at process.processImmediate (node:internal/timers:478:21)",
                    "diff": null
                  },
                  "uuid": "5f56d88a-9cf9-4181-92df-52a92dd83910",
                  "parentUUID": "3c37612c-1776-49d0-8b84-52d76cddcb32",
                  "isHook": false,
                  "skipped": false
                }
              ],
              "suites": [],
              "passes": [],
              "failures": [
                "4e6d54be-fb0a-4e24-b0b2-3133a4d662bb",
                "5f56d88a-9cf9-4181-92df-52a92dd83910"
              ],
              "pending": [],
              "skipped": [],
              "duration": 2,
              "root": false,
              "rootEmpty": false,
              "_timeout": 2000
            }
          ],
          "passes": [],
          "failures": [],
          "pending": [],
          "skipped": [],
          "duration": 0,
          "root": false,
          "rootEmpty": false,
          "_timeout": 2000
        },
        {
          "uuid": "ef147c73-19d5-4c7f-a0bd-ee332b726af7",
          "title": "NEWLY ADDED TESTS FOR ceil.js",
          "fullFile": "C:\\Users\\nurmi\\softTesting\\test\\ceilTest.js",
          "file": "\\test\\ceilTest.js",
          "beforeHooks": [],
          "afterHooks": [],
          "tests": [],
          "suites": [
            {
              "uuid": "a7d464e1-5314-41e4-b34d-ed8f8c872e0e",
              "title": "Positive test cases for ceil.js",
              "fullFile": "C:\\Users\\nurmi\\softTesting\\test\\ceilTest.js",
              "file": "\\test\\ceilTest.js",
              "beforeHooks": [],
              "afterHooks": [],
              "tests": [
                {
                  "title": "Should round integer to correct precision when negative precision is specified",
                  "fullTitle": "NEWLY ADDED TESTS FOR ceil.js Positive test cases for ceil.js Should round integer to correct precision when negative precision is specified",
                  "timedOut": false,
                  "duration": 0,
                  "state": "passed",
                  "speed": "fast",
                  "pass": true,
                  "fail": false,
                  "pending": false,
                  "context": null,
                  "code": "assert.equal(ceil(6040, -2), 6100);",
                  "err": {},
                  "uuid": "1e931ede-3976-4d94-a4c0-ce6f3ad6cb51",
                  "parentUUID": "a7d464e1-5314-41e4-b34d-ed8f8c872e0e",
                  "isHook": false,
                  "skipped": false
                },
                {
                  "title": "Should round decimal to correct precision when negative precision is specified",
                  "fullTitle": "NEWLY ADDED TESTS FOR ceil.js Positive test cases for ceil.js Should round decimal to correct precision when negative precision is specified",
                  "timedOut": false,
                  "duration": 0,
                  "state": "passed",
                  "speed": "fast",
                  "pass": true,
                  "fail": false,
                  "pending": false,
                  "context": null,
                  "code": "assert.equal(ceil(6.040, -2), 100);",
                  "err": {},
                  "uuid": "25a035c8-478d-462a-87e5-7fa52ce79125",
                  "parentUUID": "a7d464e1-5314-41e4-b34d-ed8f8c872e0e",
                  "isHook": false,
                  "skipped": false
                }
              ],
              "suites": [],
              "passes": [
                "1e931ede-3976-4d94-a4c0-ce6f3ad6cb51",
                "25a035c8-478d-462a-87e5-7fa52ce79125"
              ],
              "failures": [],
              "pending": [],
              "skipped": [],
              "duration": 0,
              "root": false,
              "rootEmpty": false,
              "_timeout": 2000
            },
            {
              "uuid": "c788a89b-99c2-4045-9bb3-b14010748858",
              "title": "Negative test cases for ceil.js",
              "fullFile": "C:\\Users\\nurmi\\softTesting\\test\\ceilTest.js",
              "file": "\\test\\ceilTest.js",
              "beforeHooks": [],
              "afterHooks": [],
              "tests": [
                {
                  "title": "Should throw an error when precision is not an integer",
                  "fullTitle": "NEWLY ADDED TESTS FOR ceil.js Negative test cases for ceil.js Should throw an error when precision is not an integer",
                  "timedOut": false,
                  "duration": 0,
                  "state": "failed",
                  "speed": null,
                  "pass": false,
                  "fail": true,
                  "pending": false,
                  "context": null,
                  "code": "assert.throws(() => ceil(4.3367, 1.5), Error);",
                  "err": {
                    "message": "AssertionError: expected [Function] to throw Error",
                    "estack": "AssertionError: expected [Function] to throw Error\n    at Context.<anonymous> (file:///C:/Users/nurmi/softTesting/test/ceilTest.js:62:20)\n    at process.processImmediate (node:internal/timers:478:21)",
                    "diff": null
                  },
                  "uuid": "2005bedb-751d-4e70-bfc5-fbb6c6ac8d02",
                  "parentUUID": "c788a89b-99c2-4045-9bb3-b14010748858",
                  "isHook": false,
                  "skipped": false
                },
                {
                  "title": "Should throw error if an integer is out of safe integer range",
                  "fullTitle": "NEWLY ADDED TESTS FOR ceil.js Negative test cases for ceil.js Should throw error if an integer is out of safe integer range",
                  "timedOut": false,
                  "duration": 0,
                  "state": "failed",
                  "speed": null,
                  "pass": false,
                  "fail": true,
                  "pending": false,
                  "context": null,
                  "code": "assert.throws(() => ceil(Number.MAX_SAFE_INTEGER + 1), Error);",
                  "err": {
                    "message": "AssertionError: expected [Function] to throw Error",
                    "estack": "AssertionError: expected [Function] to throw Error\n    at Context.<anonymous> (file:///C:/Users/nurmi/softTesting/test/ceilTest.js:66:20)\n    at process.processImmediate (node:internal/timers:478:21)",
                    "diff": null
                  },
                  "uuid": "13e6b69d-1648-4e5c-ab12-2796b1117c2f",
                  "parentUUID": "c788a89b-99c2-4045-9bb3-b14010748858",
                  "isHook": false,
                  "skipped": false
                },
                {
                  "title": "Should throw error if a decimal is larger than the maximum value",
                  "fullTitle": "NEWLY ADDED TESTS FOR ceil.js Negative test cases for ceil.js Should throw error if a decimal is larger than the maximum value",
                  "timedOut": false,
                  "duration": 0,
                  "state": "failed",
                  "speed": null,
                  "pass": false,
                  "fail": true,
                  "pending": false,
                  "context": null,
                  "code": "assert.throws(() => ceil(Number.MAX_VALUE + 1), Error);",
                  "err": {
                    "message": "AssertionError: expected [Function] to throw Error",
                    "estack": "AssertionError: expected [Function] to throw Error\n    at Context.<anonymous> (file:///C:/Users/nurmi/softTesting/test/ceilTest.js:70:20)\n    at process.processImmediate (node:internal/timers:478:21)",
                    "diff": null
                  },
                  "uuid": "a9943efa-45c5-4107-995c-62eb9c5a1f9d",
                  "parentUUID": "c788a89b-99c2-4045-9bb3-b14010748858",
                  "isHook": false,
                  "skipped": false
                },
                {
                  "title": "Should throw error if a decimal is smaller than the minimum value",
                  "fullTitle": "NEWLY ADDED TESTS FOR ceil.js Negative test cases for ceil.js Should throw error if a decimal is smaller than the minimum value",
                  "timedOut": false,
                  "duration": 1,
                  "state": "failed",
                  "speed": null,
                  "pass": false,
                  "fail": true,
                  "pending": false,
                  "context": null,
                  "code": "assert.throws(() => ceil(Number.MIN_VALUE - 1), Error);",
                  "err": {
                    "message": "AssertionError: expected [Function] to throw Error",
                    "estack": "AssertionError: expected [Function] to throw Error\n    at Context.<anonymous> (file:///C:/Users/nurmi/softTesting/test/ceilTest.js:74:20)\n    at process.processImmediate (node:internal/timers:478:21)",
                    "diff": null
                  },
                  "uuid": "786621f0-d737-4e5f-9ad8-ce4887f96fdd",
                  "parentUUID": "c788a89b-99c2-4045-9bb3-b14010748858",
                  "isHook": false,
                  "skipped": false
                },
                {
                  "title": "Should throw error if positive precision is out of safe integer range",
                  "fullTitle": "NEWLY ADDED TESTS FOR ceil.js Negative test cases for ceil.js Should throw error if positive precision is out of safe integer range",
                  "timedOut": false,
                  "duration": 0,
                  "state": "failed",
                  "speed": null,
                  "pass": false,
                  "fail": true,
                  "pending": false,
                  "context": null,
                  "code": "assert.throws(() => ceil(4.3367, Number.MAX_SAFE_INTEGER + 1), Error);",
                  "err": {
                    "message": "AssertionError: expected [Function] to throw Error",
                    "estack": "AssertionError: expected [Function] to throw Error\n    at Context.<anonymous> (file:///C:/Users/nurmi/softTesting/test/ceilTest.js:78:20)\n    at process.processImmediate (node:internal/timers:478:21)",
                    "diff": null
                  },
                  "uuid": "1c926fa8-621d-409a-ab17-48ac579ae66a",
                  "parentUUID": "c788a89b-99c2-4045-9bb3-b14010748858",
                  "isHook": false,
                  "skipped": false
                },
                {
                  "title": "Should throw error if negative precision is out of safe integer range",
                  "fullTitle": "NEWLY ADDED TESTS FOR ceil.js Negative test cases for ceil.js Should throw error if negative precision is out of safe integer range",
                  "timedOut": false,
                  "duration": 0,
                  "state": "failed",
                  "speed": null,
                  "pass": false,
                  "fail": true,
                  "pending": false,
                  "context": null,
                  "code": "assert.throws(() => ceil(4.3367, Number.MIN_SAFE_INTEGER - 1), Error);",
                  "err": {
                    "message": "AssertionError: expected [Function] to throw Error",
                    "estack": "AssertionError: expected [Function] to throw Error\n    at Context.<anonymous> (file:///C:/Users/nurmi/softTesting/test/ceilTest.js:82:20)\n    at process.processImmediate (node:internal/timers:478:21)",
                    "diff": null
                  },
                  "uuid": "3fc76032-fe87-4f2d-93fc-d4528c380c67",
                  "parentUUID": "c788a89b-99c2-4045-9bb3-b14010748858",
                  "isHook": false,
                  "skipped": false
                }
              ],
              "suites": [],
              "passes": [],
              "failures": [
                "2005bedb-751d-4e70-bfc5-fbb6c6ac8d02",
                "13e6b69d-1648-4e5c-ab12-2796b1117c2f",
                "a9943efa-45c5-4107-995c-62eb9c5a1f9d",
                "786621f0-d737-4e5f-9ad8-ce4887f96fdd",
                "1c926fa8-621d-409a-ab17-48ac579ae66a",
                "3fc76032-fe87-4f2d-93fc-d4528c380c67"
              ],
              "pending": [],
              "skipped": [],
              "duration": 1,
              "root": false,
              "rootEmpty": false,
              "_timeout": 2000
            }
          ],
          "passes": [],
          "failures": [],
          "pending": [],
          "skipped": [],
          "duration": 0,
          "root": false,
          "rootEmpty": false,
          "_timeout": 2000
        },
        {
          "uuid": "9d011b74-face-42ce-9fe2-49bb00021488",
          "title": "Positive test cases for defaultToAny.js",
          "fullFile": "C:\\Users\\nurmi\\softTesting\\test\\defaultToAnyTest.js",
          "file": "\\test\\defaultToAnyTest.js",
          "beforeHooks": [],
          "afterHooks": [],
          "tests": [
            {
              "title": "Should return the first value when it is not NaN, null, or undefined",
              "fullTitle": "Positive test cases for defaultToAny.js Should return the first value when it is not NaN, null, or undefined",
              "timedOut": false,
              "duration": 1,
              "state": "passed",
              "speed": "fast",
              "pass": true,
              "fail": false,
              "pending": false,
              "context": null,
              "code": "assert.equal(defaultToAny(1, 10, 20), 1);",
              "err": {},
              "uuid": "552126bb-42bf-4b3a-8663-c92c56d784af",
              "parentUUID": "9d011b74-face-42ce-9fe2-49bb00021488",
              "isHook": false,
              "skipped": false
            },
            {
              "title": "Should return the first non-NaN, non-null, or non-undefined default value value is undefined",
              "fullTitle": "Positive test cases for defaultToAny.js Should return the first non-NaN, non-null, or non-undefined default value value is undefined",
              "timedOut": false,
              "duration": 1,
              "state": "passed",
              "speed": "fast",
              "pass": true,
              "fail": false,
              "pending": false,
              "context": null,
              "code": "assert.equal(defaultToAny(undefined, 10, 20), 10);",
              "err": {},
              "uuid": "0e89158e-f452-408f-a753-b66ca194d436",
              "parentUUID": "9d011b74-face-42ce-9fe2-49bb00021488",
              "isHook": false,
              "skipped": false
            },
            {
              "title": "Should return the first non-NaN, non-null, or non-undefined default value when value is NaN and there are valid defaults",
              "fullTitle": "Positive test cases for defaultToAny.js Should return the first non-NaN, non-null, or non-undefined default value when value is NaN and there are valid defaults",
              "timedOut": false,
              "duration": 0,
              "state": "failed",
              "speed": null,
              "pass": false,
              "fail": true,
              "pending": false,
              "context": null,
              "code": "assert.equal(defaultToAny(NaN, null, 20), 20);",
              "err": {
                "message": "AssertionError: expected NaN to equal 20",
                "estack": "AssertionError: expected NaN to equal 20\n    at Context.<anonymous> (file:///C:/Users/nurmi/softTesting/test/defaultToAnyTest.js:16:20)\n    at process.processImmediate (node:internal/timers:478:21)",
                "diff": "- NaN\n+ 20\n"
              },
              "uuid": "b8c897db-d9e5-41de-9d76-9368b8583600",
              "parentUUID": "9d011b74-face-42ce-9fe2-49bb00021488",
              "isHook": false,
              "skipped": false
            },
            {
              "title": "Should return the first non-NaN, non-null, or non-undefined default value when value is null and there are valid defaults",
              "fullTitle": "Positive test cases for defaultToAny.js Should return the first non-NaN, non-null, or non-undefined default value when value is null and there are valid defaults",
              "timedOut": false,
              "duration": 0,
              "state": "failed",
              "speed": null,
              "pass": false,
              "fail": true,
              "pending": false,
              "context": null,
              "code": "assert.equal(defaultToAny(null, NaN, 30), 30);",
              "err": {
                "message": "AssertionError: expected NaN to equal 30",
                "estack": "AssertionError: expected NaN to equal 30\n    at Context.<anonymous> (file:///C:/Users/nurmi/softTesting/test/defaultToAnyTest.js:20:20)\n    at process.processImmediate (node:internal/timers:478:21)",
                "diff": "- NaN\n+ 30\n"
              },
              "uuid": "3c51d6f7-e141-49ed-b7f3-bf8e710d5901",
              "parentUUID": "9d011b74-face-42ce-9fe2-49bb00021488",
              "isHook": false,
              "skipped": false
            },
            {
              "title": "Should return the first non-Nan, non-null or non-undefined default value when value is undefined and there are valid defaults",
              "fullTitle": "Positive test cases for defaultToAny.js Should return the first non-Nan, non-null or non-undefined default value when value is undefined and there are valid defaults",
              "timedOut": false,
              "duration": 0,
              "state": "failed",
              "speed": null,
              "pass": false,
              "fail": true,
              "pending": false,
              "context": null,
              "code": "assert.equal(defaultToAny(undefined, NaN, null, 50), 50);",
              "err": {
                "message": "AssertionError: expected NaN to equal 50",
                "estack": "AssertionError: expected NaN to equal 50\n    at Context.<anonymous> (file:///C:/Users/nurmi/softTesting/test/defaultToAnyTest.js:24:20)\n    at process.processImmediate (node:internal/timers:478:21)",
                "diff": "- NaN\n+ 50\n"
              },
              "uuid": "6abaa5f0-74ae-4027-ad68-4435d5fcdf70",
              "parentUUID": "9d011b74-face-42ce-9fe2-49bb00021488",
              "isHook": false,
              "skipped": false
            },
            {
              "title": "Should return the last default value when the value is undefined and any of the default values are not valid V1",
              "fullTitle": "Positive test cases for defaultToAny.js Should return the last default value when the value is undefined and any of the default values are not valid V1",
              "timedOut": false,
              "duration": 0,
              "state": "passed",
              "speed": "fast",
              "pass": true,
              "fail": false,
              "pending": false,
              "context": null,
              "code": "assert.isNaN(defaultToAny(undefined, NaN, null));",
              "err": {},
              "uuid": "f6e5fe4e-5303-4c98-af46-bbbcfd0768af",
              "parentUUID": "9d011b74-face-42ce-9fe2-49bb00021488",
              "isHook": false,
              "skipped": false
            },
            {
              "title": "Should return the last default value when the value is undefined and any of the default values are not valid V2",
              "fullTitle": "Positive test cases for defaultToAny.js Should return the last default value when the value is undefined and any of the default values are not valid V2",
              "timedOut": false,
              "duration": 0,
              "state": "passed",
              "speed": "fast",
              "pass": true,
              "fail": false,
              "pending": false,
              "context": null,
              "code": "assert.isNaN(defaultToAny(undefined, null, NaN));",
              "err": {},
              "uuid": "c720f25b-acfc-47e3-8682-226b61bd2842",
              "parentUUID": "9d011b74-face-42ce-9fe2-49bb00021488",
              "isHook": false,
              "skipped": false
            },
            {
              "title": "Should return the last default value when the value is NaN and any of the default values are not valid V1",
              "fullTitle": "Positive test cases for defaultToAny.js Should return the last default value when the value is NaN and any of the default values are not valid V1",
              "timedOut": false,
              "duration": 0,
              "state": "failed",
              "speed": null,
              "pass": false,
              "fail": true,
              "pending": false,
              "context": null,
              "code": "assert.isNull(defaultToAny(NaN, undefined, null));",
              "err": {
                "message": "AssertionError: expected NaN to equal null",
                "estack": "AssertionError: expected NaN to equal null\n    at Context.<anonymous> (file:///C:/Users/nurmi/softTesting/test/defaultToAnyTest.js:36:20)\n    at process.processImmediate (node:internal/timers:478:21)",
                "diff": null
              },
              "uuid": "233a2af4-b38b-4aca-b336-449a1c79d955",
              "parentUUID": "9d011b74-face-42ce-9fe2-49bb00021488",
              "isHook": false,
              "skipped": false
            },
            {
              "title": "Should return the last default value when the value is NaN and any of the default values are not valid V2",
              "fullTitle": "Positive test cases for defaultToAny.js Should return the last default value when the value is NaN and any of the default values are not valid V2",
              "timedOut": false,
              "duration": 0,
              "state": "failed",
              "speed": null,
              "pass": false,
              "fail": true,
              "pending": false,
              "context": null,
              "code": "assert.isUndefined(defaultToAny(NaN, null, undefined));",
              "err": {
                "message": "AssertionError: expected NaN to equal undefined",
                "estack": "AssertionError: expected NaN to equal undefined\n    at Context.<anonymous> (file:///C:/Users/nurmi/softTesting/test/defaultToAnyTest.js:40:20)\n    at process.processImmediate (node:internal/timers:478:21)",
                "diff": null
              },
              "uuid": "bb1371b4-da75-480b-82d0-de7c763f0342",
              "parentUUID": "9d011b74-face-42ce-9fe2-49bb00021488",
              "isHook": false,
              "skipped": false
            },
            {
              "title": "Should return the last default value when the value is null and any of the default values are not valid V1",
              "fullTitle": "Positive test cases for defaultToAny.js Should return the last default value when the value is null and any of the default values are not valid V1",
              "timedOut": false,
              "duration": 0,
              "state": "failed",
              "speed": null,
              "pass": false,
              "fail": true,
              "pending": false,
              "context": null,
              "code": "assert.isUndefined(defaultToAny(null, NaN, undefined));",
              "err": {
                "message": "AssertionError: expected NaN to equal undefined",
                "estack": "AssertionError: expected NaN to equal undefined\n    at Context.<anonymous> (file:///C:/Users/nurmi/softTesting/test/defaultToAnyTest.js:45:20)\n    at process.processImmediate (node:internal/timers:478:21)",
                "diff": null
              },
              "uuid": "04983f9f-0113-44b9-bb04-cddf0e1e45ae",
              "parentUUID": "9d011b74-face-42ce-9fe2-49bb00021488",
              "isHook": false,
              "skipped": false
            },
            {
              "title": "Should return the last default value when the value is null and any of the default values are not valid V2",
              "fullTitle": "Positive test cases for defaultToAny.js Should return the last default value when the value is null and any of the default values are not valid V2",
              "timedOut": false,
              "duration": 0,
              "state": "passed",
              "speed": "fast",
              "pass": true,
              "fail": false,
              "pending": false,
              "context": null,
              "code": "assert.isNaN(defaultToAny(null, undefined, NaN));",
              "err": {},
              "uuid": "ea100187-0cb7-47ac-9a88-68a8fbf37cfe",
              "parentUUID": "9d011b74-face-42ce-9fe2-49bb00021488",
              "isHook": false,
              "skipped": false
            }
          ],
          "suites": [],
          "passes": [
            "552126bb-42bf-4b3a-8663-c92c56d784af",
            "0e89158e-f452-408f-a753-b66ca194d436",
            "f6e5fe4e-5303-4c98-af46-bbbcfd0768af",
            "c720f25b-acfc-47e3-8682-226b61bd2842",
            "ea100187-0cb7-47ac-9a88-68a8fbf37cfe"
          ],
          "failures": [
            "b8c897db-d9e5-41de-9d76-9368b8583600",
            "3c51d6f7-e141-49ed-b7f3-bf8e710d5901",
            "6abaa5f0-74ae-4027-ad68-4435d5fcdf70",
            "233a2af4-b38b-4aca-b336-449a1c79d955",
            "bb1371b4-da75-480b-82d0-de7c763f0342",
            "04983f9f-0113-44b9-bb04-cddf0e1e45ae"
          ],
          "pending": [],
          "skipped": [],
          "duration": 2,
          "root": false,
          "rootEmpty": false,
          "_timeout": 2000
        },
        {
          "uuid": "534a0bff-419a-49e9-b209-12c5d63e8461",
          "title": "Positive testing for eq.js",
          "fullFile": "C:\\Users\\nurmi\\softTesting\\test\\eqTest.js",
          "file": "\\test\\eqTest.js",
          "beforeHooks": [],
          "afterHooks": [],
          "tests": [
            {
              "title": "It should be false if two different objects have same contents",
              "fullTitle": "Positive testing for eq.js It should be false if two different objects have same contents",
              "timedOut": false,
              "duration": 0,
              "state": "passed",
              "speed": "fast",
              "pass": true,
              "fail": false,
              "pending": false,
              "context": null,
              "code": "const object1 = {'a': 1};\nconst object2 = {'a': 1};\nassert.equal(eq(object1, object2), false);",
              "err": {},
              "uuid": "c8cc1df9-7290-4eb0-87da-ac0266ba92e1",
              "parentUUID": "534a0bff-419a-49e9-b209-12c5d63e8461",
              "isHook": false,
              "skipped": false
            },
            {
              "title": "It should be true if object is compared to itself",
              "fullTitle": "Positive testing for eq.js It should be true if object is compared to itself",
              "timedOut": false,
              "duration": 0,
              "state": "passed",
              "speed": "fast",
              "pass": true,
              "fail": false,
              "pending": false,
              "context": null,
              "code": "const object = {};\nassert.equal(eq(object, object), true);",
              "err": {},
              "uuid": "b535b40a-51e0-4057-b4fa-ca8207993e92",
              "parentUUID": "534a0bff-419a-49e9-b209-12c5d63e8461",
              "isHook": false,
              "skipped": false
            },
            {
              "title": "It should be true for equal strings",
              "fullTitle": "Positive testing for eq.js It should be true for equal strings",
              "timedOut": false,
              "duration": 0,
              "state": "passed",
              "speed": "fast",
              "pass": true,
              "fail": false,
              "pending": false,
              "context": null,
              "code": "const str1 = \"a\";\nconst str2 = \"a\"\nassert.equal(eq(str1, str2), true);",
              "err": {},
              "uuid": "c0c30b21-b69c-4bb2-a062-099f314c7727",
              "parentUUID": "534a0bff-419a-49e9-b209-12c5d63e8461",
              "isHook": false,
              "skipped": false
            },
            {
              "title": "It should be false for different strings",
              "fullTitle": "Positive testing for eq.js It should be false for different strings",
              "timedOut": false,
              "duration": 0,
              "state": "passed",
              "speed": "fast",
              "pass": true,
              "fail": false,
              "pending": false,
              "context": null,
              "code": "const str1 = \"a\";\nconst str2 = \"b\"\nassert.equal(eq(str1, str2), false);",
              "err": {},
              "uuid": "77fe5a48-9881-4d6c-97b1-3e42a7c8e77e",
              "parentUUID": "534a0bff-419a-49e9-b209-12c5d63e8461",
              "isHook": false,
              "skipped": false
            },
            {
              "title": "It should be true if for equal integers",
              "fullTitle": "Positive testing for eq.js It should be true if for equal integers",
              "timedOut": false,
              "duration": 0,
              "state": "passed",
              "speed": "fast",
              "pass": true,
              "fail": false,
              "pending": false,
              "context": null,
              "code": "const int1 = 1;\nconst int2 = 1;\nassert.equal(eq(int1, int2), true);",
              "err": {},
              "uuid": "f7312782-a89b-40ff-88e6-514cdfd9216b",
              "parentUUID": "534a0bff-419a-49e9-b209-12c5d63e8461",
              "isHook": false,
              "skipped": false
            },
            {
              "title": "It should be false for different integers",
              "fullTitle": "Positive testing for eq.js It should be false for different integers",
              "timedOut": false,
              "duration": 0,
              "state": "passed",
              "speed": "fast",
              "pass": true,
              "fail": false,
              "pending": false,
              "context": null,
              "code": "const int1 = 1;\nconst int2 = 4;\nassert.equal(eq(int1, int2), false);",
              "err": {},
              "uuid": "b940b529-d65c-4763-a4f6-2b6f626390c8",
              "parentUUID": "534a0bff-419a-49e9-b209-12c5d63e8461",
              "isHook": false,
              "skipped": false
            },
            {
              "title": "It should be false for +1 and -1",
              "fullTitle": "Positive testing for eq.js It should be false for +1 and -1",
              "timedOut": false,
              "duration": 0,
              "state": "passed",
              "speed": "fast",
              "pass": true,
              "fail": false,
              "pending": false,
              "context": null,
              "code": "const int1 = 1;\nconst int2 = -1;\nassert.equal(eq(int1, int2), false);",
              "err": {},
              "uuid": "514bfa9e-a0a9-41a9-9af9-44d2c60ab7ea",
              "parentUUID": "534a0bff-419a-49e9-b209-12c5d63e8461",
              "isHook": false,
              "skipped": false
            },
            {
              "title": "It should be true for -0 and +0",
              "fullTitle": "Positive testing for eq.js It should be true for -0 and +0",
              "timedOut": false,
              "duration": 0,
              "state": "passed",
              "speed": "fast",
              "pass": true,
              "fail": false,
              "pending": false,
              "context": null,
              "code": "const int1 = -0;\nconst int2 = 0;\nassert.equal(eq(int1, int2), true);",
              "err": {},
              "uuid": "0178ef6a-da8e-464e-bb19-e3a2a4ebe839",
              "parentUUID": "534a0bff-419a-49e9-b209-12c5d63e8461",
              "isHook": false,
              "skipped": false
            },
            {
              "title": "It should be true for equal decimals",
              "fullTitle": "Positive testing for eq.js It should be true for equal decimals",
              "timedOut": false,
              "duration": 1,
              "state": "passed",
              "speed": "fast",
              "pass": true,
              "fail": false,
              "pending": false,
              "context": null,
              "code": "const deci1 = 1.1;\nconst deci2 = 1.1;\nassert.equal(eq(deci1, deci2), true);",
              "err": {},
              "uuid": "3753f98a-c6c0-42af-b06c-61d3f7bc2f8d",
              "parentUUID": "534a0bff-419a-49e9-b209-12c5d63e8461",
              "isHook": false,
              "skipped": false
            },
            {
              "title": "It should be false for different decimals",
              "fullTitle": "Positive testing for eq.js It should be false for different decimals",
              "timedOut": false,
              "duration": 0,
              "state": "passed",
              "speed": "fast",
              "pass": true,
              "fail": false,
              "pending": false,
              "context": null,
              "code": "const deci1 = 1.1;\nconst deci2 = 2.1;\nassert.equal(eq(deci1, deci2), false);",
              "err": {},
              "uuid": "146624ba-8413-471a-b14b-7981cda4a23e",
              "parentUUID": "534a0bff-419a-49e9-b209-12c5d63e8461",
              "isHook": false,
              "skipped": false
            },
            {
              "title": "It should be false when numbers are different",
              "fullTitle": "Positive testing for eq.js It should be false when numbers are different",
              "timedOut": false,
              "duration": 0,
              "state": "passed",
              "speed": "fast",
              "pass": true,
              "fail": false,
              "pending": false,
              "context": null,
              "code": "const int1 = 1;\nconst deci1 = 2.3;\nassert.equal(eq(int1, deci1), false);",
              "err": {},
              "uuid": "88075bf5-12e9-4b85-af41-36753f40543c",
              "parentUUID": "534a0bff-419a-49e9-b209-12c5d63e8461",
              "isHook": false,
              "skipped": false
            },
            {
              "title": "It should be true when comparing NaN to NaN",
              "fullTitle": "Positive testing for eq.js It should be true when comparing NaN to NaN",
              "timedOut": false,
              "duration": 0,
              "state": "passed",
              "speed": "fast",
              "pass": true,
              "fail": false,
              "pending": false,
              "context": null,
              "code": "const val1 = NaN;\nconst val2 = NaN;\nassert.equal(eq(val1, val2), true);",
              "err": {},
              "uuid": "4f1b549e-4a88-4b96-b002-22b23fc176ca",
              "parentUUID": "534a0bff-419a-49e9-b209-12c5d63e8461",
              "isHook": false,
              "skipped": false
            },
            {
              "title": "It should be true when comparing undefined to undefined",
              "fullTitle": "Positive testing for eq.js It should be true when comparing undefined to undefined",
              "timedOut": false,
              "duration": 0,
              "state": "passed",
              "speed": "fast",
              "pass": true,
              "fail": false,
              "pending": false,
              "context": null,
              "code": "const val1 = undefined\nconst val2 = undefined\nassert.equal(eq(val1, val2), true);",
              "err": {},
              "uuid": "832d1348-da3a-4de0-b3e5-599ba6749ea1",
              "parentUUID": "534a0bff-419a-49e9-b209-12c5d63e8461",
              "isHook": false,
              "skipped": false
            },
            {
              "title": "It should be true when comparing null to null",
              "fullTitle": "Positive testing for eq.js It should be true when comparing null to null",
              "timedOut": false,
              "duration": 0,
              "state": "passed",
              "speed": "fast",
              "pass": true,
              "fail": false,
              "pending": false,
              "context": null,
              "code": "const val1 = null\nconst val2 = null\nassert.equal(eq(val1, val2), true);",
              "err": {},
              "uuid": "2b1e42ec-780f-4f1b-bf22-d7db25b75e39",
              "parentUUID": "534a0bff-419a-49e9-b209-12c5d63e8461",
              "isHook": false,
              "skipped": false
            },
            {
              "title": "It should be true if array is compared to itself",
              "fullTitle": "Positive testing for eq.js It should be true if array is compared to itself",
              "timedOut": false,
              "duration": 0,
              "state": "passed",
              "speed": "fast",
              "pass": true,
              "fail": false,
              "pending": false,
              "context": null,
              "code": "const arr = []\nassert.equal(eq(arr, arr), true);",
              "err": {},
              "uuid": "0e40e62a-2cde-4007-8f6c-9d6e86a4b06f",
              "parentUUID": "534a0bff-419a-49e9-b209-12c5d63e8461",
              "isHook": false,
              "skipped": false
            },
            {
              "title": "It should be false if two different arrays are compared",
              "fullTitle": "Positive testing for eq.js It should be false if two different arrays are compared",
              "timedOut": false,
              "duration": 0,
              "state": "passed",
              "speed": "fast",
              "pass": true,
              "fail": false,
              "pending": false,
              "context": null,
              "code": "const arr1 = [1,2,3,4]\nconst arr2 = [1,2,3]\nassert.equal(eq(arr1, arr2), false);",
              "err": {},
              "uuid": "4febfe39-dec0-44b6-9228-f4b2382c621b",
              "parentUUID": "534a0bff-419a-49e9-b209-12c5d63e8461",
              "isHook": false,
              "skipped": false
            },
            {
              "title": "It should be true if class is compared to itself",
              "fullTitle": "Positive testing for eq.js It should be true if class is compared to itself",
              "timedOut": false,
              "duration": 0,
              "state": "passed",
              "speed": "fast",
              "pass": true,
              "fail": false,
              "pending": false,
              "context": null,
              "code": "class A {}\nassert.equal(eq(A, A), true);",
              "err": {},
              "uuid": "42f51b86-6e9e-44cf-85d5-9040df4ee681",
              "parentUUID": "534a0bff-419a-49e9-b209-12c5d63e8461",
              "isHook": false,
              "skipped": false
            },
            {
              "title": "It should be false if two different classes are compared",
              "fullTitle": "Positive testing for eq.js It should be false if two different classes are compared",
              "timedOut": false,
              "duration": 0,
              "state": "passed",
              "speed": "fast",
              "pass": true,
              "fail": false,
              "pending": false,
              "context": null,
              "code": "class A {\n    constructor(value) {\n        this.value = value;\n    }\n}\nclass B {\n    constructor(value) {\n        this.value = value;\n    }\n}\nassert.equal(eq(A, B), false);",
              "err": {},
              "uuid": "8d4efea9-f450-4d67-9635-b71e850e655e",
              "parentUUID": "534a0bff-419a-49e9-b209-12c5d63e8461",
              "isHook": false,
              "skipped": false
            },
            {
              "title": "It should be true when comparing true to true",
              "fullTitle": "Positive testing for eq.js It should be true when comparing true to true",
              "timedOut": false,
              "duration": 0,
              "state": "passed",
              "speed": "fast",
              "pass": true,
              "fail": false,
              "pending": false,
              "context": null,
              "code": "const bool1 = true\nconst bool2 = true\nassert.equal(eq(bool1, bool2), true);",
              "err": {},
              "uuid": "fc1e3700-000a-47a4-beb0-59f400fdb7e9",
              "parentUUID": "534a0bff-419a-49e9-b209-12c5d63e8461",
              "isHook": false,
              "skipped": false
            },
            {
              "title": "It should be true when comparing false to false",
              "fullTitle": "Positive testing for eq.js It should be true when comparing false to false",
              "timedOut": false,
              "duration": 0,
              "state": "passed",
              "speed": "fast",
              "pass": true,
              "fail": false,
              "pending": false,
              "context": null,
              "code": "const bool1 = false\nconst bool2 = false\nassert.equal(eq(bool1, bool2), true);",
              "err": {},
              "uuid": "96ceac62-0dbc-45b5-937b-6dd42d296ced",
              "parentUUID": "534a0bff-419a-49e9-b209-12c5d63e8461",
              "isHook": false,
              "skipped": false
            },
            {
              "title": "It should be false when comparing false to true",
              "fullTitle": "Positive testing for eq.js It should be false when comparing false to true",
              "timedOut": false,
              "duration": 0,
              "state": "passed",
              "speed": "fast",
              "pass": true,
              "fail": false,
              "pending": false,
              "context": null,
              "code": "const bool1 = true\nconst bool2 = false\nassert.equal(eq(bool1, bool2), false);",
              "err": {},
              "uuid": "00e26d5a-fa7d-46be-ba41-d08a9f044bde",
              "parentUUID": "534a0bff-419a-49e9-b209-12c5d63e8461",
              "isHook": false,
              "skipped": false
            },
            {
              "title": "It should be false when comparing different symbols",
              "fullTitle": "Positive testing for eq.js It should be false when comparing different symbols",
              "timedOut": false,
              "duration": 0,
              "state": "passed",
              "speed": "fast",
              "pass": true,
              "fail": false,
              "pending": false,
              "context": null,
              "code": "const symb1 = Symbol('fool')\nconst symb2 = Symbol('fool')\nassert.equal(eq(symb1, symb2), false);",
              "err": {},
              "uuid": "3526f794-fa7a-40ad-993e-1ead86006f08",
              "parentUUID": "534a0bff-419a-49e9-b209-12c5d63e8461",
              "isHook": false,
[...]
              "err": {},
              "uuid": "5d0edfe8-21c5-4c4e-8b49-69372eb62930",
              "parentUUID": "961bb893-1b0b-4b3d-9d23-027cb6fad41a",
              "isHook": false,
              "skipped": false
            },
            {
              "title": "Should return NaN when undefined",
              "fullTitle": "Positive testing for toNumber.js Should return NaN when undefined",
              "timedOut": false,
              "duration": 0,
              "state": "passed",
              "speed": "fast",
              "pass": true,
              "fail": false,
              "pending": false,
              "context": null,
              "code": "assert.isNaN(toNumber(undefined));",
              "err": {},
              "uuid": "2b4d8117-1ab8-45a0-ac04-292a8abf82cd",
              "parentUUID": "961bb893-1b0b-4b3d-9d23-027cb6fad41a",
              "isHook": false,
              "skipped": false
            }
          ],
          "suites": [],
          "passes": [
            "0053d2f0-2b92-492d-adcc-971105e46ba2",
            "5953bd11-1a56-48bd-bcd1-f17dd0f233a4",
            "52d55a88-3491-4c84-83f3-906d69103cbd",
            "7806f9ef-ad5b-4f64-8374-1d2f5712e974",
            "70d34a97-bc37-4a71-ba4d-a7648bb5f2f5",
            "e0c42c3b-02be-4e9f-b2e0-8d2d018e36c7",
            "4ea1447c-d680-4b4a-a253-d4917a8eab71",
            "51d34be0-385c-46d5-a098-375cd4680097",
            "ce86e08e-c4d9-4d56-8e01-fd47b2afe2e4",
            "05fa1cf8-668a-49c1-95e1-d11e697f427a",
            "374e5e50-3cdb-43f8-b4f3-3ee715d720e9",
            "cf65b775-b2b1-413b-8503-779169b4756f",
            "ee5279a3-c7f5-414b-bf36-198c75955d4e",
            "15289563-ec3a-4bcf-ac6d-978118b62c03",
            "3464bad4-e456-4700-a021-c82955e566f8",
            "490935e2-6158-48d9-a61e-5debba3af037",
            "14a454e9-6a0b-46ce-96ba-15eb749ea9d4",
            "3c2d5383-46bf-4e7b-b473-146987ff0769",
            "2d9fcfe1-d9ca-4e6f-a873-92f25bdddabb",
            "48c7f063-41a5-4f2c-901e-8d35b8411850",
            "2ea94747-0148-4b88-9438-6398d0e7d421",
            "13856b24-2aa0-47ed-aa14-37fbef5a0a6c",
            "b20b5c88-da1f-43fa-813f-e73a81f5def5",
            "c82843af-680a-42e6-93f4-4e4e32e9059c",
            "5d0edfe8-21c5-4c4e-8b49-69372eb62930",
            "2b4d8117-1ab8-45a0-ac04-292a8abf82cd"
          ],
          "failures": [],
          "pending": [],
          "skipped": [],
          "duration": 3,
          "root": false,
          "rootEmpty": false,
          "_timeout": 2000
        },
        {
          "uuid": "487b7d16-9ae0-40d8-a18c-2bf6a39f4fc0",
          "title": "Positive testing for toString.js",
          "fullFile": "C:\\Users\\nurmi\\softTesting\\test\\toStringTest.js",
          "file": "\\test\\toStringTest.js",
          "beforeHooks": [],
          "afterHooks": [],
          "tests": [
            {
              "title": "Should return empty string for null",
              "fullTitle": "Positive testing for toString.js Should return empty string for null",
              "timedOut": false,
              "duration": 0,
              "state": "failed",
              "speed": null,
              "pass": false,
              "fail": true,
              "pending": false,
              "context": null,
              "code": "assert.equal(toString(null), \"\");",
              "err": {
                "message": "AssertionError: expected 'null' to equal ''",
                "estack": "AssertionError: expected 'null' to equal ''\n    at Context.<anonymous> (file:///C:/Users/nurmi/softTesting/test/toStringTest.js:8:16)\n    at process.processImmediate (node:internal/timers:478:21)",
                "diff": "- null\n"
              },
              "uuid": "6694db50-b018-4d66-a518-4dcc7b886e8c",
              "parentUUID": "487b7d16-9ae0-40d8-a18c-2bf6a39f4fc0",
              "isHook": false,
              "skipped": false
            },
            {
              "title": "Should return empty string for undefined",
              "fullTitle": "Positive testing for toString.js Should return empty string for undefined",
              "timedOut": false,
              "duration": 0,
              "state": "failed",
              "speed": null,
              "pass": false,
              "fail": true,
              "pending": false,
              "context": null,
              "code": "assert.equal(toString(undefined), \"\");",
              "err": {
                "message": "AssertionError: expected 'undefined' to equal ''",
                "estack": "AssertionError: expected 'undefined' to equal ''\n    at Context.<anonymous> (file:///C:/Users/nurmi/softTesting/test/toStringTest.js:11:16)\n    at process.processImmediate (node:internal/timers:478:21)",
                "diff": "- undefined\n"
              },
              "uuid": "4894cf1f-8126-4dc5-927d-34023491d366",
              "parentUUID": "487b7d16-9ae0-40d8-a18c-2bf6a39f4fc0",
              "isHook": false,
              "skipped": false
            },
            {
              "title": "Should return positive integer as string",
              "fullTitle": "Positive testing for toString.js Should return positive integer as string",
              "timedOut": false,
              "duration": 0,
              "state": "passed",
              "speed": "fast",
              "pass": true,
              "fail": false,
              "pending": false,
              "context": null,
              "code": "assert.equal(toString(4), \"4\");",
              "err": {},
              "uuid": "2f3c3b9d-131f-4b58-a45a-caa776986898",
              "parentUUID": "487b7d16-9ae0-40d8-a18c-2bf6a39f4fc0",
              "isHook": false,
              "skipped": false
            },
            {
              "title": "Should preserve the sign for '-0'",
              "fullTitle": "Positive testing for toString.js Should preserve the sign for '-0'",
              "timedOut": false,
              "duration": 0,
              "state": "passed",
              "speed": "fast",
              "pass": true,
              "fail": false,
              "pending": false,
              "context": null,
              "code": "assert.equal(toString(-0), \"-0\");",
              "err": {},
              "uuid": "2d6bd650-0205-4689-b526-197d171dd01e",
              "parentUUID": "487b7d16-9ae0-40d8-a18c-2bf6a39f4fc0",
              "isHook": false,
              "skipped": false
            },
            {
              "title": "Should return positive decimal as string",
              "fullTitle": "Positive testing for toString.js Should return positive decimal as string",
              "timedOut": false,
              "duration": 0,
              "state": "passed",
              "speed": "fast",
              "pass": true,
              "fail": false,
              "pending": false,
              "context": null,
              "code": "assert.equal(toString(0.1), \"0.1\");",
              "err": {},
              "uuid": "3dfbb3f9-c204-45ae-b700-a63561944e23",
              "parentUUID": "487b7d16-9ae0-40d8-a18c-2bf6a39f4fc0",
              "isHook": false,
              "skipped": false
            },
            {
              "title": "Should preserve the sign for '-4.1'",
              "fullTitle": "Positive testing for toString.js Should preserve the sign for '-4.1'",
              "timedOut": false,
              "duration": 0,
              "state": "passed",
              "speed": "fast",
              "pass": true,
              "fail": false,
              "pending": false,
              "context": null,
              "code": "assert.equal(toString(-4.1), \"-4.1\");",
              "err": {},
              "uuid": "145e3dbc-6af7-4d15-bdda-d50db8da5142",
              "parentUUID": "487b7d16-9ae0-40d8-a18c-2bf6a39f4fc0",
              "isHook": false,
              "skipped": false
            },
            {
              "title": "Should return array as string",
              "fullTitle": "Positive testing for toString.js Should return array as string",
              "timedOut": false,
              "duration": 0,
              "state": "passed",
              "speed": "fast",
              "pass": true,
              "fail": false,
              "pending": false,
              "context": null,
              "code": "assert.equal(toString([1,2,3]), \"1,2,3\");",
              "err": {},
              "uuid": "de1ddc8f-044a-4be0-8a60-33ac2b1fdbab",
              "parentUUID": "487b7d16-9ae0-40d8-a18c-2bf6a39f4fc0",
              "isHook": false,
              "skipped": false
            },
            {
              "title": "Should return empty array as empty string",
              "fullTitle": "Positive testing for toString.js Should return empty array as empty string",
              "timedOut": false,
              "duration": 0,
              "state": "passed",
              "speed": "fast",
              "pass": true,
              "fail": false,
              "pending": false,
              "context": null,
              "code": "assert.equal(toString([]), \"\");",
              "err": {},
              "uuid": "2cd05133-7272-4f3a-93d9-511a2c2f627e",
              "parentUUID": "487b7d16-9ae0-40d8-a18c-2bf6a39f4fc0",
              "isHook": false,
              "skipped": false
            },
            {
              "title": "Should work with nested arrays ",
              "fullTitle": "Positive testing for toString.js Should work with nested arrays ",
              "timedOut": false,
              "duration": 1,
              "state": "passed",
              "speed": "fast",
              "pass": true,
              "fail": false,
              "pending": false,
              "context": null,
              "code": "const arr = [[1,2], [3,4]]\nassert.equal(toString(arr), \"1,2,3,4\");",
              "err": {},
              "uuid": "37ad85f4-5581-41be-a136-bebb4d552e7a",
              "parentUUID": "487b7d16-9ae0-40d8-a18c-2bf6a39f4fc0",
              "isHook": false,
              "skipped": false
            },
            {
              "title": "Should work with nested arrays with null values in it ",
              "fullTitle": "Positive testing for toString.js Should work with nested arrays with null values in it ",
              "timedOut": false,
              "duration": 0,
              "state": "passed",
              "speed": "fast",
              "pass": true,
              "fail": false,
              "pending": false,
              "context": null,
              "code": "const arr = [[1, null], [3, 4]]\nassert.equal(toString(arr), \"1,,3,4\");",
              "err": {},
              "uuid": "a641c9ee-5d7c-4f78-94f3-56948fee333c",
              "parentUUID": "487b7d16-9ae0-40d8-a18c-2bf6a39f4fc0",
              "isHook": false,
              "skipped": false
            },
            {
              "title": "Should return string as string",
              "fullTitle": "Positive testing for toString.js Should return string as string",
              "timedOut": false,
              "duration": 0,
              "state": "passed",
              "speed": "fast",
              "pass": true,
              "fail": false,
              "pending": false,
              "context": null,
              "code": "assert.equal(toString(\"5\"), \"5\");",
              "err": {},
              "uuid": "839ef462-aa9f-4b9c-9b2d-2f6ec7f7cdbc",
              "parentUUID": "487b7d16-9ae0-40d8-a18c-2bf6a39f4fc0",
              "isHook": false,
              "skipped": false
            },
            {
              "title": "Should return symbol as string",
              "fullTitle": "Positive testing for toString.js Should return symbol as string",
              "timedOut": false,
              "duration": 0,
              "state": "passed",
              "speed": "fast",
              "pass": true,
              "fail": false,
              "pending": false,
              "context": null,
              "code": "const symb = Symbol(\"x\")\nassert.equal(toString(symb), \"Symbol(x)\");",
              "err": {},
              "uuid": "14630841-83d4-4b16-a3ae-e6f8a526ae06",
              "parentUUID": "487b7d16-9ae0-40d8-a18c-2bf6a39f4fc0",
              "isHook": false,
              "skipped": false
            },
            {
              "title": "Should return boolean as string",
              "fullTitle": "Positive testing for toString.js Should return boolean as string",
              "timedOut": false,
              "duration": 0,
              "state": "passed",
              "speed": "fast",
              "pass": true,
              "fail": false,
              "pending": false,
              "context": null,
              "code": "assert.equal(toString(true), \"true\");",
              "err": {},
              "uuid": "5018d12a-b10b-44ef-a32d-1288acede0c6",
              "parentUUID": "487b7d16-9ae0-40d8-a18c-2bf6a39f4fc0",
              "isHook": false,
              "skipped": false
            },
            {
              "title": "Should return boolean as string",
              "fullTitle": "Positive testing for toString.js Should return boolean as string",
              "timedOut": false,
              "duration": 0,
              "state": "passed",
              "speed": "fast",
              "pass": true,
              "fail": false,
              "pending": false,
              "context": null,
              "code": "assert.equal(toString(false), \"false\");",
              "err": {},
              "uuid": "25406910-2885-49ab-b021-013cbc641ed1",
              "parentUUID": "487b7d16-9ae0-40d8-a18c-2bf6a39f4fc0",
              "isHook": false,
              "skipped": false
            },
            {
              "title": "Should work with sets ",
              "fullTitle": "Positive testing for toString.js Should work with sets ",
              "timedOut": false,
              "duration": 0,
              "state": "passed",
              "speed": "fast",
              "pass": true,
              "fail": false,
              "pending": false,
              "context": null,
              "code": "assert.equal(toString(new Set([1,2])), \"[object Set]\");",
              "err": {},
              "uuid": "4007505d-37ca-4ecc-8eab-7d02647b3eae",
              "parentUUID": "487b7d16-9ae0-40d8-a18c-2bf6a39f4fc0",
              "isHook": false,
              "skipped": false
            },
            {
              "title": "Should work with maps ",
              "fullTitle": "Positive testing for toString.js Should work with maps ",
              "timedOut": false,
              "duration": 0,
              "state": "passed",
              "speed": "fast",
              "pass": true,
              "fail": false,
              "pending": false,
              "context": null,
              "code": "assert.equal(toString(new Map([[1, 2]])), \"[object Map]\");",
              "err": {},
              "uuid": "6db9be0e-f3df-4807-9513-d3caba933b72",
              "parentUUID": "487b7d16-9ae0-40d8-a18c-2bf6a39f4fc0",
              "isHook": false,
              "skipped": false
            },
            {
              "title": "Should work with objects ",
              "fullTitle": "Positive testing for toString.js Should work with objects ",
              "timedOut": false,
              "duration": 0,
              "state": "passed",
              "speed": "fast",
              "pass": true,
              "fail": false,
              "pending": false,
              "context": null,
              "code": "assert.equal(toString({'a':1}), \"[object Object]\");",
              "err": {},
              "uuid": "6073c901-168c-417e-ab38-372841b01e03",
              "parentUUID": "487b7d16-9ae0-40d8-a18c-2bf6a39f4fc0",
              "isHook": false,
              "skipped": false
            },
            {
              "title": "Should return NaN as string ",
              "fullTitle": "Positive testing for toString.js Should return NaN as string ",
              "timedOut": false,
              "duration": 0,
              "state": "passed",
              "speed": "fast",
              "pass": true,
              "fail": false,
              "pending": false,
              "context": null,
              "code": "assert.equal(toString(NaN), \"NaN\");",
              "err": {},
              "uuid": "561b96dd-fbf8-4233-82b0-c98c005bf2f4",
              "parentUUID": "487b7d16-9ae0-40d8-a18c-2bf6a39f4fc0",
              "isHook": false,
              "skipped": false
            },
            {
              "title": "Should return Infinity as string ",
              "fullTitle": "Positive testing for toString.js Should return Infinity as string ",
              "timedOut": false,
              "duration": 0,
              "state": "passed",
              "speed": "fast",
              "pass": true,
              "fail": false,
              "pending": false,
              "context": null,
              "code": "assert.equal(toString(Infinity), \"Infinity\");",
              "err": {},
              "uuid": "23d08180-6e5b-4781-bd6d-d6e35e4889fd",
              "parentUUID": "487b7d16-9ae0-40d8-a18c-2bf6a39f4fc0",
              "isHook": false,
              "skipped": false
            },
            {
              "title": "Should return -Infinity as string ",
              "fullTitle": "Positive testing for toString.js Should return -Infinity as string ",
              "timedOut": false,
              "duration": 0,
              "state": "passed",
              "speed": "fast",
              "pass": true,
              "fail": false,
              "pending": false,
              "context": null,
              "code": "assert.equal(toString(-Infinity), \"-Infinity\");",
              "err": {},
              "uuid": "9c0a6903-cf3a-4592-b28f-05fac60d05fb",
              "parentUUID": "487b7d16-9ae0-40d8-a18c-2bf6a39f4fc0",
              "isHook": false,
              "skipped": false
            }
          ],
          "suites": [],
          "passes": [
            "2f3c3b9d-131f-4b58-a45a-caa776986898",
            "2d6bd650-0205-4689-b526-197d171dd01e",
            "3dfbb3f9-c204-45ae-b700-a63561944e23",
            "145e3dbc-6af7-4d15-bdda-d50db8da5142",
            "de1ddc8f-044a-4be0-8a60-33ac2b1fdbab",
            "2cd05133-7272-4f3a-93d9-511a2c2f627e",
            "37ad85f4-5581-41be-a136-bebb4d552e7a",
            "a641c9ee-5d7c-4f78-94f3-56948fee333c",
            "839ef462-aa9f-4b9c-9b2d-2f6ec7f7cdbc",
            "14630841-83d4-4b16-a3ae-e6f8a526ae06",
            "5018d12a-b10b-44ef-a32d-1288acede0c6",
            "25406910-2885-49ab-b021-013cbc641ed1",
            "4007505d-37ca-4ecc-8eab-7d02647b3eae",
            "6db9be0e-f3df-4807-9513-d3caba933b72",
            "6073c901-168c-417e-ab38-372841b01e03",
            "561b96dd-fbf8-4233-82b0-c98c005bf2f4",
            "23d08180-6e5b-4781-bd6d-d6e35e4889fd",
            "9c0a6903-cf3a-4592-b28f-05fac60d05fb"
          ],
          "failures": [
            "6694db50-b018-4d66-a518-4dcc7b886e8c",
            "4894cf1f-8126-4dc5-927d-34023491d366"
          ],
          "pending": [],
          "skipped": [],
          "duration": 1,
          "root": false,
          "rootEmpty": false,
          "_timeout": 2000
        }
      ],
      "passes": [],
      "failures": [],
      "pending": [],
      "skipped": [],
      "duration": 0,
      "root": true,
      "rootEmpty": true,
      "_timeout": 2000
    }
  ],
  "meta": {
    "mocha": {
      "version": "11.7.5"
    },
    "mochawesome": {
      "options": {
        "quiet": false,
        "reportFilename": "mochawesome",
        "saveHtml": true,
        "saveJson": true,
        "consoleReporter": "spec",
        "useInlineDiffs": false,
        "code": true
      },
      "version": "7.1.4"
    },
    "marge": {
      "options": null,
      "version": "6.3.2"
    }
  }
}