{
  "stats": {
    "suites": 18,
    "tests": 143,
    "passes": 108,
    "pending": 0,
    "failures": 35,
    "start": "2025-11-23T17:29:51.421Z",
    "end": "2025-11-23T17:29:51.470Z",
    "duration": 49,
    "testsRegistered": 143,
    "passPercent": 75.52447552447552,
    "pendingPercent": 0,
    "other": 0,
    "hasOther": false,
    "skipped": 0,
    "hasSkipped": false
  },
  "results": [
    {
      "uuid": "7bf985dc-37c8-4349-a5cc-09b95b777382",
      "title": "",
      "fullFile": "",
      "file": "",
      "beforeHooks": [],
      "afterHooks": [],
      "tests": [],
      "suites": [
        {
          "uuid": "7594afde-49bf-433a-8a7a-f065ad62de81",
          "title": "Positive testing for add.js",
          "fullFile": "/home/elmeripk/sw_testing_gw/test/addTest.js",
          "file": "/test/addTest.js",
          "beforeHooks": [],
          "afterHooks": [],
          "tests": [
            {
              "title": "It should sum two positive integers correctly",
              "fullTitle": "Positive testing for add.js It should sum two positive integers correctly",
              "timedOut": false,
              "duration": 0,
              "state": "passed",
              "speed": "fast",
              "pass": true,
              "fail": false,
              "pending": false,
              "context": null,
              "code": "const augend = 6;\n        const addend = 4;\n        assert.equal(add(augend, addend), 10);",
              "err": {},
              "uuid": "daf38f7a-743a-458d-9061-b753b2fea120",
              "parentUUID": "7594afde-49bf-433a-8a7a-f065ad62de81",
              "isHook": false,
              "skipped": false
            },
            {
              "title": "It should sum two negative integers correctly",
              "fullTitle": "Positive testing for add.js It should sum two negative integers correctly",
              "timedOut": false,
              "duration": 0,
              "state": "passed",
              "speed": "fast",
              "pass": true,
              "fail": false,
              "pending": false,
              "context": null,
              "code": "const augend = -2;\n        const addend = -8;\n        assert.equal(add(augend, addend), -10);",
              "err": {},
              "uuid": "350fae57-ab7c-4ad3-859f-d6d77631f724",
              "parentUUID": "7594afde-49bf-433a-8a7a-f065ad62de81",
              "isHook": false,
              "skipped": false
            },
            {
              "title": "It should sum positive and negative integers correctly",
              "fullTitle": "Positive testing for add.js It should sum positive and negative integers correctly",
              "timedOut": false,
              "duration": 0,
              "state": "passed",
              "speed": "fast",
              "pass": true,
              "fail": false,
              "pending": false,
              "context": null,
              "code": "const augend = -4;\n        const addend = 6;\n        assert.equal(add(augend, addend), 2);",
              "err": {},
              "uuid": "53a68ae0-6183-4567-8241-84c13ac9d74d",
              "parentUUID": "7594afde-49bf-433a-8a7a-f065ad62de81",
              "isHook": false,
              "skipped": false
            },
            {
              "title": "It should sum positive integer and zero addend correctly",
              "fullTitle": "Positive testing for add.js It should sum positive integer and zero addend correctly",
              "timedOut": false,
              "duration": 0,
              "state": "passed",
              "speed": "fast",
              "pass": true,
              "fail": false,
              "pending": false,
              "context": null,
              "code": "const augend = 3;\n        const addend = 0;\n        assert.equal(add(augend, addend), 3);",
              "err": {},
              "uuid": "da772d3a-d917-4a8f-a9e6-631afd412554",
              "parentUUID": "7594afde-49bf-433a-8a7a-f065ad62de81",
              "isHook": false,
              "skipped": false
            },
            {
              "title": "It should sum zero augend and negative integer correctly",
              "fullTitle": "Positive testing for add.js It should sum zero augend and negative integer correctly",
              "timedOut": false,
              "duration": 0,
              "state": "passed",
              "speed": "fast",
              "pass": true,
              "fail": false,
              "pending": false,
              "context": null,
              "code": "const augend = 0;\n        const addend = -2;\n        assert.equal(add(augend, addend), -2);",
              "err": {},
              "uuid": "963291e7-afcd-4dba-999d-897644815df8",
              "parentUUID": "7594afde-49bf-433a-8a7a-f065ad62de81",
              "isHook": false,
              "skipped": false
            },
            {
              "title": "It should sum two positive decimals correctly",
              "fullTitle": "Positive testing for add.js It should sum two positive decimals correctly",
              "timedOut": false,
              "duration": 0,
              "state": "passed",
              "speed": "fast",
              "pass": true,
              "fail": false,
              "pending": false,
              "context": null,
              "code": "const augend = 2.1;\n        const addend = 3.3;\n        assert.equal(add(augend, addend), 5.4);",
              "err": {},
              "uuid": "23b2af00-6c53-45a9-902f-ea53a427ec43",
              "parentUUID": "7594afde-49bf-433a-8a7a-f065ad62de81",
              "isHook": false,
              "skipped": false
            },
            {
              "title": "It should sum positve decimal and integer correctly",
              "fullTitle": "Positive testing for add.js It should sum positve decimal and integer correctly",
              "timedOut": false,
              "duration": 0,
              "state": "passed",
              "speed": "fast",
              "pass": true,
              "fail": false,
              "pending": false,
              "context": null,
              "code": "const augend = 2.1;\n        const addend = 4;\n        assert.equal(add(augend, addend), 6.1);",
              "err": {},
              "uuid": "f6720524-2469-4f21-b2d8-aaa0faa01cae",
              "parentUUID": "7594afde-49bf-433a-8a7a-f065ad62de81",
              "isHook": false,
              "skipped": false
            }
          ],
          "suites": [],
          "passes": [
            "daf38f7a-743a-458d-9061-b753b2fea120",
            "350fae57-ab7c-4ad3-859f-d6d77631f724",
            "53a68ae0-6183-4567-8241-84c13ac9d74d",
            "da772d3a-d917-4a8f-a9e6-631afd412554",
            "963291e7-afcd-4dba-999d-897644815df8",
            "23b2af00-6c53-45a9-902f-ea53a427ec43",
            "f6720524-2469-4f21-b2d8-aaa0faa01cae"
          ],
          "failures": [],
          "pending": [],
          "skipped": [],
          "duration": 0,
          "root": false,
          "rootEmpty": false,
          "_timeout": 2000
        },
        {
          "uuid": "875055e1-5308-4719-9964-eb559ba326a2",
          "title": "Negative testing for add.js",
          "fullFile": "/home/elmeripk/sw_testing_gw/test/addTest.js",
          "file": "/test/addTest.js",
          "beforeHooks": [],
          "afterHooks": [],
          "tests": [
            {
              "title": "It should throw error if augend is undefined",
              "fullTitle": "Negative testing for add.js It should throw error if augend is undefined",
              "timedOut": false,
              "duration": 1,
              "state": "failed",
              "speed": null,
              "pass": false,
              "fail": true,
              "pending": false,
              "context": null,
              "code": "const augend = undefined;\n        const addend = 2;\n        expect(() => add(augend, addend)).to.throw(Error)",
              "err": {
                "message": "AssertionError: expected [Function] to throw Error",
                "estack": "AssertionError: expected [Function] to throw Error\n    at Context.<anonymous> (file:///home/elmeripk/sw_testing_gw/test/addTest.js:72:51)\n    at process.processImmediate (node:internal/timers:511:21)",
                "diff": null
              },
              "uuid": "ba1217a7-6864-4951-98f5-34a553368c19",
              "parentUUID": "875055e1-5308-4719-9964-eb559ba326a2",
              "isHook": false,
              "skipped": false
            },
            {
              "title": "It should throw error if addend is undefined",
              "fullTitle": "Negative testing for add.js It should throw error if addend is undefined",
              "timedOut": false,
              "duration": 0,
              "state": "failed",
              "speed": null,
              "pass": false,
              "fail": true,
              "pending": false,
              "context": null,
              "code": "const augend = 3;\n        const addend = undefined;\n        expect(() => add(augend, addend)).to.throw(Error)",
              "err": {
                "message": "AssertionError: expected [Function] to throw Error",
                "estack": "AssertionError: expected [Function] to throw Error\n    at Context.<anonymous> (file:///home/elmeripk/sw_testing_gw/test/addTest.js:80:51)\n    at process.processImmediate (node:internal/timers:511:21)",
                "diff": null
              },
              "uuid": "452ed3ff-c528-408c-a413-3528ba360fe3",
              "parentUUID": "875055e1-5308-4719-9964-eb559ba326a2",
              "isHook": false,
              "skipped": false
            },
            {
              "title": "It should throw error if augend is string",
              "fullTitle": "Negative testing for add.js It should throw error if augend is string",
              "timedOut": false,
              "duration": 0,
              "state": "failed",
              "speed": null,
              "pass": false,
              "fail": true,
              "pending": false,
              "context": null,
              "code": "const augend = \"6\";\n        const addend = 4;\n        expect(() => add(augend, addend)).to.throw(Error);",
              "err": {
                "message": "AssertionError: expected [Function] to throw Error",
                "estack": "AssertionError: expected [Function] to throw Error\n    at Context.<anonymous> (file:///home/elmeripk/sw_testing_gw/test/addTest.js:88:51)\n    at process.processImmediate (node:internal/timers:511:21)",
                "diff": null
              },
              "uuid": "921ea49a-56c3-462c-9154-a86c7fb88407",
              "parentUUID": "875055e1-5308-4719-9964-eb559ba326a2",
              "isHook": false,
              "skipped": false
            },
            {
              "title": "It should throw error if addend is string",
              "fullTitle": "Negative testing for add.js It should throw error if addend is string",
              "timedOut": false,
              "duration": 0,
              "state": "failed",
              "speed": null,
              "pass": false,
              "fail": true,
              "pending": false,
              "context": null,
              "code": "const augend = 6;\n        const addend = \"4\";\n        expect(() => add(augend, addend)).to.throw(Error);",
              "err": {
                "message": "AssertionError: expected [Function] to throw Error",
                "estack": "AssertionError: expected [Function] to throw Error\n    at Context.<anonymous> (file:///home/elmeripk/sw_testing_gw/test/addTest.js:96:51)\n    at process.processImmediate (node:internal/timers:511:21)",
                "diff": null
              },
              "uuid": "684609bc-d405-4614-81e1-b363b93f451b",
              "parentUUID": "875055e1-5308-4719-9964-eb559ba326a2",
              "isHook": false,
              "skipped": false
            }
          ],
          "suites": [],
          "passes": [],
          "failures": [
            "ba1217a7-6864-4951-98f5-34a553368c19",
            "452ed3ff-c528-408c-a413-3528ba360fe3",
            "921ea49a-56c3-462c-9154-a86c7fb88407",
            "684609bc-d405-4614-81e1-b363b93f451b"
          ],
          "pending": [],
          "skipped": [],
          "duration": 1,
          "root": false,
          "rootEmpty": false,
          "_timeout": 2000
        },
        {
          "uuid": "6c5bf8ae-f4cb-4af0-aa10-6c76423c2e08",
          "title": "TESTS BASED ON TEST PLAN",
          "fullFile": "/home/elmeripk/sw_testing_gw/test/ceilTest.js",
          "file": "/test/ceilTest.js",
          "beforeHooks": [],
          "afterHooks": [],
          "tests": [],
          "suites": [
            {
              "uuid": "89cfaedf-48e6-4dd8-ba1e-da40139cc509",
              "title": "Positive test cases for ceil.js",
              "fullFile": "/home/elmeripk/sw_testing_gw/test/ceilTest.js",
              "file": "/test/ceilTest.js",
              "beforeHooks": [],
              "afterHooks": [],
              "tests": [
                {
                  "title": "Should keep an integer without precisions specified unchanged",
                  "fullTitle": "TESTS BASED ON TEST PLAN Positive test cases for ceil.js Should keep an integer without precisions specified unchanged",
                  "timedOut": false,
                  "duration": 0,
                  "state": "passed",
                  "speed": "fast",
                  "pass": true,
                  "fail": false,
                  "pending": false,
                  "context": null,
                  "code": "assert.equal(ceil(6), 6)",
                  "err": {},
                  "uuid": "42554e2f-4e3d-4dcc-ae02-793bacc7285f",
                  "parentUUID": "89cfaedf-48e6-4dd8-ba1e-da40139cc509",
                  "isHook": false,
                  "skipped": false
                },
                {
                  "title": "Should round decimals up to nearest integer by default",
                  "fullTitle": "TESTS BASED ON TEST PLAN Positive test cases for ceil.js Should round decimals up to nearest integer by default",
                  "timedOut": false,
                  "duration": 0,
                  "state": "passed",
                  "speed": "fast",
                  "pass": true,
                  "fail": false,
                  "pending": false,
                  "context": null,
                  "code": "assert.equal(ceil(3.006), 4);",
                  "err": {},
                  "uuid": "cb3f1baa-a542-4f96-8f5c-144840f9c32c",
                  "parentUUID": "89cfaedf-48e6-4dd8-ba1e-da40139cc509",
                  "isHook": false,
                  "skipped": false
                },
                {
                  "title": "Should round decimal to correct precision when positive precision is specified",
                  "fullTitle": "TESTS BASED ON TEST PLAN Positive test cases for ceil.js Should round decimal to correct precision when positive precision is specified",
                  "timedOut": false,
                  "duration": 0,
                  "state": "passed",
                  "speed": "fast",
                  "pass": true,
                  "fail": false,
                  "pending": false,
                  "context": null,
                  "code": "assert.equal(ceil(6.004, 2), 6.01);",
                  "err": {},
                  "uuid": "1fe2a59d-014e-46fd-b138-ba931f3f0d1a",
                  "parentUUID": "89cfaedf-48e6-4dd8-ba1e-da40139cc509",
                  "isHook": false,
                  "skipped": false
                },
                {
                  "title": "Should keep integer unchanged when precision is positive",
                  "fullTitle": "TESTS BASED ON TEST PLAN Positive test cases for ceil.js Should keep integer unchanged when precision is positive",
                  "timedOut": false,
                  "duration": 0,
                  "state": "passed",
                  "speed": "fast",
                  "pass": true,
                  "fail": false,
                  "pending": false,
                  "context": null,
                  "code": "assert.equal(ceil(5, 3), 5);",
                  "err": {},
                  "uuid": "4b396157-5d6b-4170-a717-681c97e3f052",
                  "parentUUID": "89cfaedf-48e6-4dd8-ba1e-da40139cc509",
                  "isHook": false,
                  "skipped": false
                },
                {
                  "title": "Should round decimal to correct precision when zero precision is specified",
                  "fullTitle": "TESTS BASED ON TEST PLAN Positive test cases for ceil.js Should round decimal to correct precision when zero precision is specified",
                  "timedOut": false,
                  "duration": 0,
                  "state": "passed",
                  "speed": "fast",
                  "pass": true,
                  "fail": false,
                  "pending": false,
                  "context": null,
                  "code": "assert.equal(ceil(3.006, 0), 4);",
                  "err": {},
                  "uuid": "0f57f80b-5f12-42ec-a43c-adc50cfd2da4",
                  "parentUUID": "89cfaedf-48e6-4dd8-ba1e-da40139cc509",
                  "isHook": false,
                  "skipped": false
                }
              ],
              "suites": [],
              "passes": [
                "42554e2f-4e3d-4dcc-ae02-793bacc7285f",
                "cb3f1baa-a542-4f96-8f5c-144840f9c32c",
                "1fe2a59d-014e-46fd-b138-ba931f3f0d1a",
                "4b396157-5d6b-4170-a717-681c97e3f052",
                "0f57f80b-5f12-42ec-a43c-adc50cfd2da4"
              ],
              "failures": [],
              "pending": [],
              "skipped": [],
              "duration": 0,
              "root": false,
              "rootEmpty": false,
              "_timeout": 2000
            },
            {
              "uuid": "f37b9d70-332a-444f-ab6c-74337457d64a",
              "title": "Negative test cases for ceil.js",
              "fullFile": "/home/elmeripk/sw_testing_gw/test/ceilTest.js",
              "file": "/test/ceilTest.js",
              "beforeHooks": [],
              "afterHooks": [],
              "tests": [
                {
                  "title": "Should throw an error when input is not a number",
                  "fullTitle": "TESTS BASED ON TEST PLAN Negative test cases for ceil.js Should throw an error when input is not a number",
                  "timedOut": false,
                  "duration": 0,
                  "state": "failed",
                  "speed": null,
                  "pass": false,
                  "fail": true,
                  "pending": false,
                  "context": null,
                  "code": "assert.throws(() => ceil(\"not a number\"), Error);",
                  "err": {
                    "message": "AssertionError: expected [Function] to throw Error",
                    "estack": "AssertionError: expected [Function] to throw Error\n    at Context.<anonymous> (file:///home/elmeripk/sw_testing_gw/test/ceilTest.js:34:20)\n    at process.processImmediate (node:internal/timers:511:21)",
                    "diff": null
                  },
                  "uuid": "86420e6f-eb9f-429f-9776-99eb0e1db514",
                  "parentUUID": "f37b9d70-332a-444f-ab6c-74337457d64a",
                  "isHook": false,
                  "skipped": false
                },
                {
                  "title": "Should throw an error if precision is not a number",
                  "fullTitle": "TESTS BASED ON TEST PLAN Negative test cases for ceil.js Should throw an error if precision is not a number",
                  "timedOut": false,
                  "duration": 0,
                  "state": "failed",
                  "speed": null,
                  "pass": false,
                  "fail": true,
                  "pending": false,
                  "context": null,
                  "code": "assert.throws(() => ceil(4.3367, \"not a number\"), Error);",
                  "err": {
                    "message": "AssertionError: expected [Function] to throw Error",
                    "estack": "AssertionError: expected [Function] to throw Error\n    at Context.<anonymous> (file:///home/elmeripk/sw_testing_gw/test/ceilTest.js:38:20)\n    at process.processImmediate (node:internal/timers:511:21)",
                    "diff": null
                  },
                  "uuid": "a4a20991-7761-4b64-9830-2a87fc8ced4c",
                  "parentUUID": "f37b9d70-332a-444f-ab6c-74337457d64a",
                  "isHook": false,
                  "skipped": false
                }
              ],
              "suites": [],
              "passes": [],
              "failures": [
                "86420e6f-eb9f-429f-9776-99eb0e1db514",
                "a4a20991-7761-4b64-9830-2a87fc8ced4c"
              ],
              "pending": [],
              "skipped": [],
              "duration": 0,
              "root": false,
              "rootEmpty": false,
              "_timeout": 2000
            }
          ],
          "passes": [],
          "failures": [],
          "pending": [],
          "skipped": [],
          "duration": 0,
          "root": false,
          "rootEmpty": false,
          "_timeout": 2000
        },
        {
          "uuid": "688008ab-baed-499f-b13e-934c6bdae965",
          "title": "NEWLY ADDED TESTS FOR ceil.js",
          "fullFile": "/home/elmeripk/sw_testing_gw/test/ceilTest.js",
          "file": "/test/ceilTest.js",
          "beforeHooks": [],
          "afterHooks": [],
          "tests": [],
          "suites": [
            {
              "uuid": "0b0bb170-5084-4a7c-ae90-1df7467668f7",
              "title": "Positive test cases for ceil.js",
              "fullFile": "/home/elmeripk/sw_testing_gw/test/ceilTest.js",
              "file": "/test/ceilTest.js",
              "beforeHooks": [],
              "afterHooks": [],
              "tests": [
                {
                  "title": "Should round integer to correct precision when negative precision is specified",
                  "fullTitle": "NEWLY ADDED TESTS FOR ceil.js Positive test cases for ceil.js Should round integer to correct precision when negative precision is specified",
                  "timedOut": false,
                  "duration": 0,
                  "state": "passed",
                  "speed": "fast",
                  "pass": true,
                  "fail": false,
                  "pending": false,
                  "context": null,
                  "code": "assert.equal(ceil(6040, -2), 6100);",
                  "err": {},
                  "uuid": "722a2752-6821-40da-9df4-ec7d0dc456be",
                  "parentUUID": "0b0bb170-5084-4a7c-ae90-1df7467668f7",
                  "isHook": false,
                  "skipped": false
                },
                {
                  "title": "Should round decimal to correct precision when negative precision is specified",
                  "fullTitle": "NEWLY ADDED TESTS FOR ceil.js Positive test cases for ceil.js Should round decimal to correct precision when negative precision is specified",
                  "timedOut": false,
                  "duration": 0,
                  "state": "passed",
                  "speed": "fast",
                  "pass": true,
                  "fail": false,
                  "pending": false,
                  "context": null,
                  "code": "assert.equal(ceil(6.040, -2), 100);",
                  "err": {},
                  "uuid": "c45e8842-bf3c-417d-9228-450f0a1174a4",
                  "parentUUID": "0b0bb170-5084-4a7c-ae90-1df7467668f7",
                  "isHook": false,
                  "skipped": false
                }
              ],
              "suites": [],
              "passes": [
                "722a2752-6821-40da-9df4-ec7d0dc456be",
                "c45e8842-bf3c-417d-9228-450f0a1174a4"
              ],
              "failures": [],
              "pending": [],
              "skipped": [],
              "duration": 0,
              "root": false,
              "rootEmpty": false,
              "_timeout": 2000
            },
            {
              "uuid": "c913ce15-55c9-49ff-8301-d0196e307037",
              "title": "Negative test cases for ceil.js",
              "fullFile": "/home/elmeripk/sw_testing_gw/test/ceilTest.js",
              "file": "/test/ceilTest.js",
              "beforeHooks": [],
              "afterHooks": [],
              "tests": [
                {
                  "title": "Should throw an error when precision is not an integer",
                  "fullTitle": "NEWLY ADDED TESTS FOR ceil.js Negative test cases for ceil.js Should throw an error when precision is not an integer",
                  "timedOut": false,
                  "duration": 0,
                  "state": "failed",
                  "speed": null,
                  "pass": false,
                  "fail": true,
                  "pending": false,
                  "context": null,
                  "code": "assert.throws(() => ceil(4.3367, 1.5), Error);",
                  "err": {
                    "message": "AssertionError: expected [Function] to throw Error",
                    "estack": "AssertionError: expected [Function] to throw Error\n    at Context.<anonymous> (file:///home/elmeripk/sw_testing_gw/test/ceilTest.js:62:20)\n    at process.processImmediate (node:internal/timers:511:21)",
                    "diff": null
                  },
                  "uuid": "e8985190-1ac1-4295-bf5c-1dd7afc2565b",
                  "parentUUID": "c913ce15-55c9-49ff-8301-d0196e307037",
                  "isHook": false,
                  "skipped": false
                },
                {
                  "title": "Should throw error if an integer is out of safe integer range",
                  "fullTitle": "NEWLY ADDED TESTS FOR ceil.js Negative test cases for ceil.js Should throw error if an integer is out of safe integer range",
                  "timedOut": false,
                  "duration": 0,
                  "state": "failed",
                  "speed": null,
                  "pass": false,
                  "fail": true,
                  "pending": false,
                  "context": null,
                  "code": "assert.throws(() => ceil(Number.MAX_SAFE_INTEGER + 1), Error);",
                  "err": {
                    "message": "AssertionError: expected [Function] to throw Error",
                    "estack": "AssertionError: expected [Function] to throw Error\n    at Context.<anonymous> (file:///home/elmeripk/sw_testing_gw/test/ceilTest.js:66:20)\n    at process.processImmediate (node:internal/timers:511:21)",
                    "diff": null
                  },
                  "uuid": "2e9323db-b0e1-445b-8f5c-1f20ddee6b4f",
                  "parentUUID": "c913ce15-55c9-49ff-8301-d0196e307037",
                  "isHook": false,
                  "skipped": false
                },
                {
                  "title": "Should throw error if a decimal is larger than the maximum value",
                  "fullTitle": "NEWLY ADDED TESTS FOR ceil.js Negative test cases for ceil.js Should throw error if a decimal is larger than the maximum value",
                  "timedOut": false,
                  "duration": 1,
                  "state": "failed",
                  "speed": null,
                  "pass": false,
                  "fail": true,
                  "pending": false,
                  "context": null,
                  "code": "assert.throws(() => ceil(Number.MAX_VALUE + 1), Error);",
                  "err": {
                    "message": "AssertionError: expected [Function] to throw Error",
                    "estack": "AssertionError: expected [Function] to throw Error\n    at Context.<anonymous> (file:///home/elmeripk/sw_testing_gw/test/ceilTest.js:70:20)\n    at process.processImmediate (node:internal/timers:511:21)",
                    "diff": null
                  },
                  "uuid": "f8bfb260-cf24-4358-bbec-a61fd30d5b24",
                  "parentUUID": "c913ce15-55c9-49ff-8301-d0196e307037",
                  "isHook": false,
                  "skipped": false
                },
                {
                  "title": "Should throw error if a decimal is smaller than the minimum value",
                  "fullTitle": "NEWLY ADDED TESTS FOR ceil.js Negative test cases for ceil.js Should throw error if a decimal is smaller than the minimum value",
                  "timedOut": false,
                  "duration": 0,
                  "state": "failed",
                  "speed": null,
                  "pass": false,
                  "fail": true,
                  "pending": false,
                  "context": null,
                  "code": "assert.throws(() => ceil(Number.MIN_VALUE - 1), Error);",
                  "err": {
                    "message": "AssertionError: expected [Function] to throw Error",
                    "estack": "AssertionError: expected [Function] to throw Error\n    at Context.<anonymous> (file:///home/elmeripk/sw_testing_gw/test/ceilTest.js:74:20)\n    at process.processImmediate (node:internal/timers:511:21)",
                    "diff": null
                  },
                  "uuid": "7a19b39b-fb45-463e-b4fd-8ba6fb225e2f",
                  "parentUUID": "c913ce15-55c9-49ff-8301-d0196e307037",
                  "isHook": false,
                  "skipped": false
                },
                {
                  "title": "Should throw error if positive precision is out of safe integer range",
                  "fullTitle": "NEWLY ADDED TESTS FOR ceil.js Negative test cases for ceil.js Should throw error if positive precision is out of safe integer range",
                  "timedOut": false,
                  "duration": 0,
                  "state": "failed",
                  "speed": null,
                  "pass": false,
                  "fail": true,
                  "pending": false,
                  "context": null,
                  "code": "assert.throws(() => ceil(4.3367, Number.MAX_SAFE_INTEGER + 1), Error);",
                  "err": {
                    "message": "AssertionError: expected [Function] to throw Error",
                    "estack": "AssertionError: expected [Function] to throw Error\n    at Context.<anonymous> (file:///home/elmeripk/sw_testing_gw/test/ceilTest.js:78:20)\n    at process.processImmediate (node:internal/timers:511:21)",
                    "diff": null
                  },
                  "uuid": "7f5846a5-4908-4587-8c4a-2e3fd7d8d215",
                  "parentUUID": "c913ce15-55c9-49ff-8301-d0196e307037",
                  "isHook": false,
                  "skipped": false
                },
                {
                  "title": "Should throw error if negative precision is out of safe integer range",
                  "fullTitle": "NEWLY ADDED TESTS FOR ceil.js Negative test cases for ceil.js Should throw error if negative precision is out of safe integer range",
                  "timedOut": false,
                  "duration": 1,
                  "state": "failed",
                  "speed": null,
                  "pass": false,
                  "fail": true,
                  "pending": false,
                  "context": null,
                  "code": "assert.throws(() => ceil(4.3367, Number.MIN_SAFE_INTEGER - 1), Error);",
                  "err": {
                    "message": "AssertionError: expected [Function] to throw Error",
                    "estack": "AssertionError: expected [Function] to throw Error\n    at Context.<anonymous> (file:///home/elmeripk/sw_testing_gw/test/ceilTest.js:82:20)\n    at process.processImmediate (node:internal/timers:511:21)",
                    "diff": null
                  },
                  "uuid": "4dabdbf3-82df-4b05-8911-9c576cbb0dc1",
                  "parentUUID": "c913ce15-55c9-49ff-8301-d0196e307037",
                  "isHook": false,
                  "skipped": false
                }
              ],
              "suites": [],
              "passes": [],
              "failures": [
                "e8985190-1ac1-4295-bf5c-1dd7afc2565b",
                "2e9323db-b0e1-445b-8f5c-1f20ddee6b4f",
                "f8bfb260-cf24-4358-bbec-a61fd30d5b24",
                "7a19b39b-fb45-463e-b4fd-8ba6fb225e2f",
                "7f5846a5-4908-4587-8c4a-2e3fd7d8d215",
                "4dabdbf3-82df-4b05-8911-9c576cbb0dc1"
              ],
              "pending": [],
              "skipped": [],
              "duration": 2,
              "root": false,
              "rootEmpty": false,
              "_timeout": 2000
            }
          ],
          "passes": [],
          "failures": [],
          "pending": [],
          "skipped": [],
          "duration": 0,
          "root": false,
          "rootEmpty": false,
          "_timeout": 2000
        },
        {
          "uuid": "5751dd96-2933-4c3c-ab5a-fb286bc9e3f7",
          "title": "Positive test cases for defaultToAny.js",
          "fullFile": "/home/elmeripk/sw_testing_gw/test/defaultToAnyTest.js",
          "file": "/test/defaultToAnyTest.js",
          "beforeHooks": [],
          "afterHooks": [],
          "tests": [
            {
              "title": "Should return the first value when it is not NaN, null, or undefined",
              "fullTitle": "Positive test cases for defaultToAny.js Should return the first value when it is not NaN, null, or undefined",
              "timedOut": false,
              "duration": 0,
              "state": "passed",
              "speed": "fast",
              "pass": true,
              "fail": false,
              "pending": false,
              "context": null,
              "code": "assert.equal(defaultToAny(1, 10, 20), 1);",
              "err": {},
              "uuid": "dd56d6b1-b802-40e5-92be-c35c3b2cb2a5",
              "parentUUID": "5751dd96-2933-4c3c-ab5a-fb286bc9e3f7",
              "isHook": false,
              "skipped": false
            },
            {
              "title": "Should return the first non-NaN, non-null, or non-undefined default value value is undefined",
              "fullTitle": "Positive test cases for defaultToAny.js Should return the first non-NaN, non-null, or non-undefined default value value is undefined",
              "timedOut": false,
              "duration": 0,
              "state": "passed",
              "speed": "fast",
              "pass": true,
              "fail": false,
              "pending": false,
              "context": null,
              "code": "assert.equal(defaultToAny(undefined, 10, 20), 10);",
              "err": {},
              "uuid": "fd2a8bd7-360a-4c37-ac72-0bb772cbe042",
              "parentUUID": "5751dd96-2933-4c3c-ab5a-fb286bc9e3f7",
              "isHook": false,
              "skipped": false
            },
            {
              "title": "Should return the first non-NaN, non-null, or non-undefined default value when value is NaN and there are valid defaults",
              "fullTitle": "Positive test cases for defaultToAny.js Should return the first non-NaN, non-null, or non-undefined default value when value is NaN and there are valid defaults",
              "timedOut": false,
              "duration": 1,
              "state": "failed",
              "speed": null,
              "pass": false,
              "fail": true,
              "pending": false,
              "context": null,
              "code": "assert.equal(defaultToAny(NaN, null, 20), 20);",
              "err": {
                "message": "AssertionError: expected NaN to equal 20",
                "estack": "AssertionError: expected NaN to equal 20\n    at Context.<anonymous> (file:///home/elmeripk/sw_testing_gw/test/defaultToAnyTest.js:16:20)\n    at process.processImmediate (node:internal/timers:511:21)",
                "diff": "- NaN\n+ 20\n"
              },
              "uuid": "2dec7251-52db-453f-9ce0-3f966536cab0",
              "parentUUID": "5751dd96-2933-4c3c-ab5a-fb286bc9e3f7",
              "isHook": false,
              "skipped": false
            },
            {
              "title": "Should return the first non-NaN, non-null, or non-undefined default value when value is null and there are valid defaults",
              "fullTitle": "Positive test cases for defaultToAny.js Should return the first non-NaN, non-null, or non-undefined default value when value is null and there are valid defaults",
              "timedOut": false,
              "duration": 0,
              "state": "failed",
              "speed": null,
              "pass": false,
              "fail": true,
              "pending": false,
              "context": null,
              "code": "assert.equal(defaultToAny(null, NaN, 30), 30);",
              "err": {
                "message": "AssertionError: expected NaN to equal 30",
                "estack": "AssertionError: expected NaN to equal 30\n    at Context.<anonymous> (file:///home/elmeripk/sw_testing_gw/test/defaultToAnyTest.js:20:20)\n    at process.processImmediate (node:internal/timers:511:21)",
                "diff": "- NaN\n+ 30\n"
              },
              "uuid": "3cf7dcec-b3da-4614-8706-410aab748db0",
              "parentUUID": "5751dd96-2933-4c3c-ab5a-fb286bc9e3f7",
              "isHook": false,
              "skipped": false
            },
            {
              "title": "Should return the first non-Nan, non-null or non-undefined default value when value is undefined and there are valid defaults",
              "fullTitle": "Positive test cases for defaultToAny.js Should return the first non-Nan, non-null or non-undefined default value when value is undefined and there are valid defaults",
              "timedOut": false,
              "duration": 1,
              "state": "failed",
              "speed": null,
              "pass": false,
              "fail": true,
              "pending": false,
              "context": null,
              "code": "assert.equal(defaultToAny(undefined, NaN, null, 50), 50);",
              "err": {
                "message": "AssertionError: expected NaN to equal 50",
                "estack": "AssertionError: expected NaN to equal 50\n    at Context.<anonymous> (file:///home/elmeripk/sw_testing_gw/test/defaultToAnyTest.js:24:20)\n    at process.processImmediate (node:internal/timers:511:21)",
                "diff": "- NaN\n+ 50\n"
              },
              "uuid": "a1e021f3-9429-4678-88b9-7a07ba9f3fe9",
              "parentUUID": "5751dd96-2933-4c3c-ab5a-fb286bc9e3f7",
              "isHook": false,
              "skipped": false
            },
            {
              "title": "Should return the last default value when the value is undefined and any of the default values are not valid V1",
              "fullTitle": "Positive test cases for defaultToAny.js Should return the last default value when the value is undefined and any of the default values are not valid V1",
              "timedOut": false,
              "duration": 0,
              "state": "passed",
              "speed": "fast",
              "pass": true,
              "fail": false,
              "pending": false,
              "context": null,
              "code": "assert.isNaN(defaultToAny(undefined, NaN, null));",
              "err": {},
              "uuid": "6155b94f-6b9b-40ac-a002-c805604dae06",
              "parentUUID": "5751dd96-2933-4c3c-ab5a-fb286bc9e3f7",
              "isHook": false,
              "skipped": false
            },
            {
              "title": "Should return the last default value when the value is undefined and any of the default values are not valid V2",
              "fullTitle": "Positive test cases for defaultToAny.js Should return the last default value when the value is undefined and any of the default values are not valid V2",
              "timedOut": false,
              "duration": 0,
              "state": "passed",
              "speed": "fast",
              "pass": true,
              "fail": false,
              "pending": false,
              "context": null,
              "code": "assert.isNaN(defaultToAny(undefined, null, NaN));",
              "err": {},
              "uuid": "87ff06db-18fc-4190-9afa-3c2551aaffce",
              "parentUUID": "5751dd96-2933-4c3c-ab5a-fb286bc9e3f7",
              "isHook": false,
              "skipped": false
            },
            {
              "title": "Should return the last default value when the value is NaN and any of the default values are not valid V1",
              "fullTitle": "Positive test cases for defaultToAny.js Should return the last default value when the value is NaN and any of the default values are not valid V1",
              "timedOut": false,
              "duration": 0,
              "state": "failed",
              "speed": null,
              "pass": false,
              "fail": true,
              "pending": false,
              "context": null,
              "code": "assert.isNull(defaultToAny(NaN, undefined, null));",
              "err": {
                "message": "AssertionError: expected NaN to equal null",
                "estack": "AssertionError: expected NaN to equal null\n    at Context.<anonymous> (file:///home/elmeripk/sw_testing_gw/test/defaultToAnyTest.js:36:20)\n    at process.processImmediate (node:internal/timers:511:21)",
                "diff": null
              },
              "uuid": "d022af6e-ddf6-4250-9ca9-8ea220fa7fd0",
              "parentUUID": "5751dd96-2933-4c3c-ab5a-fb286bc9e3f7",
              "isHook": false,
              "skipped": false
            },
            {
              "title": "Should return the last default value when the value is NaN and any of the default values are not valid V2",
              "fullTitle": "Positive test cases for defaultToAny.js Should return the last default value when the value is NaN and any of the default values are not valid V2",
              "timedOut": false,
              "duration": 0,
              "state": "failed",
              "speed": null,
              "pass": false,
              "fail": true,
              "pending": false,
              "context": null,
              "code": "assert.isUndefined(defaultToAny(NaN, null, undefined));",
              "err": {
                "message": "AssertionError: expected NaN to equal undefined",
                "estack": "AssertionError: expected NaN to equal undefined\n    at Context.<anonymous> (file:///home/elmeripk/sw_testing_gw/test/defaultToAnyTest.js:40:20)\n    at process.processImmediate (node:internal/timers:511:21)",
                "diff": null
              },
              "uuid": "9afa5528-5ce0-4ac3-af6b-7558e121b313",
              "parentUUID": "5751dd96-2933-4c3c-ab5a-fb286bc9e3f7",
              "isHook": false,
              "skipped": false
            },
            {
              "title": "Should return the last default value when the value is null and any of the default values are not valid V1",
              "fullTitle": "Positive test cases for defaultToAny.js Should return the last default value when the value is null and any of the default values are not valid V1",
              "timedOut": false,
              "duration": 0,
              "state": "failed",
              "speed": null,
              "pass": false,
              "fail": true,
              "pending": false,
              "context": null,
              "code": "assert.isUndefined(defaultToAny(null, NaN, undefined));",
              "err": {
                "message": "AssertionError: expected NaN to equal undefined",
                "estack": "AssertionError: expected NaN to equal undefined\n    at Context.<anonymous> (file:///home/elmeripk/sw_testing_gw/test/defaultToAnyTest.js:45:20)\n    at process.processImmediate (node:internal/timers:511:21)",
                "diff": null
              },
              "uuid": "02a7d5bf-93ae-465c-abbf-6934d4861ae6",
              "parentUUID": "5751dd96-2933-4c3c-ab5a-fb286bc9e3f7",
              "isHook": false,
              "skipped": false
            },
            {
              "title": "Should return the last default value when the value is null and any of the default values are not valid V2",
              "fullTitle": "Positive test cases for defaultToAny.js Should return the last default value when the value is null and any of the default values are not valid V2",
              "timedOut": false,
              "duration": 0,
              "state": "passed",
              "speed": "fast",
              "pass": true,
              "fail": false,
              "pending": false,
              "context": null,
              "code": "assert.isNaN(defaultToAny(null, undefined, NaN));",
              "err": {},
              "uuid": "6c54409a-4131-4e88-b8fa-cbac5acd9b4a",
              "parentUUID": "5751dd96-2933-4c3c-ab5a-fb286bc9e3f7",
              "isHook": false,
              "skipped": false
            }
          ],
          "suites": [],
          "passes": [
            "dd56d6b1-b802-40e5-92be-c35c3b2cb2a5",
            "fd2a8bd7-360a-4c37-ac72-0bb772cbe042",
            "6155b94f-6b9b-40ac-a002-c805604dae06",
            "87ff06db-18fc-4190-9afa-3c2551aaffce",
            "6c54409a-4131-4e88-b8fa-cbac5acd9b4a"
          ],
          "failures": [
            "2dec7251-52db-453f-9ce0-3f966536cab0",
            "3cf7dcec-b3da-4614-8706-410aab748db0",
            "a1e021f3-9429-4678-88b9-7a07ba9f3fe9",
            "d022af6e-ddf6-4250-9ca9-8ea220fa7fd0",
            "9afa5528-5ce0-4ac3-af6b-7558e121b313",
            "02a7d5bf-93ae-465c-abbf-6934d4861ae6"
          ],
          "pending": [],
          "skipped": [],
          "duration": 2,
          "root": false,
          "rootEmpty": false,
          "_timeout": 2000
        },
        {
          "uuid": "53448028-d65e-413b-8953-d8f61c9045ba",
          "title": "Positive testing for eq.js",
          "fullFile": "/home/elmeripk/sw_testing_gw/test/eqTest.js",
          "file": "/test/eqTest.js",
          "beforeHooks": [],
          "afterHooks": [],
          "tests": [
            {
              "title": "It should be false if two different objects have same contents",
              "fullTitle": "Positive testing for eq.js It should be false if two different objects have same contents",
              "timedOut": false,
              "duration": 0,
              "state": "passed",
              "speed": "fast",
              "pass": true,
              "fail": false,
              "pending": false,
              "context": null,
              "code": "const object1 = {'a': 1};\nconst object2 = {'a': 1};\nassert.equal(eq(object1, object2), false);",
              "err": {},
              "uuid": "4a261e8c-b7c1-41a4-8787-458f4925b789",
              "parentUUID": "53448028-d65e-413b-8953-d8f61c9045ba",
              "isHook": false,
              "skipped": false
            },
            {
              "title": "It should be true if object is compared to itself",
              "fullTitle": "Positive testing for eq.js It should be true if object is compared to itself",
              "timedOut": false,
              "duration": 0,
              "state": "passed",
              "speed": "fast",
              "pass": true,
              "fail": false,
              "pending": false,
              "context": null,
              "code": "const object = {};\nassert.equal(eq(object, object), true);",
              "err": {},
              "uuid": "85ce7444-43e9-4d7b-aac7-d888fe6d6b8e",
              "parentUUID": "53448028-d65e-413b-8953-d8f61c9045ba",
              "isHook": false,
              "skipped": false
            },
            {
              "title": "It should be true for equal strings",
              "fullTitle": "Positive testing for eq.js It should be true for equal strings",
              "timedOut": false,
              "duration": 0,
              "state": "passed",
              "speed": "fast",
              "pass": true,
              "fail": false,
              "pending": false,
              "context": null,
              "code": "const str1 = \"a\";\nconst str2 = \"a\"\nassert.equal(eq(str1, str2), true);",
              "err": {},
              "uuid": "ed7b4d41-c60c-4ea6-848e-4c27de0606f2",
              "parentUUID": "53448028-d65e-413b-8953-d8f61c9045ba",
              "isHook": false,
              "skipped": false
            },
            {
              "title": "It should be false for different strings",
              "fullTitle": "Positive testing for eq.js It should be false for different strings",
              "timedOut": false,
              "duration": 0,
              "state": "passed",
              "speed": "fast",
              "pass": true,
              "fail": false,
              "pending": false,
              "context": null,
              "code": "const str1 = \"a\";\nconst str2 = \"b\"\nassert.equal(eq(str1, str2), false);",
              "err": {},
              "uuid": "7fa86aeb-c921-43f8-a28d-600ed73c2510",
              "parentUUID": "53448028-d65e-413b-8953-d8f61c9045ba",
              "isHook": false,
              "skipped": false
            },
            {
              "title": "It should be true if for equal integers",
              "fullTitle": "Positive testing for eq.js It should be true if for equal integers",
              "timedOut": false,
              "duration": 0,
              "state": "passed",
              "speed": "fast",
              "pass": true,
              "fail": false,
              "pending": false,
              "context": null,
              "code": "const int1 = 1;\nconst int2 = 1;\nassert.equal(eq(int1, int2), true);",
              "err": {},
              "uuid": "f6fc4f73-e69d-4b1b-8ad8-840aabf037c1",
              "parentUUID": "53448028-d65e-413b-8953-d8f61c9045ba",
              "isHook": false,
              "skipped": false
            },
            {
              "title": "It should be false for different integers",
              "fullTitle": "Positive testing for eq.js It should be false for different integers",
              "timedOut": false,
              "duration": 0,
              "state": "passed",
              "speed": "fast",
              "pass": true,
              "fail": false,
              "pending": false,
              "context": null,
              "code": "const int1 = 1;\nconst int2 = 4;\nassert.equal(eq(int1, int2), false);",
              "err": {},
              "uuid": "3dbf5ba2-19ce-4e41-b2b3-88fa9973465c",
              "parentUUID": "53448028-d65e-413b-8953-d8f61c9045ba",
              "isHook": false,
              "skipped": false
            },
            {
              "title": "It should be false for +1 and -1",
              "fullTitle": "Positive testing for eq.js It should be false for +1 and -1",
              "timedOut": false,
              "duration": 0,
              "state": "passed",
              "speed": "fast",
              "pass": true,
              "fail": false,
              "pending": false,
              "context": null,
              "code": "const int1 = 1;\nconst int2 = -1;\nassert.equal(eq(int1, int2), false);",
              "err": {},
              "uuid": "aab54f3c-d1f4-4667-b0ab-5782720ee4cf",
              "parentUUID": "53448028-d65e-413b-8953-d8f61c9045ba",
              "isHook": false,
              "skipped": false
            },
            {
              "title": "It should be true for -0 and +0",
              "fullTitle": "Positive testing for eq.js It should be true for -0 and +0",
              "timedOut": false,
              "duration": 0,
              "state": "passed",
              "speed": "fast",
              "pass": true,
              "fail": false,
              "pending": false,
              "context": null,
              "code": "const int1 = -0;\nconst int2 = 0;\nassert.equal(eq(int1, int2), true);",
              "err": {},
              "uuid": "9f60a71a-dfb8-43c2-8858-6cfb6f29d21f",
              "parentUUID": "53448028-d65e-413b-8953-d8f61c9045ba",
              "isHook": false,
              "skipped": false
            },
            {
              "title": "It should be true for equal decimals",
              "fullTitle": "Positive testing for eq.js It should be true for equal decimals",
              "timedOut": false,
              "duration": 0,
              "state": "passed",
              "speed": "fast",
              "pass": true,
              "fail": false,
              "pending": false,
              "context": null,
              "code": "const deci1 = 1.1;\nconst deci2 = 1.1;\nassert.equal(eq(deci1, deci2), true);",
              "err": {},
              "uuid": "f3d32ef4-96ee-4fd4-9e6d-6d5437e122ec",
              "parentUUID": "53448028-d65e-413b-8953-d8f61c9045ba",
              "isHook": false,
              "skipped": false
            },
            {
              "title": "It should be false for different decimals",
              "fullTitle": "Positive testing for eq.js It should be false for different decimals",
              "timedOut": false,
              "duration": 0,
              "state": "passed",
              "speed": "fast",
              "pass": true,
              "fail": false,
              "pending": false,
              "context": null,
              "code": "const deci1 = 1.1;\nconst deci2 = 2.1;\nassert.equal(eq(deci1, deci2), false);",
              "err": {},
              "uuid": "18753755-4920-4ea9-ad9f-abb5292d1238",
              "parentUUID": "53448028-d65e-413b-8953-d8f61c9045ba",
              "isHook": false,
              "skipped": false
            },
            {
              "title": "It should be false when numbers are different",
              "fullTitle": "Positive testing for eq.js It should be false when numbers are different",
              "timedOut": false,
              "duration": 0,
              "state": "passed",
              "speed": "fast",
              "pass": true,
              "fail": false,
              "pending": false,
              "context": null,
              "code": "const int1 = 1;\nconst deci1 = 2.3;\nassert.equal(eq(int1, deci1), false);",
              "err": {},
              "uuid": "0d49aa59-bcc6-4355-944d-a0b5f7a8e7e8",
              "parentUUID": "53448028-d65e-413b-8953-d8f61c9045ba",
              "isHook": false,
              "skipped": false
            },
            {
              "title": "It should be true when comparing NaN to NaN",
              "fullTitle": "Positive testing for eq.js It should be true when comparing NaN to NaN",
              "timedOut": false,
              "duration": 0,
              "state": "passed",
              "speed": "fast",
              "pass": true,
              "fail": false,
              "pending": false,
              "context": null,
              "code": "const val1 = NaN;\nconst val2 = NaN;\nassert.equal(eq(val1, val2), true);",
              "err": {},
              "uuid": "47be97e6-a974-45b3-ac73-5a5388e8de77",
              "parentUUID": "53448028-d65e-413b-8953-d8f61c9045ba",
              "isHook": false,
              "skipped": false
            },
            {
              "title": "It should be true when comparing undefined to undefined",
              "fullTitle": "Positive testing for eq.js It should be true when comparing undefined to undefined",
              "timedOut": false,
              "duration": 0,
              "state": "passed",
              "speed": "fast",
              "pass": true,
              "fail": false,
              "pending": false,
              "context": null,
              "code": "const val1 = undefined\nconst val2 = undefined\nassert.equal(eq(val1, val2), true);",
              "err": {},
              "uuid": "fcf43a74-3288-4ea7-bb93-35a2f1101fa0",
              "parentUUID": "53448028-d65e-413b-8953-d8f61c9045ba",
              "isHook": false,
              "skipped": false
            },
            {
              "title": "It should be true when comparing null to null",
              "fullTitle": "Positive testing for eq.js It should be true when comparing null to null",
              "timedOut": false,
              "duration": 0,
              "state": "passed",
              "speed": "fast",
              "pass": true,
              "fail": false,
              "pending": false,
              "context": null,
              "code": "const val1 = null\nconst val2 = null\nassert.equal(eq(val1, val2), true);",
              "err": {},
              "uuid": "e9d26a80-8004-44ef-81e2-688da10184d0",
              "parentUUID": "53448028-d65e-413b-8953-d8f61c9045ba",
              "isHook": false,
              "skipped": false
            },
            {
              "title": "It should be true if array is compared to itself",
              "fullTitle": "Positive testing for eq.js It should be true if array is compared to itself",
              "timedOut": false,
              "duration": 0,
              "state": "passed",
              "speed": "fast",
              "pass": true,
              "fail": false,
              "pending": false,
              "context": null,
              "code": "const arr = []\nassert.equal(eq(arr, arr), true);",
              "err": {},
              "uuid": "d6797de8-e1fa-463a-bf7c-b234372a3b58",
              "parentUUID": "53448028-d65e-413b-8953-d8f61c9045ba",
              "isHook": false,
              "skipped": false
            },
            {
              "title": "It should be false if two different arrays are compared",
              "fullTitle": "Positive testing for eq.js It should be false if two different arrays are compared",
              "timedOut": false,
              "duration": 0,
              "state": "passed",
              "speed": "fast",
              "pass": true,
              "fail": false,
              "pending": false,
              "context": null,
              "code": "const arr1 = [1,2,3,4]\nconst arr2 = [1,2,3]\nassert.equal(eq(arr1, arr2), false);",
              "err": {},
              "uuid": "6488ac1f-8469-4018-98fd-e9190d2f043f",
              "parentUUID": "53448028-d65e-413b-8953-d8f61c9045ba",
              "isHook": false,
              "skipped": false
            },
            {
              "title": "It should be true if class is compared to itself",
              "fullTitle": "Positive testing for eq.js It should be true if class is compared to itself",
              "timedOut": false,
              "duration": 0,
              "state": "passed",
              "speed": "fast",
              "pass": true,
              "fail": false,
              "pending": false,
              "context": null,
              "code": "class A {}\nassert.equal(eq(A, A), true);",
              "err": {},
              "uuid": "02cd772f-1fc0-4634-9171-55c22a466723",
              "parentUUID": "53448028-d65e-413b-8953-d8f61c9045ba",
              "isHook": false,
              "skipped": false
            },
            {
              "title": "It should be false if two different classes are compared",
              "fullTitle": "Positive testing for eq.js It should be false if two different classes are compared",
              "timedOut": false,
              "duration": 0,
              "state": "passed",
              "speed": "fast",
              "pass": true,
              "fail": false,
              "pending": false,
              "context": null,
              "code": "class A {\n    constructor(value) {\n        this.value = value;\n    }\n}\nclass B {\n    constructor(value) {\n        this.value = value;\n    }\n}\nassert.equal(eq(A, B), false);",
              "err": {},
              "uuid": "f4f20dd4-8ad7-446a-a8d7-e7447c9d4d8c",
              "parentUUID": "53448028-d65e-413b-8953-d8f61c9045ba",
              "isHook": false,
              "skipped": false
            },
            {
              "title": "It should be true when comparing true to true",
              "fullTitle": "Positive testing for eq.js It should be true when comparing true to true",
              "timedOut": false,
              "duration": 0,
              "state": "passed",
              "speed": "fast",
              "pass": true,
              "fail": false,
              "pending": false,
              "context": null,
              "code": "const bool1 = true\nconst bool2 = true\nassert.equal(eq(bool1, bool2), true);",
              "err": {},
              "uuid": "7267463f-14e8-43eb-b2e1-21d0d884a076",
              "parentUUID": "53448028-d65e-413b-8953-d8f61c9045ba",
              "isHook": false,
              "skipped": false
            },
            {
              "title": "It should be true when comparing false to false",
              "fullTitle": "Positive testing for eq.js It should be true when comparing false to false",
              "timedOut": false,
              "duration": 0,
              "state": "passed",
              "speed": "fast",
              "pass": true,
              "fail": false,
              "pending": false,
              "context": null,
              "code": "const bool1 = false\nconst bool2 = false\nassert.equal(eq(bool1, bool2), true);",
              "err": {},
              "uuid": "4b4a3b6b-54ac-49a8-924c-9cef7f3fa855",
              "parentUUID": "53448028-d65e-413b-8953-d8f61c9045ba",
              "isHook": false,
              "skipped": false
            },
            {
              "title": "It should be false when comparing false to true",
              "fullTitle": "Positive testing for eq.js It should be false when comparing false to true",
              "timedOut": false,
              "duration": 0,
              "state": "passed",
              "speed": "fast",
              "pass": true,
              "fail": false,
              "pending": false,
              "context": null,
              "code": "const bool1 = true\nconst bool2 = false\nassert.equal(eq(bool1, bool2), false);",
              "err": {},
              "uuid": "10aa21f5-68a1-45c4-a4c6-4ecebe0fb3c8",
              "parentUUID": "53448028-d65e-413b-8953-d8f61c9045ba",
              "isHook": false,
              "skipped": false
            },
            {
              "title": "It should be false when comparing different symbols",
              "fullTitle": "Positive testing for eq.js It should be false when comparing different symbols",
              "timedOut": false,
              "duration": 0,
              "state": "passed",
              "speed": "fast",
              "pass": true,
              "fail": false,
              "pending": false,
              "context": null,
              "code": "const symb1 = Symbol('fool')\nconst symb2 = Symbol('fool')\nassert.equal(eq(symb1, symb2), false);",
              "err": {},
              "uuid": "f081a9c2-8cf8-4a93-945a-41f8503f50be",
              "parentUUID": "53448028-d65e-413b-8953-d8f61c9045ba",
              "isHook": false,
              "skipped": false
            },
            {
              "title": "It should be true when comparing symbol to itself",
              "fullTitle": "Positive testing for eq.js It should be true when comparing symbol to itself",
              "timedOut": false,
              "duration": 0,
              "state": "passed",
              "speed": "fast",
              "pass": true,
              "fail": false,
              "pending": false,
              "context": null,
              "code": "const symb = Symbol()\nassert.equal(eq(symb, symb), true);",
              "err": {},
              "uuid": "d7b1fa5e-74cb-49a7-b665-3dfa449975b5",
              "parentUUID": "53448028-d65e-413b-8953-d8f61c9045ba",
              "isHook": false,
              "skipped": false
            },
            {
              "title": "It should be false when comparing string to other types",
              "fullTitle": "Positive testing for eq.js It should be false when comparing string to other types",
              "timedOut": false,
              "duration": 0,
              "state": "failed",
              "speed": null,
              "pass": false,
              "fail": true,
              "pending": false,
              "context": null,
              "code": "const str1 = \"1\";\nconst int1 = 1;\nassert.equal(eq(str1, int1), false);",
              "err": {
                "message": "AssertionError: expected true to equal false",
                "estack": "AssertionError: expected true to equal false\n    at Context.<anonymous> (file:///home/elmeripk/sw_testing_gw/test/eqTest.js:144:16)\n    at process.processImmediate (node:internal/timers:511:21)",
                "diff": "- true\n+ false\n"
              },
              "uuid": "fe4464d7-5410-4e9f-8c27-5a48e4aabad3",
              "parentUUID": "53448028-d65e-413b-8953-d8f61c9045ba",
              "isHook": false,
              "skipped": false
            },
            {
              "title": "It should be false when object or list is compared to other types",
              "fullTitle": "Positive testing for eq.js It should be false when object or list is compared to other types",
              "timedOut": false,
              "duration": 0,
              "state": "passed",
              "speed": "fast",
              "pass": true,
              "fail": false,
              "pending": false,
              "context": null,
              "code": "const object = { 'a': 1 }\nconst list = [1,2,3];\nassert.equal(eq(object, list), false);",
              "err": {},
              "uuid": "668aa25e-67f1-44f7-893f-8e9435f2b92d",
              "parentUUID": "53448028-d65e-413b-8953-d8f61c9045ba",
              "isHook": false,
              "skipped": false
            },
            {
              "title": "It should be false when class or undefined is compared to other types",
              "fullTitle": "Positive testing for eq.js It should be false when class or undefined is compared to other types",
              "timedOut": false,
              "duration": 0,
              "state": "passed",
              "speed": "fast",
              "pass": true,
              "fail": false,
              "pending": false,
              "context": null,
              "code": "class A {};\nconst val = undefined;\nassert.equal(eq(A, val), false);",
              "err": {},
              "uuid": "99375239-a851-4862-a9ad-ec12a7e38beb",
              "parentUUID": "53448028-d65e-413b-8953-d8f61c9045ba",
              "isHook": false,
              "skipped": false
            },
            {
              "title": "It should be false when NaN or null is compared to other types",
              "fullTitle": "Positive testing for eq.js It should be false when NaN or null is compared to other types",
              "timedOut": false,
              "duration": 0,
              "state": "passed",
              "speed": "fast",
              "pass": true,
              "fail": false,
              "pending": false,
              "context": null,
              "code": "const val1 = NaN;\nconst val2 = null;\nassert.equal(eq(val1, val2), false);",
              "err": {},
              "uuid": "5bfe8576-c3ac-46a6-8f1f-24434ee13f53",
              "parentUUID": "53448028-d65e-413b-8953-d8f61c9045ba",
              "isHook": false,
              "skipped": false
            },
            {
              "title": "It should be false when boolean or symbol is compared to other types",
              "fullTitle": "Positive testing for eq.js It should be false when boolean or symbol is compared to other types",
              "timedOut": false,
              "duration": 0,
              "state": "passed",
              "speed": "fast",
              "pass": true,
              "fail": false,
              "pending": false,
              "context": null,
              "code": "const val1 = true;\nconst val2 = Symbol('fool');\nassert.equal(eq(val1, val2), false);",
              "err": {},
              "uuid": "74805d85-4927-4935-bb31-949e878e386c",
              "parentUUID": "53448028-d65e-413b-8953-d8f61c9045ba",
              "isHook": false,
              "skipped": false
            }
          ],
          "suites": [],
          "passes": [
            "4a261e8c-b7c1-41a4-8787-458f4925b789",
            "85ce7444-43e9-4d7b-aac7-d888fe6d6b8e",
            "ed7b4d41-c60c-4ea6-848e-4c27de0606f2",
            "7fa86aeb-c921-43f8-a28d-600ed73c2510",
            "f6fc4f73-e69d-4b1b-8ad8-840aabf037c1",
            "3dbf5ba2-19ce-4e41-b2b3-88fa9973465c",
            "aab54f3c-d1f4-4667-b0ab-5782720ee4cf",
            "9f60a71a-dfb8-43c2-8858-6cfb6f29d21f",
            "f3d32ef4-96ee-4fd4-9e6d-6d5437e122ec",
            "18753755-4920-4ea9-ad9f-abb5292d1238",
            "0d49aa59-bcc6-4355-944d-a0b5f7a8e7e8",
            "47be97e6-a974-45b3-ac73-5a5388e8de77",
            "fcf43a74-3288-4ea7-bb93-35a2f1101fa0",
            "e9d26a80-8004-44ef-81e2-688da10184d0",
            "d6797de8-e1fa-463a-bf7c-b234372a3b58",
            "6488ac1f-8469-4018-98fd-e9190d2f043f",
            "02cd772f-1fc0-4634-9171-55c22a466723",
            "f4f20dd4-8ad7-446a-a8d7-e7447c9d4d8c",
            "7267463f-14e8-43eb-b2e1-21d0d884a076",
            "4b4a3b6b-54ac-49a8-924c-9cef7f3fa855",
            "10aa21f5-68a1-45c4-a4c6-4ecebe0fb3c8",
            "f081a9c2-8cf8-4a93-945a-41f8503f50be",
            "d7b1fa5e-74cb-49a7-b665-3dfa449975b5",
            "668aa25e-67f1-44f7-893f-8e9435f2b92d",
            "99375239-a851-4862-a9ad-ec12a7e38beb",
            "5bfe8576-c3ac-46a6-8f1f-24434ee13f53",
            "74805d85-4927-4935-bb31-949e878e386c"
          ],
          "failures": [
            "fe4464d7-5410-4e9f-8c27-5a48e4aabad3"
          ],
          "pending": [],
          "skipped": [],
          "duration": 0,
          "root": false,
          "rootEmpty": false,
          "_timeout": 2000
        },
        {
          "uuid": "2371726f-66ff-45b2-9a6d-106362cabe03",
          "title": "Positive test cases for filter.js",
          "fullFile": "/home/elmeripk/sw_testing_gw/test/filterTest.js",
          "file": "/test/filterTest.js",
          "beforeHooks": [],
          "afterHooks": [],
          "tests": [
            {
              "title": "Should filter out elements correctly for simple array",
              "fullTitle": "Positive test cases for filter.js Should filter out elements correctly for simple array",
              "timedOut": false,
              "duration": 0,
              "state": "passed",
              "speed": "fast",
              "pass": true,
              "fail": false,
              "pending": false,
              "context": null,
              "code": "const array = [1, 2, 3, 4, 5, 6];\n        const excpectedOutput = [1, 2];\n        const actualOutput = filter(array, (value) => value < 3);\n        //https://stackoverflow.com/questions/51388975/comparing-an-array-object-to-string-using-mocha-chai\n        // https://stackoverflow.com/questions/13225274/the-difference-between-assert-equal-and-assert-deepequal-in-javascript-testing-w\n        assert.deepEqual(actualOutput, excpectedOutput);",
              "err": {},
              "uuid": "bf7312fd-1069-4594-86fe-e36108f8aec5",
              "parentUUID": "2371726f-66ff-45b2-9a6d-106362cabe03",
              "isHook": false,
              "skipped": false
            },
            {
              "title": "Should leave array unchanged if all elements pass the predicate",
              "fullTitle": "Positive test cases for filter.js Should leave array unchanged if all elements pass the predicate",
              "timedOut": false,
              "duration": 1,
              "state": "passed",
              "speed": "fast",
              "pass": true,
              "fail": false,
              "pending": false,
              "context": null,
              "code": "const array = [1, 2, 3];\n        const excpectedOutput = [1, 2, 3];\n        const actualOutput = filter(array, (value) => value < 4);\n        assert.deepEqual(actualOutput, excpectedOutput);",
              "err": {},
              "uuid": "7ba0dad8-07b9-499d-bdb9-e36e67a9a2d6",
              "parentUUID": "2371726f-66ff-45b2-9a6d-106362cabe03",
              "isHook": false,
              "skipped": false
            },
            {
              "title": "Should return empty array if no elements pass the predicate",
              "fullTitle": "Positive test cases for filter.js Should return empty array if no elements pass the predicate",
              "timedOut": false,
              "duration": 0,
              "state": "failed",
              "speed": null,
              "pass": false,
              "fail": true,
              "pending": false,
              "context": null,
              "code": "const array = [4, 5, 6];\n        const excpectedOutput = [];\n        const actualOutput = filter(array, (value) => value < 4);\n        assert.deepEqual(actualOutput, excpectedOutput);",
              "err": {
                "message": "AssertionError: expected [ [] ] to deeply equal []",
                "estack": "AssertionError: expected [ [] ] to deeply equal []\n    at Context.<anonymous> (file:///home/elmeripk/sw_testing_gw/test/filterTest.js:32:16)\n    at process.processImmediate (node:internal/timers:511:21)",
                "diff": "- [\n-   []\n- ]\n+ []\n"
              },
              "uuid": "3730c517-bb9c-4097-959a-4dc129bc588f",
              "parentUUID": "2371726f-66ff-45b2-9a6d-106362cabe03",
              "isHook": false,
              "skipped": false
            },
            {
              "title": "Should work correctly with an empty array",
              "fullTitle": "Positive test cases for filter.js Should work correctly with an empty array",
              "timedOut": false,
              "duration": 0,
              "state": "failed",
              "speed": null,
              "pass": false,
              "fail": true,
              "pending": false,
              "context": null,
              "code": "const array = [];\n        const excpectedOutput = [];\n        const actualOutput = filter(array, (value) => value < 4);\n        assert.deepEqual(actualOutput, excpectedOutput);",
              "err": {
                "message": "AssertionError: expected [ [] ] to deeply equal []",
                "estack": "AssertionError: expected [ [] ] to deeply equal []\n    at Context.<anonymous> (file:///home/elmeripk/sw_testing_gw/test/filterTest.js:41:16)\n    at process.processImmediate (node:internal/timers:511:21)",
                "diff": "- [\n-   []\n- ]\n+ []\n"
              },
              "uuid": "28ce8c9b-cc0a-405b-bed9-b018b7b658e4",
              "parentUUID": "2371726f-66ff-45b2-9a6d-106362cabe03",
              "isHook": false,
              "skipped": false
            },
            {
              "title": "Should filter objects based on property values",
              "fullTitle": "Positive test cases for filter.js Should filter objects based on property values",
              "timedOut": false,
              "duration": 0,
              "state": "passed",
              "speed": "fast",
              "pass": true,
              "fail": false,
              "pending": false,
              "context": null,
              "code": "const array = [{\"name\": \"Pekka\", \"age\": 25}, {\"name\": \"Jari\", \"age\": 30}, {\"name\": \"Linda\", \"age\": 22}];\n        const excpectedOutput = [{\"name\": \"Pekka\", \"age\": 25}, {\"name\": \"Linda\", \"age\": 22}];\n        const actualOutput = filter(array, (value) => value.age < 30);\n        assert.deepEqual(actualOutput, excpectedOutput);",
              "err": {},
              "uuid": "442e42b3-46ed-461f-948b-a6c144f0a27e",
              "parentUUID": "2371726f-66ff-45b2-9a6d-106362cabe03",
              "isHook": false,
              "skipped": false
            },
            {
              "title": "Should work correctly with object destructuring in predicate",
              "fullTitle": "Positive test cases for filter.js Should work correctly with object destructuring in predicate",
              "timedOut": false,
              "duration": 1,
              "state": "passed",
              "speed": "fast",
              "pass": true,
              "fail": false,
              "pending": false,
              "context": null,
              "code": "const array = [{\"name\": \"Pekka\", \"age\": 25}, {\"name\": \"Jari\", \"age\": 30}, {\"name\": \"Linda\", \"age\": 22}];\n        const excpectedOutput = [{\"name\": \"Pekka\", \"age\": 25}, {\"name\": \"Linda\", \"age\": 22}];\n        const actualOutput = filter(array, ({age}) => age < 30);\n        assert.deepEqual(actualOutput, excpectedOutput);",
              "err": {},
              "uuid": "3349c75c-f7cd-43f4-995a-b201016a44f7",
              "parentUUID": "2371726f-66ff-45b2-9a6d-106362cabe03",
              "isHook": false,
              "skipped": false
            },
            {
              "title": "Should work correctly when array contains a single element",
              "fullTitle": "Positive test cases for filter.js Should work correctly when array contains a single element",
              "timedOut": false,
              "duration": 0,
              "state": "passed",
              "speed": "fast",
              "pass": true,
              "fail": false,
              "pending": false,
              "context": null,
              "code": "const array = [5];\n        const excpectedOutput = [5];\n        const actualOutput = filter(array, (value) => value > 0);\n        assert.deepEqual(actualOutput, excpectedOutput);",
              "err": {},
              "uuid": "df1b00d8-7900-4118-8a37-371c82b8dcf1",
              "parentUUID": "2371726f-66ff-45b2-9a6d-106362cabe03",
              "isHook": false,
              "skipped": false
            },
            {
              "title": "Should work correctly when array contains null, undefined, and NaN values",
              "fullTitle": "Positive test cases for filter.js Should work correctly when array contains null, undefined, and NaN values",
              "timedOut": false,
              "duration": 0,
              "state": "passed",
              "speed": "fast",
              "pass": true,
              "fail": false,
              "pending": false,
              "context": null,
              "code": "const array = [null, undefined, NaN, 1, 2, 3];\n        const excpectedOutput = [1, 2, 3];\n        const actualOutput = filter(array, (value) => value > 0);\n        assert.deepEqual(actualOutput, excpectedOutput);",
              "err": {},
              "uuid": "cd0a0055-ee18-4e43-9cf5-f2716c16d29d",
              "parentUUID": "2371726f-66ff-45b2-9a6d-106362cabe03",
              "isHook": false,
              "skipped": false
            }
          ],
          "suites": [],
          "passes": [
            "bf7312fd-1069-4594-86fe-e36108f8aec5",
            "7ba0dad8-07b9-499d-bdb9-e36e67a9a2d6",
            "442e42b3-46ed-461f-948b-a6c144f0a27e",
            "3349c75c-f7cd-43f4-995a-b201016a44f7",
            "df1b00d8-7900-4118-8a37-371c82b8dcf1",
            "cd0a0055-ee18-4e43-9cf5-f2716c16d29d"
          ],
          "failures": [
            "3730c517-bb9c-4097-959a-4dc129bc588f",
            "28ce8c9b-cc0a-405b-bed9-b018b7b658e4"
          ],
          "pending": [],
          "skipped": [],
          "duration": 2,
[...]
              "code": "const array = [1, 2, 3];\nassert.throws(() => reduce(array), Error);",
              "err": {},
              "uuid": "88359128-d064-46b1-b095-db21d755aa54",
              "parentUUID": "50184ded-0d2e-4e1f-92a8-4de20b00f0af",
              "isHook": false,
              "skipped": false
            },
            {
              "title": "Should throw error when the array contains undefined values and numeric values and no initial accumulator is provided",
              "fullTitle": "Negative test cases for reduce.js Should throw error when the array contains undefined values and numeric values and no initial accumulator is provided",
              "timedOut": false,
              "duration": 0,
              "state": "failed",
              "speed": null,
              "pass": false,
              "fail": true,
              "pending": false,
              "context": null,
              "code": "const array = [1, 2, undefined];\nassert.throws(() => reduce(array, (acc, curr, key) => acc + curr), Error);",
              "err": {
                "message": "AssertionError: expected [Function] to throw Error",
                "estack": "AssertionError: expected [Function] to throw Error\n    at Context.<anonymous> (file:///home/elmeripk/sw_testing_gw/test/reduceTest.js:70:16)\n    at process.processImmediate (node:internal/timers:511:21)",
                "diff": null
              },
              "uuid": "d28d2d11-02b0-4ba6-9468-8a10cedf71d8",
              "parentUUID": "50184ded-0d2e-4e1f-92a8-4de20b00f0af",
              "isHook": false,
              "skipped": false
            }
          ],
          "suites": [],
          "passes": [
            "88359128-d064-46b1-b095-db21d755aa54"
          ],
          "failures": [
            "45922704-5203-4cf0-af16-af22f0bd7cc5",
            "acb71c61-482b-437d-b1d7-ed20db97e950",
            "893d8597-4cb5-4820-b75c-c313677d0933",
            "74f8f67f-fea3-460f-b8c5-5bfeb4566bd5",
            "d28d2d11-02b0-4ba6-9468-8a10cedf71d8"
          ],
          "pending": [],
          "skipped": [],
          "duration": 0,
          "root": false,
          "rootEmpty": false,
          "_timeout": 2000
        },
        {
          "uuid": "fa02b0ee-ca7f-4f38-8653-3caff6521236",
          "title": "Positive testing for toNumber.js",
          "fullFile": "/home/elmeripk/sw_testing_gw/test/toNumberTest.js",
          "file": "/test/toNumberTest.js",
          "beforeHooks": [],
          "afterHooks": [],
          "tests": [
            {
              "title": "Should return value itself when it's a positive integer",
              "fullTitle": "Positive testing for toNumber.js Should return value itself when it's a positive integer",
              "timedOut": false,
              "duration": 0,
              "state": "passed",
              "speed": "fast",
              "pass": true,
              "fail": false,
              "pending": false,
              "context": null,
              "code": "assert.equal(toNumber(3), 3);",
              "err": {},
              "uuid": "ee381128-478f-4ffd-9fff-e5b42c419d14",
              "parentUUID": "fa02b0ee-ca7f-4f38-8653-3caff6521236",
              "isHook": false,
              "skipped": false
            },
            {
              "title": "Should return value itself when it's a negative integer",
              "fullTitle": "Positive testing for toNumber.js Should return value itself when it's a negative integer",
              "timedOut": false,
              "duration": 0,
              "state": "passed",
              "speed": "fast",
              "pass": true,
              "fail": false,
              "pending": false,
              "context": null,
              "code": "assert.equal(toNumber(-3), -3);",
              "err": {},
              "uuid": "a0e0b664-e46a-442a-879a-34fd097c70a9",
              "parentUUID": "fa02b0ee-ca7f-4f38-8653-3caff6521236",
              "isHook": false,
              "skipped": false
            },
            {
              "title": "Should return value itself when it's a positve decimal",
              "fullTitle": "Positive testing for toNumber.js Should return value itself when it's a positve decimal",
              "timedOut": false,
              "duration": 0,
              "state": "passed",
              "speed": "fast",
              "pass": true,
              "fail": false,
              "pending": false,
              "context": null,
              "code": "assert.equal(toNumber(3.2), 3.2);",
              "err": {},
              "uuid": "0981d2c3-8e0e-458a-ae98-9f90288cfd24",
              "parentUUID": "fa02b0ee-ca7f-4f38-8653-3caff6521236",
              "isHook": false,
              "skipped": false
            },
            {
              "title": "Should return value itself when it's a negative decimal",
              "fullTitle": "Positive testing for toNumber.js Should return value itself when it's a negative decimal",
              "timedOut": false,
              "duration": 0,
              "state": "passed",
              "speed": "fast",
              "pass": true,
              "fail": false,
              "pending": false,
              "context": null,
              "code": "assert.equal(toNumber(-3.2), -3.2);",
              "err": {},
              "uuid": "df481e30-1253-4c72-9301-fa59bc8331b4",
              "parentUUID": "fa02b0ee-ca7f-4f38-8653-3caff6521236",
              "isHook": false,
              "skipped": false
            },
            {
              "title": "Should return string as int when string value is integer",
              "fullTitle": "Positive testing for toNumber.js Should return string as int when string value is integer",
              "timedOut": false,
              "duration": 0,
              "state": "passed",
              "speed": "fast",
              "pass": true,
              "fail": false,
              "pending": false,
              "context": null,
              "code": "assert.equal(toNumber(\"3\"), 3);",
              "err": {},
              "uuid": "db6fac96-647f-47ea-984e-85282f1852ee",
              "parentUUID": "fa02b0ee-ca7f-4f38-8653-3caff6521236",
              "isHook": false,
              "skipped": false
            },
            {
              "title": "Should return string as int when string value is negative integer",
              "fullTitle": "Positive testing for toNumber.js Should return string as int when string value is negative integer",
              "timedOut": false,
              "duration": 0,
              "state": "passed",
              "speed": "fast",
              "pass": true,
              "fail": false,
              "pending": false,
              "context": null,
              "code": "assert.equal(toNumber(\"-3\"), -3);",
              "err": {},
              "uuid": "4c8ef19e-79fb-4992-8ec7-0bec1e98910a",
              "parentUUID": "fa02b0ee-ca7f-4f38-8653-3caff6521236",
              "isHook": false,
              "skipped": false
            },
            {
              "title": "Should return string as float when string value is positve decimal",
              "fullTitle": "Positive testing for toNumber.js Should return string as float when string value is positve decimal",
              "timedOut": false,
              "duration": 0,
              "state": "passed",
              "speed": "fast",
              "pass": true,
              "fail": false,
              "pending": false,
              "context": null,
              "code": "assert.equal(toNumber(\"3.2\"), 3.2);",
              "err": {},
              "uuid": "5e8db679-eb1d-480f-be71-6e782c69d6b9",
              "parentUUID": "fa02b0ee-ca7f-4f38-8653-3caff6521236",
              "isHook": false,
              "skipped": false
            },
            {
              "title": "Should return string as float when string value is negative decimal",
              "fullTitle": "Positive testing for toNumber.js Should return string as float when string value is negative decimal",
              "timedOut": false,
              "duration": 0,
              "state": "passed",
              "speed": "fast",
              "pass": true,
              "fail": false,
              "pending": false,
              "context": null,
              "code": "assert.equal(toNumber(\"-3.2\"), -3.2);",
              "err": {},
              "uuid": "65ff3045-11f1-43b5-a985-1b88ca1b63e6",
              "parentUUID": "fa02b0ee-ca7f-4f38-8653-3caff6521236",
              "isHook": false,
              "skipped": false
            },
            {
              "title": "Should return number when string contains whitespaces also",
              "fullTitle": "Positive testing for toNumber.js Should return number when string contains whitespaces also",
              "timedOut": false,
              "duration": 0,
              "state": "passed",
              "speed": "fast",
              "pass": true,
              "fail": false,
              "pending": false,
              "context": null,
              "code": "assert.equal(toNumber(\"  10 \"), 10);",
              "err": {},
              "uuid": "6d8164af-2d89-47b1-9766-225fd698c09a",
              "parentUUID": "fa02b0ee-ca7f-4f38-8653-3caff6521236",
              "isHook": false,
              "skipped": false
            },
            {
              "title": "Should return NaN if string is not number",
              "fullTitle": "Positive testing for toNumber.js Should return NaN if string is not number",
              "timedOut": false,
              "duration": 0,
              "state": "passed",
              "speed": "fast",
              "pass": true,
              "fail": false,
              "pending": false,
              "context": null,
              "code": "assert.isNaN(toNumber(\"Hi\"));",
              "err": {},
              "uuid": "7be07b8c-64f8-45c5-b208-3252092e5cf8",
              "parentUUID": "fa02b0ee-ca7f-4f38-8653-3caff6521236",
              "isHook": false,
              "skipped": false
            },
            {
              "title": "Should return NaN if value is object",
              "fullTitle": "Positive testing for toNumber.js Should return NaN if value is object",
              "timedOut": false,
              "duration": 0,
              "state": "passed",
              "speed": "fast",
              "pass": true,
              "fail": false,
              "pending": false,
              "context": null,
              "code": "assert.isNaN(toNumber({\"a\": 1}));",
              "err": {},
              "uuid": "733f577d-e5fa-47ea-8be7-c0814ba7d59c",
              "parentUUID": "fa02b0ee-ca7f-4f38-8653-3caff6521236",
              "isHook": false,
              "skipped": false
            },
            {
              "title": "Should return NaN if value is map",
              "fullTitle": "Positive testing for toNumber.js Should return NaN if value is map",
              "timedOut": false,
              "duration": 0,
              "state": "passed",
              "speed": "fast",
              "pass": true,
              "fail": false,
              "pending": false,
              "context": null,
              "code": "const map = new Map()\nassert.isNaN(toNumber(map));",
              "err": {},
              "uuid": "bef433fd-02da-489f-8624-5d395d522f91",
              "parentUUID": "fa02b0ee-ca7f-4f38-8653-3caff6521236",
              "isHook": false,
              "skipped": false
            },
            {
              "title": "Should return NaN if value is set",
              "fullTitle": "Positive testing for toNumber.js Should return NaN if value is set",
              "timedOut": false,
              "duration": 0,
              "state": "passed",
              "speed": "fast",
              "pass": true,
              "fail": false,
              "pending": false,
              "context": null,
              "code": "const set = new Set([1, 2]);\nassert.isNaN(toNumber(set));",
              "err": {},
              "uuid": "b0459509-10f4-40b8-b45b-0e88d3968bcb",
              "parentUUID": "fa02b0ee-ca7f-4f38-8653-3caff6521236",
              "isHook": false,
              "skipped": false
            },
            {
              "title": "Should return Infinity if value is Infinity",
              "fullTitle": "Positive testing for toNumber.js Should return Infinity if value is Infinity",
              "timedOut": false,
              "duration": 0,
              "state": "passed",
              "speed": "fast",
              "pass": true,
              "fail": false,
              "pending": false,
              "context": null,
              "code": "assert.equal(toNumber(Infinity), Infinity);",
              "err": {},
              "uuid": "ea05dd41-0f86-46c3-8ccd-7f812e4708b1",
              "parentUUID": "fa02b0ee-ca7f-4f38-8653-3caff6521236",
              "isHook": false,
              "skipped": false
            },
            {
              "title": "Should return NaN if value is Symbol",
              "fullTitle": "Positive testing for toNumber.js Should return NaN if value is Symbol",
              "timedOut": false,
              "duration": 0,
              "state": "passed",
              "speed": "fast",
              "pass": true,
              "fail": false,
              "pending": false,
              "context": null,
              "code": "assert.isNaN(toNumber(Symbol('foo')));",
              "err": {},
              "uuid": "5d523542-3a48-4aad-9ad2-fac08ffca14e",
              "parentUUID": "fa02b0ee-ca7f-4f38-8653-3caff6521236",
              "isHook": false,
              "skipped": false
            },
            {
              "title": "Should correctly parse valid binary string",
              "fullTitle": "Positive testing for toNumber.js Should correctly parse valid binary string",
              "timedOut": false,
              "duration": 0,
              "state": "passed",
              "speed": "fast",
              "pass": true,
              "fail": false,
              "pending": false,
              "context": null,
              "code": "assert.equal(toNumber(\"0b101\"), 5);",
              "err": {},
              "uuid": "9137c3db-d194-4041-b9b5-15d7a350b5d0",
              "parentUUID": "fa02b0ee-ca7f-4f38-8653-3caff6521236",
              "isHook": false,
              "skipped": false
            },
            {
              "title": "Should correctly parse valid hex value",
              "fullTitle": "Positive testing for toNumber.js Should correctly parse valid hex value",
              "timedOut": false,
              "duration": 0,
              "state": "passed",
              "speed": "fast",
              "pass": true,
              "fail": false,
              "pending": false,
              "context": null,
              "code": "assert.equal(toNumber(\"0xFF\"), 255);",
              "err": {},
              "uuid": "2813fda5-bbeb-4288-afd2-d75e22c4f058",
              "parentUUID": "fa02b0ee-ca7f-4f38-8653-3caff6521236",
              "isHook": false,
              "skipped": false
            },
            {
              "title": "Should return NaN for invalid signed hex",
              "fullTitle": "Positive testing for toNumber.js Should return NaN for invalid signed hex",
              "timedOut": false,
              "duration": 0,
              "state": "passed",
              "speed": "fast",
              "pass": true,
              "fail": false,
              "pending": false,
              "context": null,
              "code": "assert.isNaN(toNumber(\"-0x10\"));",
              "err": {},
              "uuid": "14c65dce-d951-449a-923a-104df81d3cec",
              "parentUUID": "fa02b0ee-ca7f-4f38-8653-3caff6521236",
              "isHook": false,
              "skipped": false
            },
            {
              "title": "Should correctly parse valid octal",
              "fullTitle": "Positive testing for toNumber.js Should correctly parse valid octal",
              "timedOut": false,
              "duration": 0,
              "state": "passed",
              "speed": "fast",
              "pass": true,
              "fail": false,
              "pending": false,
              "context": null,
              "code": "assert.equal(toNumber(0o10), 8);",
              "err": {},
              "uuid": "ef4b65d2-1022-4d7d-8084-e09746348c31",
              "parentUUID": "fa02b0ee-ca7f-4f38-8653-3caff6521236",
              "isHook": false,
              "skipped": false
            },
            {
              "title": "Should convert true to 1",
              "fullTitle": "Positive testing for toNumber.js Should convert true to 1",
              "timedOut": false,
              "duration": 0,
              "state": "passed",
              "speed": "fast",
              "pass": true,
              "fail": false,
              "pending": false,
              "context": null,
              "code": "assert.equal(toNumber(true), 1);",
              "err": {},
              "uuid": "31343151-0fd4-4320-afff-8f2f67c37f82",
              "parentUUID": "fa02b0ee-ca7f-4f38-8653-3caff6521236",
              "isHook": false,
              "skipped": false
            },
            {
              "title": "Should convert false to 0",
              "fullTitle": "Positive testing for toNumber.js Should convert false to 0",
              "timedOut": false,
              "duration": 1,
              "state": "passed",
              "speed": "fast",
              "pass": true,
              "fail": false,
              "pending": false,
              "context": null,
              "code": "assert.equal(toNumber(false), 0);",
              "err": {},
              "uuid": "a6c50243-b447-4ee2-bc1a-599e9d9e2e48",
              "parentUUID": "fa02b0ee-ca7f-4f38-8653-3caff6521236",
              "isHook": false,
              "skipped": false
            }
          ],
          "suites": [],
          "passes": [
            "ee381128-478f-4ffd-9fff-e5b42c419d14",
            "a0e0b664-e46a-442a-879a-34fd097c70a9",
            "0981d2c3-8e0e-458a-ae98-9f90288cfd24",
            "df481e30-1253-4c72-9301-fa59bc8331b4",
            "db6fac96-647f-47ea-984e-85282f1852ee",
            "4c8ef19e-79fb-4992-8ec7-0bec1e98910a",
            "5e8db679-eb1d-480f-be71-6e782c69d6b9",
            "65ff3045-11f1-43b5-a985-1b88ca1b63e6",
            "6d8164af-2d89-47b1-9766-225fd698c09a",
            "7be07b8c-64f8-45c5-b208-3252092e5cf8",
            "733f577d-e5fa-47ea-8be7-c0814ba7d59c",
            "bef433fd-02da-489f-8624-5d395d522f91",
            "b0459509-10f4-40b8-b45b-0e88d3968bcb",
            "ea05dd41-0f86-46c3-8ccd-7f812e4708b1",
            "5d523542-3a48-4aad-9ad2-fac08ffca14e",
            "9137c3db-d194-4041-b9b5-15d7a350b5d0",
            "2813fda5-bbeb-4288-afd2-d75e22c4f058",
            "14c65dce-d951-449a-923a-104df81d3cec",
            "ef4b65d2-1022-4d7d-8084-e09746348c31",
            "31343151-0fd4-4320-afff-8f2f67c37f82",
            "a6c50243-b447-4ee2-bc1a-599e9d9e2e48"
          ],
          "failures": [],
          "pending": [],
          "skipped": [],
          "duration": 1,
          "root": false,
          "rootEmpty": false,
          "_timeout": 2000
        }
      ],
      "passes": [],
      "failures": [],
      "pending": [],
      "skipped": [],
      "duration": 0,
      "root": true,
      "rootEmpty": true,
      "_timeout": 2000
    }
  ],
  "meta": {
    "mocha": {
      "version": "11.7.5"
    },
    "mochawesome": {
      "options": {
        "quiet": false,
        "reportFilename": "mochawesome",
        "saveHtml": true,
        "saveJson": true,
        "consoleReporter": "spec",
        "useInlineDiffs": false,
        "code": true
      },
      "version": "7.1.4"
    },
    "marge": {
      "options": null,
      "version": "6.3.2"
    }
  }
}