{
  "stats": {
    "suites": 10,
    "tests": 60,
    "passes": 46,
    "pending": 0,
    "failures": 14,
    "start": "2025-11-23T12:16:49.321Z",
    "end": "2025-11-23T12:16:49.346Z",
    "duration": 25,
    "testsRegistered": 60,
    "passPercent": 76.66666666666667,
    "pendingPercent": 0,
    "other": 0,
    "hasOther": false,
    "skipped": 0,
    "hasSkipped": false
  },
  "results": [
    {
      "uuid": "6458eefb-8ead-4e10-8f85-e89dadc0b405",
      "title": "",
      "fullFile": "",
      "file": "",
      "beforeHooks": [],
      "afterHooks": [],
      "tests": [],
      "suites": [
        {
          "uuid": "eca02a43-b213-4685-b532-8260ed187cc1",
          "title": "Positive testing for add.js",
          "fullFile": "/home/elmeripk/sw_testing_gw/test/addTest.js",
          "file": "/test/addTest.js",
          "beforeHooks": [],
          "afterHooks": [],
          "tests": [
            {
              "title": "It should sum two positive integers correctly",
              "fullTitle": "Positive testing for add.js It should sum two positive integers correctly",
              "timedOut": false,
              "duration": 0,
              "state": "passed",
              "speed": "fast",
              "pass": true,
              "fail": false,
              "pending": false,
              "context": null,
              "code": "const augend = 6;\n        const addend = 4;\n        assert.equal(add(augend, addend), 10);",
              "err": {},
              "uuid": "5af99f66-d810-48ee-ba00-d450d9330bf1",
              "parentUUID": "eca02a43-b213-4685-b532-8260ed187cc1",
              "isHook": false,
              "skipped": false
            },
            {
              "title": "It should sum two negative integers correctly",
              "fullTitle": "Positive testing for add.js It should sum two negative integers correctly",
              "timedOut": false,
              "duration": 0,
              "state": "passed",
              "speed": "fast",
              "pass": true,
              "fail": false,
              "pending": false,
              "context": null,
              "code": "const augend = -2;\n        const addend = -8;\n        assert.equal(add(augend, addend), -10);",
              "err": {},
              "uuid": "67982543-dae4-4f2e-b3ec-7f93eb64547e",
              "parentUUID": "eca02a43-b213-4685-b532-8260ed187cc1",
              "isHook": false,
              "skipped": false
            },
            {
              "title": "It should sum positive and negative integers correctly",
              "fullTitle": "Positive testing for add.js It should sum positive and negative integers correctly",
              "timedOut": false,
              "duration": 0,
              "state": "passed",
              "speed": "fast",
              "pass": true,
              "fail": false,
              "pending": false,
              "context": null,
              "code": "const augend = -4;\n        const addend = 6;\n        assert.equal(add(augend, addend), 2);",
              "err": {},
              "uuid": "4d59e2af-57df-4407-b8c3-b3b8a4c20c33",
              "parentUUID": "eca02a43-b213-4685-b532-8260ed187cc1",
              "isHook": false,
              "skipped": false
            },
            {
              "title": "It should sum positive integer and zero addend correctly",
              "fullTitle": "Positive testing for add.js It should sum positive integer and zero addend correctly",
              "timedOut": false,
              "duration": 0,
              "state": "passed",
              "speed": "fast",
              "pass": true,
              "fail": false,
              "pending": false,
              "context": null,
              "code": "const augend = 3;\n        const addend = 0;\n        assert.equal(add(augend, addend), 3);",
              "err": {},
              "uuid": "3da22f82-9238-4e26-a012-ed05c2d8803c",
              "parentUUID": "eca02a43-b213-4685-b532-8260ed187cc1",
              "isHook": false,
              "skipped": false
            },
            {
              "title": "It should sum zero augend and negative integer correctly",
              "fullTitle": "Positive testing for add.js It should sum zero augend and negative integer correctly",
              "timedOut": false,
              "duration": 0,
              "state": "passed",
              "speed": "fast",
              "pass": true,
              "fail": false,
              "pending": false,
              "context": null,
              "code": "const augend = 0;\n        const addend = -2;\n        assert.equal(add(augend, addend), -2);",
              "err": {},
              "uuid": "7d33b432-43f6-4321-ac6d-7f29e7f105cf",
              "parentUUID": "eca02a43-b213-4685-b532-8260ed187cc1",
              "isHook": false,
              "skipped": false
            },
            {
              "title": "It should sum two positive decimals correctly",
              "fullTitle": "Positive testing for add.js It should sum two positive decimals correctly",
              "timedOut": false,
              "duration": 0,
              "state": "passed",
              "speed": "fast",
              "pass": true,
              "fail": false,
              "pending": false,
              "context": null,
              "code": "const augend = 2.1;\n        const addend = 3.3;\n        assert.equal(add(augend, addend), 5.4);",
              "err": {},
              "uuid": "6e17c770-7609-4612-9252-39c0593b5d92",
              "parentUUID": "eca02a43-b213-4685-b532-8260ed187cc1",
              "isHook": false,
              "skipped": false
            },
            {
              "title": "It should sum positve decimal and integer correctly",
              "fullTitle": "Positive testing for add.js It should sum positve decimal and integer correctly",
              "timedOut": false,
              "duration": 0,
              "state": "passed",
              "speed": "fast",
              "pass": true,
              "fail": false,
              "pending": false,
              "context": null,
              "code": "const augend = 2.1;\n        const addend = 4;\n        assert.equal(add(augend, addend), 6.1);",
              "err": {},
              "uuid": "cb59f22f-783a-4d82-bbd8-3b20eb66ac72",
              "parentUUID": "eca02a43-b213-4685-b532-8260ed187cc1",
              "isHook": false,
              "skipped": false
            }
          ],
          "suites": [],
          "passes": [
            "5af99f66-d810-48ee-ba00-d450d9330bf1",
            "67982543-dae4-4f2e-b3ec-7f93eb64547e",
            "4d59e2af-57df-4407-b8c3-b3b8a4c20c33",
            "3da22f82-9238-4e26-a012-ed05c2d8803c",
            "7d33b432-43f6-4321-ac6d-7f29e7f105cf",
            "6e17c770-7609-4612-9252-39c0593b5d92",
            "cb59f22f-783a-4d82-bbd8-3b20eb66ac72"
          ],
          "failures": [],
          "pending": [],
          "skipped": [],
          "duration": 0,
          "root": false,
          "rootEmpty": false,
          "_timeout": 2000
        },
        {
          "uuid": "89871a0a-3eb7-48ef-bff1-03cabeba9993",
          "title": "Negative testing for add.js",
          "fullFile": "/home/elmeripk/sw_testing_gw/test/addTest.js",
          "file": "/test/addTest.js",
          "beforeHooks": [],
          "afterHooks": [],
          "tests": [
            {
              "title": "It should throw error if augend is undefined",
              "fullTitle": "Negative testing for add.js It should throw error if augend is undefined",
              "timedOut": false,
              "duration": 0,
              "state": "failed",
              "speed": null,
              "pass": false,
              "fail": true,
              "pending": false,
              "context": null,
              "code": "const augend = undefined;\n        const addend = 2;\n        expect(() => add(augend, addend)).to.throw(error)",
              "err": {
                "message": "ReferenceError: expect is not defined",
                "estack": "ReferenceError: expect is not defined\n    at Context.<anonymous> (file:///home/elmeripk/sw_testing_gw/test/addTest.js:72:9)\n    at process.processImmediate (node:internal/timers:511:21)",
                "diff": null
              },
              "uuid": "28b207c7-e7d7-4d4c-9000-3235a0133f42",
              "parentUUID": "89871a0a-3eb7-48ef-bff1-03cabeba9993",
              "isHook": false,
              "skipped": false
            },
            {
              "title": "It should throw error if addend is undefined",
              "fullTitle": "Negative testing for add.js It should throw error if addend is undefined",
              "timedOut": false,
              "duration": 0,
              "state": "failed",
              "speed": null,
              "pass": false,
              "fail": true,
              "pending": false,
              "context": null,
              "code": "const augend = 3;\n        const addend = undefined;\n        expect(() => add(augend, addend)).to.throw(error)",
              "err": {
                "message": "ReferenceError: expect is not defined",
                "estack": "ReferenceError: expect is not defined\n    at Context.<anonymous> (file:///home/elmeripk/sw_testing_gw/test/addTest.js:80:9)\n    at process.processImmediate (node:internal/timers:511:21)",
                "diff": null
              },
              "uuid": "cbfc0092-075f-4421-bddd-0c0db7b2a5d3",
              "parentUUID": "89871a0a-3eb7-48ef-bff1-03cabeba9993",
              "isHook": false,
              "skipped": false
            },
            {
              "title": "It should throw error if augend is string",
              "fullTitle": "Negative testing for add.js It should throw error if augend is string",
              "timedOut": false,
              "duration": 0,
              "state": "failed",
              "speed": null,
              "pass": false,
              "fail": true,
              "pending": false,
              "context": null,
              "code": "const augend = \"6\";\n        const addend = 4;\n        expect(() => add(augend, addend)).to.throw(error);",
              "err": {
                "message": "ReferenceError: expect is not defined",
                "estack": "ReferenceError: expect is not defined\n    at Context.<anonymous> (file:///home/elmeripk/sw_testing_gw/test/addTest.js:88:9)\n    at process.processImmediate (node:internal/timers:511:21)",
                "diff": null
              },
              "uuid": "e8be84f6-107a-4141-9342-d3623c4bd5c6",
              "parentUUID": "89871a0a-3eb7-48ef-bff1-03cabeba9993",
              "isHook": false,
              "skipped": false
            },
            {
              "title": "It should throw error if addend is string",
              "fullTitle": "Negative testing for add.js It should throw error if addend is string",
              "timedOut": false,
              "duration": 0,
              "state": "failed",
              "speed": null,
              "pass": false,
              "fail": true,
              "pending": false,
              "context": null,
              "code": "const augend = 6;\n        const addend = \"4\";\n        expect(() => add(augend, addend)).to.throw(error);",
              "err": {
                "message": "ReferenceError: expect is not defined",
                "estack": "ReferenceError: expect is not defined\n    at Context.<anonymous> (file:///home/elmeripk/sw_testing_gw/test/addTest.js:96:9)\n    at process.processImmediate (node:internal/timers:511:21)",
                "diff": null
              },
              "uuid": "dc3d71fd-4659-452c-99f7-b4129ac47a25",
              "parentUUID": "89871a0a-3eb7-48ef-bff1-03cabeba9993",
              "isHook": false,
              "skipped": false
            }
          ],
          "suites": [],
          "passes": [],
          "failures": [
            "28b207c7-e7d7-4d4c-9000-3235a0133f42",
            "cbfc0092-075f-4421-bddd-0c0db7b2a5d3",
            "e8be84f6-107a-4141-9342-d3623c4bd5c6",
            "dc3d71fd-4659-452c-99f7-b4129ac47a25"
          ],
          "pending": [],
          "skipped": [],
          "duration": 0,
          "root": false,
          "rootEmpty": false,
          "_timeout": 2000
        },
        {
          "uuid": "4cbc946c-2098-4289-bd95-bbb0975992a4",
          "title": "TESTS BASED ON TEST PLAN",
          "fullFile": "/home/elmeripk/sw_testing_gw/test/ceilTest.js",
          "file": "/test/ceilTest.js",
          "beforeHooks": [],
          "afterHooks": [],
          "tests": [],
          "suites": [
            {
              "uuid": "dce5328b-c7a6-4092-b3ee-c8aa91468ecf",
              "title": "Positive test cases for ceil.js",
              "fullFile": "/home/elmeripk/sw_testing_gw/test/ceilTest.js",
              "file": "/test/ceilTest.js",
              "beforeHooks": [],
              "afterHooks": [],
              "tests": [
                {
                  "title": "Should keep an integer without precisions specified unchanged",
                  "fullTitle": "TESTS BASED ON TEST PLAN Positive test cases for ceil.js Should keep an integer without precisions specified unchanged",
                  "timedOut": false,
                  "duration": 0,
                  "state": "passed",
                  "speed": "fast",
                  "pass": true,
                  "fail": false,
                  "pending": false,
                  "context": null,
                  "code": "assert.equal(ceil(6), 6)",
                  "err": {},
                  "uuid": "24252bfd-e146-4ba2-8a0b-46a990edc705",
                  "parentUUID": "dce5328b-c7a6-4092-b3ee-c8aa91468ecf",
                  "isHook": false,
                  "skipped": false
                },
                {
                  "title": "Should round decimals up to nearest integer by default",
                  "fullTitle": "TESTS BASED ON TEST PLAN Positive test cases for ceil.js Should round decimals up to nearest integer by default",
                  "timedOut": false,
                  "duration": 0,
                  "state": "passed",
                  "speed": "fast",
                  "pass": true,
                  "fail": false,
                  "pending": false,
                  "context": null,
                  "code": "assert.equal(ceil(3.006), 4);",
                  "err": {},
                  "uuid": "2f4db11d-f077-4111-a51a-b039f0659e3e",
                  "parentUUID": "dce5328b-c7a6-4092-b3ee-c8aa91468ecf",
                  "isHook": false,
                  "skipped": false
                },
                {
                  "title": "Should round decimal to correct precision when positive precision is specified",
                  "fullTitle": "TESTS BASED ON TEST PLAN Positive test cases for ceil.js Should round decimal to correct precision when positive precision is specified",
                  "timedOut": false,
                  "duration": 0,
                  "state": "passed",
                  "speed": "fast",
                  "pass": true,
                  "fail": false,
                  "pending": false,
                  "context": null,
                  "code": "assert.equal(ceil(6.004, 2), 6.01);",
                  "err": {},
                  "uuid": "fc253412-dbff-4351-a824-4d2e9ff986ca",
                  "parentUUID": "dce5328b-c7a6-4092-b3ee-c8aa91468ecf",
                  "isHook": false,
                  "skipped": false
                },
                {
                  "title": "Should keep integer unchanged when precision is positive",
                  "fullTitle": "TESTS BASED ON TEST PLAN Positive test cases for ceil.js Should keep integer unchanged when precision is positive",
                  "timedOut": false,
                  "duration": 0,
                  "state": "passed",
                  "speed": "fast",
                  "pass": true,
                  "fail": false,
                  "pending": false,
                  "context": null,
                  "code": "assert.equal(ceil(5, 3), 5);",
                  "err": {},
                  "uuid": "95164b78-133e-4a45-838f-f6ed79c4eea9",
                  "parentUUID": "dce5328b-c7a6-4092-b3ee-c8aa91468ecf",
                  "isHook": false,
                  "skipped": false
                },
                {
                  "title": "Should round decimal to correct precision when zero precision is specified",
                  "fullTitle": "TESTS BASED ON TEST PLAN Positive test cases for ceil.js Should round decimal to correct precision when zero precision is specified",
                  "timedOut": false,
                  "duration": 0,
                  "state": "passed",
                  "speed": "fast",
                  "pass": true,
                  "fail": false,
                  "pending": false,
                  "context": null,
                  "code": "assert.equal(ceil(3.006, 0), 4);",
                  "err": {},
                  "uuid": "2cbb8020-b92c-4689-89fc-961f69d78f9b",
                  "parentUUID": "dce5328b-c7a6-4092-b3ee-c8aa91468ecf",
                  "isHook": false,
                  "skipped": false
                }
              ],
              "suites": [],
              "passes": [
                "24252bfd-e146-4ba2-8a0b-46a990edc705",
                "2f4db11d-f077-4111-a51a-b039f0659e3e",
                "fc253412-dbff-4351-a824-4d2e9ff986ca",
                "95164b78-133e-4a45-838f-f6ed79c4eea9",
                "2cbb8020-b92c-4689-89fc-961f69d78f9b"
              ],
              "failures": [],
              "pending": [],
              "skipped": [],
              "duration": 0,
              "root": false,
              "rootEmpty": false,
              "_timeout": 2000
            },
            {
              "uuid": "ae3c4f55-a239-4333-8844-cb22fe3c939b",
              "title": "Negative test cases for ceil.js",
              "fullFile": "/home/elmeripk/sw_testing_gw/test/ceilTest.js",
              "file": "/test/ceilTest.js",
              "beforeHooks": [],
              "afterHooks": [],
              "tests": [
                {
                  "title": "Should throw an error when input is not a number",
                  "fullTitle": "TESTS BASED ON TEST PLAN Negative test cases for ceil.js Should throw an error when input is not a number",
                  "timedOut": false,
                  "duration": 1,
                  "state": "failed",
                  "speed": null,
                  "pass": false,
                  "fail": true,
                  "pending": false,
                  "context": null,
                  "code": "assert.throws(() => ceil(\"not a number\"), Error);",
                  "err": {
                    "message": "AssertionError: expected [Function] to throw Error",
                    "estack": "AssertionError: expected [Function] to throw Error\n    at Context.<anonymous> (file:///home/elmeripk/sw_testing_gw/test/ceilTest.js:33:20)\n    at process.processImmediate (node:internal/timers:511:21)",
                    "diff": null
                  },
                  "uuid": "db968796-68eb-4ef6-95e7-4bc4d8be2520",
                  "parentUUID": "ae3c4f55-a239-4333-8844-cb22fe3c939b",
                  "isHook": false,
                  "skipped": false
                },
                {
                  "title": "Should throw an error if precision is not a number",
                  "fullTitle": "TESTS BASED ON TEST PLAN Negative test cases for ceil.js Should throw an error if precision is not a number",
                  "timedOut": false,
                  "duration": 0,
                  "state": "failed",
                  "speed": null,
                  "pass": false,
                  "fail": true,
                  "pending": false,
                  "context": null,
                  "code": "assert.throws(() => ceil(4.3367, \"not a number\"), Error);",
                  "err": {
                    "message": "AssertionError: expected [Function] to throw Error",
                    "estack": "AssertionError: expected [Function] to throw Error\n    at Context.<anonymous> (file:///home/elmeripk/sw_testing_gw/test/ceilTest.js:37:20)\n    at process.processImmediate (node:internal/timers:511:21)",
                    "diff": null
                  },
                  "uuid": "480ec291-9c6b-48c8-a425-345ca802ecda",
                  "parentUUID": "ae3c4f55-a239-4333-8844-cb22fe3c939b",
                  "isHook": false,
                  "skipped": false
                }
              ],
              "suites": [],
              "passes": [],
              "failures": [
                "db968796-68eb-4ef6-95e7-4bc4d8be2520",
                "480ec291-9c6b-48c8-a425-345ca802ecda"
              ],
              "pending": [],
              "skipped": [],
              "duration": 1,
              "root": false,
              "rootEmpty": false,
              "_timeout": 2000
            }
          ],
          "passes": [],
          "failures": [],
          "pending": [],
          "skipped": [],
          "duration": 0,
          "root": false,
          "rootEmpty": false,
          "_timeout": 2000
        },
        {
          "uuid": "0ed1bdba-4368-4d37-8a27-e403e631641d",
          "title": "NEWLY ADDED TESTS FOR ceil.js",
          "fullFile": "/home/elmeripk/sw_testing_gw/test/ceilTest.js",
          "file": "/test/ceilTest.js",
          "beforeHooks": [],
          "afterHooks": [],
          "tests": [],
          "suites": [
            {
              "uuid": "edbb2f43-e6d7-48df-b343-22846f6ab996",
              "title": "Positive test cases for ceil.js",
              "fullFile": "/home/elmeripk/sw_testing_gw/test/ceilTest.js",
              "file": "/test/ceilTest.js",
              "beforeHooks": [],
              "afterHooks": [],
              "tests": [
                {
                  "title": "Should round integer to correct precision when negative precision is specified",
                  "fullTitle": "NEWLY ADDED TESTS FOR ceil.js Positive test cases for ceil.js Should round integer to correct precision when negative precision is specified",
                  "timedOut": false,
                  "duration": 0,
                  "state": "passed",
                  "speed": "fast",
                  "pass": true,
                  "fail": false,
                  "pending": false,
                  "context": null,
                  "code": "assert.equal(ceil(6040, -2), 6100);",
                  "err": {},
                  "uuid": "bc611341-7e30-48ae-85c0-2967297841e0",
                  "parentUUID": "edbb2f43-e6d7-48df-b343-22846f6ab996",
                  "isHook": false,
                  "skipped": false
                },
                {
                  "title": "Should round decimal to correct precision when negative precision is specified",
                  "fullTitle": "NEWLY ADDED TESTS FOR ceil.js Positive test cases for ceil.js Should round decimal to correct precision when negative precision is specified",
                  "timedOut": false,
                  "duration": 0,
                  "state": "passed",
                  "speed": "fast",
                  "pass": true,
                  "fail": false,
                  "pending": false,
                  "context": null,
                  "code": "assert.equal(ceil(6.040, -2), 100);",
                  "err": {},
                  "uuid": "4dde6949-66e0-40a7-9bbc-037acb914f97",
                  "parentUUID": "edbb2f43-e6d7-48df-b343-22846f6ab996",
                  "isHook": false,
                  "skipped": false
                }
              ],
              "suites": [],
              "passes": [
                "bc611341-7e30-48ae-85c0-2967297841e0",
                "4dde6949-66e0-40a7-9bbc-037acb914f97"
              ],
              "failures": [],
              "pending": [],
              "skipped": [],
              "duration": 0,
              "root": false,
              "rootEmpty": false,
              "_timeout": 2000
            },
            {
              "uuid": "0298c363-6edf-4202-b61d-c1eb56b2c604",
              "title": "Negative test cases for ceil.js",
              "fullFile": "/home/elmeripk/sw_testing_gw/test/ceilTest.js",
              "file": "/test/ceilTest.js",
              "beforeHooks": [],
              "afterHooks": [],
              "tests": [
                {
                  "title": "Should throw an error when precision is not an integer",
                  "fullTitle": "NEWLY ADDED TESTS FOR ceil.js Negative test cases for ceil.js Should throw an error when precision is not an integer",
                  "timedOut": false,
                  "duration": 0,
                  "state": "failed",
                  "speed": null,
                  "pass": false,
                  "fail": true,
                  "pending": false,
                  "context": null,
                  "code": "assert.throws(() => ceil(4.3367, 1.5), Error);",
                  "err": {
                    "message": "AssertionError: expected [Function] to throw Error",
                    "estack": "AssertionError: expected [Function] to throw Error\n    at Context.<anonymous> (file:///home/elmeripk/sw_testing_gw/test/ceilTest.js:60:20)\n    at process.processImmediate (node:internal/timers:511:21)",
                    "diff": null
                  },
                  "uuid": "820f61fb-6817-4265-a81b-f39acb7bd7b9",
                  "parentUUID": "0298c363-6edf-4202-b61d-c1eb56b2c604",
                  "isHook": false,
                  "skipped": false
                }
              ],
              "suites": [],
              "passes": [],
              "failures": [
                "820f61fb-6817-4265-a81b-f39acb7bd7b9"
              ],
              "pending": [],
              "skipped": [],
              "duration": 0,
              "root": false,
              "rootEmpty": false,
              "_timeout": 2000
            }
          ],
          "passes": [],
          "failures": [],
          "pending": [],
          "skipped": [],
          "duration": 0,
          "root": false,
          "rootEmpty": false,
          "_timeout": 2000
        },
        {
          "uuid": "3c732643-0a87-4bd9-a6ef-af71959d37b5",
          "title": "Positive test cases for defaultToAny.js",
          "fullFile": "/home/elmeripk/sw_testing_gw/test/defaultToAnyTest.js",
          "file": "/test/defaultToAnyTest.js",
          "beforeHooks": [],
          "afterHooks": [],
          "tests": [
            {
              "title": "Should return the first value when it is not NaN, null, or undefined",
              "fullTitle": "Positive test cases for defaultToAny.js Should return the first value when it is not NaN, null, or undefined",
              "timedOut": false,
              "duration": 1,
              "state": "passed",
              "speed": "fast",
              "pass": true,
              "fail": false,
              "pending": false,
              "context": null,
              "code": "assert.equal(defaultToAny(1, 10, 20), 1);",
              "err": {},
              "uuid": "39788e30-a299-4d65-9d46-453157781c73",
              "parentUUID": "3c732643-0a87-4bd9-a6ef-af71959d37b5",
              "isHook": false,
              "skipped": false
            },
            {
              "title": "Should return the first non-NaN, non-null, or non-undefined default value value is undefined",
              "fullTitle": "Positive test cases for defaultToAny.js Should return the first non-NaN, non-null, or non-undefined default value value is undefined",
              "timedOut": false,
              "duration": 0,
              "state": "passed",
              "speed": "fast",
              "pass": true,
              "fail": false,
              "pending": false,
              "context": null,
              "code": "assert.equal(defaultToAny(undefined, 10, 20), 10);",
              "err": {},
              "uuid": "fc39d4c3-6957-4179-9cd4-e7142dbf850c",
              "parentUUID": "3c732643-0a87-4bd9-a6ef-af71959d37b5",
              "isHook": false,
              "skipped": false
            },
            {
              "title": "Should return the first non-NaN, non-null, or non-undefined default value when value is NaN and there are valid defaults",
              "fullTitle": "Positive test cases for defaultToAny.js Should return the first non-NaN, non-null, or non-undefined default value when value is NaN and there are valid defaults",
              "timedOut": false,
              "duration": 0,
              "state": "failed",
              "speed": null,
              "pass": false,
              "fail": true,
              "pending": false,
              "context": null,
              "code": "assert.equal(defaultToAny(NaN, null, 20), 20);",
              "err": {
                "message": "AssertionError: expected NaN to equal 20",
                "estack": "AssertionError: expected NaN to equal 20\n    at Context.<anonymous> (file:///home/elmeripk/sw_testing_gw/test/defaultToAnyTest.js:16:20)\n    at process.processImmediate (node:internal/timers:511:21)",
                "diff": "- NaN\n+ 20\n"
              },
              "uuid": "d37d2b11-3609-4014-9cb9-5e2849f9eaa1",
              "parentUUID": "3c732643-0a87-4bd9-a6ef-af71959d37b5",
              "isHook": false,
              "skipped": false
            },
            {
              "title": "Should return the first non-NaN, non-null, or non-undefined default value when value is null and there are valid defaults",
              "fullTitle": "Positive test cases for defaultToAny.js Should return the first non-NaN, non-null, or non-undefined default value when value is null and there are valid defaults",
              "timedOut": false,
              "duration": 0,
              "state": "failed",
              "speed": null,
              "pass": false,
              "fail": true,
              "pending": false,
              "context": null,
              "code": "assert.equal(defaultToAny(null, NaN, 30), 30);",
              "err": {
                "message": "AssertionError: expected NaN to equal 30",
                "estack": "AssertionError: expected NaN to equal 30\n    at Context.<anonymous> (file:///home/elmeripk/sw_testing_gw/test/defaultToAnyTest.js:20:20)\n    at process.processImmediate (node:internal/timers:511:21)",
                "diff": "- NaN\n+ 30\n"
              },
              "uuid": "1530bd4e-d2c9-4f67-8a1f-c72af3fc036c",
              "parentUUID": "3c732643-0a87-4bd9-a6ef-af71959d37b5",
              "isHook": false,
              "skipped": false
            },
            {
              "title": "Should return the first non-Nan, non-null or non-undefined default value when value is undefined and there are valid defaults",
              "fullTitle": "Positive test cases for defaultToAny.js Should return the first non-Nan, non-null or non-undefined default value when value is undefined and there are valid defaults",
              "timedOut": false,
              "duration": 0,
              "state": "failed",
              "speed": null,
              "pass": false,
              "fail": true,
              "pending": false,
              "context": null,
              "code": "assert.equal(defaultToAny(undefined, NaN, null, 50), 50);",
              "err": {
                "message": "AssertionError: expected NaN to equal 50",
                "estack": "AssertionError: expected NaN to equal 50\n    at Context.<anonymous> (file:///home/elmeripk/sw_testing_gw/test/defaultToAnyTest.js:24:20)\n    at process.processImmediate (node:internal/timers:511:21)",
                "diff": "- NaN\n+ 50\n"
              },
              "uuid": "c50b0509-5568-4c0a-bf32-104e8d474db5",
              "parentUUID": "3c732643-0a87-4bd9-a6ef-af71959d37b5",
              "isHook": false,
              "skipped": false
            },
            {
              "title": "Should return the last default value when the value is undefined and any of the default values are not valid V1",
              "fullTitle": "Positive test cases for defaultToAny.js Should return the last default value when the value is undefined and any of the default values are not valid V1",
              "timedOut": false,
              "duration": 0,
              "state": "passed",
              "speed": "fast",
              "pass": true,
              "fail": false,
              "pending": false,
              "context": null,
              "code": "assert.isNaN(defaultToAny(null, undefined, NaN));",
              "err": {},
              "uuid": "606c6975-263d-4762-a602-e3e7ef2aa554",
              "parentUUID": "3c732643-0a87-4bd9-a6ef-af71959d37b5",
              "isHook": false,
              "skipped": false
            },
            {
              "title": "Should return the last default value when the value is undefined and any of the default values are not valid V2",
              "fullTitle": "Positive test cases for defaultToAny.js Should return the last default value when the value is undefined and any of the default values are not valid V2",
              "timedOut": false,
              "duration": 0,
              "state": "passed",
              "speed": "fast",
              "pass": true,
              "fail": false,
              "pending": false,
              "context": null,
              "code": "assert.isNaN(defaultToAny(undefined, null, NaN));",
              "err": {},
              "uuid": "abf1d2a0-7529-42d5-a001-2135876a249a",
              "parentUUID": "3c732643-0a87-4bd9-a6ef-af71959d37b5",
              "isHook": false,
              "skipped": false
            },
            {
              "title": "Should return the last default value when the value is NaN and any of the default values are not valid V1",
              "fullTitle": "Positive test cases for defaultToAny.js Should return the last default value when the value is NaN and any of the default values are not valid V1",
              "timedOut": false,
              "duration": 0,
              "state": "failed",
              "speed": null,
              "pass": false,
              "fail": true,
              "pending": false,
              "context": null,
              "code": "assert.isNull(defaultToAny(NaN, undefined, null));",
              "err": {
                "message": "AssertionError: expected NaN to equal null",
                "estack": "AssertionError: expected NaN to equal null\n    at Context.<anonymous> (file:///home/elmeripk/sw_testing_gw/test/defaultToAnyTest.js:36:20)\n    at process.processImmediate (node:internal/timers:511:21)",
                "diff": null
              },
              "uuid": "469626fd-b4f4-4d85-8d84-ac818622df12",
              "parentUUID": "3c732643-0a87-4bd9-a6ef-af71959d37b5",
              "isHook": false,
              "skipped": false
            },
            {
              "title": "Should return the last default value when the value is NaN and any of the default values are not valid V2",
              "fullTitle": "Positive test cases for defaultToAny.js Should return the last default value when the value is NaN and any of the default values are not valid V2",
              "timedOut": false,
              "duration": 0,
              "state": "failed",
              "speed": null,
              "pass": false,
              "fail": true,
              "pending": false,
              "context": null,
              "code": "assert.isNull(defaultToAny(NaN, undefined, null));",
              "err": {
                "message": "AssertionError: expected NaN to equal null",
                "estack": "AssertionError: expected NaN to equal null\n    at Context.<anonymous> (file:///home/elmeripk/sw_testing_gw/test/defaultToAnyTest.js:40:20)\n    at process.processImmediate (node:internal/timers:511:21)",
                "diff": null
              },
              "uuid": "809706b6-68d9-4e90-86e7-b448c139ee2b",
              "parentUUID": "3c732643-0a87-4bd9-a6ef-af71959d37b5",
              "isHook": false,
              "skipped": false
            },
            {
              "title": "Should return the last default value when the value is null and any of the default values are not valid V1",
              "fullTitle": "Positive test cases for defaultToAny.js Should return the last default value when the value is null and any of the default values are not valid V1",
              "timedOut": false,
              "duration": 0,
              "state": "failed",
              "speed": null,
              "pass": false,
              "fail": true,
              "pending": false,
              "context": null,
              "code": "assert.isUndefined(defaultToAny(null, NaN, undefined));",
              "err": {
                "message": "AssertionError: expected NaN to equal undefined",
                "estack": "AssertionError: expected NaN to equal undefined\n    at Context.<anonymous> (file:///home/elmeripk/sw_testing_gw/test/defaultToAnyTest.js:45:20)\n    at process.processImmediate (node:internal/timers:511:21)",
                "diff": null
              },
              "uuid": "50e75b51-5a64-4c45-8bd5-45b4a161e865",
              "parentUUID": "3c732643-0a87-4bd9-a6ef-af71959d37b5",
              "isHook": false,
              "skipped": false
            },
            {
              "title": "Should return the last default value when the value is null and any of the default values are not valid V2",
              "fullTitle": "Positive test cases for defaultToAny.js Should return the last default value when the value is null and any of the default values are not valid V2",
              "timedOut": false,
              "duration": 0,
              "state": "passed",
              "speed": "fast",
              "pass": true,
              "fail": false,
              "pending": false,
              "context": null,
              "code": "assert.isNaN(defaultToAny(null, NaN, NaN));",
              "err": {},
              "uuid": "52dcad88-0b2a-4dac-95fa-7d1a95463e88",
              "parentUUID": "3c732643-0a87-4bd9-a6ef-af71959d37b5",
              "isHook": false,
              "skipped": false
            }
          ],
          "suites": [],
          "passes": [
            "39788e30-a299-4d65-9d46-453157781c73",
            "fc39d4c3-6957-4179-9cd4-e7142dbf850c",
            "606c6975-263d-4762-a602-e3e7ef2aa554",
            "abf1d2a0-7529-42d5-a001-2135876a249a",
            "52dcad88-0b2a-4dac-95fa-7d1a95463e88"
          ],
          "failures": [
            "d37d2b11-3609-4014-9cb9-5e2849f9eaa1",
            "1530bd4e-d2c9-4f67-8a1f-c72af3fc036c",
            "c50b0509-5568-4c0a-bf32-104e8d474db5",
            "469626fd-b4f4-4d85-8d84-ac818622df12",
            "809706b6-68d9-4e90-86e7-b448c139ee2b",
            "50e75b51-5a64-4c45-8bd5-45b4a161e865"
          ],
          "pending": [],
          "skipped": [],
          "duration": 1,
          "root": false,
          "rootEmpty": false,
          "_timeout": 2000
        },
        {
          "uuid": "2fb099cf-ebf3-4707-a35e-2e310382fefd",
          "title": "Positive testing for eq.js",
          "fullFile": "/home/elmeripk/sw_testing_gw/test/eqTest.js",
          "file": "/test/eqTest.js",
          "beforeHooks": [],
          "afterHooks": [],
          "tests": [
            {
              "title": "It should be false if two different objects have same contents",
              "fullTitle": "Positive testing for eq.js It should be false if two different objects have same contents",
              "timedOut": false,
              "duration": 0,
              "state": "passed",
              "speed": "fast",
              "pass": true,
              "fail": false,
              "pending": false,
              "context": null,
              "code": "const object1 = {'a': 1};\nconst object2 = {'a': 1};\nassert.equal(eq(object1, object2), false);",
              "err": {},
              "uuid": "23f2e414-99ce-48ab-b9c6-ccfc38fdf25c",
              "parentUUID": "2fb099cf-ebf3-4707-a35e-2e310382fefd",
              "isHook": false,
              "skipped": false
            },
            {
              "title": "It should be true if object is compared to itself",
              "fullTitle": "Positive testing for eq.js It should be true if object is compared to itself",
              "timedOut": false,
              "duration": 0,
              "state": "passed",
              "speed": "fast",
              "pass": true,
              "fail": false,
              "pending": false,
              "context": null,
              "code": "const object = {};\nassert.equal(eq(object, object), true);",
              "err": {},
              "uuid": "c23eed29-aeba-4ec8-93a2-382a02bafaea",
              "parentUUID": "2fb099cf-ebf3-4707-a35e-2e310382fefd",
              "isHook": false,
              "skipped": false
            },
            {
              "title": "It should be true for equal strings",
              "fullTitle": "Positive testing for eq.js It should be true for equal strings",
              "timedOut": false,
              "duration": 0,
              "state": "passed",
              "speed": "fast",
              "pass": true,
              "fail": false,
              "pending": false,
              "context": null,
              "code": "const str1 = \"a\";\nconst str2 = \"a\"\nassert.equal(eq(str1, str2), true);",
              "err": {},
              "uuid": "fe90c552-1782-4d63-843b-b109d3417a58",
              "parentUUID": "2fb099cf-ebf3-4707-a35e-2e310382fefd",
              "isHook": false,
              "skipped": false
            },
            {
              "title": "It should be false for different strings",
              "fullTitle": "Positive testing for eq.js It should be false for different strings",
              "timedOut": false,
              "duration": 0,
              "state": "passed",
              "speed": "fast",
              "pass": true,
              "fail": false,
              "pending": false,
              "context": null,
              "code": "const str1 = \"a\";\nconst str2 = \"b\"\nassert.equal(eq(str1, str2), false);",
              "err": {},
              "uuid": "c6d979e6-d9a8-43f3-8052-3385883bb036",
              "parentUUID": "2fb099cf-ebf3-4707-a35e-2e310382fefd",
              "isHook": false,
              "skipped": false
            },
            {
              "title": "It should be true if for equal integers",
              "fullTitle": "Positive testing for eq.js It should be true if for equal integers",
              "timedOut": false,
              "duration": 0,
              "state": "passed",
              "speed": "fast",
              "pass": true,
              "fail": false,
              "pending": false,
              "context": null,
              "code": "const int1 = 1;\nconst int2 = 1;\nassert.equal(eq(int1, int2), true);",
              "err": {},
              "uuid": "310cf4b1-3867-49e0-8d2f-928cf92b9f4a",
              "parentUUID": "2fb099cf-ebf3-4707-a35e-2e310382fefd",
              "isHook": false,
              "skipped": false
            },
            {
              "title": "It should be false for different integers",
              "fullTitle": "Positive testing for eq.js It should be false for different integers",
              "timedOut": false,
              "duration": 0,
              "state": "passed",
              "speed": "fast",
              "pass": true,
              "fail": false,
              "pending": false,
              "context": null,
              "code": "const int1 = 1;\nconst int2 = 4;\nassert.equal(eq(int1, int2), false);",
              "err": {},
              "uuid": "3e487461-9a42-418d-a0e3-db325151dbfd",
              "parentUUID": "2fb099cf-ebf3-4707-a35e-2e310382fefd",
              "isHook": false,
              "skipped": false
            },
            {
              "title": "It should be false for +1 and -1",
              "fullTitle": "Positive testing for eq.js It should be false for +1 and -1",
              "timedOut": false,
              "duration": 0,
              "state": "passed",
              "speed": "fast",
              "pass": true,
              "fail": false,
              "pending": false,
              "context": null,
              "code": "const int1 = 1;\nconst int2 = -1;\nassert.equal(eq(int1, int2), false);",
              "err": {},
              "uuid": "1127808b-8d71-4517-9789-792add5adb06",
              "parentUUID": "2fb099cf-ebf3-4707-a35e-2e310382fefd",
              "isHook": false,
              "skipped": false
            },
            {
              "title": "It should be true for -0 and +0",
              "fullTitle": "Positive testing for eq.js It should be true for -0 and +0",
              "timedOut": false,
              "duration": 0,
              "state": "passed",
              "speed": "fast",
              "pass": true,
              "fail": false,
              "pending": false,
              "context": null,
              "code": "const int1 = -0;\nconst int2 = 0;\nassert.equal(eq(int1, int2), true);",
              "err": {},
              "uuid": "d96fef4c-1fd1-43ff-981e-12234bbfe56c",
              "parentUUID": "2fb099cf-ebf3-4707-a35e-2e310382fefd",
              "isHook": false,
              "skipped": false
            },
            {
              "title": "It should be true for equal decimals",
              "fullTitle": "Positive testing for eq.js It should be true for equal decimals",
              "timedOut": false,
              "duration": 0,
              "state": "passed",
              "speed": "fast",
              "pass": true,
              "fail": false,
              "pending": false,
              "context": null,
              "code": "const deci1 = 1.1;\nconst deci2 = 1.1;\nassert.equal(eq(deci1, deci2), true);",
              "err": {},
              "uuid": "21f144fc-5e73-44d8-8772-11d9ab8d1323",
              "parentUUID": "2fb099cf-ebf3-4707-a35e-2e310382fefd",
              "isHook": false,
              "skipped": false
            },
            {
              "title": "It should be false for different decimals",
              "fullTitle": "Positive testing for eq.js It should be false for different decimals",
              "timedOut": false,
              "duration": 0,
              "state": "passed",
              "speed": "fast",
              "pass": true,
              "fail": false,
              "pending": false,
              "context": null,
              "code": "const deci1 = 1.1;\nconst deci2 = 2.1;\nassert.equal(eq(deci1, deci2), false);",
              "err": {},
              "uuid": "7e13a7b3-5ba6-4b87-af3b-b5d0dbfdf5cb",
              "parentUUID": "2fb099cf-ebf3-4707-a35e-2e310382fefd",
              "isHook": false,
              "skipped": false
            },
            {
              "title": "It should be false when numbers are different",
              "fullTitle": "Positive testing for eq.js It should be false when numbers are different",
              "timedOut": false,
              "duration": 0,
              "state": "passed",
              "speed": "fast",
              "pass": true,
              "fail": false,
              "pending": false,
              "context": null,
              "code": "const int1 = 1;\nconst deci1 = 2.3;\nassert.equal(eq(int1, deci1), false);",
              "err": {},
              "uuid": "8ad9ea19-1e5f-4945-a331-13215b26247a",
              "parentUUID": "2fb099cf-ebf3-4707-a35e-2e310382fefd",
              "isHook": false,
              "skipped": false
            },
            {
              "title": "It should be true when comparing NaN to NaN",
              "fullTitle": "Positive testing for eq.js It should be true when comparing NaN to NaN",
              "timedOut": false,
              "duration": 0,
              "state": "passed",
              "speed": "fast",
              "pass": true,
              "fail": false,
              "pending": false,
              "context": null,
              "code": "const val1 = NaN;\nconst val2 = NaN;\nassert.equal(eq(val1, val2), true);",
              "err": {},
              "uuid": "377b6145-d406-4adf-8c82-11277cca239b",
              "parentUUID": "2fb099cf-ebf3-4707-a35e-2e310382fefd",
              "isHook": false,
              "skipped": false
            },
            {
              "title": "It should be true when comparing undefined to undefined",
              "fullTitle": "Positive testing for eq.js It should be true when comparing undefined to undefined",
              "timedOut": false,
              "duration": 0,
              "state": "passed",
              "speed": "fast",
              "pass": true,
              "fail": false,
              "pending": false,
              "context": null,
              "code": "const val1 = undefined\nconst val2 = undefined\nassert.equal(eq(val1, val2), true);",
              "err": {},
              "uuid": "a6266a3c-82c8-4fcb-ae70-44d114b50107",
              "parentUUID": "2fb099cf-ebf3-4707-a35e-2e310382fefd",
              "isHook": false,
              "skipped": false
            },
            {
              "title": "It should be true when comparing null to null",
              "fullTitle": "Positive testing for eq.js It should be true when comparing null to null",
              "timedOut": false,
              "duration": 0,
              "state": "passed",
              "speed": "fast",
              "pass": true,
              "fail": false,
              "pending": false,
              "context": null,
              "code": "const val1 = null\nconst val2 = null\nassert.equal(eq(val1, val2), true);",
              "err": {},
              "uuid": "39c31206-ea4e-4321-8280-74f95e48abc0",
              "parentUUID": "2fb099cf-ebf3-4707-a35e-2e310382fefd",
              "isHook": false,
              "skipped": false
            },
            {
              "title": "It should be true if array is compared to itself",
              "fullTitle": "Positive testing for eq.js It should be true if array is compared to itself",
              "timedOut": false,
              "duration": 0,
              "state": "passed",
              "speed": "fast",
              "pass": true,
              "fail": false,
              "pending": false,
              "context": null,
              "code": "const arr = []\nassert.equal(eq(arr, arr), true);",
              "err": {},
              "uuid": "3d9a86c9-dbdc-4228-956d-9f36c2fe8b06",
              "parentUUID": "2fb099cf-ebf3-4707-a35e-2e310382fefd",
              "isHook": false,
              "skipped": false
            },
            {
              "title": "It should be false if two different arrays are compared",
              "fullTitle": "Positive testing for eq.js It should be false if two different arrays are compared",
              "timedOut": false,
              "duration": 0,
              "state": "passed",
              "speed": "fast",
              "pass": true,
              "fail": false,
              "pending": false,
              "context": null,
              "code": "const arr1 = [1,2,3,4]\nconst arr2 = [1,2,3]\nassert.equal(eq(arr1, arr2), false);",
              "err": {},
              "uuid": "cd8a3f7a-2e80-483c-a59d-83888d6f01d6",
              "parentUUID": "2fb099cf-ebf3-4707-a35e-2e310382fefd",
              "isHook": false,
              "skipped": false
            },
            {
              "title": "It should be true if class is compared to itself",
              "fullTitle": "Positive testing for eq.js It should be true if class is compared to itself",
              "timedOut": false,
              "duration": 0,
              "state": "passed",
              "speed": "fast",
              "pass": true,
              "fail": false,
              "pending": false,
              "context": null,
              "code": "class A {}\nassert.equal(eq(A, A), true);",
              "err": {},
              "uuid": "aa80a771-be25-4def-8e14-1883988a3e44",
              "parentUUID": "2fb099cf-ebf3-4707-a35e-2e310382fefd",
              "isHook": false,
              "skipped": false
            },
            {
              "title": "It should be false if two different classes are compared",
              "fullTitle": "Positive testing for eq.js It should be false if two different classes are compared",
              "timedOut": false,
              "duration": 0,
              "state": "passed",
              "speed": "fast",
              "pass": true,
              "fail": false,
              "pending": false,
              "context": null,
              "code": "class A {\n    constructor(value) {\n        this.value = value;\n    }\n}\nclass B {\n    constructor(value) {\n        this.value = value;\n    }\n}\nassert.equal(eq(A, B), false);",
              "err": {},
              "uuid": "898b4494-c597-40fc-97c0-7734f3d6d68b",
              "parentUUID": "2fb099cf-ebf3-4707-a35e-2e310382fefd",
              "isHook": false,
              "skipped": false
            },
            {
              "title": "It should be true when comparing true to true",
              "fullTitle": "Positive testing for eq.js It should be true when comparing true to true",
              "timedOut": false,
              "duration": 0,
              "state": "passed",
              "speed": "fast",
              "pass": true,
              "fail": false,
              "pending": false,
              "context": null,
              "code": "const bool1 = true\nconst bool2 = true\nassert.equal(eq(bool1, bool2), true);",
              "err": {},
              "uuid": "6c05ffc6-fde3-4b35-be09-31bd6d17ceb6",
              "parentUUID": "2fb099cf-ebf3-4707-a35e-2e310382fefd",
              "isHook": false,
              "skipped": false
            },
            {
              "title": "It should be true when comparing false to false",
              "fullTitle": "Positive testing for eq.js It should be true when comparing false to false",
              "timedOut": false,
              "duration": 0,
              "state": "passed",
              "speed": "fast",
              "pass": true,
              "fail": false,
              "pending": false,
              "context": null,
              "code": "const bool1 = false\nconst bool2 = false\nassert.equal(eq(bool1, bool2), true);",
              "err": {},
              "uuid": "f778cfb1-43aa-421b-bf9d-8d682fcb83b8",
              "parentUUID": "2fb099cf-ebf3-4707-a35e-2e310382fefd",
              "isHook": false,
              "skipped": false
            },
            {
              "title": "It should be false when comparing false to true",
              "fullTitle": "Positive testing for eq.js It should be false when comparing false to true",
              "timedOut": false,
              "duration": 0,
              "state": "passed",
              "speed": "fast",
              "pass": true,
              "fail": false,
              "pending": false,
              "context": null,
              "code": "const bool1 = true\nconst bool2 = false\nassert.equal(eq(bool1, bool2), false);",
              "err": {},
              "uuid": "e9f6a7f4-1d5b-4624-b2c8-5e0662fa9983",
              "parentUUID": "2fb099cf-ebf3-4707-a35e-2e310382fefd",
              "isHook": false,
              "skipped": false
            },
            {
              "title": "It should be false when comparing different symbols",
              "fullTitle": "Positive testing for eq.js It should be false when comparing different symbols",
              "timedOut": false,
              "duration": 0,
              "state": "passed",
              "speed": "fast",
              "pass": true,
              "fail": false,
              "pending": false,
              "context": null,
              "code": "const symb1 = Symbol('fool')\nconst symb2 = Symbol('fool')\nassert.equal(eq(symb1, symb2), false);",
              "err": {},
              "uuid": "69da33c7-cce9-491a-8804-31f479e1bbeb",
              "parentUUID": "2fb099cf-ebf3-4707-a35e-2e310382fefd",
              "isHook": false,
              "skipped": false
            },
            {
              "title": "It should be true when comparing symbol to itself",
              "fullTitle": "Positive testing for eq.js It should be true when comparing symbol to itself",
              "timedOut": false,
              "duration": 1,
              "state": "passed",
              "speed": "fast",
              "pass": true,
              "fail": false,
              "pending": false,
              "context": null,
              "code": "const symb = Symbol()\nassert.equal(eq(symb, symb), true);",
              "err": {},
              "uuid": "78ecc237-89a9-4c25-9ea5-31120d6c5db1",
              "parentUUID": "2fb099cf-ebf3-4707-a35e-2e310382fefd",
              "isHook": false,
              "skipped": false
            },
            {
              "title": "It should be false when comparing string to other types",
              "fullTitle": "Positive testing for eq.js It should be false when comparing string to other types",
              "timedOut": false,
              "duration": 0,
              "state": "failed",
              "speed": null,
              "pass": false,
              "fail": true,
              "pending": false,
              "context": null,
              "code": "const str1 = \"1\";\nconst int1 = 1;\nassert.equal(eq(str1, int1), false);",
              "err": {
                "message": "AssertionError: expected true to equal false",
                "estack": "AssertionError: expected true to equal false\n    at Context.<anonymous> (file:///home/elmeripk/sw_testing_gw/test/eqTest.js:144:16)\n    at process.processImmediate (node:internal/timers:511:21)",
                "diff": "- true\n+ false\n"
              },
              "uuid": "8c3ac899-4bb3-4e8a-b1b4-e34a1a06dfbb",
              "parentUUID": "2fb099cf-ebf3-4707-a35e-2e310382fefd",
              "isHook": false,
              "skipped": false
            },
            {
              "title": "It should be false when object or list is compared to other types",
              "fullTitle": "Positive testing for eq.js It should be false when object or list is compared to other types",
              "timedOut": false,
              "duration": 0,
              "state": "passed",
              "speed": "fast",
              "pass": true,
              "fail": false,
              "pending": false,
              "context": null,
              "code": "const object = { 'a': 1 }\nconst list = [1,2,3];\nassert.equal(eq(object, list), false);",
              "err": {},
              "uuid": "8fcf5f67-f937-4471-b683-cd3522fc6076",
              "parentUUID": "2fb099cf-ebf3-4707-a35e-2e310382fefd",
              "isHook": false,
              "skipped": false
            },
            {
              "title": "It should be false when class or undefined is compared to other types",
              "fullTitle": "Positive testing for eq.js It should be false when class or undefined is compared to other types",
              "timedOut": false,
              "duration": 0,
              "state": "passed",
              "speed": "fast",
              "pass": true,
              "fail": false,
              "pending": false,
              "context": null,
              "code": "class A {};\nconst val = undefined;\nassert.equal(eq(A, val), false);",
              "err": {},
              "uuid": "98271135-86bd-43f9-9bce-63f971da8ef2",
              "parentUUID": "2fb099cf-ebf3-4707-a35e-2e310382fefd",
              "isHook": false,
              "skipped": false
            },
            {
              "title": "It should be false when NaN or null is compared to other types",
              "fullTitle": "Positive testing for eq.js It should be false when NaN or null is compared to other types",
              "timedOut": false,
              "duration": 0,
              "state": "passed",
              "speed": "fast",
              "pass": true,
              "fail": false,
              "pending": false,
              "context": null,
              "code": "const val1 = NaN;\nconst val2 = null;\nassert.equal(eq(val1, val2), false);",
              "err": {},
              "uuid": "3214d58e-1203-4e06-b421-fd06dd3dd900",
              "parentUUID": "2fb099cf-ebf3-4707-a35e-2e310382fefd",
              "isHook": false,
              "skipped": false
            },
            {
              "title": "It should be false when boolean or symbol is compared to other types",
              "fullTitle": "Positive testing for eq.js It should be false when boolean or symbol is compared to other types",
              "timedOut": false,
              "duration": 0,
              "state": "passed",
              "speed": "fast",
              "pass": true,
              "fail": false,
              "pending": false,
              "context": null,
              "code": "const val1 = true;\nconst val2 = Symbol('fool');\nassert.equal(eq(val1, val2), false);",
              "err": {},
              "uuid": "9529f8ce-fe4b-416e-89b7-fff7b7187f9e",
              "parentUUID": "2fb099cf-ebf3-4707-a35e-2e310382fefd",
              "isHook": false,
              "skipped": false
            }
          ],
          "suites": [],
          "passes": [
            "23f2e414-99ce-48ab-b9c6-ccfc38fdf25c",
            "c23eed29-aeba-4ec8-93a2-382a02bafaea",
            "fe90c552-1782-4d63-843b-b109d3417a58",
            "c6d979e6-d9a8-43f3-8052-3385883bb036",
            "310cf4b1-3867-49e0-8d2f-928cf92b9f4a",
            "3e487461-9a42-418d-a0e3-db325151dbfd",
            "1127808b-8d71-4517-9789-792add5adb06",
            "d96fef4c-1fd1-43ff-981e-12234bbfe56c",
            "21f144fc-5e73-44d8-8772-11d9ab8d1323",
            "7e13a7b3-5ba6-4b87-af3b-b5d0dbfdf5cb",
            "8ad9ea19-1e5f-4945-a331-13215b26247a",
            "377b6145-d406-4adf-8c82-11277cca239b",
            "a6266a3c-82c8-4fcb-ae70-44d114b50107",
            "39c31206-ea4e-4321-8280-74f95e48abc0",
            "3d9a86c9-dbdc-4228-956d-9f36c2fe8b06",
            "cd8a3f7a-2e80-483c-a59d-83888d6f01d6",
            "aa80a771-be25-4def-8e14-1883988a3e44",
            "898b4494-c597-40fc-97c0-7734f3d6d68b",
            "6c05ffc6-fde3-4b35-be09-31bd6d17ceb6",
            "f778cfb1-43aa-421b-bf9d-8d682fcb83b8",
            "e9f6a7f4-1d5b-4624-b2c8-5e0662fa9983",
            "69da33c7-cce9-491a-8804-31f479e1bbeb",
            "78ecc237-89a9-4c25-9ea5-31120d6c5db1",
            "8fcf5f67-f937-4471-b683-cd3522fc6076",
            "98271135-86bd-43f9-9bce-63f971da8ef2",
            "3214d58e-1203-4e06-b421-fd06dd3dd900",
            "9529f8ce-fe4b-416e-89b7-fff7b7187f9e"
          ],
          "failures": [
            "8c3ac899-4bb3-4e8a-b1b4-e34a1a06dfbb"
          ],
          "pending": [],
          "skipped": [],
          "duration": 1,
          "root": false,
          "rootEmpty": false,
          "_timeout": 2000
        }
      ],
      "passes": [],
      "failures": [],
      "pending": [],
      "skipped": [],
      "duration": 0,
      "root": true,
      "rootEmpty": true,
      "_timeout": 2000
    }
  ],
  "meta": {
    "mocha": {
      "version": "11.7.5"
    },
    "mochawesome": {
      "options": {
        "quiet": false,
        "reportFilename": "mochawesome",
        "saveHtml": true,
        "saveJson": true,
        "consoleReporter": "spec",
        "useInlineDiffs": false,
        "code": true
      },
      "version": "7.1.4"
    },
    "marge": {
      "options": null,
      "version": "6.3.2"
    }
  }
}