{
  "stats": {
    "suites": 11,
    "tests": 70,
    "passes": 52,
    "pending": 0,
    "failures": 18,
    "start": "2025-11-23T12:54:21.978Z",
    "end": "2025-11-23T12:54:22.005Z",
    "duration": 27,
    "testsRegistered": 70,
    "passPercent": 74.28571428571429,
    "pendingPercent": 0,
    "other": 0,
    "hasOther": false,
    "skipped": 0,
    "hasSkipped": false
  },
  "results": [
    {
      "uuid": "851da1d7-0788-47b7-ae38-2ffbd53a08a3",
      "title": "",
      "fullFile": "",
      "file": "",
      "beforeHooks": [],
      "afterHooks": [],
      "tests": [],
      "suites": [
        {
          "uuid": "57561955-e44b-418d-bc6d-08299bb605c8",
          "title": "Positive testing for add.js",
          "fullFile": "/home/elmeripk/sw_testing_gw/test/addTest.js",
          "file": "/test/addTest.js",
          "beforeHooks": [],
          "afterHooks": [],
          "tests": [
            {
              "title": "It should sum two positive integers correctly",
              "fullTitle": "Positive testing for add.js It should sum two positive integers correctly",
              "timedOut": false,
              "duration": 1,
              "state": "passed",
              "speed": "fast",
              "pass": true,
              "fail": false,
              "pending": false,
              "context": null,
              "code": "const augend = 6;\n        const addend = 4;\n        assert.equal(add(augend, addend), 10);",
              "err": {},
              "uuid": "a2f36d9d-fc02-47fb-9a83-c28dcef0ba26",
              "parentUUID": "57561955-e44b-418d-bc6d-08299bb605c8",
              "isHook": false,
              "skipped": false
            },
            {
              "title": "It should sum two negative integers correctly",
              "fullTitle": "Positive testing for add.js It should sum two negative integers correctly",
              "timedOut": false,
              "duration": 0,
              "state": "passed",
              "speed": "fast",
              "pass": true,
              "fail": false,
              "pending": false,
              "context": null,
              "code": "const augend = -2;\n        const addend = -8;\n        assert.equal(add(augend, addend), -10);",
              "err": {},
              "uuid": "1f4ce49a-870f-4036-8c65-aa355b0ef344",
              "parentUUID": "57561955-e44b-418d-bc6d-08299bb605c8",
              "isHook": false,
              "skipped": false
            },
            {
              "title": "It should sum positive and negative integers correctly",
              "fullTitle": "Positive testing for add.js It should sum positive and negative integers correctly",
              "timedOut": false,
              "duration": 1,
              "state": "passed",
              "speed": "fast",
              "pass": true,
              "fail": false,
              "pending": false,
              "context": null,
              "code": "const augend = -4;\n        const addend = 6;\n        assert.equal(add(augend, addend), 2);",
              "err": {},
              "uuid": "468c844b-1b15-4e5d-bc6c-c42380ece6b3",
              "parentUUID": "57561955-e44b-418d-bc6d-08299bb605c8",
              "isHook": false,
              "skipped": false
            },
            {
              "title": "It should sum positive integer and zero addend correctly",
              "fullTitle": "Positive testing for add.js It should sum positive integer and zero addend correctly",
              "timedOut": false,
              "duration": 0,
              "state": "passed",
              "speed": "fast",
              "pass": true,
              "fail": false,
              "pending": false,
              "context": null,
              "code": "const augend = 3;\n        const addend = 0;\n        assert.equal(add(augend, addend), 3);",
              "err": {},
              "uuid": "52d58965-13a3-4b36-a028-f9aab8e20c98",
              "parentUUID": "57561955-e44b-418d-bc6d-08299bb605c8",
              "isHook": false,
              "skipped": false
            },
            {
              "title": "It should sum zero augend and negative integer correctly",
              "fullTitle": "Positive testing for add.js It should sum zero augend and negative integer correctly",
              "timedOut": false,
              "duration": 0,
              "state": "passed",
              "speed": "fast",
              "pass": true,
              "fail": false,
              "pending": false,
              "context": null,
              "code": "const augend = 0;\n        const addend = -2;\n        assert.equal(add(augend, addend), -2);",
              "err": {},
              "uuid": "59d8678e-1f24-44e3-b1c8-28ee7f0a3b3a",
              "parentUUID": "57561955-e44b-418d-bc6d-08299bb605c8",
              "isHook": false,
              "skipped": false
            },
            {
              "title": "It should sum two positive decimals correctly",
              "fullTitle": "Positive testing for add.js It should sum two positive decimals correctly",
              "timedOut": false,
              "duration": 0,
              "state": "passed",
              "speed": "fast",
              "pass": true,
              "fail": false,
              "pending": false,
              "context": null,
              "code": "const augend = 2.1;\n        const addend = 3.3;\n        assert.equal(add(augend, addend), 5.4);",
              "err": {},
              "uuid": "2d2f28a4-837f-4728-9325-cf45169b3c8d",
              "parentUUID": "57561955-e44b-418d-bc6d-08299bb605c8",
              "isHook": false,
              "skipped": false
            },
            {
              "title": "It should sum positve decimal and integer correctly",
              "fullTitle": "Positive testing for add.js It should sum positve decimal and integer correctly",
              "timedOut": false,
              "duration": 0,
              "state": "passed",
              "speed": "fast",
              "pass": true,
              "fail": false,
              "pending": false,
              "context": null,
              "code": "const augend = 2.1;\n        const addend = 4;\n        assert.equal(add(augend, addend), 6.1);",
              "err": {},
              "uuid": "289159ab-978c-4c73-870f-876d56f79ee5",
              "parentUUID": "57561955-e44b-418d-bc6d-08299bb605c8",
              "isHook": false,
              "skipped": false
            }
          ],
          "suites": [],
          "passes": [
            "a2f36d9d-fc02-47fb-9a83-c28dcef0ba26",
            "1f4ce49a-870f-4036-8c65-aa355b0ef344",
            "468c844b-1b15-4e5d-bc6c-c42380ece6b3",
            "52d58965-13a3-4b36-a028-f9aab8e20c98",
            "59d8678e-1f24-44e3-b1c8-28ee7f0a3b3a",
            "2d2f28a4-837f-4728-9325-cf45169b3c8d",
            "289159ab-978c-4c73-870f-876d56f79ee5"
          ],
          "failures": [],
          "pending": [],
          "skipped": [],
          "duration": 2,
          "root": false,
          "rootEmpty": false,
          "_timeout": 2000
        },
        {
          "uuid": "d07a07e2-4216-47be-8b47-9d14434fedb4",
          "title": "Negative testing for add.js",
          "fullFile": "/home/elmeripk/sw_testing_gw/test/addTest.js",
          "file": "/test/addTest.js",
          "beforeHooks": [],
          "afterHooks": [],
          "tests": [
            {
              "title": "It should throw error if augend is undefined",
              "fullTitle": "Negative testing for add.js It should throw error if augend is undefined",
              "timedOut": false,
              "duration": 0,
              "state": "failed",
              "speed": null,
              "pass": false,
              "fail": true,
              "pending": false,
              "context": null,
              "code": "const augend = undefined;\n        const addend = 2;\n        expect(() => add(augend, addend)).to.throw(error)",
              "err": {
                "message": "ReferenceError: expect is not defined",
                "estack": "ReferenceError: expect is not defined\n    at Context.<anonymous> (file:///home/elmeripk/sw_testing_gw/test/addTest.js:72:9)\n    at process.processImmediate (node:internal/timers:511:21)",
                "diff": null
              },
              "uuid": "19a6a624-1244-4467-9ad9-4ce1dad6236d",
              "parentUUID": "d07a07e2-4216-47be-8b47-9d14434fedb4",
              "isHook": false,
              "skipped": false
            },
            {
              "title": "It should throw error if addend is undefined",
              "fullTitle": "Negative testing for add.js It should throw error if addend is undefined",
              "timedOut": false,
              "duration": 0,
              "state": "failed",
              "speed": null,
              "pass": false,
              "fail": true,
              "pending": false,
              "context": null,
              "code": "const augend = 3;\n        const addend = undefined;\n        expect(() => add(augend, addend)).to.throw(error)",
              "err": {
                "message": "ReferenceError: expect is not defined",
                "estack": "ReferenceError: expect is not defined\n    at Context.<anonymous> (file:///home/elmeripk/sw_testing_gw/test/addTest.js:80:9)\n    at process.processImmediate (node:internal/timers:511:21)",
                "diff": null
              },
              "uuid": "ab144938-e465-4b14-89a4-15f32eeb8f4a",
              "parentUUID": "d07a07e2-4216-47be-8b47-9d14434fedb4",
              "isHook": false,
              "skipped": false
            },
            {
              "title": "It should throw error if augend is string",
              "fullTitle": "Negative testing for add.js It should throw error if augend is string",
              "timedOut": false,
              "duration": 0,
              "state": "failed",
              "speed": null,
              "pass": false,
              "fail": true,
              "pending": false,
              "context": null,
              "code": "const augend = \"6\";\n        const addend = 4;\n        expect(() => add(augend, addend)).to.throw(error);",
              "err": {
                "message": "ReferenceError: expect is not defined",
                "estack": "ReferenceError: expect is not defined\n    at Context.<anonymous> (file:///home/elmeripk/sw_testing_gw/test/addTest.js:88:9)\n    at process.processImmediate (node:internal/timers:511:21)",
                "diff": null
              },
              "uuid": "5262290e-0450-43bb-a1ff-87fea334061b",
              "parentUUID": "d07a07e2-4216-47be-8b47-9d14434fedb4",
              "isHook": false,
              "skipped": false
            },
            {
              "title": "It should throw error if addend is string",
              "fullTitle": "Negative testing for add.js It should throw error if addend is string",
              "timedOut": false,
              "duration": 0,
              "state": "failed",
              "speed": null,
              "pass": false,
              "fail": true,
              "pending": false,
              "context": null,
              "code": "const augend = 6;\n        const addend = \"4\";\n        expect(() => add(augend, addend)).to.throw(error);",
              "err": {
                "message": "ReferenceError: expect is not defined",
                "estack": "ReferenceError: expect is not defined\n    at Context.<anonymous> (file:///home/elmeripk/sw_testing_gw/test/addTest.js:96:9)\n    at process.processImmediate (node:internal/timers:511:21)",
                "diff": null
              },
              "uuid": "28332632-41d2-4745-9f6a-df6213db1bf5",
              "parentUUID": "d07a07e2-4216-47be-8b47-9d14434fedb4",
              "isHook": false,
              "skipped": false
            }
          ],
          "suites": [],
          "passes": [],
          "failures": [
            "19a6a624-1244-4467-9ad9-4ce1dad6236d",
            "ab144938-e465-4b14-89a4-15f32eeb8f4a",
            "5262290e-0450-43bb-a1ff-87fea334061b",
            "28332632-41d2-4745-9f6a-df6213db1bf5"
          ],
          "pending": [],
          "skipped": [],
          "duration": 0,
          "root": false,
          "rootEmpty": false,
          "_timeout": 2000
        },
        {
          "uuid": "a4ad25ab-3250-4ca6-828d-d08b711f6a0b",
          "title": "TESTS BASED ON TEST PLAN",
          "fullFile": "/home/elmeripk/sw_testing_gw/test/ceilTest.js",
          "file": "/test/ceilTest.js",
          "beforeHooks": [],
          "afterHooks": [],
          "tests": [],
          "suites": [
            {
              "uuid": "5d81e09b-76c7-457a-8965-8b4f028685bc",
              "title": "Positive test cases for ceil.js",
              "fullFile": "/home/elmeripk/sw_testing_gw/test/ceilTest.js",
              "file": "/test/ceilTest.js",
              "beforeHooks": [],
              "afterHooks": [],
              "tests": [
                {
                  "title": "Should keep an integer without precisions specified unchanged",
                  "fullTitle": "TESTS BASED ON TEST PLAN Positive test cases for ceil.js Should keep an integer without precisions specified unchanged",
                  "timedOut": false,
                  "duration": 0,
                  "state": "passed",
                  "speed": "fast",
                  "pass": true,
                  "fail": false,
                  "pending": false,
                  "context": null,
                  "code": "assert.equal(ceil(6), 6)",
                  "err": {},
                  "uuid": "662c7b3b-fee8-46f0-be80-3e70779d3273",
                  "parentUUID": "5d81e09b-76c7-457a-8965-8b4f028685bc",
                  "isHook": false,
                  "skipped": false
                },
                {
                  "title": "Should round decimals up to nearest integer by default",
                  "fullTitle": "TESTS BASED ON TEST PLAN Positive test cases for ceil.js Should round decimals up to nearest integer by default",
                  "timedOut": false,
                  "duration": 0,
                  "state": "passed",
                  "speed": "fast",
                  "pass": true,
                  "fail": false,
                  "pending": false,
                  "context": null,
                  "code": "assert.equal(ceil(3.006), 4);",
                  "err": {},
                  "uuid": "2b896e4c-0248-4cc5-9586-93b0ebd7d988",
                  "parentUUID": "5d81e09b-76c7-457a-8965-8b4f028685bc",
                  "isHook": false,
                  "skipped": false
                },
                {
                  "title": "Should round decimal to correct precision when positive precision is specified",
                  "fullTitle": "TESTS BASED ON TEST PLAN Positive test cases for ceil.js Should round decimal to correct precision when positive precision is specified",
                  "timedOut": false,
                  "duration": 0,
                  "state": "passed",
                  "speed": "fast",
                  "pass": true,
                  "fail": false,
                  "pending": false,
                  "context": null,
                  "code": "assert.equal(ceil(6.004, 2), 6.01);",
                  "err": {},
                  "uuid": "21ca6aea-68aa-4746-96b3-414502934bb9",
                  "parentUUID": "5d81e09b-76c7-457a-8965-8b4f028685bc",
                  "isHook": false,
                  "skipped": false
                },
                {
                  "title": "Should keep integer unchanged when precision is positive",
                  "fullTitle": "TESTS BASED ON TEST PLAN Positive test cases for ceil.js Should keep integer unchanged when precision is positive",
                  "timedOut": false,
                  "duration": 0,
                  "state": "passed",
                  "speed": "fast",
                  "pass": true,
                  "fail": false,
                  "pending": false,
                  "context": null,
                  "code": "assert.equal(ceil(5, 3), 5);",
                  "err": {},
                  "uuid": "8273a388-dd40-4a2b-b748-257572287a47",
                  "parentUUID": "5d81e09b-76c7-457a-8965-8b4f028685bc",
                  "isHook": false,
                  "skipped": false
                },
                {
                  "title": "Should round decimal to correct precision when zero precision is specified",
                  "fullTitle": "TESTS BASED ON TEST PLAN Positive test cases for ceil.js Should round decimal to correct precision when zero precision is specified",
                  "timedOut": false,
                  "duration": 1,
                  "state": "passed",
                  "speed": "fast",
                  "pass": true,
                  "fail": false,
                  "pending": false,
                  "context": null,
                  "code": "assert.equal(ceil(3.006, 0), 4);",
                  "err": {},
                  "uuid": "a059436f-fcbb-47ad-ae60-4b629a78faec",
                  "parentUUID": "5d81e09b-76c7-457a-8965-8b4f028685bc",
                  "isHook": false,
                  "skipped": false
                }
              ],
              "suites": [],
              "passes": [
                "662c7b3b-fee8-46f0-be80-3e70779d3273",
                "2b896e4c-0248-4cc5-9586-93b0ebd7d988",
                "21ca6aea-68aa-4746-96b3-414502934bb9",
                "8273a388-dd40-4a2b-b748-257572287a47",
                "a059436f-fcbb-47ad-ae60-4b629a78faec"
              ],
              "failures": [],
              "pending": [],
              "skipped": [],
              "duration": 1,
              "root": false,
              "rootEmpty": false,
              "_timeout": 2000
            },
            {
              "uuid": "e14cf2c9-bb4f-4421-9344-29f13c29f35a",
              "title": "Negative test cases for ceil.js",
              "fullFile": "/home/elmeripk/sw_testing_gw/test/ceilTest.js",
              "file": "/test/ceilTest.js",
              "beforeHooks": [],
              "afterHooks": [],
              "tests": [
                {
                  "title": "Should throw an error when input is not a number",
                  "fullTitle": "TESTS BASED ON TEST PLAN Negative test cases for ceil.js Should throw an error when input is not a number",
                  "timedOut": false,
                  "duration": 1,
                  "state": "failed",
                  "speed": null,
                  "pass": false,
                  "fail": true,
                  "pending": false,
                  "context": null,
                  "code": "assert.throws(() => ceil(\"not a number\"), Error);",
                  "err": {
                    "message": "AssertionError: expected [Function] to throw Error",
                    "estack": "AssertionError: expected [Function] to throw Error\n    at Context.<anonymous> (file:///home/elmeripk/sw_testing_gw/test/ceilTest.js:33:20)\n    at process.processImmediate (node:internal/timers:511:21)",
                    "diff": null
                  },
                  "uuid": "9a3ddcc3-1255-4902-a7cb-edec57f2309e",
                  "parentUUID": "e14cf2c9-bb4f-4421-9344-29f13c29f35a",
                  "isHook": false,
                  "skipped": false
                },
                {
                  "title": "Should throw an error if precision is not a number",
                  "fullTitle": "TESTS BASED ON TEST PLAN Negative test cases for ceil.js Should throw an error if precision is not a number",
                  "timedOut": false,
                  "duration": 0,
                  "state": "failed",
                  "speed": null,
                  "pass": false,
                  "fail": true,
                  "pending": false,
                  "context": null,
                  "code": "assert.throws(() => ceil(4.3367, \"not a number\"), Error);",
                  "err": {
                    "message": "AssertionError: expected [Function] to throw Error",
                    "estack": "AssertionError: expected [Function] to throw Error\n    at Context.<anonymous> (file:///home/elmeripk/sw_testing_gw/test/ceilTest.js:37:20)\n    at process.processImmediate (node:internal/timers:511:21)",
                    "diff": null
                  },
                  "uuid": "015e1d46-df9a-4695-942d-595da21a040b",
                  "parentUUID": "e14cf2c9-bb4f-4421-9344-29f13c29f35a",
                  "isHook": false,
                  "skipped": false
                }
              ],
              "suites": [],
              "passes": [],
              "failures": [
                "9a3ddcc3-1255-4902-a7cb-edec57f2309e",
                "015e1d46-df9a-4695-942d-595da21a040b"
              ],
              "pending": [],
              "skipped": [],
              "duration": 1,
              "root": false,
              "rootEmpty": false,
              "_timeout": 2000
            }
          ],
          "passes": [],
          "failures": [],
          "pending": [],
          "skipped": [],
          "duration": 0,
          "root": false,
          "rootEmpty": false,
          "_timeout": 2000
        },
        {
          "uuid": "7804d308-4cef-4ba9-b6b4-cf27ea3ab23e",
          "title": "NEWLY ADDED TESTS FOR ceil.js",
          "fullFile": "/home/elmeripk/sw_testing_gw/test/ceilTest.js",
          "file": "/test/ceilTest.js",
          "beforeHooks": [],
          "afterHooks": [],
          "tests": [],
          "suites": [
            {
              "uuid": "78bba41d-a118-45d5-95e0-ed543989760f",
              "title": "Positive test cases for ceil.js",
              "fullFile": "/home/elmeripk/sw_testing_gw/test/ceilTest.js",
              "file": "/test/ceilTest.js",
              "beforeHooks": [],
              "afterHooks": [],
              "tests": [
                {
                  "title": "Should round integer to correct precision when negative precision is specified",
                  "fullTitle": "NEWLY ADDED TESTS FOR ceil.js Positive test cases for ceil.js Should round integer to correct precision when negative precision is specified",
                  "timedOut": false,
                  "duration": 0,
                  "state": "passed",
                  "speed": "fast",
                  "pass": true,
                  "fail": false,
                  "pending": false,
                  "context": null,
                  "code": "assert.equal(ceil(6040, -2), 6100);",
                  "err": {},
                  "uuid": "65a60399-68ae-499b-a1d4-4e19a691322a",
                  "parentUUID": "78bba41d-a118-45d5-95e0-ed543989760f",
                  "isHook": false,
                  "skipped": false
                },
                {
                  "title": "Should round decimal to correct precision when negative precision is specified",
                  "fullTitle": "NEWLY ADDED TESTS FOR ceil.js Positive test cases for ceil.js Should round decimal to correct precision when negative precision is specified",
                  "timedOut": false,
                  "duration": 0,
                  "state": "passed",
                  "speed": "fast",
                  "pass": true,
                  "fail": false,
                  "pending": false,
                  "context": null,
                  "code": "assert.equal(ceil(6.040, -2), 100);",
                  "err": {},
                  "uuid": "d04cebe1-2ae0-4b02-97ca-d5aff4bd4eb4",
                  "parentUUID": "78bba41d-a118-45d5-95e0-ed543989760f",
                  "isHook": false,
                  "skipped": false
                }
              ],
              "suites": [],
              "passes": [
                "65a60399-68ae-499b-a1d4-4e19a691322a",
                "d04cebe1-2ae0-4b02-97ca-d5aff4bd4eb4"
              ],
              "failures": [],
              "pending": [],
              "skipped": [],
              "duration": 0,
              "root": false,
              "rootEmpty": false,
              "_timeout": 2000
            },
            {
              "uuid": "d3be6e04-79db-4b6f-b84d-0a7a641b48bc",
              "title": "Negative test cases for ceil.js",
              "fullFile": "/home/elmeripk/sw_testing_gw/test/ceilTest.js",
              "file": "/test/ceilTest.js",
              "beforeHooks": [],
              "afterHooks": [],
              "tests": [
                {
                  "title": "Should throw an error when precision is not an integer",
                  "fullTitle": "NEWLY ADDED TESTS FOR ceil.js Negative test cases for ceil.js Should throw an error when precision is not an integer",
                  "timedOut": false,
                  "duration": 1,
                  "state": "failed",
                  "speed": null,
                  "pass": false,
                  "fail": true,
                  "pending": false,
                  "context": null,
                  "code": "assert.throws(() => ceil(4.3367, 1.5), Error);",
                  "err": {
                    "message": "AssertionError: expected [Function] to throw Error",
                    "estack": "AssertionError: expected [Function] to throw Error\n    at Context.<anonymous> (file:///home/elmeripk/sw_testing_gw/test/ceilTest.js:60:20)\n    at process.processImmediate (node:internal/timers:511:21)",
                    "diff": null
                  },
                  "uuid": "71a98a1c-dfde-49ed-ae70-8395d9f298b6",
                  "parentUUID": "d3be6e04-79db-4b6f-b84d-0a7a641b48bc",
                  "isHook": false,
                  "skipped": false
                }
              ],
              "suites": [],
              "passes": [],
              "failures": [
                "71a98a1c-dfde-49ed-ae70-8395d9f298b6"
              ],
              "pending": [],
              "skipped": [],
              "duration": 1,
              "root": false,
              "rootEmpty": false,
              "_timeout": 2000
            }
          ],
          "passes": [],
          "failures": [],
          "pending": [],
          "skipped": [],
          "duration": 0,
          "root": false,
          "rootEmpty": false,
          "_timeout": 2000
        },
        {
          "uuid": "b7e01a17-90b4-4b67-8959-c3c6767805c0",
          "title": "Positive test cases for defaultToAny.js",
          "fullFile": "/home/elmeripk/sw_testing_gw/test/defaultToAnyTest.js",
          "file": "/test/defaultToAnyTest.js",
          "beforeHooks": [],
          "afterHooks": [],
          "tests": [
            {
              "title": "Should return the first value when it is not NaN, null, or undefined",
              "fullTitle": "Positive test cases for defaultToAny.js Should return the first value when it is not NaN, null, or undefined",
              "timedOut": false,
              "duration": 0,
              "state": "passed",
              "speed": "fast",
              "pass": true,
              "fail": false,
              "pending": false,
              "context": null,
              "code": "assert.equal(defaultToAny(1, 10, 20), 1);",
              "err": {},
              "uuid": "9b1eb0c4-3809-41fd-a692-da562fd8b113",
              "parentUUID": "b7e01a17-90b4-4b67-8959-c3c6767805c0",
              "isHook": false,
              "skipped": false
            },
            {
              "title": "Should return the first non-NaN, non-null, or non-undefined default value value is undefined",
              "fullTitle": "Positive test cases for defaultToAny.js Should return the first non-NaN, non-null, or non-undefined default value value is undefined",
              "timedOut": false,
              "duration": 1,
              "state": "passed",
              "speed": "fast",
              "pass": true,
              "fail": false,
              "pending": false,
              "context": null,
              "code": "assert.equal(defaultToAny(undefined, 10, 20), 10);",
              "err": {},
              "uuid": "d3a716ef-36f6-445d-9feb-10f16dc4f32f",
              "parentUUID": "b7e01a17-90b4-4b67-8959-c3c6767805c0",
              "isHook": false,
              "skipped": false
            },
            {
              "title": "Should return the first non-NaN, non-null, or non-undefined default value when value is NaN and there are valid defaults",
              "fullTitle": "Positive test cases for defaultToAny.js Should return the first non-NaN, non-null, or non-undefined default value when value is NaN and there are valid defaults",
              "timedOut": false,
              "duration": 0,
              "state": "failed",
              "speed": null,
              "pass": false,
              "fail": true,
              "pending": false,
              "context": null,
              "code": "assert.equal(defaultToAny(NaN, null, 20), 20);",
              "err": {
                "message": "AssertionError: expected NaN to equal 20",
                "estack": "AssertionError: expected NaN to equal 20\n    at Context.<anonymous> (file:///home/elmeripk/sw_testing_gw/test/defaultToAnyTest.js:16:20)\n    at process.processImmediate (node:internal/timers:511:21)",
                "diff": "- NaN\n+ 20\n"
              },
              "uuid": "3aee0f7a-3de3-4d0e-82a4-57c79a06069e",
              "parentUUID": "b7e01a17-90b4-4b67-8959-c3c6767805c0",
              "isHook": false,
              "skipped": false
            },
            {
              "title": "Should return the first non-NaN, non-null, or non-undefined default value when value is null and there are valid defaults",
              "fullTitle": "Positive test cases for defaultToAny.js Should return the first non-NaN, non-null, or non-undefined default value when value is null and there are valid defaults",
              "timedOut": false,
              "duration": 0,
              "state": "failed",
              "speed": null,
              "pass": false,
              "fail": true,
              "pending": false,
              "context": null,
              "code": "assert.equal(defaultToAny(null, NaN, 30), 30);",
              "err": {
                "message": "AssertionError: expected NaN to equal 30",
                "estack": "AssertionError: expected NaN to equal 30\n    at Context.<anonymous> (file:///home/elmeripk/sw_testing_gw/test/defaultToAnyTest.js:20:20)\n    at process.processImmediate (node:internal/timers:511:21)",
                "diff": "- NaN\n+ 30\n"
              },
              "uuid": "e1489877-8514-4a8e-81f8-4bb7ad1ac64f",
              "parentUUID": "b7e01a17-90b4-4b67-8959-c3c6767805c0",
              "isHook": false,
              "skipped": false
            },
            {
              "title": "Should return the first non-Nan, non-null or non-undefined default value when value is undefined and there are valid defaults",
              "fullTitle": "Positive test cases for defaultToAny.js Should return the first non-Nan, non-null or non-undefined default value when value is undefined and there are valid defaults",
              "timedOut": false,
              "duration": 0,
              "state": "failed",
              "speed": null,
              "pass": false,
              "fail": true,
              "pending": false,
              "context": null,
              "code": "assert.equal(defaultToAny(undefined, NaN, null, 50), 50);",
              "err": {
                "message": "AssertionError: expected NaN to equal 50",
                "estack": "AssertionError: expected NaN to equal 50\n    at Context.<anonymous> (file:///home/elmeripk/sw_testing_gw/test/defaultToAnyTest.js:24:20)\n    at process.processImmediate (node:internal/timers:511:21)",
                "diff": "- NaN\n+ 50\n"
              },
              "uuid": "cb14da2f-241b-472f-8340-809e6342a25c",
              "parentUUID": "b7e01a17-90b4-4b67-8959-c3c6767805c0",
              "isHook": false,
              "skipped": false
            },
            {
              "title": "Should return the last default value when the value is undefined and any of the default values are not valid V1",
              "fullTitle": "Positive test cases for defaultToAny.js Should return the last default value when the value is undefined and any of the default values are not valid V1",
              "timedOut": false,
              "duration": 0,
              "state": "passed",
              "speed": "fast",
              "pass": true,
              "fail": false,
              "pending": false,
              "context": null,
              "code": "assert.isNaN(defaultToAny(null, undefined, NaN));",
              "err": {},
              "uuid": "f2ae5678-befd-4c4f-b6b3-e9180f36e855",
              "parentUUID": "b7e01a17-90b4-4b67-8959-c3c6767805c0",
              "isHook": false,
              "skipped": false
            },
            {
              "title": "Should return the last default value when the value is undefined and any of the default values are not valid V2",
              "fullTitle": "Positive test cases for defaultToAny.js Should return the last default value when the value is undefined and any of the default values are not valid V2",
              "timedOut": false,
              "duration": 0,
              "state": "passed",
              "speed": "fast",
              "pass": true,
              "fail": false,
              "pending": false,
              "context": null,
              "code": "assert.isNaN(defaultToAny(undefined, null, NaN));",
              "err": {},
              "uuid": "87a30b83-2437-45c0-aeb7-b68ccddf4c45",
              "parentUUID": "b7e01a17-90b4-4b67-8959-c3c6767805c0",
              "isHook": false,
              "skipped": false
            },
            {
              "title": "Should return the last default value when the value is NaN and any of the default values are not valid V1",
              "fullTitle": "Positive test cases for defaultToAny.js Should return the last default value when the value is NaN and any of the default values are not valid V1",
              "timedOut": false,
              "duration": 0,
              "state": "failed",
              "speed": null,
              "pass": false,
              "fail": true,
              "pending": false,
              "context": null,
              "code": "assert.isNull(defaultToAny(NaN, undefined, null));",
              "err": {
                "message": "AssertionError: expected NaN to equal null",
                "estack": "AssertionError: expected NaN to equal null\n    at Context.<anonymous> (file:///home/elmeripk/sw_testing_gw/test/defaultToAnyTest.js:36:20)\n    at process.processImmediate (node:internal/timers:511:21)",
                "diff": null
              },
              "uuid": "8c024b97-df29-4fc4-93c2-2e3843b790ca",
              "parentUUID": "b7e01a17-90b4-4b67-8959-c3c6767805c0",
              "isHook": false,
              "skipped": false
            },
            {
              "title": "Should return the last default value when the value is NaN and any of the default values are not valid V2",
              "fullTitle": "Positive test cases for defaultToAny.js Should return the last default value when the value is NaN and any of the default values are not valid V2",
              "timedOut": false,
              "duration": 0,
              "state": "failed",
              "speed": null,
              "pass": false,
              "fail": true,
              "pending": false,
              "context": null,
              "code": "assert.isNull(defaultToAny(NaN, undefined, null));",
              "err": {
                "message": "AssertionError: expected NaN to equal null",
                "estack": "AssertionError: expected NaN to equal null\n    at Context.<anonymous> (file:///home/elmeripk/sw_testing_gw/test/defaultToAnyTest.js:40:20)\n    at process.processImmediate (node:internal/timers:511:21)",
                "diff": null
              },
              "uuid": "db33de80-f700-45bb-989b-f058b52637b9",
              "parentUUID": "b7e01a17-90b4-4b67-8959-c3c6767805c0",
              "isHook": false,
              "skipped": false
            },
            {
              "title": "Should return the last default value when the value is null and any of the default values are not valid V1",
              "fullTitle": "Positive test cases for defaultToAny.js Should return the last default value when the value is null and any of the default values are not valid V1",
              "timedOut": false,
              "duration": 1,
              "state": "failed",
              "speed": null,
              "pass": false,
              "fail": true,
              "pending": false,
              "context": null,
              "code": "assert.isUndefined(defaultToAny(null, NaN, undefined));",
              "err": {
                "message": "AssertionError: expected NaN to equal undefined",
                "estack": "AssertionError: expected NaN to equal undefined\n    at Context.<anonymous> (file:///home/elmeripk/sw_testing_gw/test/defaultToAnyTest.js:45:20)\n    at process.processImmediate (node:internal/timers:511:21)",
                "diff": null
              },
              "uuid": "fb8b508f-61ed-4737-835d-837749b2593f",
              "parentUUID": "b7e01a17-90b4-4b67-8959-c3c6767805c0",
              "isHook": false,
              "skipped": false
            },
            {
              "title": "Should return the last default value when the value is null and any of the default values are not valid V2",
              "fullTitle": "Positive test cases for defaultToAny.js Should return the last default value when the value is null and any of the default values are not valid V2",
              "timedOut": false,
              "duration": 0,
              "state": "passed",
              "speed": "fast",
              "pass": true,
              "fail": false,
              "pending": false,
              "context": null,
              "code": "assert.isNaN(defaultToAny(null, undefined, NaN));",
              "err": {},
              "uuid": "dcbe105d-e3db-44c4-9742-24be46ebfcda",
              "parentUUID": "b7e01a17-90b4-4b67-8959-c3c6767805c0",
              "isHook": false,
              "skipped": false
            }
          ],
          "suites": [],
          "passes": [
            "9b1eb0c4-3809-41fd-a692-da562fd8b113",
            "d3a716ef-36f6-445d-9feb-10f16dc4f32f",
            "f2ae5678-befd-4c4f-b6b3-e9180f36e855",
            "87a30b83-2437-45c0-aeb7-b68ccddf4c45",
            "dcbe105d-e3db-44c4-9742-24be46ebfcda"
          ],
          "failures": [
            "3aee0f7a-3de3-4d0e-82a4-57c79a06069e",
            "e1489877-8514-4a8e-81f8-4bb7ad1ac64f",
            "cb14da2f-241b-472f-8340-809e6342a25c",
            "8c024b97-df29-4fc4-93c2-2e3843b790ca",
            "db33de80-f700-45bb-989b-f058b52637b9",
            "fb8b508f-61ed-4737-835d-837749b2593f"
          ],
          "pending": [],
          "skipped": [],
          "duration": 2,
          "root": false,
          "rootEmpty": false,
          "_timeout": 2000
        },
        {
          "uuid": "8fbe4f4d-af77-4701-83d6-b68f0b323669",
          "title": "Positive testing for eq.js",
          "fullFile": "/home/elmeripk/sw_testing_gw/test/eqTest.js",
          "file": "/test/eqTest.js",
          "beforeHooks": [],
          "afterHooks": [],
          "tests": [
            {
              "title": "It should be false if two different objects have same contents",
              "fullTitle": "Positive testing for eq.js It should be false if two different objects have same contents",
              "timedOut": false,
              "duration": 0,
              "state": "passed",
              "speed": "fast",
              "pass": true,
              "fail": false,
              "pending": false,
              "context": null,
              "code": "const object1 = {'a': 1};\nconst object2 = {'a': 1};\nassert.equal(eq(object1, object2), false);",
              "err": {},
              "uuid": "60a4a4d6-bf1f-4104-9d0b-5d3b31a34a19",
              "parentUUID": "8fbe4f4d-af77-4701-83d6-b68f0b323669",
              "isHook": false,
              "skipped": false
            },
            {
              "title": "It should be true if object is compared to itself",
              "fullTitle": "Positive testing for eq.js It should be true if object is compared to itself",
              "timedOut": false,
              "duration": 0,
              "state": "passed",
              "speed": "fast",
              "pass": true,
              "fail": false,
              "pending": false,
              "context": null,
              "code": "const object = {};\nassert.equal(eq(object, object), true);",
              "err": {},
              "uuid": "a6565572-7ba6-4b46-bc65-b1572b0dd3eb",
              "parentUUID": "8fbe4f4d-af77-4701-83d6-b68f0b323669",
              "isHook": false,
              "skipped": false
            },
            {
              "title": "It should be true for equal strings",
              "fullTitle": "Positive testing for eq.js It should be true for equal strings",
              "timedOut": false,
              "duration": 0,
              "state": "passed",
              "speed": "fast",
              "pass": true,
              "fail": false,
              "pending": false,
              "context": null,
              "code": "const str1 = \"a\";\nconst str2 = \"a\"\nassert.equal(eq(str1, str2), true);",
              "err": {},
              "uuid": "67be30d8-b7cc-42e1-8328-a09069f94e75",
              "parentUUID": "8fbe4f4d-af77-4701-83d6-b68f0b323669",
              "isHook": false,
              "skipped": false
            },
            {
              "title": "It should be false for different strings",
              "fullTitle": "Positive testing for eq.js It should be false for different strings",
              "timedOut": false,
              "duration": 0,
              "state": "passed",
              "speed": "fast",
              "pass": true,
              "fail": false,
              "pending": false,
              "context": null,
              "code": "const str1 = \"a\";\nconst str2 = \"b\"\nassert.equal(eq(str1, str2), false);",
              "err": {},
              "uuid": "df85268d-1998-450d-a6db-a2cd20e3212b",
              "parentUUID": "8fbe4f4d-af77-4701-83d6-b68f0b323669",
              "isHook": false,
              "skipped": false
            },
            {
              "title": "It should be true if for equal integers",
              "fullTitle": "Positive testing for eq.js It should be true if for equal integers",
              "timedOut": false,
              "duration": 0,
              "state": "passed",
              "speed": "fast",
              "pass": true,
              "fail": false,
              "pending": false,
              "context": null,
              "code": "const int1 = 1;\nconst int2 = 1;\nassert.equal(eq(int1, int2), true);",
              "err": {},
              "uuid": "3a2167b9-6033-4ba3-8ba6-7f5414b08e84",
              "parentUUID": "8fbe4f4d-af77-4701-83d6-b68f0b323669",
              "isHook": false,
              "skipped": false
            },
            {
              "title": "It should be false for different integers",
              "fullTitle": "Positive testing for eq.js It should be false for different integers",
              "timedOut": false,
              "duration": 0,
              "state": "passed",
              "speed": "fast",
              "pass": true,
              "fail": false,
              "pending": false,
              "context": null,
              "code": "const int1 = 1;\nconst int2 = 4;\nassert.equal(eq(int1, int2), false);",
              "err": {},
              "uuid": "c1d914d9-ac35-4f07-b425-b961f7e122bf",
              "parentUUID": "8fbe4f4d-af77-4701-83d6-b68f0b323669",
              "isHook": false,
              "skipped": false
            },
            {
              "title": "It should be false for +1 and -1",
              "fullTitle": "Positive testing for eq.js It should be false for +1 and -1",
              "timedOut": false,
              "duration": 0,
              "state": "passed",
              "speed": "fast",
              "pass": true,
              "fail": false,
              "pending": false,
              "context": null,
              "code": "const int1 = 1;\nconst int2 = -1;\nassert.equal(eq(int1, int2), false);",
              "err": {},
              "uuid": "2ae455fb-0db1-44d0-961f-8d9d189fda8c",
              "parentUUID": "8fbe4f4d-af77-4701-83d6-b68f0b323669",
              "isHook": false,
              "skipped": false
            },
            {
              "title": "It should be true for -0 and +0",
              "fullTitle": "Positive testing for eq.js It should be true for -0 and +0",
              "timedOut": false,
              "duration": 0,
              "state": "passed",
              "speed": "fast",
              "pass": true,
              "fail": false,
              "pending": false,
              "context": null,
              "code": "const int1 = -0;\nconst int2 = 0;\nassert.equal(eq(int1, int2), true);",
              "err": {},
              "uuid": "8691fd00-ab37-4ea8-b896-31444f23d2c4",
              "parentUUID": "8fbe4f4d-af77-4701-83d6-b68f0b323669",
              "isHook": false,
              "skipped": false
            },
            {
              "title": "It should be true for equal decimals",
              "fullTitle": "Positive testing for eq.js It should be true for equal decimals",
              "timedOut": false,
              "duration": 1,
              "state": "passed",
              "speed": "fast",
              "pass": true,
              "fail": false,
              "pending": false,
              "context": null,
              "code": "const deci1 = 1.1;\nconst deci2 = 1.1;\nassert.equal(eq(deci1, deci2), true);",
              "err": {},
              "uuid": "4029849f-ec96-4aff-b5d8-d26fd05d4cc3",
              "parentUUID": "8fbe4f4d-af77-4701-83d6-b68f0b323669",
              "isHook": false,
              "skipped": false
            },
            {
              "title": "It should be false for different decimals",
              "fullTitle": "Positive testing for eq.js It should be false for different decimals",
              "timedOut": false,
              "duration": 0,
              "state": "passed",
              "speed": "fast",
              "pass": true,
              "fail": false,
              "pending": false,
              "context": null,
              "code": "const deci1 = 1.1;\nconst deci2 = 2.1;\nassert.equal(eq(deci1, deci2), false);",
              "err": {},
              "uuid": "5307a1c0-3a83-4961-b8f1-50461b9d412f",
              "parentUUID": "8fbe4f4d-af77-4701-83d6-b68f0b323669",
              "isHook": false,
              "skipped": false
            },
            {
              "title": "It should be false when numbers are different",
              "fullTitle": "Positive testing for eq.js It should be false when numbers are different",
              "timedOut": false,
              "duration": 0,
              "state": "passed",
              "speed": "fast",
              "pass": true,
              "fail": false,
              "pending": false,
              "context": null,
              "code": "const int1 = 1;\nconst deci1 = 2.3;\nassert.equal(eq(int1, deci1), false);",
              "err": {},
              "uuid": "32da9a97-1b21-493b-8618-a7b28992bbb4",
              "parentUUID": "8fbe4f4d-af77-4701-83d6-b68f0b323669",
              "isHook": false,
              "skipped": false
            },
            {
              "title": "It should be true when comparing NaN to NaN",
              "fullTitle": "Positive testing for eq.js It should be true when comparing NaN to NaN",
              "timedOut": false,
              "duration": 0,
              "state": "passed",
              "speed": "fast",
              "pass": true,
              "fail": false,
              "pending": false,
              "context": null,
              "code": "const val1 = NaN;\nconst val2 = NaN;\nassert.equal(eq(val1, val2), true);",
              "err": {},
              "uuid": "ac048277-a1f7-4ff4-b794-1fd40419efbf",
              "parentUUID": "8fbe4f4d-af77-4701-83d6-b68f0b323669",
              "isHook": false,
              "skipped": false
            },
            {
              "title": "It should be true when comparing undefined to undefined",
              "fullTitle": "Positive testing for eq.js It should be true when comparing undefined to undefined",
              "timedOut": false,
              "duration": 0,
              "state": "passed",
              "speed": "fast",
              "pass": true,
              "fail": false,
              "pending": false,
              "context": null,
              "code": "const val1 = undefined\nconst val2 = undefined\nassert.equal(eq(val1, val2), true);",
              "err": {},
              "uuid": "458d4cb8-7262-4b72-9cf6-64a70e89de53",
              "parentUUID": "8fbe4f4d-af77-4701-83d6-b68f0b323669",
              "isHook": false,
              "skipped": false
            },
            {
              "title": "It should be true when comparing null to null",
              "fullTitle": "Positive testing for eq.js It should be true when comparing null to null",
              "timedOut": false,
              "duration": 0,
              "state": "passed",
              "speed": "fast",
              "pass": true,
              "fail": false,
              "pending": false,
              "context": null,
              "code": "const val1 = null\nconst val2 = null\nassert.equal(eq(val1, val2), true);",
              "err": {},
              "uuid": "9f27632b-f30e-40f3-a07e-185ff10b622a",
              "parentUUID": "8fbe4f4d-af77-4701-83d6-b68f0b323669",
              "isHook": false,
              "skipped": false
            },
            {
              "title": "It should be true if array is compared to itself",
              "fullTitle": "Positive testing for eq.js It should be true if array is compared to itself",
              "timedOut": false,
              "duration": 0,
              "state": "passed",
              "speed": "fast",
              "pass": true,
              "fail": false,
              "pending": false,
              "context": null,
              "code": "const arr = []\nassert.equal(eq(arr, arr), true);",
              "err": {},
              "uuid": "aca2c3d8-1165-4636-acce-022a3ff5640d",
              "parentUUID": "8fbe4f4d-af77-4701-83d6-b68f0b323669",
              "isHook": false,
              "skipped": false
            },
            {
              "title": "It should be false if two different arrays are compared",
              "fullTitle": "Positive testing for eq.js It should be false if two different arrays are compared",
              "timedOut": false,
              "duration": 0,
              "state": "passed",
              "speed": "fast",
              "pass": true,
              "fail": false,
              "pending": false,
              "context": null,
              "code": "const arr1 = [1,2,3,4]\nconst arr2 = [1,2,3]\nassert.equal(eq(arr1, arr2), false);",
              "err": {},
              "uuid": "785a0b4d-71a9-41af-90d3-86dc3750f2a5",
              "parentUUID": "8fbe4f4d-af77-4701-83d6-b68f0b323669",
              "isHook": false,
              "skipped": false
            },
            {
              "title": "It should be true if class is compared to itself",
              "fullTitle": "Positive testing for eq.js It should be true if class is compared to itself",
              "timedOut": false,
              "duration": 0,
              "state": "passed",
              "speed": "fast",
              "pass": true,
              "fail": false,
              "pending": false,
              "context": null,
              "code": "class A {}\nassert.equal(eq(A, A), true);",
              "err": {},
              "uuid": "01a3def5-e242-488b-93d9-246ce01a6c96",
              "parentUUID": "8fbe4f4d-af77-4701-83d6-b68f0b323669",
              "isHook": false,
              "skipped": false
            },
            {
              "title": "It should be false if two different classes are compared",
              "fullTitle": "Positive testing for eq.js It should be false if two different classes are compared",
              "timedOut": false,
              "duration": 0,
              "state": "passed",
              "speed": "fast",
              "pass": true,
              "fail": false,
              "pending": false,
              "context": null,
              "code": "class A {\n    constructor(value) {\n        this.value = value;\n    }\n}\nclass B {\n    constructor(value) {\n        this.value = value;\n    }\n}\nassert.equal(eq(A, B), false);",
              "err": {},
              "uuid": "d8bb9d5f-4f3b-40a3-abc2-23cffa16979e",
              "parentUUID": "8fbe4f4d-af77-4701-83d6-b68f0b323669",
              "isHook": false,
              "skipped": false
            },
            {
              "title": "It should be true when comparing true to true",
              "fullTitle": "Positive testing for eq.js It should be true when comparing true to true",
              "timedOut": false,
              "duration": 0,
              "state": "passed",
              "speed": "fast",
              "pass": true,
              "fail": false,
              "pending": false,
              "context": null,
              "code": "const bool1 = true\nconst bool2 = true\nassert.equal(eq(bool1, bool2), true);",
              "err": {},
              "uuid": "7a8decf5-6238-4fdf-913a-3812873b9cb2",
              "parentUUID": "8fbe4f4d-af77-4701-83d6-b68f0b323669",
              "isHook": false,
              "skipped": false
            },
            {
              "title": "It should be true when comparing false to false",
              "fullTitle": "Positive testing for eq.js It should be true when comparing false to false",
              "timedOut": false,
              "duration": 0,
              "state": "passed",
              "speed": "fast",
              "pass": true,
              "fail": false,
              "pending": false,
              "context": null,
              "code": "const bool1 = false\nconst bool2 = false\nassert.equal(eq(bool1, bool2), true);",
              "err": {},
              "uuid": "90f96352-b49d-49d3-93f8-e3b5f4c0a152",
              "parentUUID": "8fbe4f4d-af77-4701-83d6-b68f0b323669",
              "isHook": false,
              "skipped": false
            },
            {
              "title": "It should be false when comparing false to true",
              "fullTitle": "Positive testing for eq.js It should be false when comparing false to true",
              "timedOut": false,
              "duration": 0,
              "state": "passed",
              "speed": "fast",
              "pass": true,
              "fail": false,
              "pending": false,
              "context": null,
              "code": "const bool1 = true\nconst bool2 = false\nassert.equal(eq(bool1, bool2), false);",
              "err": {},
              "uuid": "805b0b97-8219-4bb2-aa4c-de8883b18ff7",
              "parentUUID": "8fbe4f4d-af77-4701-83d6-b68f0b323669",
              "isHook": false,
              "skipped": false
            },
            {
              "title": "It should be false when comparing different symbols",
              "fullTitle": "Positive testing for eq.js It should be false when comparing different symbols",
              "timedOut": false,
              "duration": 0,
              "state": "passed",
              "speed": "fast",
              "pass": true,
              "fail": false,
              "pending": false,
              "context": null,
              "code": "const symb1 = Symbol('fool')\nconst symb2 = Symbol('fool')\nassert.equal(eq(symb1, symb2), false);",
              "err": {},
              "uuid": "1969b848-4bb0-4d56-9aad-5d1e345714f8",
              "parentUUID": "8fbe4f4d-af77-4701-83d6-b68f0b323669",
              "isHook": false,
              "skipped": false
            },
            {
              "title": "It should be true when comparing symbol to itself",
              "fullTitle": "Positive testing for eq.js It should be true when comparing symbol to itself",
              "timedOut": false,
              "duration": 0,
              "state": "passed",
              "speed": "fast",
              "pass": true,
              "fail": false,
              "pending": false,
              "context": null,
              "code": "const symb = Symbol()\nassert.equal(eq(symb, symb), true);",
              "err": {},
              "uuid": "42963648-a3b9-4218-9b2f-564d871b79f8",
              "parentUUID": "8fbe4f4d-af77-4701-83d6-b68f0b323669",
              "isHook": false,
              "skipped": false
            },
            {
              "title": "It should be false when comparing string to other types",
              "fullTitle": "Positive testing for eq.js It should be false when comparing string to other types",
              "timedOut": false,
              "duration": 1,
              "state": "failed",
              "speed": null,
              "pass": false,
              "fail": true,
              "pending": false,
              "context": null,
              "code": "const str1 = \"1\";\nconst int1 = 1;\nassert.equal(eq(str1, int1), false);",
              "err": {
                "message": "AssertionError: expected true to equal false",
                "estack": "AssertionError: expected true to equal false\n    at Context.<anonymous> (file:///home/elmeripk/sw_testing_gw/test/eqTest.js:144:16)\n    at process.processImmediate (node:internal/timers:511:21)",
                "diff": "- true\n+ false\n"
              },
              "uuid": "3db9b1cd-4eac-4ea2-ba09-97a728b15007",
              "parentUUID": "8fbe4f4d-af77-4701-83d6-b68f0b323669",
              "isHook": false,
              "skipped": false
            },
            {
              "title": "It should be false when object or list is compared to other types",
              "fullTitle": "Positive testing for eq.js It should be false when object or list is compared to other types",
              "timedOut": false,
              "duration": 0,
              "state": "passed",
              "speed": "fast",
              "pass": true,
              "fail": false,
              "pending": false,
              "context": null,
              "code": "const object = { 'a': 1 }\nconst list = [1,2,3];\nassert.equal(eq(object, list), false);",
              "err": {},
              "uuid": "5fa32db0-7adb-46d2-b7e8-a558f56d4218",
              "parentUUID": "8fbe4f4d-af77-4701-83d6-b68f0b323669",
              "isHook": false,
              "skipped": false
            },
            {
              "title": "It should be false when class or undefined is compared to other types",
              "fullTitle": "Positive testing for eq.js It should be false when class or undefined is compared to other types",
              "timedOut": false,
              "duration": 0,
              "state": "passed",
              "speed": "fast",
              "pass": true,
              "fail": false,
              "pending": false,
              "context": null,
              "code": "class A {};\nconst val = undefined;\nassert.equal(eq(A, val), false);",
              "err": {},
              "uuid": "55b842e8-1232-4dad-9637-194cace8f672",
              "parentUUID": "8fbe4f4d-af77-4701-83d6-b68f0b323669",
              "isHook": false,
              "skipped": false
            },
            {
              "title": "It should be false when NaN or null is compared to other types",
              "fullTitle": "Positive testing for eq.js It should be false when NaN or null is compared to other types",
              "timedOut": false,
              "duration": 0,
              "state": "passed",
              "speed": "fast",
              "pass": true,
              "fail": false,
              "pending": false,
              "context": null,
              "code": "const val1 = NaN;\nconst val2 = null;\nassert.equal(eq(val1, val2), false);",
              "err": {},
              "uuid": "e03d7faa-7aef-4889-8fe5-cda85b303148",
              "parentUUID": "8fbe4f4d-af77-4701-83d6-b68f0b323669",
              "isHook": false,
              "skipped": false
            },
            {
              "title": "It should be false when boolean or symbol is compared to other types",
              "fullTitle": "Positive testing for eq.js It should be false when boolean or symbol is compared to other types",
              "timedOut": false,
              "duration": 0,
              "state": "passed",
              "speed": "fast",
              "pass": true,
              "fail": false,
              "pending": false,
              "context": null,
              "code": "const val1 = true;\nconst val2 = Symbol('fool');\nassert.equal(eq(val1, val2), false);",
              "err": {},
              "uuid": "0bd1d7f1-5cbe-4d3b-ac39-0650527e1d51",
              "parentUUID": "8fbe4f4d-af77-4701-83d6-b68f0b323669",
              "isHook": false,
              "skipped": false
            }
          ],
          "suites": [],
          "passes": [
            "60a4a4d6-bf1f-4104-9d0b-5d3b31a34a19",
            "a6565572-7ba6-4b46-bc65-b1572b0dd3eb",
            "67be30d8-b7cc-42e1-8328-a09069f94e75",
            "df85268d-1998-450d-a6db-a2cd20e3212b",
            "3a2167b9-6033-4ba3-8ba6-7f5414b08e84",
            "c1d914d9-ac35-4f07-b425-b961f7e122bf",
            "2ae455fb-0db1-44d0-961f-8d9d189fda8c",
            "8691fd00-ab37-4ea8-b896-31444f23d2c4",
            "4029849f-ec96-4aff-b5d8-d26fd05d4cc3",
            "5307a1c0-3a83-4961-b8f1-50461b9d412f",
            "32da9a97-1b21-493b-8618-a7b28992bbb4",
            "ac048277-a1f7-4ff4-b794-1fd40419efbf",
            "458d4cb8-7262-4b72-9cf6-64a70e89de53",
            "9f27632b-f30e-40f3-a07e-185ff10b622a",
            "aca2c3d8-1165-4636-acce-022a3ff5640d",
            "785a0b4d-71a9-41af-90d3-86dc3750f2a5",
            "01a3def5-e242-488b-93d9-246ce01a6c96",
            "d8bb9d5f-4f3b-40a3-abc2-23cffa16979e",
            "7a8decf5-6238-4fdf-913a-3812873b9cb2",
            "90f96352-b49d-49d3-93f8-e3b5f4c0a152",
            "805b0b97-8219-4bb2-aa4c-de8883b18ff7",
            "1969b848-4bb0-4d56-9aad-5d1e345714f8",
            "42963648-a3b9-4218-9b2f-564d871b79f8",
            "5fa32db0-7adb-46d2-b7e8-a558f56d4218",
            "55b842e8-1232-4dad-9637-194cace8f672",
            "e03d7faa-7aef-4889-8fe5-cda85b303148",
            "0bd1d7f1-5cbe-4d3b-ac39-0650527e1d51"
          ],
          "failures": [
            "3db9b1cd-4eac-4ea2-ba09-97a728b15007"
          ],
          "pending": [],
          "skipped": [],
          "duration": 2,
          "root": false,
          "rootEmpty": false,
          "_timeout": 2000
        },
        {
          "uuid": "9108a2de-2b9a-43aa-8d3a-9d6d5ead0400",
          "title": "Positive test cases for filter.js",
          "fullFile": "/home/elmeripk/sw_testing_gw/test/filterTest.js",
          "file": "/test/filterTest.js",
          "beforeHooks": [],
          "afterHooks": [],
          "tests": [
            {
              "title": "Should filter out elements correctly for simple array",
              "fullTitle": "Positive test cases for filter.js Should filter out elements correctly for simple array",
              "timedOut": false,
              "duration": 0,
              "state": "passed",
              "speed": "fast",
              "pass": true,
              "fail": false,
              "pending": false,
              "context": null,
              "code": "const array = [1, 2, 3, 4, 5, 6];\n        const excpectedOutput = [1, 2];\n        const actualOutput = filter(array, (value) => value < 3);\n        //https://stackoverflow.com/questions/51388975/comparing-an-array-object-to-string-using-mocha-chai\n        // https://stackoverflow.com/questions/13225274/the-difference-between-assert-equal-and-assert-deepequal-in-javascript-testing-w\n        assert.deepEqual(actualOutput, excpectedOutput);",
              "err": {},
              "uuid": "834bc901-e1ac-4bbc-9586-6cea0a3fde17",
              "parentUUID": "9108a2de-2b9a-43aa-8d3a-9d6d5ead0400",
              "isHook": false,
              "skipped": false
            },
            {
              "title": "Should leave array unchanged if all elements pass the predicate",
              "fullTitle": "Positive test cases for filter.js Should leave array unchanged if all elements pass the predicate",
              "timedOut": false,
              "duration": 0,
              "state": "passed",
              "speed": "fast",
              "pass": true,
              "fail": false,
              "pending": false,
              "context": null,
              "code": "const array = [1, 2, 3];\n        const excpectedOutput = [1, 2, 3];\n        const actualOutput = filter(array, (value) => value < 4);\n        assert.deepEqual(actualOutput, excpectedOutput);",
              "err": {},
              "uuid": "b5fadc06-e3d0-4ced-b9b5-bb94f5bf389c",
              "parentUUID": "9108a2de-2b9a-43aa-8d3a-9d6d5ead0400",
              "isHook": false,
              "skipped": false
            },
            {
              "title": "Should return empty array if no elements pass the predicate",
              "fullTitle": "Positive test cases for filter.js Should return empty array if no elements pass the predicate",
              "timedOut": false,
              "duration": 1,
              "state": "failed",
              "speed": null,
              "pass": false,
              "fail": true,
              "pending": false,
              "context": null,
              "code": "const array = [4, 5, 6];\n        const excpectedOutput = [];\n        const actualOutput = filter(array, (value) => value < 4);\n        assert.deepEqual(actualOutput, excpectedOutput);",
              "err": {
                "message": "AssertionError: expected [ [] ] to deeply equal []",
                "estack": "AssertionError: expected [ [] ] to deeply equal []\n    at Context.<anonymous> (file:///home/elmeripk/sw_testing_gw/test/filterTest.js:32:16)\n    at process.processImmediate (node:internal/timers:511:21)",
                "diff": "- [\n-   []\n- ]\n+ []\n"
              },
              "uuid": "e3d4335b-3b3b-4460-931b-bb8426424cf0",
              "parentUUID": "9108a2de-2b9a-43aa-8d3a-9d6d5ead0400",
              "isHook": false,
              "skipped": false
            },
            {
              "title": "Should work correctly with an empty array",
              "fullTitle": "Positive test cases for filter.js Should work correctly with an empty array",
              "timedOut": false,
              "duration": 0,
              "state": "failed",
              "speed": null,
              "pass": false,
              "fail": true,
              "pending": false,
              "context": null,
              "code": "const array = [];\n        const excpectedOutput = [];\n        const actualOutput = filter(array, (value) => value < 4);\n        assert.deepEqual(actualOutput, excpectedOutput);",
              "err": {
                "message": "AssertionError: expected [ [] ] to deeply equal []",
                "estack": "AssertionError: expected [ [] ] to deeply equal []\n    at Context.<anonymous> (file:///home/elmeripk/sw_testing_gw/test/filterTest.js:41:16)\n    at process.processImmediate (node:internal/timers:511:21)",
                "diff": "- [\n-   []\n- ]\n+ []\n"
              },
              "uuid": "b416502b-5280-40b6-b517-45251ec7b307",
              "parentUUID": "9108a2de-2b9a-43aa-8d3a-9d6d5ead0400",
              "isHook": false,
              "skipped": false
            },
            {
              "title": "Should filter objects based on property values",
              "fullTitle": "Positive test cases for filter.js Should filter objects based on property values",
              "timedOut": false,
              "duration": 0,
              "state": "passed",
              "speed": "fast",
              "pass": true,
              "fail": false,
              "pending": false,
              "context": null,
              "code": "const array = [{\"name\": \"Pekka\", \"age\": 25}, {\"name\": \"Jari\", \"age\": 30}, {\"name\": \"Linda\", \"age\": 22}];\n        const excpectedOutput = [{\"name\": \"Pekka\", \"age\": 25}, {\"name\": \"Linda\", \"age\": 22}];\n        const actualOutput = filter(array, (value) => value.age < 30);\n        assert.deepEqual(actualOutput, excpectedOutput);",
              "err": {},
              "uuid": "6b10e037-03d4-40f6-b84a-954f07f3298e",
              "parentUUID": "9108a2de-2b9a-43aa-8d3a-9d6d5ead0400",
              "isHook": false,
              "skipped": false
            },
            {
              "title": "Should work correctly with object destructuring in predicate",
              "fullTitle": "Positive test cases for filter.js Should work correctly with object destructuring in predicate",
              "timedOut": false,
              "duration": 0,
              "state": "passed",
              "speed": "fast",
              "pass": true,
              "fail": false,
              "pending": false,
              "context": null,
              "code": "const array = [{\"name\": \"Pekka\", \"age\": 25}, {\"name\": \"Jari\", \"age\": 30}, {\"name\": \"Linda\", \"age\": 22}];\n         const excpectedOutput = [{\"name\": \"Pekka\", \"age\": 25}, {\"name\": \"Linda\", \"age\": 22}];\n        const actualOutput = filter(array, ({age}) => age < 30);\n        assert.deepEqual(actualOutput, excpectedOutput);",
              "err": {},
              "uuid": "95ea7930-1ad2-431a-8b24-012b12bcfaf8",
              "parentUUID": "9108a2de-2b9a-43aa-8d3a-9d6d5ead0400",
              "isHook": false,
              "skipped": false
            },
            {
              "title": "Should work correctly when array contains a single element",
              "fullTitle": "Positive test cases for filter.js Should work correctly when array contains a single element",
              "timedOut": false,
              "duration": 1,
              "state": "passed",
              "speed": "fast",
              "pass": true,
              "fail": false,
              "pending": false,
              "context": null,
              "code": "const array = [5];\n        const excpectedOutput = [5];\n        const actualOutput = filter(array, (value) => value > 0);\n        assert.deepEqual(actualOutput, excpectedOutput);",
              "err": {},
              "uuid": "fe89403a-3fe1-49ca-b969-5c71087b1c83",
              "parentUUID": "9108a2de-2b9a-43aa-8d3a-9d6d5ead0400",
              "isHook": false,
              "skipped": false
            },
            {
              "title": "Should work correctly when array contains null, undefined, and NaN values",
              "fullTitle": "Positive test cases for filter.js Should work correctly when array contains null, undefined, and NaN values",
              "timedOut": false,
              "duration": 0,
              "state": "passed",
              "speed": "fast",
              "pass": true,
              "fail": false,
              "pending": false,
              "context": null,
              "code": "const array = [null, undefined, NaN, 1, 2, 3];\n        const excpectedOutput = [1, 2, 3];\n        const actualOutput = filter(array, (value) => value > 0);\n        assert.deepEqual(actualOutput, excpectedOutput);",
              "err": {},
              "uuid": "d24859e3-c250-47fb-ab0a-d9916430e5d8",
              "parentUUID": "9108a2de-2b9a-43aa-8d3a-9d6d5ead0400",
              "isHook": false,
              "skipped": false
            },
            {
              "title": "Should work correctly when a null array is provided",
              "fullTitle": "Positive test cases for filter.js Should work correctly when a null array is provided",
              "timedOut": false,
              "duration": 0,
              "state": "failed",
              "speed": null,
              "pass": false,
              "fail": true,
              "pending": false,
              "context": null,
              "code": "const array = null;\n      const excpectedOutput = [];\n      const actualOutput = filter(array, (value) => value > 0);\n      assert.deepEqual(actualOutput, excpectedOutput);",
              "err": {
                "message": "AssertionError: expected [ [] ] to deeply equal []",
                "estack": "AssertionError: expected [ [] ] to deeply equal []\n    at Context.<anonymous> (file:///home/elmeripk/sw_testing_gw/test/filterTest.js:85:16)\n    at process.processImmediate (node:internal/timers:511:21)",
                "diff": "- [\n-   []\n- ]\n+ []\n"
              },
              "uuid": "c8495a62-06e2-4de7-b443-1fd3d37fbc3c",
              "parentUUID": "9108a2de-2b9a-43aa-8d3a-9d6d5ead0400",
              "isHook": false,
              "skipped": false
            },
            {
              "title": "Should work correctly when an undefined array is provided",
              "fullTitle": "Positive test cases for filter.js Should work correctly when an undefined array is provided",
              "timedOut": false,
              "duration": 0,
              "state": "failed",
              "speed": null,
              "pass": false,
              "fail": true,
              "pending": false,
              "context": null,
              "code": "const array = undefined;\n      const excpectedOutput = [];\n      const actualOutput = filter(array, (value) => value > 0);\n      assert.deepEqual(actualOutput, excpectedOutput);",
              "err": {
                "message": "AssertionError: expected [ [] ] to deeply equal []",
                "estack": "AssertionError: expected [ [] ] to deeply equal []\n    at Context.<anonymous> (file:///home/elmeripk/sw_testing_gw/test/filterTest.js:93:16)\n    at process.processImmediate (node:internal/timers:511:21)",
                "diff": "- [\n-   []\n- ]\n+ []\n"
              },
              "uuid": "e5abfbbb-36dc-41f3-af30-4b0d096cde4d",
              "parentUUID": "9108a2de-2b9a-43aa-8d3a-9d6d5ead0400",
              "isHook": false,
              "skipped": false
            }
          ],
          "suites": [],
          "passes": [
            "834bc901-e1ac-4bbc-9586-6cea0a3fde17",
            "b5fadc06-e3d0-4ced-b9b5-bb94f5bf389c",
            "6b10e037-03d4-40f6-b84a-954f07f3298e",
            "95ea7930-1ad2-431a-8b24-012b12bcfaf8",
            "fe89403a-3fe1-49ca-b969-5c71087b1c83",
            "d24859e3-c250-47fb-ab0a-d9916430e5d8"
          ],
          "failures": [
            "e3d4335b-3b3b-4460-931b-bb8426424cf0",
            "b416502b-5280-40b6-b517-45251ec7b307",
            "c8495a62-06e2-4de7-b443-1fd3d37fbc3c",
            "e5abfbbb-36dc-41f3-af30-4b0d096cde4d"
          ],
          "pending": [],
          "skipped": [],
          "duration": 2,
          "root": false,
          "rootEmpty": false,
          "_timeout": 2000
        }
      ],
      "passes": [],
      "failures": [],
      "pending": [],
      "skipped": [],
      "duration": 0,
      "root": true,
      "rootEmpty": true,
      "_timeout": 2000
    }
  ],
  "meta": {
    "mocha": {
      "version": "11.7.5"
    },
    "mochawesome": {
      "options": {
        "quiet": false,
        "reportFilename": "mochawesome",
        "saveHtml": true,
        "saveJson": true,
        "consoleReporter": "spec",
        "useInlineDiffs": false,
        "code": true
      },
      "version": "7.1.4"
    },
    "marge": {
      "options": null,
      "version": "6.3.2"
    }
  }
}