{
  "stats": {
    "suites": 17,
    "tests": 144,
    "passes": 122,
    "pending": 0,
    "failures": 22,
    "start": "2025-11-23T17:52:32.315Z",
    "end": "2025-11-23T17:52:32.421Z",
    "duration": 106,
    "testsRegistered": 144,
    "passPercent": 84.72222222222221,
    "pendingPercent": 0,
    "other": 0,
    "hasOther": false,
    "skipped": 0,
    "hasSkipped": false
  },
  "results": [
    {
      "uuid": "4ad3c187-d04f-4fe6-b79c-4c185f36ffb8",
      "title": "",
      "fullFile": "",
      "file": "",
      "beforeHooks": [],
      "afterHooks": [],
      "tests": [],
      "suites": [
        {
          "uuid": "8687963a-37e7-46ad-809f-97a03203d08c",
          "title": "Positive testing for add.js",
          "fullFile": "C:\\Users\\nurmi\\softTesting\\test\\addTest.js",
          "file": "\\test\\addTest.js",
          "beforeHooks": [],
          "afterHooks": [],
          "tests": [
            {
              "title": "It should sum two positive integers correctly",
              "fullTitle": "Positive testing for add.js It should sum two positive integers correctly",
              "timedOut": false,
              "duration": 0,
              "state": "passed",
              "speed": "fast",
              "pass": true,
              "fail": false,
              "pending": false,
              "context": null,
              "code": "const augend = 6;\nconst addend = 4;\nassert.equal(add(augend, addend), 10);",
              "err": {},
              "uuid": "00ad64c4-286f-4807-afc0-3ba3c891a956",
              "parentUUID": "8687963a-37e7-46ad-809f-97a03203d08c",
              "isHook": false,
              "skipped": false
            },
            {
              "title": "It should sum two negative integers correctly",
              "fullTitle": "Positive testing for add.js It should sum two negative integers correctly",
              "timedOut": false,
              "duration": 0,
              "state": "passed",
              "speed": "fast",
              "pass": true,
              "fail": false,
              "pending": false,
              "context": null,
              "code": "const augend = -2;\nconst addend = -8;\nassert.equal(add(augend, addend), -10);",
              "err": {},
              "uuid": "b84f7645-c81d-48ff-84d9-ea4a86fa037e",
              "parentUUID": "8687963a-37e7-46ad-809f-97a03203d08c",
              "isHook": false,
              "skipped": false
            },
            {
              "title": "It should sum positive and negative integers correctly",
              "fullTitle": "Positive testing for add.js It should sum positive and negative integers correctly",
              "timedOut": false,
              "duration": 0,
              "state": "passed",
              "speed": "fast",
              "pass": true,
              "fail": false,
              "pending": false,
              "context": null,
              "code": "const augend = -4;\nconst addend = 6;\nassert.equal(add(augend, addend), 2);",
              "err": {},
              "uuid": "b18a2ed5-8ba6-4e52-9137-e0821c3d874e",
              "parentUUID": "8687963a-37e7-46ad-809f-97a03203d08c",
              "isHook": false,
              "skipped": false
            },
            {
              "title": "It should sum positive integer and zero addend correctly",
              "fullTitle": "Positive testing for add.js It should sum positive integer and zero addend correctly",
              "timedOut": false,
              "duration": 0,
              "state": "passed",
              "speed": "fast",
              "pass": true,
              "fail": false,
              "pending": false,
              "context": null,
              "code": "const augend = 3;\nconst addend = 0;\nassert.equal(add(augend, addend), 3);",
              "err": {},
              "uuid": "2942770d-d53e-4ffd-a3bd-cbea892da694",
              "parentUUID": "8687963a-37e7-46ad-809f-97a03203d08c",
              "isHook": false,
              "skipped": false
            },
            {
              "title": "It should sum zero augend and negative integer correctly",
              "fullTitle": "Positive testing for add.js It should sum zero augend and negative integer correctly",
              "timedOut": false,
              "duration": 0,
              "state": "passed",
              "speed": "fast",
              "pass": true,
              "fail": false,
              "pending": false,
              "context": null,
              "code": "const augend = 0;\nconst addend = -2;\nassert.equal(add(augend, addend), -2);",
              "err": {},
              "uuid": "26c23db2-d1f8-42d3-ae14-e9c9efc96730",
              "parentUUID": "8687963a-37e7-46ad-809f-97a03203d08c",
              "isHook": false,
              "skipped": false
            },
            {
              "title": "It should sum two positive decimals correctly",
              "fullTitle": "Positive testing for add.js It should sum two positive decimals correctly",
              "timedOut": false,
              "duration": 0,
              "state": "passed",
              "speed": "fast",
              "pass": true,
              "fail": false,
              "pending": false,
              "context": null,
              "code": "const augend = 2.1;\nconst addend = 3.3;\nassert.equal(add(augend, addend), 5.4);",
              "err": {},
              "uuid": "a9c52764-6b41-495b-80fb-85e73ac77315",
              "parentUUID": "8687963a-37e7-46ad-809f-97a03203d08c",
              "isHook": false,
              "skipped": false
            },
            {
              "title": "It should sum positve decimal and integer correctly",
              "fullTitle": "Positive testing for add.js It should sum positve decimal and integer correctly",
              "timedOut": false,
              "duration": 0,
              "state": "passed",
              "speed": "fast",
              "pass": true,
              "fail": false,
              "pending": false,
              "context": null,
              "code": "const augend = 2.1;\nconst addend = 4;\nassert.equal(add(augend, addend), 6.1);",
              "err": {},
              "uuid": "6d8ef625-1ffb-41fe-984d-0dac0e6e1e85",
              "parentUUID": "8687963a-37e7-46ad-809f-97a03203d08c",
              "isHook": false,
              "skipped": false
            }
          ],
          "suites": [],
          "passes": [
            "00ad64c4-286f-4807-afc0-3ba3c891a956",
            "b84f7645-c81d-48ff-84d9-ea4a86fa037e",
            "b18a2ed5-8ba6-4e52-9137-e0821c3d874e",
            "2942770d-d53e-4ffd-a3bd-cbea892da694",
            "26c23db2-d1f8-42d3-ae14-e9c9efc96730",
            "a9c52764-6b41-495b-80fb-85e73ac77315",
            "6d8ef625-1ffb-41fe-984d-0dac0e6e1e85"
          ],
          "failures": [],
          "pending": [],
          "skipped": [],
          "duration": 0,
          "root": false,
          "rootEmpty": false,
          "_timeout": 2000
        },
        {
          "uuid": "47e7abb1-0382-4953-8ddf-18b328230be8",
          "title": "Negative testing for add.js",
          "fullFile": "C:\\Users\\nurmi\\softTesting\\test\\addTest.js",
          "file": "\\test\\addTest.js",
          "beforeHooks": [],
          "afterHooks": [],
          "tests": [
            {
              "title": "It should throw error if augend is undefined",
              "fullTitle": "Negative testing for add.js It should throw error if augend is undefined",
              "timedOut": false,
              "duration": 0,
              "state": "failed",
              "speed": null,
              "pass": false,
              "fail": true,
              "pending": false,
              "context": null,
              "code": "const augend = undefined;\nconst addend = 2;\nexpect(() => add(augend, addend)).to.throw(error)",
              "err": {
                "message": "ReferenceError: error is not defined",
                "estack": "ReferenceError: error is not defined\n    at Context.<anonymous> (file:///C:/Users/nurmi/softTesting/test/addTest.js:56:52)\n    at process.processImmediate (node:internal/timers:478:21)",
                "diff": null
              },
              "uuid": "8b131a62-1224-4866-8596-7270a88db1b9",
              "parentUUID": "47e7abb1-0382-4953-8ddf-18b328230be8",
              "isHook": false,
              "skipped": false
            },
            {
              "title": "It should throw error if addend is undefined",
              "fullTitle": "Negative testing for add.js It should throw error if addend is undefined",
              "timedOut": false,
              "duration": 0,
              "state": "failed",
              "speed": null,
              "pass": false,
              "fail": true,
              "pending": false,
              "context": null,
              "code": "const augend = 3;\nconst addend = undefined;\nexpect(() => add(augend, addend)).to.throw(error)",
              "err": {
                "message": "ReferenceError: error is not defined",
                "estack": "ReferenceError: error is not defined\n    at Context.<anonymous> (file:///C:/Users/nurmi/softTesting/test/addTest.js:62:52)\n    at process.processImmediate (node:internal/timers:478:21)",
                "diff": null
              },
              "uuid": "2a3b56f7-00cc-496c-a3ea-7d1b5a47423b",
              "parentUUID": "47e7abb1-0382-4953-8ddf-18b328230be8",
              "isHook": false,
              "skipped": false
            },
            {
              "title": "It should throw error if augend is string",
              "fullTitle": "Negative testing for add.js It should throw error if augend is string",
              "timedOut": false,
              "duration": 0,
              "state": "failed",
              "speed": null,
              "pass": false,
              "fail": true,
              "pending": false,
              "context": null,
              "code": "const augend = \"6\";\nconst addend = 4;\nexpect(() => add(augend, addend)).to.throw(error);",
              "err": {
                "message": "ReferenceError: error is not defined",
                "estack": "ReferenceError: error is not defined\n    at Context.<anonymous> (file:///C:/Users/nurmi/softTesting/test/addTest.js:68:52)\n    at process.processImmediate (node:internal/timers:478:21)",
                "diff": null
              },
              "uuid": "b21b156e-e110-4f12-b17c-96a8f60dcfdd",
              "parentUUID": "47e7abb1-0382-4953-8ddf-18b328230be8",
              "isHook": false,
              "skipped": false
            },
            {
              "title": "It should throw error if addend is string",
              "fullTitle": "Negative testing for add.js It should throw error if addend is string",
              "timedOut": false,
              "duration": 0,
              "state": "failed",
              "speed": null,
              "pass": false,
              "fail": true,
              "pending": false,
              "context": null,
              "code": "const augend = 6;\nconst addend = \"4\";\nexpect(() => add(augend, addend)).to.throw(error);",
              "err": {
                "message": "ReferenceError: error is not defined",
                "estack": "ReferenceError: error is not defined\n    at Context.<anonymous> (file:///C:/Users/nurmi/softTesting/test/addTest.js:74:52)\n    at process.processImmediate (node:internal/timers:478:21)",
                "diff": null
              },
              "uuid": "570d24a7-9a98-4769-ad1b-fdceab8ce9e5",
              "parentUUID": "47e7abb1-0382-4953-8ddf-18b328230be8",
              "isHook": false,
              "skipped": false
            }
          ],
          "suites": [],
          "passes": [],
          "failures": [
            "8b131a62-1224-4866-8596-7270a88db1b9",
            "2a3b56f7-00cc-496c-a3ea-7d1b5a47423b",
            "b21b156e-e110-4f12-b17c-96a8f60dcfdd",
            "570d24a7-9a98-4769-ad1b-fdceab8ce9e5"
          ],
          "pending": [],
          "skipped": [],
          "duration": 0,
          "root": false,
          "rootEmpty": false,
          "_timeout": 2000
        },
        {
          "uuid": "2cec3918-a4a0-40bb-8043-14c6aa39cfab",
          "title": "TESTS BASED ON TEST PLAN",
          "fullFile": "C:\\Users\\nurmi\\softTesting\\test\\ceilTest.js",
          "file": "\\test\\ceilTest.js",
          "beforeHooks": [],
          "afterHooks": [],
          "tests": [],
          "suites": [
            {
              "uuid": "5f82a7b9-e321-4d4c-b5ab-b18e852318a1",
              "title": "Positive test cases for ceil.js",
              "fullFile": "C:\\Users\\nurmi\\softTesting\\test\\ceilTest.js",
              "file": "\\test\\ceilTest.js",
              "beforeHooks": [],
              "afterHooks": [],
              "tests": [
                {
                  "title": "Should keep an integer without precisions specified unchanged",
                  "fullTitle": "TESTS BASED ON TEST PLAN Positive test cases for ceil.js Should keep an integer without precisions specified unchanged",
                  "timedOut": false,
                  "duration": 0,
                  "state": "passed",
                  "speed": "fast",
                  "pass": true,
                  "fail": false,
                  "pending": false,
                  "context": null,
                  "code": "assert.equal(ceil(6), 6)",
                  "err": {},
                  "uuid": "d691d6b4-44d6-4afd-acb9-c0f9e45ea4b7",
                  "parentUUID": "5f82a7b9-e321-4d4c-b5ab-b18e852318a1",
                  "isHook": false,
                  "skipped": false
                },
                {
                  "title": "Should round decimals up to nearest integer by default",
                  "fullTitle": "TESTS BASED ON TEST PLAN Positive test cases for ceil.js Should round decimals up to nearest integer by default",
                  "timedOut": false,
                  "duration": 0,
                  "state": "passed",
                  "speed": "fast",
                  "pass": true,
                  "fail": false,
                  "pending": false,
                  "context": null,
                  "code": "assert.equal(ceil(3.006), 4);",
                  "err": {},
                  "uuid": "448a9710-5b85-47b5-8e93-20831eaecddd",
                  "parentUUID": "5f82a7b9-e321-4d4c-b5ab-b18e852318a1",
                  "isHook": false,
                  "skipped": false
                },
                {
                  "title": "Should round decimal to correct precision when positive precision is specified",
                  "fullTitle": "TESTS BASED ON TEST PLAN Positive test cases for ceil.js Should round decimal to correct precision when positive precision is specified",
                  "timedOut": false,
                  "duration": 0,
                  "state": "passed",
                  "speed": "fast",
                  "pass": true,
                  "fail": false,
                  "pending": false,
                  "context": null,
                  "code": "assert.equal(ceil(6.004, 2), 6.01);",
                  "err": {},
                  "uuid": "ad88ba6e-922f-4865-aa7a-58d67d5d7c6d",
                  "parentUUID": "5f82a7b9-e321-4d4c-b5ab-b18e852318a1",
                  "isHook": false,
                  "skipped": false
                },
                {
                  "title": "Should keep integer unchanged when precision is positive",
                  "fullTitle": "TESTS BASED ON TEST PLAN Positive test cases for ceil.js Should keep integer unchanged when precision is positive",
                  "timedOut": false,
                  "duration": 1,
                  "state": "passed",
                  "speed": "fast",
                  "pass": true,
                  "fail": false,
                  "pending": false,
                  "context": null,
                  "code": "assert.equal(ceil(5, 3), 5);",
                  "err": {},
                  "uuid": "1e9b2fa2-b622-4a7a-9844-b5cea27046a2",
                  "parentUUID": "5f82a7b9-e321-4d4c-b5ab-b18e852318a1",
                  "isHook": false,
                  "skipped": false
                },
                {
                  "title": "Should round decimal to correct precision when zero precision is specified",
                  "fullTitle": "TESTS BASED ON TEST PLAN Positive test cases for ceil.js Should round decimal to correct precision when zero precision is specified",
                  "timedOut": false,
                  "duration": 0,
                  "state": "passed",
                  "speed": "fast",
                  "pass": true,
                  "fail": false,
                  "pending": false,
                  "context": null,
                  "code": "assert.equal(ceil(3.006, 0), 4);",
                  "err": {},
                  "uuid": "f07fffae-99e9-4959-bea3-c1f45126db3e",
                  "parentUUID": "5f82a7b9-e321-4d4c-b5ab-b18e852318a1",
                  "isHook": false,
                  "skipped": false
                }
              ],
              "suites": [],
              "passes": [
                "d691d6b4-44d6-4afd-acb9-c0f9e45ea4b7",
                "448a9710-5b85-47b5-8e93-20831eaecddd",
                "ad88ba6e-922f-4865-aa7a-58d67d5d7c6d",
                "1e9b2fa2-b622-4a7a-9844-b5cea27046a2",
                "f07fffae-99e9-4959-bea3-c1f45126db3e"
              ],
              "failures": [],
              "pending": [],
              "skipped": [],
              "duration": 1,
              "root": false,
              "rootEmpty": false,
              "_timeout": 2000
            },
            {
              "uuid": "41c6916c-8e7c-4c5c-80d1-a460f2b1ae7e",
              "title": "Negative test cases for ceil.js",
              "fullFile": "C:\\Users\\nurmi\\softTesting\\test\\ceilTest.js",
              "file": "\\test\\ceilTest.js",
              "beforeHooks": [],
              "afterHooks": [],
              "tests": [
                {
                  "title": "Should throw an error when input is not a number",
                  "fullTitle": "TESTS BASED ON TEST PLAN Negative test cases for ceil.js Should throw an error when input is not a number",
                  "timedOut": false,
                  "duration": 2,
                  "state": "failed",
                  "speed": null,
                  "pass": false,
                  "fail": true,
                  "pending": false,
                  "context": null,
                  "code": "assert.throws(() => ceil(\"not a number\"), Error);",
                  "err": {
                    "message": "AssertionError: expected [Function] to throw Error",
                    "estack": "AssertionError: expected [Function] to throw Error\n    at Context.<anonymous> (file:///C:/Users/nurmi/softTesting/test/ceilTest.js:33:20)\n    at process.processImmediate (node:internal/timers:478:21)",
                    "diff": null
                  },
                  "uuid": "8ab46834-c00c-47e0-b6b5-ef926978465d",
                  "parentUUID": "41c6916c-8e7c-4c5c-80d1-a460f2b1ae7e",
                  "isHook": false,
                  "skipped": false
                },
                {
                  "title": "Should throw an error if precision is not a number",
                  "fullTitle": "TESTS BASED ON TEST PLAN Negative test cases for ceil.js Should throw an error if precision is not a number",
                  "timedOut": false,
                  "duration": 1,
                  "state": "failed",
                  "speed": null,
                  "pass": false,
                  "fail": true,
                  "pending": false,
                  "context": null,
                  "code": "assert.throws(() => ceil(4.3367, \"not a number\"), Error);",
                  "err": {
                    "message": "AssertionError: expected [Function] to throw Error",
                    "estack": "AssertionError: expected [Function] to throw Error\n    at Context.<anonymous> (file:///C:/Users/nurmi/softTesting/test/ceilTest.js:37:20)\n    at process.processImmediate (node:internal/timers:478:21)",
                    "diff": null
                  },
                  "uuid": "ffcefc2c-101f-4041-9e87-dc09000f420f",
                  "parentUUID": "41c6916c-8e7c-4c5c-80d1-a460f2b1ae7e",
                  "isHook": false,
                  "skipped": false
                }
              ],
              "suites": [],
              "passes": [],
              "failures": [
                "8ab46834-c00c-47e0-b6b5-ef926978465d",
                "ffcefc2c-101f-4041-9e87-dc09000f420f"
              ],
              "pending": [],
              "skipped": [],
              "duration": 3,
              "root": false,
              "rootEmpty": false,
              "_timeout": 2000
            }
          ],
          "passes": [],
          "failures": [],
          "pending": [],
          "skipped": [],
          "duration": 0,
          "root": false,
          "rootEmpty": false,
          "_timeout": 2000
        },
        {
          "uuid": "6620aeba-ccab-4084-90ff-5df4326e2baa",
          "title": "NEWLY ADDED TESTS FOR ceil.js",
          "fullFile": "C:\\Users\\nurmi\\softTesting\\test\\ceilTest.js",
          "file": "\\test\\ceilTest.js",
          "beforeHooks": [],
          "afterHooks": [],
          "tests": [],
          "suites": [
            {
              "uuid": "572d2f64-72c4-4a42-bf21-5dca33905d25",
              "title": "Positive test cases for ceil.js",
              "fullFile": "C:\\Users\\nurmi\\softTesting\\test\\ceilTest.js",
              "file": "\\test\\ceilTest.js",
              "beforeHooks": [],
              "afterHooks": [],
              "tests": [
                {
                  "title": "Should round integer to correct precision when negative precision is specified",
                  "fullTitle": "NEWLY ADDED TESTS FOR ceil.js Positive test cases for ceil.js Should round integer to correct precision when negative precision is specified",
                  "timedOut": false,
                  "duration": 0,
                  "state": "passed",
                  "speed": "fast",
                  "pass": true,
                  "fail": false,
                  "pending": false,
                  "context": null,
                  "code": "assert.equal(ceil(6040, -2), 6100);",
                  "err": {},
                  "uuid": "9919edfa-4d29-4a20-bdc8-a95c94be7431",
                  "parentUUID": "572d2f64-72c4-4a42-bf21-5dca33905d25",
                  "isHook": false,
                  "skipped": false
                },
                {
                  "title": "Should round decimal to correct precision when negative precision is specified",
                  "fullTitle": "NEWLY ADDED TESTS FOR ceil.js Positive test cases for ceil.js Should round decimal to correct precision when negative precision is specified",
                  "timedOut": false,
                  "duration": 0,
                  "state": "passed",
                  "speed": "fast",
                  "pass": true,
                  "fail": false,
                  "pending": false,
                  "context": null,
                  "code": "assert.equal(ceil(6.040, -2), 100);",
                  "err": {},
                  "uuid": "b39bbebc-0b31-4610-9051-e7572bd548fe",
                  "parentUUID": "572d2f64-72c4-4a42-bf21-5dca33905d25",
                  "isHook": false,
                  "skipped": false
                }
              ],
              "suites": [],
              "passes": [
                "9919edfa-4d29-4a20-bdc8-a95c94be7431",
                "b39bbebc-0b31-4610-9051-e7572bd548fe"
              ],
              "failures": [],
              "pending": [],
              "skipped": [],
              "duration": 0,
              "root": false,
              "rootEmpty": false,
              "_timeout": 2000
            },
            {
              "uuid": "76e6d2eb-efc3-4242-9b73-a68eec20e709",
              "title": "Negative test cases for ceil.js",
              "fullFile": "C:\\Users\\nurmi\\softTesting\\test\\ceilTest.js",
              "file": "\\test\\ceilTest.js",
              "beforeHooks": [],
              "afterHooks": [],
              "tests": [
                {
                  "title": "Should throw an error when precision is not an integer",
                  "fullTitle": "NEWLY ADDED TESTS FOR ceil.js Negative test cases for ceil.js Should throw an error when precision is not an integer",
                  "timedOut": false,
                  "duration": 2,
                  "state": "failed",
                  "speed": null,
                  "pass": false,
                  "fail": true,
                  "pending": false,
                  "context": null,
                  "code": "assert.throws(() => ceil(4.3367, 1.5), Error);",
                  "err": {
                    "message": "AssertionError: expected [Function] to throw Error",
                    "estack": "AssertionError: expected [Function] to throw Error\n    at Context.<anonymous> (file:///C:/Users/nurmi/softTesting/test/ceilTest.js:60:20)\n    at process.processImmediate (node:internal/timers:478:21)",
                    "diff": null
                  },
                  "uuid": "f0caa6c1-df31-4feb-a416-bf791d0e5e15",
                  "parentUUID": "76e6d2eb-efc3-4242-9b73-a68eec20e709",
                  "isHook": false,
                  "skipped": false
                }
              ],
              "suites": [],
              "passes": [],
              "failures": [
                "f0caa6c1-df31-4feb-a416-bf791d0e5e15"
              ],
              "pending": [],
              "skipped": [],
              "duration": 2,
              "root": false,
              "rootEmpty": false,
              "_timeout": 2000
            }
          ],
          "passes": [],
          "failures": [],
          "pending": [],
          "skipped": [],
          "duration": 0,
          "root": false,
          "rootEmpty": false,
          "_timeout": 2000
        },
        {
          "uuid": "130e0eed-cb7b-4400-8bc2-1ae0ee61b36f",
          "title": "Positive test cases for defaultToAny.js",
          "fullFile": "C:\\Users\\nurmi\\softTesting\\test\\defaultToAnyTest.js",
          "file": "\\test\\defaultToAnyTest.js",
          "beforeHooks": [],
          "afterHooks": [],
          "tests": [
            {
              "title": "Should return the first value when it is not NaN, null, or undefined",
              "fullTitle": "Positive test cases for defaultToAny.js Should return the first value when it is not NaN, null, or undefined",
              "timedOut": false,
              "duration": 0,
              "state": "passed",
              "speed": "fast",
              "pass": true,
              "fail": false,
              "pending": false,
              "context": null,
              "code": "assert.equal(defaultToAny(1, 10, 20), 1);",
              "err": {},
              "uuid": "b75a7feb-f425-4f21-96b0-bca9f350deca",
              "parentUUID": "130e0eed-cb7b-4400-8bc2-1ae0ee61b36f",
              "isHook": false,
              "skipped": false
            },
            {
              "title": "Should return the first non-NaN, non-null, or non-undefined default value value is undefined",
              "fullTitle": "Positive test cases for defaultToAny.js Should return the first non-NaN, non-null, or non-undefined default value value is undefined",
              "timedOut": false,
              "duration": 0,
              "state": "passed",
              "speed": "fast",
              "pass": true,
              "fail": false,
              "pending": false,
              "context": null,
              "code": "assert.equal(defaultToAny(undefined, 10, 20), 10);",
              "err": {},
              "uuid": "fd0f7460-5b42-4525-bfe0-f5fff446ba0f",
              "parentUUID": "130e0eed-cb7b-4400-8bc2-1ae0ee61b36f",
              "isHook": false,
              "skipped": false
            },
            {
              "title": "Should return the first non-NaN, non-null, or non-undefined default value when value is NaN and there are valid defaults",
              "fullTitle": "Positive test cases for defaultToAny.js Should return the first non-NaN, non-null, or non-undefined default value when value is NaN and there are valid defaults",
              "timedOut": false,
              "duration": 1,
              "state": "failed",
              "speed": null,
              "pass": false,
              "fail": true,
              "pending": false,
              "context": null,
              "code": "assert.equal(defaultToAny(NaN, null, 20), 20);",
              "err": {
                "message": "AssertionError: expected NaN to equal 20",
                "estack": "AssertionError: expected NaN to equal 20\n    at Context.<anonymous> (file:///C:/Users/nurmi/softTesting/test/defaultToAnyTest.js:16:20)\n    at process.processImmediate (node:internal/timers:478:21)",
                "diff": "- NaN\n+ 20\n"
              },
              "uuid": "7cc766ef-e736-4208-b34a-f89f8994fbce",
              "parentUUID": "130e0eed-cb7b-4400-8bc2-1ae0ee61b36f",
              "isHook": false,
              "skipped": false
            },
            {
              "title": "Should return the first non-NaN, non-null, or non-undefined default value when value is null and there are valid defaults",
              "fullTitle": "Positive test cases for defaultToAny.js Should return the first non-NaN, non-null, or non-undefined default value when value is null and there are valid defaults",
              "timedOut": false,
              "duration": 1,
              "state": "failed",
              "speed": null,
              "pass": false,
              "fail": true,
              "pending": false,
              "context": null,
              "code": "assert.equal(defaultToAny(null, NaN, 30), 30);",
              "err": {
                "message": "AssertionError: expected NaN to equal 30",
                "estack": "AssertionError: expected NaN to equal 30\n    at Context.<anonymous> (file:///C:/Users/nurmi/softTesting/test/defaultToAnyTest.js:20:20)\n    at process.processImmediate (node:internal/timers:478:21)",
                "diff": "- NaN\n+ 30\n"
              },
              "uuid": "26223c5c-e413-49f1-b364-c75211b9a047",
              "parentUUID": "130e0eed-cb7b-4400-8bc2-1ae0ee61b36f",
              "isHook": false,
              "skipped": false
            },
            {
              "title": "Should return the first non-Nan, non-null or non-undefined default value when value is undefined and there are valid defaults",
              "fullTitle": "Positive test cases for defaultToAny.js Should return the first non-Nan, non-null or non-undefined default value when value is undefined and there are valid defaults",
              "timedOut": false,
              "duration": 1,
              "state": "failed",
              "speed": null,
              "pass": false,
              "fail": true,
              "pending": false,
              "context": null,
              "code": "assert.equal(defaultToAny(undefined, NaN, null, 50), 50);",
              "err": {
                "message": "AssertionError: expected NaN to equal 50",
                "estack": "AssertionError: expected NaN to equal 50\n    at Context.<anonymous> (file:///C:/Users/nurmi/softTesting/test/defaultToAnyTest.js:24:20)\n    at process.processImmediate (node:internal/timers:478:21)",
                "diff": "- NaN\n+ 50\n"
              },
              "uuid": "a085dabf-fe23-4d4c-b797-bd89b970adf6",
              "parentUUID": "130e0eed-cb7b-4400-8bc2-1ae0ee61b36f",
              "isHook": false,
              "skipped": false
            },
            {
              "title": "Should return the last default value when the value is undefined and any of the default values are not valid V1",
              "fullTitle": "Positive test cases for defaultToAny.js Should return the last default value when the value is undefined and any of the default values are not valid V1",
              "timedOut": false,
              "duration": 0,
              "state": "passed",
              "speed": "fast",
              "pass": true,
              "fail": false,
              "pending": false,
              "context": null,
              "code": "assert.isNaN(defaultToAny(null, undefined, NaN));",
              "err": {},
              "uuid": "1ec31f36-0b73-4dd8-ad27-db76aa009d05",
              "parentUUID": "130e0eed-cb7b-4400-8bc2-1ae0ee61b36f",
              "isHook": false,
              "skipped": false
            },
            {
              "title": "Should return the last default value when the value is undefined and any of the default values are not valid V2",
              "fullTitle": "Positive test cases for defaultToAny.js Should return the last default value when the value is undefined and any of the default values are not valid V2",
              "timedOut": false,
              "duration": 0,
              "state": "passed",
              "speed": "fast",
              "pass": true,
              "fail": false,
              "pending": false,
              "context": null,
              "code": "assert.isNaN(defaultToAny(undefined, null, NaN));",
              "err": {},
              "uuid": "5a3b76b0-5156-4b16-ab57-934b2c90cc8b",
              "parentUUID": "130e0eed-cb7b-4400-8bc2-1ae0ee61b36f",
              "isHook": false,
              "skipped": false
            },
            {
              "title": "Should return the last default value when the value is NaN and any of the default values are not valid V1",
              "fullTitle": "Positive test cases for defaultToAny.js Should return the last default value when the value is NaN and any of the default values are not valid V1",
              "timedOut": false,
              "duration": 0,
              "state": "failed",
              "speed": null,
              "pass": false,
              "fail": true,
              "pending": false,
              "context": null,
              "code": "assert.isNull(defaultToAny(NaN, undefined, null));",
              "err": {
                "message": "AssertionError: expected NaN to equal null",
                "estack": "AssertionError: expected NaN to equal null\n    at Context.<anonymous> (file:///C:/Users/nurmi/softTesting/test/defaultToAnyTest.js:36:20)\n    at process.processImmediate (node:internal/timers:478:21)",
                "diff": null
              },
              "uuid": "238b0641-bb32-4896-97d6-cc9261d78d1c",
              "parentUUID": "130e0eed-cb7b-4400-8bc2-1ae0ee61b36f",
              "isHook": false,
              "skipped": false
            },
            {
              "title": "Should return the last default value when the value is NaN and any of the default values are not valid V2",
              "fullTitle": "Positive test cases for defaultToAny.js Should return the last default value when the value is NaN and any of the default values are not valid V2",
              "timedOut": false,
              "duration": 1,
              "state": "failed",
              "speed": null,
              "pass": false,
              "fail": true,
              "pending": false,
              "context": null,
              "code": "assert.isNull(defaultToAny(NaN, undefined, null));",
              "err": {
                "message": "AssertionError: expected NaN to equal null",
                "estack": "AssertionError: expected NaN to equal null\n    at Context.<anonymous> (file:///C:/Users/nurmi/softTesting/test/defaultToAnyTest.js:40:20)\n    at process.processImmediate (node:internal/timers:478:21)",
                "diff": null
              },
              "uuid": "bbb6d8b9-ddf5-44de-9464-d3b26b01a0a3",
              "parentUUID": "130e0eed-cb7b-4400-8bc2-1ae0ee61b36f",
              "isHook": false,
              "skipped": false
            },
            {
              "title": "Should return the last default value when the value is null and any of the default values are not valid V1",
              "fullTitle": "Positive test cases for defaultToAny.js Should return the last default value when the value is null and any of the default values are not valid V1",
              "timedOut": false,
              "duration": 1,
              "state": "failed",
              "speed": null,
              "pass": false,
              "fail": true,
              "pending": false,
              "context": null,
              "code": "assert.isUndefined(defaultToAny(null, NaN, undefined));",
              "err": {
                "message": "AssertionError: expected NaN to equal undefined",
                "estack": "AssertionError: expected NaN to equal undefined\n    at Context.<anonymous> (file:///C:/Users/nurmi/softTesting/test/defaultToAnyTest.js:45:20)\n    at process.processImmediate (node:internal/timers:478:21)",
                "diff": null
              },
              "uuid": "f776210c-4fff-4ace-975d-8beb52461953",
              "parentUUID": "130e0eed-cb7b-4400-8bc2-1ae0ee61b36f",
              "isHook": false,
              "skipped": false
            },
            {
              "title": "Should return the last default value when the value is null and any of the default values are not valid V2",
              "fullTitle": "Positive test cases for defaultToAny.js Should return the last default value when the value is null and any of the default values are not valid V2",
              "timedOut": false,
              "duration": 0,
              "state": "passed",
              "speed": "fast",
              "pass": true,
              "fail": false,
              "pending": false,
              "context": null,
              "code": "assert.isNaN(defaultToAny(null, undefined, NaN));",
              "err": {},
              "uuid": "d19dbc2e-91ec-4b6b-97fd-be96db2c6267",
              "parentUUID": "130e0eed-cb7b-4400-8bc2-1ae0ee61b36f",
              "isHook": false,
              "skipped": false
            }
          ],
          "suites": [],
          "passes": [
            "b75a7feb-f425-4f21-96b0-bca9f350deca",
            "fd0f7460-5b42-4525-bfe0-f5fff446ba0f",
            "1ec31f36-0b73-4dd8-ad27-db76aa009d05",
            "5a3b76b0-5156-4b16-ab57-934b2c90cc8b",
            "d19dbc2e-91ec-4b6b-97fd-be96db2c6267"
          ],
          "failures": [
            "7cc766ef-e736-4208-b34a-f89f8994fbce",
            "26223c5c-e413-49f1-b364-c75211b9a047",
            "a085dabf-fe23-4d4c-b797-bd89b970adf6",
            "238b0641-bb32-4896-97d6-cc9261d78d1c",
            "bbb6d8b9-ddf5-44de-9464-d3b26b01a0a3",
            "f776210c-4fff-4ace-975d-8beb52461953"
          ],
          "pending": [],
          "skipped": [],
          "duration": 5,
          "root": false,
          "rootEmpty": false,
          "_timeout": 2000
        },
        {
          "uuid": "795512ed-8509-4d47-9272-880f090fa059",
          "title": "Positive testing for eq.js",
          "fullFile": "C:\\Users\\nurmi\\softTesting\\test\\eqTest.js",
          "file": "\\test\\eqTest.js",
          "beforeHooks": [],
          "afterHooks": [],
          "tests": [
            {
              "title": "It should be false if two different objects have same contents",
              "fullTitle": "Positive testing for eq.js It should be false if two different objects have same contents",
              "timedOut": false,
              "duration": 1,
              "state": "passed",
              "speed": "fast",
              "pass": true,
              "fail": false,
              "pending": false,
              "context": null,
              "code": "const object1 = {'a': 1};\nconst object2 = {'a': 1};\nassert.equal(eq(object1, object2), false);",
              "err": {},
              "uuid": "f0bda41f-711b-4e34-bd82-38826aafcb49",
              "parentUUID": "795512ed-8509-4d47-9272-880f090fa059",
              "isHook": false,
              "skipped": false
            },
            {
              "title": "It should be true if object is compared to itself",
              "fullTitle": "Positive testing for eq.js It should be true if object is compared to itself",
              "timedOut": false,
              "duration": 0,
              "state": "passed",
              "speed": "fast",
              "pass": true,
              "fail": false,
              "pending": false,
              "context": null,
              "code": "const object = {};\nassert.equal(eq(object, object), true);",
              "err": {},
              "uuid": "f457f644-0841-48d6-b586-68664dc935e1",
              "parentUUID": "795512ed-8509-4d47-9272-880f090fa059",
              "isHook": false,
              "skipped": false
            },
            {
              "title": "It should be true for equal strings",
              "fullTitle": "Positive testing for eq.js It should be true for equal strings",
              "timedOut": false,
              "duration": 0,
              "state": "passed",
              "speed": "fast",
              "pass": true,
              "fail": false,
              "pending": false,
              "context": null,
              "code": "const str1 = \"a\";\nconst str2 = \"a\"\nassert.equal(eq(str1, str2), true);",
              "err": {},
              "uuid": "36eb4bed-1fe6-49ad-808f-fd0aa459a421",
              "parentUUID": "795512ed-8509-4d47-9272-880f090fa059",
              "isHook": false,
              "skipped": false
            },
            {
              "title": "It should be false for different strings",
              "fullTitle": "Positive testing for eq.js It should be false for different strings",
              "timedOut": false,
              "duration": 1,
              "state": "passed",
              "speed": "fast",
              "pass": true,
              "fail": false,
              "pending": false,
              "context": null,
              "code": "const str1 = \"a\";\nconst str2 = \"b\"\nassert.equal(eq(str1, str2), false);",
              "err": {},
              "uuid": "98b9d358-8593-407c-b275-476dddcdf865",
              "parentUUID": "795512ed-8509-4d47-9272-880f090fa059",
              "isHook": false,
              "skipped": false
            },
            {
              "title": "It should be true if for equal integers",
              "fullTitle": "Positive testing for eq.js It should be true if for equal integers",
              "timedOut": false,
              "duration": 0,
              "state": "passed",
              "speed": "fast",
              "pass": true,
              "fail": false,
              "pending": false,
              "context": null,
              "code": "const int1 = 1;\nconst int2 = 1;\nassert.equal(eq(int1, int2), true);",
              "err": {},
              "uuid": "826a5b06-4aaa-45d0-84f1-0d94da82432d",
              "parentUUID": "795512ed-8509-4d47-9272-880f090fa059",
              "isHook": false,
              "skipped": false
            },
            {
              "title": "It should be false for different integers",
              "fullTitle": "Positive testing for eq.js It should be false for different integers",
              "timedOut": false,
              "duration": 0,
              "state": "passed",
              "speed": "fast",
              "pass": true,
              "fail": false,
              "pending": false,
              "context": null,
              "code": "const int1 = 1;\nconst int2 = 4;\nassert.equal(eq(int1, int2), false);",
              "err": {},
              "uuid": "18961ba2-070f-49ee-9645-86e239f54cd0",
              "parentUUID": "795512ed-8509-4d47-9272-880f090fa059",
              "isHook": false,
              "skipped": false
            },
            {
              "title": "It should be false for +1 and -1",
              "fullTitle": "Positive testing for eq.js It should be false for +1 and -1",
              "timedOut": false,
              "duration": 0,
              "state": "passed",
              "speed": "fast",
              "pass": true,
              "fail": false,
              "pending": false,
              "context": null,
              "code": "const int1 = 1;\nconst int2 = -1;\nassert.equal(eq(int1, int2), false);",
              "err": {},
              "uuid": "c421d008-c1ed-4f38-80bf-ae002b11d458",
              "parentUUID": "795512ed-8509-4d47-9272-880f090fa059",
              "isHook": false,
              "skipped": false
            },
            {
              "title": "It should be true for -0 and +0",
              "fullTitle": "Positive testing for eq.js It should be true for -0 and +0",
              "timedOut": false,
              "duration": 0,
              "state": "passed",
              "speed": "fast",
              "pass": true,
              "fail": false,
              "pending": false,
              "context": null,
              "code": "const int1 = -0;\nconst int2 = 0;\nassert.equal(eq(int1, int2), true);",
              "err": {},
              "uuid": "921e57ce-d02a-4beb-b714-ca371cd49beb",
              "parentUUID": "795512ed-8509-4d47-9272-880f090fa059",
              "isHook": false,
              "skipped": false
            },
            {
              "title": "It should be true for equal decimals",
              "fullTitle": "Positive testing for eq.js It should be true for equal decimals",
              "timedOut": false,
              "duration": 0,
              "state": "passed",
              "speed": "fast",
              "pass": true,
              "fail": false,
              "pending": false,
              "context": null,
              "code": "const deci1 = 1.1;\nconst deci2 = 1.1;\nassert.equal(eq(deci1, deci2), true);",
              "err": {},
              "uuid": "015b6248-7e59-4ba1-bef0-1a39d9e824a7",
              "parentUUID": "795512ed-8509-4d47-9272-880f090fa059",
              "isHook": false,
              "skipped": false
            },
            {
              "title": "It should be false for different decimals",
              "fullTitle": "Positive testing for eq.js It should be false for different decimals",
              "timedOut": false,
              "duration": 0,
              "state": "passed",
              "speed": "fast",
              "pass": true,
              "fail": false,
              "pending": false,
              "context": null,
              "code": "const deci1 = 1.1;\nconst deci2 = 2.1;\nassert.equal(eq(deci1, deci2), false);",
              "err": {},
              "uuid": "212f84c4-960d-4bc8-81f8-f08dd4a2c519",
              "parentUUID": "795512ed-8509-4d47-9272-880f090fa059",
              "isHook": false,
              "skipped": false
            },
            {
              "title": "It should be false when numbers are different",
              "fullTitle": "Positive testing for eq.js It should be false when numbers are different",
              "timedOut": false,
              "duration": 1,
              "state": "passed",
              "speed": "fast",
              "pass": true,
              "fail": false,
              "pending": false,
              "context": null,
              "code": "const int1 = 1;\nconst deci1 = 2.3;\nassert.equal(eq(int1, deci1), false);",
              "err": {},
              "uuid": "68a93e65-b695-409b-8bf1-69ee949b2da6",
              "parentUUID": "795512ed-8509-4d47-9272-880f090fa059",
              "isHook": false,
              "skipped": false
            },
            {
              "title": "It should be true when comparing NaN to NaN",
              "fullTitle": "Positive testing for eq.js It should be true when comparing NaN to NaN",
              "timedOut": false,
              "duration": 0,
              "state": "passed",
              "speed": "fast",
              "pass": true,
              "fail": false,
              "pending": false,
              "context": null,
              "code": "const val1 = NaN;\nconst val2 = NaN;\nassert.equal(eq(val1, val2), true);",
              "err": {},
              "uuid": "7e761cf6-cd94-4f22-95c2-855ed6a6b3a6",
              "parentUUID": "795512ed-8509-4d47-9272-880f090fa059",
              "isHook": false,
              "skipped": false
            },
            {
              "title": "It should be true when comparing undefined to undefined",
              "fullTitle": "Positive testing for eq.js It should be true when comparing undefined to undefined",
              "timedOut": false,
              "duration": 0,
              "state": "passed",
              "speed": "fast",
              "pass": true,
              "fail": false,
              "pending": false,
              "context": null,
              "code": "const val1 = undefined\nconst val2 = undefined\nassert.equal(eq(val1, val2), true);",
              "err": {},
              "uuid": "abb2dc13-c56f-496e-ba60-335f4cf887f0",
              "parentUUID": "795512ed-8509-4d47-9272-880f090fa059",
              "isHook": false,
              "skipped": false
            },
            {
              "title": "It should be true when comparing null to null",
              "fullTitle": "Positive testing for eq.js It should be true when comparing null to null",
              "timedOut": false,
              "duration": 0,
              "state": "passed",
              "speed": "fast",
              "pass": true,
              "fail": false,
              "pending": false,
              "context": null,
              "code": "const val1 = null\nconst val2 = null\nassert.equal(eq(val1, val2), true);",
              "err": {},
              "uuid": "acc24313-f672-499f-8230-8b2dbfa95d5b",
              "parentUUID": "795512ed-8509-4d47-9272-880f090fa059",
              "isHook": false,
              "skipped": false
            },
            {
              "title": "It should be true if array is compared to itself",
              "fullTitle": "Positive testing for eq.js It should be true if array is compared to itself",
              "timedOut": false,
              "duration": 0,
              "state": "passed",
              "speed": "fast",
              "pass": true,
              "fail": false,
              "pending": false,
              "context": null,
              "code": "const arr = []\nassert.equal(eq(arr, arr), true);",
              "err": {},
              "uuid": "903e996c-1de3-4137-bf7b-0402c64f2296",
              "parentUUID": "795512ed-8509-4d47-9272-880f090fa059",
              "isHook": false,
              "skipped": false
            },
            {
              "title": "It should be false if two different arrays are compared",
              "fullTitle": "Positive testing for eq.js It should be false if two different arrays are compared",
              "timedOut": false,
              "duration": 0,
              "state": "passed",
              "speed": "fast",
              "pass": true,
              "fail": false,
              "pending": false,
              "context": null,
              "code": "const arr1 = [1,2,3,4]\nconst arr2 = [1,2,3]\nassert.equal(eq(arr1, arr2), false);",
              "err": {},
              "uuid": "a1c260cd-98ed-4098-8f1e-a3b9fd6c41fc",
              "parentUUID": "795512ed-8509-4d47-9272-880f090fa059",
              "isHook": false,
              "skipped": false
            },
            {
              "title": "It should be true if class is compared to itself",
              "fullTitle": "Positive testing for eq.js It should be true if class is compared to itself",
              "timedOut": false,
              "duration": 0,
              "state": "passed",
              "speed": "fast",
              "pass": true,
              "fail": false,
              "pending": false,
              "context": null,
              "code": "class A {}\nassert.equal(eq(A, A), true);",
              "err": {},
              "uuid": "962611ee-e7a8-4074-b657-54d45ce41250",
              "parentUUID": "795512ed-8509-4d47-9272-880f090fa059",
              "isHook": false,
              "skipped": false
            },
            {
              "title": "It should be false if two different classes are compared",
              "fullTitle": "Positive testing for eq.js It should be false if two different classes are compared",
              "timedOut": false,
              "duration": 0,
              "state": "passed",
              "speed": "fast",
              "pass": true,
              "fail": false,
              "pending": false,
              "context": null,
              "code": "class A {\n    constructor(value) {\n        this.value = value;\n    }\n}\nclass B {\n    constructor(value) {\n        this.value = value;\n    }\n}\nassert.equal(eq(A, B), false);",
              "err": {},
              "uuid": "d315837e-a76a-43eb-9812-2e753d65ea83",
              "parentUUID": "795512ed-8509-4d47-9272-880f090fa059",
              "isHook": false,
              "skipped": false
            },
            {
              "title": "It should be true when comparing true to true",
              "fullTitle": "Positive testing for eq.js It should be true when comparing true to true",
              "timedOut": false,
              "duration": 0,
              "state": "passed",
              "speed": "fast",
              "pass": true,
              "fail": false,
              "pending": false,
              "context": null,
              "code": "const bool1 = true\nconst bool2 = true\nassert.equal(eq(bool1, bool2), true);",
              "err": {},
              "uuid": "6e39979f-6f9a-42b5-8c69-7a20ad188c70",
              "parentUUID": "795512ed-8509-4d47-9272-880f090fa059",
              "isHook": false,
              "skipped": false
            },
            {
              "title": "It should be true when comparing false to false",
              "fullTitle": "Positive testing for eq.js It should be true when comparing false to false",
              "timedOut": false,
              "duration": 0,
              "state": "passed",
              "speed": "fast",
              "pass": true,
              "fail": false,
              "pending": false,
              "context": null,
              "code": "const bool1 = false\nconst bool2 = false\nassert.equal(eq(bool1, bool2), true);",
              "err": {},
              "uuid": "3a1a4ccb-d5e7-43ba-bbe9-28ecb30f27b3",
              "parentUUID": "795512ed-8509-4d47-9272-880f090fa059",
              "isHook": false,
              "skipped": false
            },
            {
              "title": "It should be false when comparing false to true",
              "fullTitle": "Positive testing for eq.js It should be false when comparing false to true",
              "timedOut": false,
              "duration": 0,
              "state": "passed",
              "speed": "fast",
              "pass": true,
              "fail": false,
              "pending": false,
              "context": null,
              "code": "const bool1 = true\nconst bool2 = false\nassert.equal(eq(bool1, bool2), false);",
              "err": {},
              "uuid": "45dd7798-6d49-43e2-aaf7-002b9ce4396c",
              "parentUUID": "795512ed-8509-4d47-9272-880f090fa059",
              "isHook": false,
              "skipped": false
            },
            {
              "title": "It should be false when comparing different symbols",
              "fullTitle": "Positive testing for eq.js It should be false when comparing different symbols",
              "timedOut": false,
              "duration": 0,
              "state": "passed",
              "speed": "fast",
              "pass": true,
              "fail": false,
              "pending": false,
              "context": null,
              "code": "const symb1 = Symbol('fool')\nconst symb2 = Symbol('fool')\nassert.equal(eq(symb1, symb2), false);",
              "err": {},
              "uuid": "47c5c792-9f5f-4df6-a820-af5b4ed45851",
              "parentUUID": "795512ed-8509-4d47-9272-880f090fa059",
              "isHook": false,
              "skipped": false
            },
            {
              "title": "It should be true when comparing symbol to itself",
              "fullTitle": "Positive testing for eq.js It should be true when comparing symbol to itself",
              "timedOut": false,
              "duration": 0,
              "state": "passed",
              "speed": "fast",
              "pass": true,
              "fail": false,
              "pending": false,
              "context": null,
              "code": "const symb = Symbol()\nassert.equal(eq(symb, symb), true);",
              "err": {},
              "uuid": "21b697ac-fb4b-41d7-bf8d-ddcce1621305",
              "parentUUID": "795512ed-8509-4d47-9272-880f090fa059",
              "isHook": false,
              "skipped": false
            },
            {
              "title": "It should be false when comparing string to other types",
              "fullTitle": "Positive testing for eq.js It should be false when comparing string to other types",
              "timedOut": false,
              "duration": 1,
              "state": "failed",
              "speed": null,
              "pass": false,
              "fail": true,
              "pending": false,
              "context": null,
              "code": "const str1 = \"1\";\nconst int1 = 1;\nassert.equal(eq(str1, int1), false);",
              "err": {
                "message": "AssertionError: expected true to equal false",
                "estack": "AssertionError: expected true to equal false\n    at Context.<anonymous> (file:///C:/Users/nurmi/softTesting/test/eqTest.js:144:16)\n    at process.processImmediate (node:internal/timers:478:21)",
                "diff": "- true\n+ false\n"
              },
              "uuid": "85005a9c-0cff-4fce-b194-def58022a55d",
              "parentUUID": "795512ed-8509-4d47-9272-880f090fa059",
              "isHook": false,
              "skipped": false
            },
            {
              "title": "It should be false when object or list is compared to other types",
              "fullTitle": "Positive testing for eq.js It should be false when object or list is compared to other types",
              "timedOut": false,
              "duration": 0,
              "state": "passed",
              "speed": "fast",
              "pass": true,
              "fail": false,
              "pending": false,
              "context": null,
              "code": "const object = { 'a': 1 }\nconst list = [1,2,3];\nassert.equal(eq(object, list), false);",
              "err": {},
              "uuid": "8d6fd6c0-a3eb-4e45-b4bb-95bde96669db",
              "parentUUID": "795512ed-8509-4d47-9272-880f090fa059",
              "isHook": false,
              "skipped": false
            },
            {
              "title": "It should be false when class or undefined is compared to other types",
              "fullTitle": "Positive testing for eq.js It should be false when class or undefined is compared to other types",
              "timedOut": false,
              "duration": 0,
              "state": "passed",
              "speed": "fast",
              "pass": true,
              "fail": false,
              "pending": false,
              "context": null,
              "code": "class A {};\nconst val = undefined;\nassert.equal(eq(A, val), false);",
              "err": {},
              "uuid": "9506dc28-809c-4ff2-b917-b8f2e1d4bcae",
              "parentUUID": "795512ed-8509-4d47-9272-880f090fa059",
              "isHook": false,
              "skipped": false
            },
            {
              "title": "It should be false when NaN or null is compared to other types",
              "fullTitle": "Positive testing for eq.js It should be false when NaN or null is compared to other types",
              "timedOut": false,
              "duration": 0,
              "state": "passed",
              "speed": "fast",
              "pass": true,
              "fail": false,
              "pending": false,
              "context": null,
              "code": "const val1 = NaN;\nconst val2 = null;\nassert.equal(eq(val1, val2), false);",
              "err": {},
              "uuid": "4cc4d626-322a-4db7-8a17-1fea73b49159",
              "parentUUID": "795512ed-8509-4d47-9272-880f090fa059",
              "isHook": false,
              "skipped": false
            },
            {
              "title": "It should be false when boolean or symbol is compared to other types",
              "fullTitle": "Positive testing for eq.js It should be false when boolean or symbol is compared to other types",
              "timedOut": false,
              "duration": 1,
              "state": "passed",
              "speed": "fast",
              "pass": true,
              "fail": false,
              "pending": false,
              "context": null,
              "code": "const val1 = true;\nconst val2 = Symbol('fool');\nassert.equal(eq(val1, val2), false);",
              "err": {},
              "uuid": "c25e3d7d-8caf-494d-b616-3690fafc1731",
              "parentUUID": "795512ed-8509-4d47-9272-880f090fa059",
              "isHook": false,
              "skipped": false
            }
          ],
          "suites": [],
          "passes": [
            "f0bda41f-711b-4e34-bd82-38826aafcb49",
            "f457f644-0841-48d6-b586-68664dc935e1",
            "36eb4bed-1fe6-49ad-808f-fd0aa459a421",
            "98b9d358-8593-407c-b275-476dddcdf865",
            "826a5b06-4aaa-45d0-84f1-0d94da82432d",
            "18961ba2-070f-49ee-9645-86e239f54cd0",
            "c421d008-c1ed-4f38-80bf-ae002b11d458",
            "921e57ce-d02a-4beb-b714-ca371cd49beb",
            "015b6248-7e59-4ba1-bef0-1a39d9e824a7",
            "212f84c4-960d-4bc8-81f8-f08dd4a2c519",
            "68a93e65-b695-409b-8bf1-69ee949b2da6",
            "7e761cf6-cd94-4f22-95c2-855ed6a6b3a6",
            "abb2dc13-c56f-496e-ba60-335f4cf887f0",
            "acc24313-f672-499f-8230-8b2dbfa95d5b",
            "903e996c-1de3-4137-bf7b-0402c64f2296",
            "a1c260cd-98ed-4098-8f1e-a3b9fd6c41fc",
            "962611ee-e7a8-4074-b657-54d45ce41250",
            "d315837e-a76a-43eb-9812-2e753d65ea83",
            "6e39979f-6f9a-42b5-8c69-7a20ad188c70",
            "3a1a4ccb-d5e7-43ba-bbe9-28ecb30f27b3",
            "45dd7798-6d49-43e2-aaf7-002b9ce4396c",
            "47c5c792-9f5f-4df6-a820-af5b4ed45851",
            "21b697ac-fb4b-41d7-bf8d-ddcce1621305",
            "8d6fd6c0-a3eb-4e45-b4bb-95bde96669db",
            "9506dc28-809c-4ff2-b917-b8f2e1d4bcae",
            "4cc4d626-322a-4db7-8a17-1fea73b49159",
            "c25e3d7d-8caf-494d-b616-3690fafc1731"
          ],
          "failures": [
            "85005a9c-0cff-4fce-b194-def58022a55d"
          ],
          "pending": [],
          "skipped": [],
          "duration": 5,
          "root": false,
          "rootEmpty": false,
          "_timeout": 2000
        },
        {
          "uuid": "e5ce9468-bdd1-4d32-a824-2c38b2de7450",
          "title": "Positive test cases for filter.js",
          "fullFile": "C:\\Users\\nurmi\\softTesting\\test\\filterTest.js",
          "file": "\\test\\filterTest.js",
          "beforeHooks": [],
          "afterHooks": [],
          "tests": [
            {
              "title": "Should filter out elements correctly for simple array",
              "fullTitle": "Positive test cases for filter.js Should filter out elements correctly for simple array",
              "timedOut": false,
              "duration": 1,
              "state": "passed",
              "speed": "fast",
              "pass": true,
              "fail": false,
              "pending": false,
              "context": null,
              "code": "const array = [1, 2, 3, 4, 5, 6];\n        const excpectedOutput = [1, 2];\n        const actualOutput = filter(array, (value) => value < 3);\n        //https://stackoverflow.com/questions/51388975/comparing-an-array-object-to-string-using-mocha-chai\n        // https://stackoverflow.com/questions/13225274/the-difference-between-assert-equal-and-assert-deepequal-in-javascript-testing-w\n        assert.deepEqual(actualOutput, excpectedOutput);",
              "err": {},
              "uuid": "e023406b-8d0d-43de-964b-51c91fe16df1",
              "parentUUID": "e5ce9468-bdd1-4d32-a824-2c38b2de7450",
              "isHook": false,
              "skipped": false
            },
            {
              "title": "Should leave array unchanged if all elements pass the predicate",
              "fullTitle": "Positive test cases for filter.js Should leave array unchanged if all elements pass the predicate",
              "timedOut": false,
              "duration": 1,
              "state": "passed",
              "speed": "fast",
              "pass": true,
              "fail": false,
              "pending": false,
              "context": null,
              "code": "const array = [1, 2, 3];\n        const excpectedOutput = [1, 2, 3];\n        const actualOutput = filter(array, (value) => value < 4);\n        assert.deepEqual(actualOutput, excpectedOutput);",
              "err": {},
              "uuid": "4bcf407d-b937-467d-a045-4373a155b80f",
              "parentUUID": "e5ce9468-bdd1-4d32-a824-2c38b2de7450",
              "isHook": false,
              "skipped": false
            },
            {
              "title": "Should return empty array if no elements pass the predicate",
              "fullTitle": "Positive test cases for filter.js Should return empty array if no elements pass the predicate",
              "timedOut": false,
              "duration": 0,
              "state": "failed",
              "speed": null,
              "pass": false,
              "fail": true,
              "pending": false,
              "context": null,
              "code": "const array = [4, 5, 6];\n        const excpectedOutput = [];\n        const actualOutput = filter(array, (value) => value < 4);\n        assert.deepEqual(actualOutput, excpectedOutput);",
              "err": {
                "message": "AssertionError: expected [ [] ] to deeply equal []",
                "estack": "AssertionError: expected [ [] ] to deeply equal []\n    at Context.<anonymous> (file:///C:/Users/nurmi/softTesting/test/filterTest.js:32:16)\n    at process.processImmediate (node:internal/timers:478:21)",
                "diff": "- [\n-   []\n- ]\n+ []\n"
              },
              "uuid": "d9e121e4-51e1-45fc-ac53-3cd90c395897",
              "parentUUID": "e5ce9468-bdd1-4d32-a824-2c38b2de7450",
              "isHook": false,
              "skipped": false
            },
            {
              "title": "Should work correctly with an empty array",
              "fullTitle": "Positive test cases for filter.js Should work correctly with an empty array",
              "timedOut": false,
              "duration": 0,
              "state": "failed",
              "speed": null,
              "pass": false,
              "fail": true,
              "pending": false,
              "context": null,
              "code": "const array = [];\n        const excpectedOutput = [];\n        const actualOutput = filter(array, (value) => value < 4);\n        assert.deepEqual(actualOutput, excpectedOutput);",
              "err": {
                "message": "AssertionError: expected [ [] ] to deeply equal []",
                "estack": "AssertionError: expected [ [] ] to deeply equal []\n    at Context.<anonymous> (file:///C:/Users/nurmi/softTesting/test/filterTest.js:41:16)\n    at process.processImmediate (node:internal/timers:478:21)",
                "diff": "- [\n-   []\n- ]\n+ []\n"
              },
              "uuid": "30766637-8b26-4b39-935e-3a32396b23c1",
              "parentUUID": "e5ce9468-bdd1-4d32-a824-2c38b2de7450",
              "isHook": false,
              "skipped": false
            },
            {
              "title": "Should filter objects based on property values",
              "fullTitle": "Positive test cases for filter.js Should filter objects based on property values",
              "timedOut": false,
              "duration": 0,
              "state": "passed",
              "speed": "fast",
              "pass": true,
              "fail": false,
              "pending": false,
              "context": null,
              "code": "const array = [{\"name\": \"Pekka\", \"age\": 25}, {\"name\": \"Jari\", \"age\": 30}, {\"name\": \"Linda\", \"age\": 22}];\n        const excpectedOutput = [{\"name\": \"Pekka\", \"age\": 25}, {\"name\": \"Linda\", \"age\": 22}];\n        const actualOutput = filter(array, (value) => value.age < 30);\n        assert.deepEqual(actualOutput, excpectedOutput);",
              "err": {},
              "uuid": "b950da31-c01b-47f9-b0ff-5acc1a1a4a40",
              "parentUUID": "e5ce9468-bdd1-4d32-a824-2c38b2de7450",
              "isHook": false,
              "skipped": false
            },
            {
              "title": "Should work correctly with object destructuring in predicate",
              "fullTitle": "Positive test cases for filter.js Should work correctly with object destructuring in predicate",
              "timedOut": false,
              "duration": 0,
              "state": "passed",
              "speed": "fast",
              "pass": true,
              "fail": false,
              "pending": false,
              "context": null,
              "code": "const array = [{\"name\": \"Pekka\", \"age\": 25}, {\"name\": \"Jari\", \"age\": 30}, {\"name\": \"Linda\", \"age\": 22}];\n        const excpectedOutput = [{\"name\": \"Pekka\", \"age\": 25}, {\"name\": \"Linda\", \"age\": 22}];\n        const actualOutput = filter(array, ({age}) => age < 30);\n        assert.deepEqual(actualOutput, excpectedOutput);",
              "err": {},
              "uuid": "ce823e21-9d96-4f05-8a2a-abc14626dd1f",
              "parentUUID": "e5ce9468-bdd1-4d32-a824-2c38b2de7450",
              "isHook": false,
              "skipped": false
            },
            {
              "title": "Should work correctly when array contains a single element",
              "fullTitle": "Positive test cases for filter.js Should work correctly when array contains a single element",
              "timedOut": false,
              "duration": 0,
              "state": "passed",
              "speed": "fast",
              "pass": true,
              "fail": false,
              "pending": false,
              "context": null,
              "code": "const array = [5];\n        const excpectedOutput = [5];\n        const actualOutput = filter(array, (value) => value > 0);\n        assert.deepEqual(actualOutput, excpectedOutput);",
              "err": {},
              "uuid": "24bf6265-d9b3-489c-a4fe-657ab2b87511",
              "parentUUID": "e5ce9468-bdd1-4d32-a824-2c38b2de7450",
              "isHook": false,
              "skipped": false
            },
            {
              "title": "Should work correctly when array contains null, undefined, and NaN values",
              "fullTitle": "Positive test cases for filter.js Should work correctly when array contains null, undefined, and NaN values",
              "timedOut": false,
              "duration": 0,
              "state": "passed",
              "speed": "fast",
              "pass": true,
              "fail": false,
              "pending": false,
              "context": null,
              "code": "const array = [null, undefined, NaN, 1, 2, 3];\n        const excpectedOutput = [1, 2, 3];\n        const actualOutput = filter(array, (value) => value > 0);\n        assert.deepEqual(actualOutput, excpectedOutput);",
              "err": {},
              "uuid": "0a817620-931b-4054-ad66-b99751f7ed13",
              "parentUUID": "e5ce9468-bdd1-4d32-a824-2c38b2de7450",
              "isHook": false,
              "skipped": false
            }
          ],
          "suites": [],
          "passes": [
            "e023406b-8d0d-43de-964b-51c91fe16df1",
            "4bcf407d-b937-467d-a045-4373a155b80f",
            "b950da31-c01b-47f9-b0ff-5acc1a1a4a40",
            "ce823e21-9d96-4f05-8a2a-abc14626dd1f",
            "24bf6265-d9b3-489c-a4fe-657ab2b87511",
            "0a817620-931b-4054-ad66-b99751f7ed13"
          ],
          "failures": [
            "d9e121e4-51e1-45fc-ac53-3cd90c395897",
            "30766637-8b26-4b39-935e-3a32396b23c1"
          ],
          "pending": [],
          "skipped": [],
          "duration": 2,
          "root": false,
          "rootEmpty": false,
          "_timeout": 2000
        },
        {
          "uuid": "342bd5a6-b3e9-4f51-ac82-c8933b646b22",
          "title": "Negative test cases for filter.js",
          "fullFile": "C:\\Users\\nurmi\\softTesting\\test\\filterTest.js",
          "file": "\\test\\filterTest.js",
          "beforeHooks": [],
          "afterHooks": [],
          "tests": [
            {
              "title": "Should return empty array when predicate is not a function",
              "fullTitle": "Negative test cases for filter.js Should return empty array when predicate is not a function",
              "timedOut": false,
              "duration": 0,
              "state": "failed",
              "speed": null,
              "pass": false,
              "fail": true,
              "pending": false,
              "context": null,
              "code": "const array = [1, 2, 3];\nassert.deepEqual([], filter(array, 111));",
              "err": {
                "message": "TypeError: predicate is not a function",
                "estack": "TypeError: predicate is not a function\n    at filter (file:///C:/Users/nurmi/softTesting/src/filter.js:32:9)\n    at Context.<anonymous> (file:///C:/Users/nurmi/softTesting/test/filterTest.js:90:30)\n    at process.processImmediate (node:internal/timers:478:21)",
                "diff": null
              },
              "uuid": "ce2441e3-21a1-42c4-bef6-1cd70c5d6545",
              "parentUUID": "342bd5a6-b3e9-4f51-ac82-c8933b646b22",
              "isHook": false,
              "skipped": false
            },
            {
              "title": "Should return empty array when the iterable is undefined",
              "fullTitle": "Negative test cases for filter.js Should return empty array when the iterable is undefined",
              "timedOut": false,
              "duration": 0,
              "state": "failed",
              "speed": null,
              "pass": false,
              "fail": true,
              "pending": false,
              "context": null,
              "code": "const array = undefined;\nconst excpectedOutput = [];\nconst actualOutput = filter(array, (value) => value > 0);\nassert.deepEqual(actualOutput, excpectedOutput);",
              "err": {
                "message": "AssertionError: expected [ [] ] to deeply equal []",
                "estack": "AssertionError: expected [ [] ] to deeply equal []\n    at Context.<anonymous> (file:///C:/Users/nurmi/softTesting/test/filterTest.js:98:16)\n    at process.processImmediate (node:internal/timers:478:21)",
                "diff": "- [\n-   []\n- ]\n+ []\n"
              },
              "uuid": "a404f369-39c6-4184-9b73-80492c1bafe5",
              "parentUUID": "342bd5a6-b3e9-4f51-ac82-c8933b646b22",
              "isHook": false,
              "skipped": false
            },
            {
              "title": "Should return empty array when the iterable is null",
              "fullTitle": "Negative test cases for filter.js Should return empty array when the iterable is null",
              "timedOut": false,
              "duration": 0,
              "state": "failed",
              "speed": null,
              "pass": false,
              "fail": true,
              "pending": false,
              "context": null,
              "code": "const array = null;\nconst excpectedOutput = [];\nconst actualOutput = filter(array, (value) => value > 0);\nassert.deepEqual(actualOutput, excpectedOutput);",
              "err": {
                "message": "AssertionError: expected [ [] ] to deeply equal []",
                "estack": "AssertionError: expected [ [] ] to deeply equal []\n    at Context.<anonymous> (file:///C:/Users/nurmi/softTesting/test/filterTest.js:106:16)\n    at process.processImmediate (node:internal/timers:478:21)",
                "diff": "- [\n-   []\n- ]\n+ []\n"
              },
              "uuid": "94466e52-6f52-4088-858e-bb3cebb3abc6",
              "parentUUID": "342bd5a6-b3e9-4f51-ac82-c8933b646b22",
              "isHook": false,
              "skipped": false
            }
          ],
          "suites": [],
          "passes": [],
          "failures": [
            "ce2441e3-21a1-42c4-bef6-1cd70c5d6545",
            "a404f369-39c6-4184-9b73-80492c1bafe5",
            "94466e52-6f52-4088-858e-bb3cebb3abc6"
          ],
          "pending": [],
          "skipped": [],
          "duration": 0,
          "root": false,
          "rootEmpty": false,
          "_timeout": 2000
        },
        {
          "uuid": "61e9304f-0fac-480a-bb70-74cc8de28623",
          "title": "Positive test cases for isEmpty.js",
          "fullFile": "C:\\Users\\nurmi\\softTesting\\test\\isEmptyTest.js",
          "file": "\\test\\isEmptyTest.js",
          "beforeHooks": [],
          "afterHooks": [],
          "tests": [
            {
              "title": "Should return true if array is empty",
              "fullTitle": "Positive test cases for isEmpty.js Should return true if array is empty",
              "timedOut": false,
              "duration": 0,
              "state": "passed",
              "speed": "fast",
              "pass": true,
              "fail": false,
              "pending": false,
              "context": null,
              "code": "assert.equal(isEmpty([]), true);",
              "err": {},
              "uuid": "dbefcd4b-20d1-4cbe-bc7e-569ca8d36817",
              "parentUUID": "61e9304f-0fac-480a-bb70-74cc8de28623",
              "isHook": false,
              "skipped": false
            },
            {
              "title": "Should return false if array isn't empty",
              "fullTitle": "Positive test cases for isEmpty.js Should return false if array isn't empty",
              "timedOut": false,
              "duration": 0,
              "state": "passed",
              "speed": "fast",
              "pass": true,
              "fail": false,
              "pending": false,
              "context": null,
              "code": "assert.equal(isEmpty([1, 2, 3]), false);",
              "err": {},
              "uuid": "5e22e86c-8a98-4008-a903-aa525a4efd4d",
              "parentUUID": "61e9304f-0fac-480a-bb70-74cc8de28623",
              "isHook": false,
              "skipped": false
            },
            {
              "title": "Should return true if value is null",
              "fullTitle": "Positive test cases for isEmpty.js Should return true if value is null",
              "timedOut": false,
              "duration": 0,
              "state": "passed",
              "speed": "fast",
              "pass": true,
              "fail": false,
              "pending": false,
              "context": null,
              "code": "assert.equal(isEmpty(null), true);",
              "err": {},
              "uuid": "45274fec-9e0c-4623-a44c-05d9d6c78032",
[...]
              "isHook": false,
              "skipped": false
            },
            {
              "title": "Should correctly parse valid binary string",
              "fullTitle": "Positive testing for toNumber.js Should correctly parse valid binary string",
              "timedOut": false,
              "duration": 0,
              "state": "passed",
              "speed": "fast",
              "pass": true,
              "fail": false,
              "pending": false,
              "context": null,
              "code": "assert.equal(toNumber(\"0b101\"), 5);",
              "err": {},
              "uuid": "f2f9d193-7200-46be-aac4-a1c1438c0fae",
              "parentUUID": "b80b4418-8637-4112-bcf5-7d735b1ce725",
              "isHook": false,
              "skipped": false
            },
            {
              "title": "Should correctly parse valid hex value",
              "fullTitle": "Positive testing for toNumber.js Should correctly parse valid hex value",
              "timedOut": false,
              "duration": 0,
              "state": "passed",
              "speed": "fast",
              "pass": true,
              "fail": false,
              "pending": false,
              "context": null,
              "code": "assert.equal(toNumber(\"0xFF\"), 255);",
              "err": {},
              "uuid": "b066c72f-77c5-43cf-a5c3-a5efd1474e04",
              "parentUUID": "b80b4418-8637-4112-bcf5-7d735b1ce725",
              "isHook": false,
              "skipped": false
            },
            {
              "title": "Should return NaN for invalid signed hex",
              "fullTitle": "Positive testing for toNumber.js Should return NaN for invalid signed hex",
              "timedOut": false,
              "duration": 0,
              "state": "passed",
              "speed": "fast",
              "pass": true,
              "fail": false,
              "pending": false,
              "context": null,
              "code": "assert.isNaN(toNumber(\"-0x10\"));",
              "err": {},
              "uuid": "e62f67c2-a2ea-4153-bb14-07b5f791db0f",
              "parentUUID": "b80b4418-8637-4112-bcf5-7d735b1ce725",
              "isHook": false,
              "skipped": false
            },
            {
              "title": "Should correctly parse valid octal",
              "fullTitle": "Positive testing for toNumber.js Should correctly parse valid octal",
              "timedOut": false,
              "duration": 0,
              "state": "passed",
              "speed": "fast",
              "pass": true,
              "fail": false,
              "pending": false,
              "context": null,
              "code": "assert.equal(toNumber(0o10), 8);",
              "err": {},
              "uuid": "36d6fbac-bf6a-4dc9-952d-6ba36ddca970",
              "parentUUID": "b80b4418-8637-4112-bcf5-7d735b1ce725",
              "isHook": false,
              "skipped": false
            }
          ],
          "suites": [],
          "passes": [
            "f96259cb-a178-460f-afd5-eb16aa69174c",
            "11b35486-c151-44fc-b6c8-7dffbb425476",
            "a65121ef-53d8-409c-a81c-6cf0b56fe176",
            "9667cebe-47e3-4355-beb1-b6c44e2fd5c6",
            "8280a4f9-b84e-4ee3-92fa-b495eeccabf9",
            "e2e26b60-2181-45cd-a7ad-8ccb45d32029",
            "374757f6-acb2-4230-9168-588473cd0bc7",
            "d326de08-381e-4593-919e-5ac44b5bc63a",
            "ef1624ce-658e-415c-a014-27c1f0aa1d89",
            "972dde43-6bf1-4fee-a75a-11a68a99e2f8",
            "54ea4f36-d9a2-4296-a7e5-376ec29f9842",
            "65da5f1a-684b-4e3f-acdb-f1649545a88d",
            "8e47a12c-d643-42d5-8cd6-b150ba6fef0f",
            "9541df7d-8edf-4465-81f0-aa03544943db",
            "19d24938-bb04-4e7c-b119-d2b91977b151",
            "f2f9d193-7200-46be-aac4-a1c1438c0fae",
            "b066c72f-77c5-43cf-a5c3-a5efd1474e04",
            "e62f67c2-a2ea-4153-bb14-07b5f791db0f",
            "36d6fbac-bf6a-4dc9-952d-6ba36ddca970"
          ],
          "failures": [],
          "pending": [],
          "skipped": [],
          "duration": 2,
          "root": false,
          "rootEmpty": false,
          "_timeout": 2000
        },
        {
          "uuid": "9cc0782b-00b3-49a6-af18-ce92373e1d21",
          "title": "Positive testing for toString.js",
          "fullFile": "C:\\Users\\nurmi\\softTesting\\test\\toStringTest.js",
          "file": "\\test\\toStringTest.js",
          "beforeHooks": [],
          "afterHooks": [],
          "tests": [
            {
              "title": "Should return empty string for null",
              "fullTitle": "Positive testing for toString.js Should return empty string for null",
              "timedOut": false,
              "duration": 0,
              "state": "failed",
              "speed": null,
              "pass": false,
              "fail": true,
              "pending": false,
              "context": null,
              "code": "assert.equal(toString(null), \"\");",
              "err": {
                "message": "AssertionError: expected 'null' to equal ''",
                "estack": "AssertionError: expected 'null' to equal ''\n    at Context.<anonymous> (file:///C:/Users/nurmi/softTesting/test/toStringTest.js:8:16)\n    at process.processImmediate (node:internal/timers:478:21)",
                "diff": "- null\n"
              },
              "uuid": "7bde3967-c1fa-4399-afb8-9e41a38c95bc",
              "parentUUID": "9cc0782b-00b3-49a6-af18-ce92373e1d21",
              "isHook": false,
              "skipped": false
            },
            {
              "title": "Should return empty string for undefined",
              "fullTitle": "Positive testing for toString.js Should return empty string for undefined",
              "timedOut": false,
              "duration": 1,
              "state": "failed",
              "speed": null,
              "pass": false,
              "fail": true,
              "pending": false,
              "context": null,
              "code": "assert.equal(toString(undefined), \"\");",
              "err": {
                "message": "AssertionError: expected 'undefined' to equal ''",
                "estack": "AssertionError: expected 'undefined' to equal ''\n    at Context.<anonymous> (file:///C:/Users/nurmi/softTesting/test/toStringTest.js:11:16)\n    at process.processImmediate (node:internal/timers:478:21)",
                "diff": "- undefined\n"
              },
              "uuid": "b46aa261-3dd8-4495-83b2-34e9b27a8627",
              "parentUUID": "9cc0782b-00b3-49a6-af18-ce92373e1d21",
              "isHook": false,
              "skipped": false
            },
            {
              "title": "Should return positive integer as string",
              "fullTitle": "Positive testing for toString.js Should return positive integer as string",
              "timedOut": false,
              "duration": 0,
              "state": "passed",
              "speed": "fast",
              "pass": true,
              "fail": false,
              "pending": false,
              "context": null,
              "code": "assert.equal(toString(4), \"4\");",
              "err": {},
              "uuid": "ccfbaea0-35d3-47ce-bd12-bf2cee7486e8",
              "parentUUID": "9cc0782b-00b3-49a6-af18-ce92373e1d21",
              "isHook": false,
              "skipped": false
            },
            {
              "title": "Should preserve the sign for '-0'",
              "fullTitle": "Positive testing for toString.js Should preserve the sign for '-0'",
              "timedOut": false,
              "duration": 0,
              "state": "passed",
              "speed": "fast",
              "pass": true,
              "fail": false,
              "pending": false,
              "context": null,
              "code": "assert.equal(toString(-0), \"-0\");",
              "err": {},
              "uuid": "e8e610b9-23df-4d7b-90aa-c71ec063e82b",
              "parentUUID": "9cc0782b-00b3-49a6-af18-ce92373e1d21",
              "isHook": false,
              "skipped": false
            },
            {
              "title": "Should return positive decimal as string",
              "fullTitle": "Positive testing for toString.js Should return positive decimal as string",
              "timedOut": false,
              "duration": 0,
              "state": "passed",
              "speed": "fast",
              "pass": true,
              "fail": false,
              "pending": false,
              "context": null,
              "code": "assert.equal(toString(0.1), \"0.1\");",
              "err": {},
              "uuid": "62d32d0d-66f5-4b40-b2b0-edfc2bc99518",
              "parentUUID": "9cc0782b-00b3-49a6-af18-ce92373e1d21",
              "isHook": false,
              "skipped": false
            },
            {
              "title": "Should preserve the sign for '-4.1'",
              "fullTitle": "Positive testing for toString.js Should preserve the sign for '-4.1'",
              "timedOut": false,
              "duration": 0,
              "state": "passed",
              "speed": "fast",
              "pass": true,
              "fail": false,
              "pending": false,
              "context": null,
              "code": "assert.equal(toString(-4.1), \"-4.1\");",
              "err": {},
              "uuid": "f96d15dc-b7f2-44e7-be1f-438ea23566a4",
              "parentUUID": "9cc0782b-00b3-49a6-af18-ce92373e1d21",
              "isHook": false,
              "skipped": false
            },
            {
              "title": "Should return array as string",
              "fullTitle": "Positive testing for toString.js Should return array as string",
              "timedOut": false,
              "duration": 1,
              "state": "passed",
              "speed": "fast",
              "pass": true,
              "fail": false,
              "pending": false,
              "context": null,
              "code": "assert.equal(toString([1,2,3]), \"1,2,3\");",
              "err": {},
              "uuid": "db1c6d39-6ec1-4b7e-82a7-042d75a8e426",
              "parentUUID": "9cc0782b-00b3-49a6-af18-ce92373e1d21",
              "isHook": false,
              "skipped": false
            },
            {
              "title": "Should return empty array as empty string",
              "fullTitle": "Positive testing for toString.js Should return empty array as empty string",
              "timedOut": false,
              "duration": 0,
              "state": "passed",
              "speed": "fast",
              "pass": true,
              "fail": false,
              "pending": false,
              "context": null,
              "code": "assert.equal(toString([]), \"\");",
              "err": {},
              "uuid": "51722c18-38aa-4c03-a362-67cc18c5ee7e",
              "parentUUID": "9cc0782b-00b3-49a6-af18-ce92373e1d21",
              "isHook": false,
              "skipped": false
            },
            {
              "title": "Should return string as string",
              "fullTitle": "Positive testing for toString.js Should return string as string",
              "timedOut": false,
              "duration": 0,
              "state": "passed",
              "speed": "fast",
              "pass": true,
              "fail": false,
              "pending": false,
              "context": null,
              "code": "assert.equal(toString(\"5\"), \"5\");",
              "err": {},
              "uuid": "2e04ebb0-e4f6-4ab4-88fc-ffddfdd45b56",
              "parentUUID": "9cc0782b-00b3-49a6-af18-ce92373e1d21",
              "isHook": false,
              "skipped": false
            },
            {
              "title": "Should return symbol as string",
              "fullTitle": "Positive testing for toString.js Should return symbol as string",
              "timedOut": false,
              "duration": 1,
              "state": "passed",
              "speed": "fast",
              "pass": true,
              "fail": false,
              "pending": false,
              "context": null,
              "code": "const symb = Symbol(\"x\")\nassert.equal(toString(symb), \"Symbol(x)\");",
              "err": {},
              "uuid": "1b9d7de2-c1d7-492b-ac31-d55896a638c5",
              "parentUUID": "9cc0782b-00b3-49a6-af18-ce92373e1d21",
              "isHook": false,
              "skipped": false
            },
            {
              "title": "Should return boolean as string",
              "fullTitle": "Positive testing for toString.js Should return boolean as string",
              "timedOut": false,
              "duration": 0,
              "state": "passed",
              "speed": "fast",
              "pass": true,
              "fail": false,
              "pending": false,
              "context": null,
              "code": "assert.equal(toString(true), \"true\");",
              "err": {},
              "uuid": "8e2703b4-c5c0-48ce-9bd1-d59934565b90",
              "parentUUID": "9cc0782b-00b3-49a6-af18-ce92373e1d21",
              "isHook": false,
              "skipped": false
            },
            {
              "title": "Should return boolean as string",
              "fullTitle": "Positive testing for toString.js Should return boolean as string",
              "timedOut": false,
              "duration": 0,
              "state": "passed",
              "speed": "fast",
              "pass": true,
              "fail": false,
              "pending": false,
              "context": null,
              "code": "assert.equal(toString(false), \"false\");",
              "err": {},
              "uuid": "f0df79b3-29a1-4353-8ff5-8c11e7e1ce9e",
              "parentUUID": "9cc0782b-00b3-49a6-af18-ce92373e1d21",
              "isHook": false,
              "skipped": false
            },
            {
              "title": "Should work with sets ",
              "fullTitle": "Positive testing for toString.js Should work with sets ",
              "timedOut": false,
              "duration": 0,
              "state": "passed",
              "speed": "fast",
              "pass": true,
              "fail": false,
              "pending": false,
              "context": null,
              "code": "assert.equal(toString(new Set([1,2])), \"[object Set]\");",
              "err": {},
              "uuid": "3073252a-fbcd-464a-9f6a-904d29810f68",
              "parentUUID": "9cc0782b-00b3-49a6-af18-ce92373e1d21",
              "isHook": false,
              "skipped": false
            },
            {
              "title": "Should work with maps ",
              "fullTitle": "Positive testing for toString.js Should work with maps ",
              "timedOut": false,
              "duration": 0,
              "state": "passed",
              "speed": "fast",
              "pass": true,
              "fail": false,
              "pending": false,
              "context": null,
              "code": "assert.equal(toString(new Map([[1, 2]])), \"[object Map]\");",
              "err": {},
              "uuid": "abea9953-4c22-4787-9043-67c860250d0f",
              "parentUUID": "9cc0782b-00b3-49a6-af18-ce92373e1d21",
              "isHook": false,
              "skipped": false
            },
            {
              "title": "Should work with objects ",
              "fullTitle": "Positive testing for toString.js Should work with objects ",
              "timedOut": false,
              "duration": 0,
              "state": "passed",
              "speed": "fast",
              "pass": true,
              "fail": false,
              "pending": false,
              "context": null,
              "code": "assert.equal(toString({'a':1}), \"[object Object]\");",
              "err": {},
              "uuid": "f9dc4459-f941-4913-800e-1732cd7096eb",
              "parentUUID": "9cc0782b-00b3-49a6-af18-ce92373e1d21",
              "isHook": false,
              "skipped": false
            },
            {
              "title": "Should return NaN as string ",
              "fullTitle": "Positive testing for toString.js Should return NaN as string ",
              "timedOut": false,
              "duration": 1,
              "state": "passed",
              "speed": "fast",
              "pass": true,
              "fail": false,
              "pending": false,
              "context": null,
              "code": "assert.equal(toString(NaN), \"NaN\");",
              "err": {},
              "uuid": "b578794c-9abe-4ee5-a174-81a4f3f9b89d",
              "parentUUID": "9cc0782b-00b3-49a6-af18-ce92373e1d21",
              "isHook": false,
              "skipped": false
            },
            {
              "title": "Should return Infinity as string ",
              "fullTitle": "Positive testing for toString.js Should return Infinity as string ",
              "timedOut": false,
              "duration": 1,
              "state": "passed",
              "speed": "fast",
              "pass": true,
              "fail": false,
              "pending": false,
              "context": null,
              "code": "assert.equal(toString(Infinity), \"Infinity\");",
              "err": {},
              "uuid": "e4a47b09-25ba-4461-8a22-264fdde75b02",
              "parentUUID": "9cc0782b-00b3-49a6-af18-ce92373e1d21",
              "isHook": false,
              "skipped": false
            },
            {
              "title": "Should return -Infinity as string ",
              "fullTitle": "Positive testing for toString.js Should return -Infinity as string ",
              "timedOut": false,
              "duration": 1,
              "state": "passed",
              "speed": "fast",
              "pass": true,
              "fail": false,
              "pending": false,
              "context": null,
              "code": "assert.equal(toString(-Infinity), \"-Infinity\");",
              "err": {},
              "uuid": "28227a06-2c25-42aa-a05e-b93d8b0c6e67",
              "parentUUID": "9cc0782b-00b3-49a6-af18-ce92373e1d21",
              "isHook": false,
              "skipped": false
            }
          ],
          "suites": [],
          "passes": [
            "ccfbaea0-35d3-47ce-bd12-bf2cee7486e8",
            "e8e610b9-23df-4d7b-90aa-c71ec063e82b",
            "62d32d0d-66f5-4b40-b2b0-edfc2bc99518",
            "f96d15dc-b7f2-44e7-be1f-438ea23566a4",
            "db1c6d39-6ec1-4b7e-82a7-042d75a8e426",
            "51722c18-38aa-4c03-a362-67cc18c5ee7e",
            "2e04ebb0-e4f6-4ab4-88fc-ffddfdd45b56",
            "1b9d7de2-c1d7-492b-ac31-d55896a638c5",
            "8e2703b4-c5c0-48ce-9bd1-d59934565b90",
            "f0df79b3-29a1-4353-8ff5-8c11e7e1ce9e",
            "3073252a-fbcd-464a-9f6a-904d29810f68",
            "abea9953-4c22-4787-9043-67c860250d0f",
            "f9dc4459-f941-4913-800e-1732cd7096eb",
            "b578794c-9abe-4ee5-a174-81a4f3f9b89d",
            "e4a47b09-25ba-4461-8a22-264fdde75b02",
            "28227a06-2c25-42aa-a05e-b93d8b0c6e67"
          ],
          "failures": [
            "7bde3967-c1fa-4399-afb8-9e41a38c95bc",
            "b46aa261-3dd8-4495-83b2-34e9b27a8627"
          ],
          "pending": [],
          "skipped": [],
          "duration": 6,
          "root": false,
          "rootEmpty": false,
          "_timeout": 2000
        }
      ],
      "passes": [],
      "failures": [],
      "pending": [],
      "skipped": [],
      "duration": 0,
      "root": true,
      "rootEmpty": true,
      "_timeout": 2000
    }
  ],
  "meta": {
    "mocha": {
      "version": "11.7.5"
    },
    "mochawesome": {
      "options": {
        "quiet": false,
        "reportFilename": "mochawesome",
        "saveHtml": true,
        "saveJson": true,
        "consoleReporter": "spec",
        "useInlineDiffs": false,
        "code": true
      },
      "version": "7.1.4"
    },
    "marge": {
      "options": null,
      "version": "6.3.2"
    }
  }
}