<!doctype html>
<html lang="en"><head><meta charSet="utf-8"/><meta http-equiv="X-UA-Compatible" content="IE=edge"/><meta name="viewport" content="width=device-width, initial-scale=1"/><title>Mochawesome Report</title><link rel="stylesheet" href="assets/app.css"/></head><body data-raw="{&quot;stats&quot;:{&quot;suites&quot;:14,&quot;tests&quot;:84,&quot;passes&quot;:64,&quot;pending&quot;:0,&quot;failures&quot;:20,&quot;start&quot;:&quot;2025-11-23T15:14:43.625Z&quot;,&quot;end&quot;:&quot;2025-11-23T15:14:43.653Z&quot;,&quot;duration&quot;:28,&quot;testsRegistered&quot;:84,&quot;passPercent&quot;:76.19047619047619,&quot;pendingPercent&quot;:0,&quot;other&quot;:0,&quot;hasOther&quot;:false,&quot;skipped&quot;:0,&quot;hasSkipped&quot;:false},&quot;results&quot;:[{&quot;uuid&quot;:&quot;0908a3f5-6a46-45bf-a8c8-099b9e5a875c&quot;,&quot;title&quot;:&quot;&quot;,&quot;fullFile&quot;:&quot;&quot;,&quot;file&quot;:&quot;&quot;,&quot;beforeHooks&quot;:[],&quot;afterHooks&quot;:[],&quot;tests&quot;:[],&quot;suites&quot;:[{&quot;uuid&quot;:&quot;50078c52-a90a-4c7c-b741-1b2d806ae846&quot;,&quot;title&quot;:&quot;Positive testing for add.js&quot;,&quot;fullFile&quot;:&quot;/home/elmeripk/sw_testing_gw/test/addTest.js&quot;,&quot;file&quot;:&quot;/test/addTest.js&quot;,&quot;beforeHooks&quot;:[],&quot;afterHooks&quot;:[],&quot;tests&quot;:[{&quot;title&quot;:&quot;It should sum two positive integers correctly&quot;,&quot;fullTitle&quot;:&quot;Positive testing for add.js It should sum two positive integers correctly&quot;,&quot;timedOut&quot;:false,&quot;duration&quot;:1,&quot;state&quot;:&quot;passed&quot;,&quot;speed&quot;:&quot;fast&quot;,&quot;pass&quot;:true,&quot;fail&quot;:false,&quot;pending&quot;:false,&quot;code&quot;:&quot;const augend = 6;\n        const addend = 4;\n        assert.equal(add(augend, addend), 10);&quot;,&quot;err&quot;:{},&quot;uuid&quot;:&quot;04b34019-9d05-4c48-bd60-46ba3a92e62a&quot;,&quot;parentUUID&quot;:&quot;50078c52-a90a-4c7c-b741-1b2d806ae846&quot;,&quot;isHook&quot;:false,&quot;skipped&quot;:false},{&quot;title&quot;:&quot;It should sum two negative integers correctly&quot;,&quot;fullTitle&quot;:&quot;Positive testing for add.js It should sum two negative integers correctly&quot;,&quot;timedOut&quot;:false,&quot;duration&quot;:0,&quot;state&quot;:&quot;passed&quot;,&quot;speed&quot;:&quot;fast&quot;,&quot;pass&quot;:true,&quot;fail&quot;:false,&quot;pending&quot;:false,&quot;code&quot;:&quot;const augend = -2;\n        const addend = -8;\n        assert.equal(add(augend, addend), -10);&quot;,&quot;err&quot;:{},&quot;uuid&quot;:&quot;731f76f4-fc64-48b9-bad4-1cbb7258bd87&quot;,&quot;parentUUID&quot;:&quot;50078c52-a90a-4c7c-b741-1b2d806ae846&quot;,&quot;isHook&quot;:false,&quot;skipped&quot;:false},{&quot;title&quot;:&quot;It should sum positive and negative integers correctly&quot;,&quot;fullTitle&quot;:&quot;Positive testing for add.js It should sum positive and negative integers correctly&quot;,&quot;timedOut&quot;:false,&quot;duration&quot;:0,&quot;state&quot;:&quot;passed&quot;,&quot;speed&quot;:&quot;fast&quot;,&quot;pass&quot;:true,&quot;fail&quot;:false,&quot;pending&quot;:false,&quot;code&quot;:&quot;const augend = -4;\n        const addend = 6;\n        assert.equal(add(augend, addend), 2);&quot;,&quot;err&quot;:{},&quot;uuid&quot;:&quot;a7f2809f-380b-47cd-96b7-262ed581f971&quot;,&quot;parentUUID&quot;:&quot;50078c52-a90a-4c7c-b741-1b2d806ae846&quot;,&quot;isHook&quot;:false,&quot;skipped&quot;:false},{&quot;title&quot;:&quot;It should sum positive integer and zero addend correctly&quot;,&quot;fullTitle&quot;:&quot;Positive testing for add.js It should sum positive integer and zero addend correctly&quot;,&quot;timedOut&quot;:false,&quot;duration&quot;:0,&quot;state&quot;:&quot;passed&quot;,&quot;speed&quot;:&quot;fast&quot;,&quot;pass&quot;:true,&quot;fail&quot;:false,&quot;pending&quot;:false,&quot;code&quot;:&quot;const augend = 3;\n        const addend = 0;\n        assert.equal(add(augend, addend), 3);&quot;,&quot;err&quot;:{},&quot;uuid&quot;:&quot;b5562d1c-6afa-438a-b225-c8a5d706aa17&quot;,&quot;parentUUID&quot;:&quot;50078c52-a90a-4c7c-b741-1b2d806ae846&quot;,&quot;isHook&quot;:false,&quot;skipped&quot;:false},{&quot;title&quot;:&quot;It should sum zero augend and negative integer correctly&quot;,&quot;fullTitle&quot;:&quot;Positive testing for add.js It should sum zero augend and negative integer correctly&quot;,&quot;timedOut&quot;:false,&quot;duration&quot;:0,&quot;state&quot;:&quot;passed&quot;,&quot;speed&quot;:&quot;fast&quot;,&quot;pass&quot;:true,&quot;fail&quot;:false,&quot;pending&quot;:false,&quot;code&quot;:&quot;const augend = 0;\n        const addend = -2;\n        assert.equal(add(augend, addend), -2);&quot;,&quot;err&quot;:{},&quot;uuid&quot;:&quot;55891a7f-5921-4738-9801-6b35508a5ebd&quot;,&quot;parentUUID&quot;:&quot;50078c52-a90a-4c7c-b741-1b2d806ae846&quot;,&quot;isHook&quot;:false,&quot;skipped&quot;:false},{&quot;title&quot;:&quot;It should sum two positive decimals correctly&quot;,&quot;fullTitle&quot;:&quot;Positive testing for add.js It should sum two positive decimals correctly&quot;,&quot;timedOut&quot;:false,&quot;duration&quot;:0,&quot;state&quot;:&quot;passed&quot;,&quot;speed&quot;:&quot;fast&quot;,&quot;pass&quot;:true,&quot;fail&quot;:false,&quot;pending&quot;:false,&quot;code&quot;:&quot;const augend = 2.1;\n        const addend = 3.3;\n        assert.equal(add(augend, addend), 5.4);&quot;,&quot;err&quot;:{},&quot;uuid&quot;:&quot;73bd0778-1ca5-420d-9caf-61163e792950&quot;,&quot;parentUUID&quot;:&quot;50078c52-a90a-4c7c-b741-1b2d806ae846&quot;,&quot;isHook&quot;:false,&quot;skipped&quot;:false},{&quot;title&quot;:&quot;It should sum positve decimal and integer correctly&quot;,&quot;fullTitle&quot;:&quot;Positive testing for add.js It should sum positve decimal and integer correctly&quot;,&quot;timedOut&quot;:false,&quot;duration&quot;:0,&quot;state&quot;:&quot;passed&quot;,&quot;speed&quot;:&quot;fast&quot;,&quot;pass&quot;:true,&quot;fail&quot;:false,&quot;pending&quot;:false,&quot;code&quot;:&quot;const augend = 2.1;\n        const addend = 4;\n        assert.equal(add(augend, addend), 6.1);&quot;,&quot;err&quot;:{},&quot;uuid&quot;:&quot;7c1c6838-ec97-460a-9048-ff3e9f8486b4&quot;,&quot;parentUUID&quot;:&quot;50078c52-a90a-4c7c-b741-1b2d806ae846&quot;,&quot;isHook&quot;:false,&quot;skipped&quot;:false}],&quot;suites&quot;:[],&quot;passes&quot;:[&quot;04b34019-9d05-4c48-bd60-46ba3a92e62a&quot;,&quot;731f76f4-fc64-48b9-bad4-1cbb7258bd87&quot;,&quot;a7f2809f-380b-47cd-96b7-262ed581f971&quot;,&quot;b5562d1c-6afa-438a-b225-c8a5d706aa17&quot;,&quot;55891a7f-5921-4738-9801-6b35508a5ebd&quot;,&quot;73bd0778-1ca5-420d-9caf-61163e792950&quot;,&quot;7c1c6838-ec97-460a-9048-ff3e9f8486b4&quot;],&quot;failures&quot;:[],&quot;pending&quot;:[],&quot;skipped&quot;:[],&quot;duration&quot;:1,&quot;root&quot;:false,&quot;rootEmpty&quot;:false,&quot;_timeout&quot;:2000},{&quot;uuid&quot;:&quot;0f4e1653-c012-49f4-baf9-3e7b25ea8c4f&quot;,&quot;title&quot;:&quot;Negative testing for add.js&quot;,&quot;fullFile&quot;:&quot;/home/elmeripk/sw_testing_gw/test/addTest.js&quot;,&quot;file&quot;:&quot;/test/addTest.js&quot;,&quot;beforeHooks&quot;:[],&quot;afterHooks&quot;:[],&quot;tests&quot;:[{&quot;title&quot;:&quot;It should throw error if augend is undefined&quot;,&quot;fullTitle&quot;:&quot;Negative testing for add.js It should throw error if augend is undefined&quot;,&quot;timedOut&quot;:false,&quot;duration&quot;:0,&quot;state&quot;:&quot;failed&quot;,&quot;pass&quot;:false,&quot;fail&quot;:true,&quot;pending&quot;:false,&quot;code&quot;:&quot;const augend = undefined;\n        const addend = 2;\n        expect(() =&gt; add(augend, addend)).to.throw(error)&quot;,&quot;err&quot;:{&quot;message&quot;:&quot;ReferenceError: error is not defined&quot;,&quot;estack&quot;:&quot;ReferenceError: error is not defined\n    at Context.&lt;anonymous&gt; (file:///home/elmeripk/sw_testing_gw/test/addTest.js:72:52)\n    at process.processImmediate (node:internal/timers:511:21)&quot;},&quot;uuid&quot;:&quot;e2e2fdc2-3878-4749-ba53-f1f53e7ba5b9&quot;,&quot;parentUUID&quot;:&quot;0f4e1653-c012-49f4-baf9-3e7b25ea8c4f&quot;,&quot;isHook&quot;:false,&quot;skipped&quot;:false},{&quot;title&quot;:&quot;It should throw error if addend is undefined&quot;,&quot;fullTitle&quot;:&quot;Negative testing for add.js It should throw error if addend is undefined&quot;,&quot;timedOut&quot;:false,&quot;duration&quot;:0,&quot;state&quot;:&quot;failed&quot;,&quot;pass&quot;:false,&quot;fail&quot;:true,&quot;pending&quot;:false,&quot;code&quot;:&quot;const augend = 3;\n        const addend = undefined;\n        expect(() =&gt; add(augend, addend)).to.throw(error)&quot;,&quot;err&quot;:{&quot;message&quot;:&quot;ReferenceError: error is not defined&quot;,&quot;estack&quot;:&quot;ReferenceError: error is not defined\n    at Context.&lt;anonymous&gt; (file:///home/elmeripk/sw_testing_gw/test/addTest.js:80:52)\n    at process.processImmediate (node:internal/timers:511:21)&quot;},&quot;uuid&quot;:&quot;fa21c96e-ec69-4900-bfca-56e2e9b14c26&quot;,&quot;parentUUID&quot;:&quot;0f4e1653-c012-49f4-baf9-3e7b25ea8c4f&quot;,&quot;isHook&quot;:false,&quot;skipped&quot;:false},{&quot;title&quot;:&quot;It should throw error if augend is string&quot;,&quot;fullTitle&quot;:&quot;Negative testing for add.js It should throw error if augend is string&quot;,&quot;timedOut&quot;:false,&quot;duration&quot;:0,&quot;state&quot;:&quot;failed&quot;,&quot;pass&quot;:false,&quot;fail&quot;:true,&quot;pending&quot;:false,&quot;code&quot;:&quot;const augend = \&quot;6\&quot;;\n        const addend = 4;\n        expect(() =&gt; add(augend, addend)).to.throw(error);&quot;,&quot;err&quot;:{&quot;message&quot;:&quot;ReferenceError: error is not defined&quot;,&quot;estack&quot;:&quot;ReferenceError: error is not defined\n    at Context.&lt;anonymous&gt; (file:///home/elmeripk/sw_testing_gw/test/addTest.js:88:52)\n    at process.processImmediate (node:internal/timers:511:21)&quot;},&quot;uuid&quot;:&quot;ff4e66f5-0fd8-430b-9f80-e8a4b9cf17f7&quot;,&quot;parentUUID&quot;:&quot;0f4e1653-c012-49f4-baf9-3e7b25ea8c4f&quot;,&quot;isHook&quot;:false,&quot;skipped&quot;:false},{&quot;title&quot;:&quot;It should throw error if addend is string&quot;,&quot;fullTitle&quot;:&quot;Negative testing for add.js It should throw error if addend is string&quot;,&quot;timedOut&quot;:false,&quot;duration&quot;:1,&quot;state&quot;:&quot;failed&quot;,&quot;pass&quot;:false,&quot;fail&quot;:true,&quot;pending&quot;:false,&quot;code&quot;:&quot;const augend = 6;\n        const addend = \&quot;4\&quot;;\n        expect(() =&gt; add(augend, addend)).to.throw(error);&quot;,&quot;err&quot;:{&quot;message&quot;:&quot;ReferenceError: error is not defined&quot;,&quot;estack&quot;:&quot;ReferenceError: error is not defined\n    at Context.&lt;anonymous&gt; (file:///home/elmeripk/sw_testing_gw/test/addTest.js:96:52)\n    at process.processImmediate (node:internal/timers:511:21)&quot;},&quot;uuid&quot;:&quot;0ce0e4ac-9f27-4ab4-9cc5-0a875af3ecbb&quot;,&quot;parentUUID&quot;:&quot;0f4e1653-c012-49f4-baf9-3e7b25ea8c4f&quot;,&quot;isHook&quot;:false,&quot;skipped&quot;:false}],&quot;suites&quot;:[],&quot;passes&quot;:[],&quot;failures&quot;:[&quot;e2e2fdc2-3878-4749-ba53-f1f53e7ba5b9&quot;,&quot;fa21c96e-ec69-4900-bfca-56e2e9b14c26&quot;,&quot;ff4e66f5-0fd8-430b-9f80-e8a4b9cf17f7&quot;,&quot;0ce0e4ac-9f27-4ab4-9cc5-0a875af3ecbb&quot;],&quot;pending&quot;:[],&quot;skipped&quot;:[],&quot;duration&quot;:1,&quot;root&quot;:false,&quot;rootEmpty&quot;:false,&quot;_timeout&quot;:2000},{&quot;uuid&quot;:&quot;506efbf4-3348-439f-a82a-e241973ea043&quot;,&quot;title&quot;:&quot;TESTS BASED ON TEST PLAN&quot;,&quot;fullFile&quot;:&quot;/home/elmeripk/sw_testing_gw/test/ceilTest.js&quot;,&quot;file&quot;:&quot;/test/ceilTest.js&quot;,&quot;beforeHooks&quot;:[],&quot;afterHooks&quot;:[],&quot;tests&quot;:[],&quot;suites&quot;:[{&quot;uuid&quot;:&quot;359bdca8-3338-4d67-b21b-eaaa734c33f3&quot;,&quot;title&quot;:&quot;Positive test cases for ceil.js&quot;,&quot;fullFile&quot;:&quot;/home/elmeripk/sw_testing_gw/test/ceilTest.js&quot;,&quot;file&quot;:&quot;/test/ceilTest.js&quot;,&quot;beforeHooks&quot;:[],&quot;afterHooks&quot;:[],&quot;tests&quot;:[{&quot;title&quot;:&quot;Should keep an integer without precisions specified unchanged&quot;,&quot;fullTitle&quot;:&quot;TESTS BASED ON TEST PLAN Positive test cases for ceil.js Should keep an integer without precisions specified unchanged&quot;,&quot;timedOut&quot;:false,&quot;duration&quot;:0,&quot;state&quot;:&quot;passed&quot;,&quot;speed&quot;:&quot;fast&quot;,&quot;pass&quot;:true,&quot;fail&quot;:false,&quot;pending&quot;:false,&quot;code&quot;:&quot;assert.equal(ceil(6), 6)&quot;,&quot;err&quot;:{},&quot;uuid&quot;:&quot;704225b7-d98a-47b3-a850-f9d976e2225c&quot;,&quot;parentUUID&quot;:&quot;359bdca8-3338-4d67-b21b-eaaa734c33f3&quot;,&quot;isHook&quot;:false,&quot;skipped&quot;:false},{&quot;title&quot;:&quot;Should round decimals up to nearest integer by default&quot;,&quot;fullTitle&quot;:&quot;TESTS BASED ON TEST PLAN Positive test cases for ceil.js Should round decimals up to nearest integer by default&quot;,&quot;timedOut&quot;:false,&quot;duration&quot;:0,&quot;state&quot;:&quot;passed&quot;,&quot;speed&quot;:&quot;fast&quot;,&quot;pass&quot;:true,&quot;fail&quot;:false,&quot;pending&quot;:false,&quot;code&quot;:&quot;assert.equal(ceil(3.006), 4);&quot;,&quot;err&quot;:{},&quot;uuid&quot;:&quot;14db617c-e6ee-405f-b51c-9f4eb0b00e1f&quot;,&quot;parentUUID&quot;:&quot;359bdca8-3338-4d67-b21b-eaaa734c33f3&quot;,&quot;isHook&quot;:false,&quot;skipped&quot;:false},{&quot;title&quot;:&quot;Should round decimal to correct precision when positive precision is specified&quot;,&quot;fullTitle&quot;:&quot;TESTS BASED ON TEST PLAN Positive test cases for ceil.js Should round decimal to correct precision when positive precision is specified&quot;,&quot;timedOut&quot;:false,&quot;duration&quot;:0,&quot;state&quot;:&quot;passed&quot;,&quot;speed&quot;:&quot;fast&quot;,&quot;pass&quot;:true,&quot;fail&quot;:false,&quot;pending&quot;:false,&quot;code&quot;:&quot;assert.equal(ceil(6.004, 2), 6.01);&quot;,&quot;err&quot;:{},&quot;uuid&quot;:&quot;1fdc9ab0-b70c-4a82-9f3d-b4f3ef2a22f0&quot;,&quot;parentUUID&quot;:&quot;359bdca8-3338-4d67-b21b-eaaa734c33f3&quot;,&quot;isHook&quot;:false,&quot;skipped&quot;:false},{&quot;title&quot;:&quot;Should keep integer unchanged when precision is positive&quot;,&quot;fullTitle&quot;:&quot;TESTS BASED ON TEST PLAN Positive test cases for ceil.js Should keep integer unchanged when precision is positive&quot;,&quot;timedOut&quot;:false,&quot;duration&quot;:0,&quot;state&quot;:&quot;passed&quot;,&quot;speed&quot;:&quot;fast&quot;,&quot;pass&quot;:true,&quot;fail&quot;:false,&quot;pending&quot;:false,&quot;code&quot;:&quot;assert.equal(ceil(5, 3), 5);&quot;,&quot;err&quot;:{},&quot;uuid&quot;:&quot;25f41fc4-412e-4090-aea0-72d20d4d2c23&quot;,&quot;parentUUID&quot;:&quot;359bdca8-3338-4d67-b21b-eaaa734c33f3&quot;,&quot;isHook&quot;:false,&quot;skipped&quot;:false},{&quot;title&quot;:&quot;Should round decimal to correct precision when zero precision is specified&quot;,&quot;fullTitle&quot;:&quot;TESTS BASED ON TEST PLAN Positive test cases for ceil.js Should round decimal to correct precision when zero precision is specified&quot;,&quot;timedOut&quot;:false,&quot;duration&quot;:0,&quot;state&quot;:&quot;passed&quot;,&quot;speed&quot;:&quot;fast&quot;,&quot;pass&quot;:true,&quot;fail&quot;:false,&quot;pending&quot;:false,&quot;code&quot;:&quot;assert.equal(ceil(3.006, 0), 4);&quot;,&quot;err&quot;:{},&quot;uuid&quot;:&quot;f37f9555-fb12-4adb-8889-69a0d27eb45c&quot;,&quot;parentUUID&quot;:&quot;359bdca8-3338-4d67-b21b-eaaa734c33f3&quot;,&quot;isHook&quot;:false,&quot;skipped&quot;:false}],&quot;suites&quot;:[],&quot;passes&quot;:[&quot;704225b7-d98a-47b3-a850-f9d976e2225c&quot;,&quot;14db617c-e6ee-405f-b51c-9f4eb0b00e1f&quot;,&quot;1fdc9ab0-b70c-4a82-9f3d-b4f3ef2a22f0&quot;,&quot;25f41fc4-412e-4090-aea0-72d20d4d2c23&quot;,&quot;f37f9555-fb12-4adb-8889-69a0d27eb45c&quot;],&quot;failures&quot;:[],&quot;pending&quot;:[],&quot;skipped&quot;:[],&quot;duration&quot;:0,&quot;root&quot;:false,&quot;rootEmpty&quot;:false,&quot;_timeout&quot;:2000},{&quot;uuid&quot;:&quot;97f50a8a-5acb-47fd-b5f4-abbe876d0c06&quot;,&quot;title&quot;:&quot;Negative test cases for ceil.js&quot;,&quot;fullFile&quot;:&quot;/home/elmeripk/sw_testing_gw/test/ceilTest.js&quot;,&quot;file&quot;:&quot;/test/ceilTest.js&quot;,&quot;beforeHooks&quot;:[],&quot;afterHooks&quot;:[],&quot;tests&quot;:[{&quot;title&quot;:&quot;Should throw an error when input is not a number&quot;,&quot;fullTitle&quot;:&quot;TESTS BASED ON TEST PLAN Negative test cases for ceil.js Should throw an error when input is not a number&quot;,&quot;timedOut&quot;:false,&quot;duration&quot;:2,&quot;state&quot;:&quot;failed&quot;,&quot;pass&quot;:false,&quot;fail&quot;:true,&quot;pending&quot;:false,&quot;code&quot;:&quot;assert.throws(() =&gt; ceil(\&quot;not a number\&quot;), Error);&quot;,&quot;err&quot;:{&quot;message&quot;:&quot;AssertionError: expected [Function] to throw Error&quot;,&quot;estack&quot;:&quot;AssertionError: expected [Function] to throw Error\n    at Context.&lt;anonymous&gt; (file:///home/elmeripk/sw_testing_gw/test/ceilTest.js:33:20)\n    at process.processImmediate (node:internal/timers:511:21)&quot;},&quot;uuid&quot;:&quot;b05c3040-717c-405f-9b80-e35871c4b41c&quot;,&quot;parentUUID&quot;:&quot;97f50a8a-5acb-47fd-b5f4-abbe876d0c06&quot;,&quot;isHook&quot;:false,&quot;skipped&quot;:false},{&quot;title&quot;:&quot;Should throw an error if precision is not a number&quot;,&quot;fullTitle&quot;:&quot;TESTS BASED ON TEST PLAN Negative test cases for ceil.js Should throw an error if precision is not a number&quot;,&quot;timedOut&quot;:false,&quot;duration&quot;:0,&quot;state&quot;:&quot;failed&quot;,&quot;pass&quot;:false,&quot;fail&quot;:true,&quot;pending&quot;:false,&quot;code&quot;:&quot;assert.throws(() =&gt; ceil(4.3367, \&quot;not a number\&quot;), Error);&quot;,&quot;err&quot;:{&quot;message&quot;:&quot;AssertionError: expected [Function] to throw Error&quot;,&quot;estack&quot;:&quot;AssertionError: expected [Function] to throw Error\n    at Context.&lt;anonymous&gt; (file:///home/elmeripk/sw_testing_gw/test/ceilTest.js:37:20)\n    at process.processImmediate (node:internal/timers:511:21)&quot;},&quot;uuid&quot;:&quot;dc5803f9-6738-4680-bb56-51d42299a4cc&quot;,&quot;parentUUID&quot;:&quot;97f50a8a-5acb-47fd-b5f4-abbe876d0c06&quot;,&quot;isHook&quot;:false,&quot;skipped&quot;:false}],&quot;suites&quot;:[],&quot;passes&quot;:[],&quot;failures&quot;:[&quot;b05c3040-717c-405f-9b80-e35871c4b41c&quot;,&quot;dc5803f9-6738-4680-bb56-51d42299a4cc&quot;],&quot;pending&quot;:[],&quot;skipped&quot;:[],&quot;duration&quot;:2,&quot;root&quot;:false,&quot;rootEmpty&quot;:false,&quot;_timeout&quot;:2000}],&quot;passes&quot;:[],&quot;failures&quot;:[],&quot;pending&quot;:[],&quot;skipped&quot;:[],&quot;duration&quot;:0,&quot;root&quot;:false,&quot;rootEmpty&quot;:false,&quot;_timeout&quot;:2000},{&quot;uuid&quot;:&quot;c2c32935-a529-4396-8785-3beb36bd1632&quot;,&quot;title&quot;:&quot;NEWLY ADDED TESTS FOR ceil.js&quot;,&quot;fullFile&quot;:&quot;/home/elmeripk/sw_testing_gw/test/ceilTest.js&quot;,&quot;file&quot;:&quot;/test/ceilTest.js&quot;,&quot;beforeHooks&quot;:[],&quot;afterHooks&quot;:[],&quot;tests&quot;:[],&quot;suites&quot;:[{&quot;uuid&quot;:&quot;e8664e38-1cbe-4f1f-82f5-2f41acdeb1ef&quot;,&quot;title&quot;:&quot;Positive test cases for ceil.js&quot;,&quot;fullFile&quot;:&quot;/home/elmeripk/sw_testing_gw/test/ceilTest.js&quot;,&quot;file&quot;:&quot;/test/ceilTest.js&quot;,&quot;beforeHooks&quot;:[],&quot;afterHooks&quot;:[],&quot;tests&quot;:[{&quot;title&quot;:&quot;Should round integer to correct precision when negative precision is specified&quot;,&quot;fullTitle&quot;:&quot;NEWLY ADDED TESTS FOR ceil.js Positive test cases for ceil.js Should round integer to correct precision when negative precision is specified&quot;,&quot;timedOut&quot;:false,&quot;duration&quot;:0,&quot;state&quot;:&quot;passed&quot;,&quot;speed&quot;:&quot;fast&quot;,&quot;pass&quot;:true,&quot;fail&quot;:false,&quot;pending&quot;:false,&quot;code&quot;:&quot;assert.equal(ceil(6040, -2), 6100);&quot;,&quot;err&quot;:{},&quot;uuid&quot;:&quot;a2897cfb-7826-4dd2-bcb4-167e9b065088&quot;,&quot;parentUUID&quot;:&quot;e8664e38-1cbe-4f1f-82f5-2f41acdeb1ef&quot;,&quot;isHook&quot;:false,&quot;skipped&quot;:false},{&quot;title&quot;:&quot;Should round decimal to correct precision when negative precision is specified&quot;,&quot;fullTitle&quot;:&quot;NEWLY ADDED TESTS FOR ceil.js Positive test cases for ceil.js Should round decimal to correct precision when negative precision is specified&quot;,&quot;timedOut&quot;:false,&quot;duration&quot;:0,&quot;state&quot;:&quot;passed&quot;,&quot;speed&quot;:&quot;fast&quot;,&quot;pass&quot;:true,&quot;fail&quot;:false,&quot;pending&quot;:false,&quot;code&quot;:&quot;assert.equal(ceil(6.040, -2), 100);&quot;,&quot;err&quot;:{},&quot;uuid&quot;:&quot;e6df48f4-1af9-4096-bf17-b9adfc4a4233&quot;,&quot;parentUUID&quot;:&quot;e8664e38-1cbe-4f1f-82f5-2f41acdeb1ef&quot;,&quot;isHook&quot;:false,&quot;skipped&quot;:false}],&quot;suites&quot;:[],&quot;passes&quot;:[&quot;a2897cfb-7826-4dd2-bcb4-167e9b065088&quot;,&quot;e6df48f4-1af9-4096-bf17-b9adfc4a4233&quot;],&quot;failures&quot;:[],&quot;pending&quot;:[],&quot;skipped&quot;:[],&quot;duration&quot;:0,&quot;root&quot;:false,&quot;rootEmpty&quot;:false,&quot;_timeout&quot;:2000},{&quot;uuid&quot;:&quot;715834eb-1cc4-4497-83f4-327b85f25ad5&quot;,&quot;title&quot;:&quot;Negative test cases for ceil.js&quot;,&quot;fullFile&quot;:&quot;/home/elmeripk/sw_testing_gw/test/ceilTest.js&quot;,&quot;file&quot;:&quot;/test/ceilTest.js&quot;,&quot;beforeHooks&quot;:[],&quot;afterHooks&quot;:[],&quot;tests&quot;:[{&quot;title&quot;:&quot;Should throw an error when precision is not an integer&quot;,&quot;fullTitle&quot;:&quot;NEWLY ADDED TESTS FOR ceil.js Negative test cases for ceil.js Should throw an error when precision is not an integer&quot;,&quot;timedOut&quot;:false,&quot;duration&quot;:0,&quot;state&quot;:&quot;failed&quot;,&quot;pass&quot;:false,&quot;fail&quot;:true,&quot;pending&quot;:false,&quot;code&quot;:&quot;assert.throws(() =&gt; ceil(4.3367, 1.5), Error);&quot;,&quot;err&quot;:{&quot;message&quot;:&quot;AssertionError: expected [Function] to throw Error&quot;,&quot;estack&quot;:&quot;AssertionError: expected [Function] to throw Error\n    at Context.&lt;anonymous&gt; (file:///home/elmeripk/sw_testing_gw/test/ceilTest.js:60:20)\n    at process.processImmediate (node:internal/timers:511:21)&quot;},&quot;uuid&quot;:&quot;34c62204-8890-4b92-811a-4c9e24e29d91&quot;,&quot;parentUUID&quot;:&quot;715834eb-1cc4-4497-83f4-327b85f25ad5&quot;,&quot;isHook&quot;:false,&quot;skipped&quot;:false}],&quot;suites&quot;:[],&quot;passes&quot;:[],&quot;failures&quot;:[&quot;34c62204-8890-4b92-811a-4c9e24e29d91&quot;],&quot;pending&quot;:[],&quot;skipped&quot;:[],&quot;duration&quot;:0,&quot;root&quot;:false,&quot;rootEmpty&quot;:false,&quot;_timeout&quot;:2000}],&quot;passes&quot;:[],&quot;failures&quot;:[],&quot;pending&quot;:[],&quot;skipped&quot;:[],&quot;duration&quot;:0,&quot;root&quot;:false,&quot;rootEmpty&quot;:false,&quot;_timeout&quot;:2000},{&quot;uuid&quot;:&quot;42ac97f2-905a-4681-bca4-5ee9f01785be&quot;,&quot;title&quot;:&quot;Positive test cases for defaultToAny.js&quot;,&quot;fullFile&quot;:&quot;/home/elmeripk/sw_testing_gw/test/defaultToAnyTest.js&quot;,&quot;file&quot;:&quot;/test/defaultToAnyTest.js&quot;,&quot;beforeHooks&quot;:[],&quot;afterHooks&quot;:[],&quot;tests&quot;:[{&quot;title&quot;:&quot;Should return the first value when it is not NaN, null, or undefined&quot;,&quot;fullTitle&quot;:&quot;Positive test cases for defaultToAny.js Should return the first value when it is not NaN, null, or undefined&quot;,&quot;timedOut&quot;:false,&quot;duration&quot;:0,&quot;state&quot;:&quot;passed&quot;,&quot;speed&quot;:&quot;fast&quot;,&quot;pass&quot;:true,&quot;fail&quot;:false,&quot;pending&quot;:false,&quot;code&quot;:&quot;assert.equal(defaultToAny(1, 10, 20), 1);&quot;,&quot;err&quot;:{},&quot;uuid&quot;:&quot;f94c25eb-a04a-40d5-8a3b-d095cf42d15d&quot;,&quot;parentUUID&quot;:&quot;42ac97f2-905a-4681-bca4-5ee9f01785be&quot;,&quot;isHook&quot;:false,&quot;skipped&quot;:false},{&quot;title&quot;:&quot;Should return the first non-NaN, non-null, or non-undefined default value value is undefined&quot;,&quot;fullTitle&quot;:&quot;Positive test cases for defaultToAny.js Should return the first non-NaN, non-null, or non-undefined default value value is undefined&quot;,&quot;timedOut&quot;:false,&quot;duration&quot;:0,&quot;state&quot;:&quot;passed&quot;,&quot;speed&quot;:&quot;fast&quot;,&quot;pass&quot;:true,&quot;fail&quot;:false,&quot;pending&quot;:false,&quot;code&quot;:&quot;assert.equal(defaultToAny(undefined, 10, 20), 10);&quot;,&quot;err&quot;:{},&quot;uuid&quot;:&quot;a360b2ca-f72e-408d-a536-6caf16c2d997&quot;,&quot;parentUUID&quot;:&quot;42ac97f2-905a-4681-bca4-5ee9f01785be&quot;,&quot;isHook&quot;:false,&quot;skipped&quot;:false},{&quot;title&quot;:&quot;Should return the first non-NaN, non-null, or non-undefined default value when value is NaN and there are valid defaults&quot;,&quot;fullTitle&quot;:&quot;Positive test cases for defaultToAny.js Should return the first non-NaN, non-null, or non-undefined default value when value is NaN and there are valid defaults&quot;,&quot;timedOut&quot;:false,&quot;duration&quot;:0,&quot;state&quot;:&quot;failed&quot;,&quot;pass&quot;:false,&quot;fail&quot;:true,&quot;pending&quot;:false,&quot;code&quot;:&quot;assert.equal(defaultToAny(NaN, null, 20), 20);&quot;,&quot;err&quot;:{&quot;message&quot;:&quot;AssertionError: expected NaN to equal 20&quot;,&quot;estack&quot;:&quot;AssertionError: expected NaN to equal 20\n    at Context.&lt;anonymous&gt; (file:///home/elmeripk/sw_testing_gw/test/defaultToAnyTest.js:16:20)\n    at process.processImmediate (node:internal/timers:511:21)&quot;,&quot;diff&quot;:&quot;- NaN\n+ 20\n&quot;},&quot;uuid&quot;:&quot;7d44618f-a96c-4dcd-a02f-f9ecc2a04bed&quot;,&quot;parentUUID&quot;:&quot;42ac97f2-905a-4681-bca4-5ee9f01785be&quot;,&quot;isHook&quot;:false,&quot;skipped&quot;:false},{&quot;title&quot;:&quot;Should return the first non-NaN, non-null, or non-undefined default value when value is null and there are valid defaults&quot;,&quot;fullTitle&quot;:&quot;Positive test cases for defaultToAny.js Should return the first non-NaN, non-null, or non-undefined default value when value is null and there are valid defaults&quot;,&quot;timedOut&quot;:false,&quot;duration&quot;:0,&quot;state&quot;:&quot;failed&quot;,&quot;pass&quot;:false,&quot;fail&quot;:true,&quot;pending&quot;:false,&quot;code&quot;:&quot;assert.equal(defaultToAny(null, NaN, 30), 30);&quot;,&quot;err&quot;:{&quot;message&quot;:&quot;AssertionError: expected NaN to equal 30&quot;,&quot;estack&quot;:&quot;AssertionError: expected NaN to equal 30\n    at Context.&lt;anonymous&gt; (file:///home/elmeripk/sw_testing_gw/test/defaultToAnyTest.js:20:20)\n    at process.processImmediate (node:internal/timers:511:21)&quot;,&quot;diff&quot;:&quot;- NaN\n+ 30\n&quot;},&quot;uuid&quot;:&quot;d9ac63f7-15ab-4c45-85e3-78b72070ef66&quot;,&quot;parentUUID&quot;:&quot;42ac97f2-905a-4681-bca4-5ee9f01785be&quot;,&quot;isHook&quot;:false,&quot;skipped&quot;:false},{&quot;title&quot;:&quot;Should return the first non-Nan, non-null or non-undefined default value when value is undefined and there are valid defaults&quot;,&quot;fullTitle&quot;:&quot;Positive test cases for defaultToAny.js Should return the first non-Nan, non-null or non-undefined default value when value is undefined and there are valid defaults&quot;,&quot;timedOut&quot;:false,&quot;duration&quot;:0,&quot;state&quot;:&quot;failed&quot;,&quot;pass&quot;:false,&quot;fail&quot;:true,&quot;pending&quot;:false,&quot;code&quot;:&quot;assert.equal(defaultToAny(undefined, NaN, null, 50), 50);&quot;,&quot;err&quot;:{&quot;message&quot;:&quot;AssertionError: expected NaN to equal 50&quot;,&quot;estack&quot;:&quot;AssertionError: expected NaN to equal 50\n    at Context.&lt;anonymous&gt; (file:///home/elmeripk/sw_testing_gw/test/defaultToAnyTest.js:24:20)\n    at process.processImmediate (node:internal/timers:511:21)&quot;,&quot;diff&quot;:&quot;- NaN\n+ 50\n&quot;},&quot;uuid&quot;:&quot;c8fb2360-96af-45e5-bb58-0827f694aa6e&quot;,&quot;parentUUID&quot;:&quot;42ac97f2-905a-4681-bca4-5ee9f01785be&quot;,&quot;isHook&quot;:false,&quot;skipped&quot;:false},{&quot;title&quot;:&quot;Should return the last default value when the value is undefined and any of the default values are not valid V1&quot;,&quot;fullTitle&quot;:&quot;Positive test cases for defaultToAny.js Should return the last default value when the value is undefined and any of the default values are not valid V1&quot;,&quot;timedOut&quot;:false,&quot;duration&quot;:0,&quot;state&quot;:&quot;passed&quot;,&quot;speed&quot;:&quot;fast&quot;,&quot;pass&quot;:true,&quot;fail&quot;:false,&quot;pending&quot;:false,&quot;code&quot;:&quot;assert.isNaN(defaultToAny(null, undefined, NaN));&quot;,&quot;err&quot;:{},&quot;uuid&quot;:&quot;957efac6-3b5f-46e4-a35e-9ccd7010b5a9&quot;,&quot;parentUUID&quot;:&quot;42ac97f2-905a-4681-bca4-5ee9f01785be&quot;,&quot;isHook&quot;:false,&quot;skipped&quot;:false},{&quot;title&quot;:&quot;Should return the last default value when the value is undefined and any of the default values are not valid V2&quot;,&quot;fullTitle&quot;:&quot;Positive test cases for defaultToAny.js Should return the last default value when the value is undefined and any of the default values are not valid V2&quot;,&quot;timedOut&quot;:false,&quot;duration&quot;:0,&quot;state&quot;:&quot;passed&quot;,&quot;speed&quot;:&quot;fast&quot;,&quot;pass&quot;:true,&quot;fail&quot;:false,&quot;pending&quot;:false,&quot;code&quot;:&quot;assert.isNaN(defaultToAny(undefined, null, NaN));&quot;,&quot;err&quot;:{},&quot;uuid&quot;:&quot;3bc4a5c8-680c-43f0-96f3-5a2bd6f1d640&quot;,&quot;parentUUID&quot;:&quot;42ac97f2-905a-4681-bca4-5ee9f01785be&quot;,&quot;isHook&quot;:false,&quot;skipped&quot;:false},{&quot;title&quot;:&quot;Should return the last default value when the value is NaN and any of the default values are not valid V1&quot;,&quot;fullTitle&quot;:&quot;Positive test cases for defaultToAny.js Should return the last default value when the value is NaN and any of the default values are not valid V1&quot;,&quot;timedOut&quot;:false,&quot;duration&quot;:0,&quot;state&quot;:&quot;failed&quot;,&quot;pass&quot;:false,&quot;fail&quot;:true,&quot;pending&quot;:false,&quot;code&quot;:&quot;assert.isNull(defaultToAny(NaN, undefined, null));&quot;,&quot;err&quot;:{&quot;message&quot;:&quot;AssertionError: expected NaN to equal null&quot;,&quot;estack&quot;:&quot;AssertionError: expected NaN to equal null\n    at Context.&lt;anonymous&gt; (file:///home/elmeripk/sw_testing_gw/test/defaultToAnyTest.js:36:20)\n    at process.processImmediate (node:internal/timers:511:21)&quot;},&quot;uuid&quot;:&quot;fba418a7-db29-4686-bca5-026df5f758f3&quot;,&quot;parentUUID&quot;:&quot;42ac97f2-905a-4681-bca4-5ee9f01785be&quot;,&quot;isHook&quot;:false,&quot;skipped&quot;:false},{&quot;title&quot;:&quot;Should return the last default value when the value is NaN and any of the default values are not valid V2&quot;,&quot;fullTitle&quot;:&quot;Positive test cases for defaultToAny.js Should return the last default value when the value is NaN and any of the default values are not valid V2&quot;,&quot;timedOut&quot;:false,&quot;duration&quot;:0,&quot;state&quot;:&quot;failed&quot;,&quot;pass&quot;:false,&quot;fail&quot;:true,&quot;pending&quot;:false,&quot;code&quot;:&quot;assert.isNull(defaultToAny(NaN, undefined, null));&quot;,&quot;err&quot;:{&quot;message&quot;:&quot;AssertionError: expected NaN to equal null&quot;,&quot;estack&quot;:&quot;AssertionError: expected NaN to equal null\n    at Context.&lt;anonymous&gt; (file:///home/elmeripk/sw_testing_gw/test/defaultToAnyTest.js:40:20)\n    at process.processImmediate (node:internal/timers:511:21)&quot;},&quot;uuid&quot;:&quot;64d776ac-6f04-4165-b9d5-7a3dcf265fe1&quot;,&quot;parentUUID&quot;:&quot;42ac97f2-905a-4681-bca4-5ee9f01785be&quot;,&quot;isHook&quot;:false,&quot;skipped&quot;:false},{&quot;title&quot;:&quot;Should return the last default value when the value is null and any of the default values are not valid V1&quot;,&quot;fullTitle&quot;:&quot;Positive test cases for defaultToAny.js Should return the last default value when the value is null and any of the default values are not valid V1&quot;,&quot;timedOut&quot;:false,&quot;duration&quot;:1,&quot;state&quot;:&quot;failed&quot;,&quot;pass&quot;:false,&quot;fail&quot;:true,&quot;pending&quot;:false,&quot;code&quot;:&quot;assert.isUndefined(defaultToAny(null, NaN, undefined));&quot;,&quot;err&quot;:{&quot;message&quot;:&quot;AssertionError: expected NaN to equal undefined&quot;,&quot;estack&quot;:&quot;AssertionError: expected NaN to equal undefined\n    at Context.&lt;anonymous&gt; (file:///home/elmeripk/sw_testing_gw/test/defaultToAnyTest.js:45:20)\n    at process.processImmediate (node:internal/timers:511:21)&quot;},&quot;uuid&quot;:&quot;7790d442-43a0-4642-80d9-2e32f9eef5df&quot;,&quot;parentUUID&quot;:&quot;42ac97f2-905a-4681-bca4-5ee9f01785be&quot;,&quot;isHook&quot;:false,&quot;skipped&quot;:false},{&quot;title&quot;:&quot;Should return the last default value when the value is null and any of the default values are not valid V2&quot;,&quot;fullTitle&quot;:&quot;Positive test cases for defaultToAny.js Should return the last default value when the value is null and any of the default values are not valid V2&quot;,&quot;timedOut&quot;:false,&quot;duration&quot;:0,&quot;state&quot;:&quot;passed&quot;,&quot;speed&quot;:&quot;fast&quot;,&quot;pass&quot;:true,&quot;fail&quot;:false,&quot;pending&quot;:false,&quot;code&quot;:&quot;assert.isNaN(defaultToAny(null, undefined, NaN));&quot;,&quot;err&quot;:{},&quot;uuid&quot;:&quot;30d9c432-c37f-4fa0-bb2b-034c7a4f667b&quot;,&quot;parentUUID&quot;:&quot;42ac97f2-905a-4681-bca4-5ee9f01785be&quot;,&quot;isHook&quot;:false,&quot;skipped&quot;:false}],&quot;suites&quot;:[],&quot;passes&quot;:[&quot;f94c25eb-a04a-40d5-8a3b-d095cf42d15d&quot;,&quot;a360b2ca-f72e-408d-a536-6caf16c2d997&quot;,&quot;957efac6-3b5f-46e4-a35e-9ccd7010b5a9&quot;,&quot;3bc4a5c8-680c-43f0-96f3-5a2bd6f1d640&quot;,&quot;30d9c432-c37f-4fa0-bb2b-034c7a4f667b&quot;],&quot;failures&quot;:[&quot;7d44618f-a96c-4dcd-a02f-f9ecc2a04bed&quot;,&quot;d9ac63f7-15ab-4c45-85e3-78b72070ef66&quot;,&quot;c8fb2360-96af-45e5-bb58-0827f694aa6e&quot;,&quot;fba418a7-db29-4686-bca5-026df5f758f3&quot;,&quot;64d776ac-6f04-4165-b9d5-7a3dcf265fe1&quot;,&quot;7790d442-43a0-4642-80d9-2e32f9eef5df&quot;],&quot;pending&quot;:[],&quot;skipped&quot;:[],&quot;duration&quot;:1,&quot;root&quot;:false,&quot;rootEmpty&quot;:false,&quot;_timeout&quot;:2000},{&quot;uuid&quot;:&quot;f463d04f-bf84-44f8-950d-0f8e35a50114&quot;,&quot;title&quot;:&quot;Positive testing for eq.js&quot;,&quot;fullFile&quot;:&quot;/home/elmeripk/sw_testing_gw/test/eqTest.js&quot;,&quot;file&quot;:&quot;/test/eqTest.js&quot;,&quot;beforeHooks&quot;:[],&quot;afterHooks&quot;:[],&quot;tests&quot;:[{&quot;title&quot;:&quot;It should be false if two different objects have same contents&quot;,&quot;fullTitle&quot;:&quot;Positive testing for eq.js It should be false if two different objects have same contents&quot;,&quot;timedOut&quot;:false,&quot;duration&quot;:0,&quot;state&quot;:&quot;passed&quot;,&quot;speed&quot;:&quot;fast&quot;,&quot;pass&quot;:true,&quot;fail&quot;:false,&quot;pending&quot;:false,&quot;code&quot;:&quot;const object1 = {&#x27;a&#x27;: 1};\nconst object2 = {&#x27;a&#x27;: 1};\nassert.equal(eq(object1, object2), false);&quot;,&quot;err&quot;:{},&quot;uuid&quot;:&quot;33f44ce2-a735-4cbd-849a-fe48e6a3da79&quot;,&quot;parentUUID&quot;:&quot;f463d04f-bf84-44f8-950d-0f8e35a50114&quot;,&quot;isHook&quot;:false,&quot;skipped&quot;:false},{&quot;title&quot;:&quot;It should be true if object is compared to itself&quot;,&quot;fullTitle&quot;:&quot;Positive testing for eq.js It should be true if object is compared to itself&quot;,&quot;timedOut&quot;:false,&quot;duration&quot;:0,&quot;state&quot;:&quot;passed&quot;,&quot;speed&quot;:&quot;fast&quot;,&quot;pass&quot;:true,&quot;fail&quot;:false,&quot;pending&quot;:false,&quot;code&quot;:&quot;const object = {};\nassert.equal(eq(object, object), true);&quot;,&quot;err&quot;:{},&quot;uuid&quot;:&quot;edcff11f-1323-43d3-9a3e-9310bd8f8122&quot;,&quot;parentUUID&quot;:&quot;f463d04f-bf84-44f8-950d-0f8e35a50114&quot;,&quot;isHook&quot;:false,&quot;skipped&quot;:false},{&quot;title&quot;:&quot;It should be true for equal strings&quot;,&quot;fullTitle&quot;:&quot;Positive testing for eq.js It should be true for equal strings&quot;,&quot;timedOut&quot;:false,&quot;duration&quot;:0,&quot;state&quot;:&quot;passed&quot;,&quot;speed&quot;:&quot;fast&quot;,&quot;pass&quot;:true,&quot;fail&quot;:false,&quot;pending&quot;:false,&quot;code&quot;:&quot;const str1 = \&quot;a\&quot;;\nconst str2 = \&quot;a\&quot;\nassert.equal(eq(str1, str2), true);&quot;,&quot;err&quot;:{},&quot;uuid&quot;:&quot;b06ee114-2dfb-4f97-9a42-14af33ea8a9f&quot;,&quot;parentUUID&quot;:&quot;f463d04f-bf84-44f8-950d-0f8e35a50114&quot;,&quot;isHook&quot;:false,&quot;skipped&quot;:false},{&quot;title&quot;:&quot;It should be false for different strings&quot;,&quot;fullTitle&quot;:&quot;Positive testing for eq.js It should be false for different strings&quot;,&quot;timedOut&quot;:false,&quot;duration&quot;:0,&quot;state&quot;:&quot;passed&quot;,&quot;speed&quot;:&quot;fast&quot;,&quot;pass&quot;:true,&quot;fail&quot;:false,&quot;pending&quot;:false,&quot;code&quot;:&quot;const str1 = \&quot;a\&quot;;\nconst str2 = \&quot;b\&quot;\nassert.equal(eq(str1, str2), false);&quot;,&quot;err&quot;:{},&quot;uuid&quot;:&quot;39b91573-f03d-4cf2-8f62-1a8f79750ad2&quot;,&quot;parentUUID&quot;:&quot;f463d04f-bf84-44f8-950d-0f8e35a50114&quot;,&quot;isHook&quot;:false,&quot;skipped&quot;:false},{&quot;title&quot;:&quot;It should be true if for equal integers&quot;,&quot;fullTitle&quot;:&quot;Positive testing for eq.js It should be true if for equal integers&quot;,&quot;timedOut&quot;:false,&quot;duration&quot;:0,&quot;state&quot;:&quot;passed&quot;,&quot;speed&quot;:&quot;fast&quot;,&quot;pass&quot;:true,&quot;fail&quot;:false,&quot;pending&quot;:false,&quot;code&quot;:&quot;const int1 = 1;\nconst int2 = 1;\nassert.equal(eq(int1, int2), true);&quot;,&quot;err&quot;:{},&quot;uuid&quot;:&quot;d02f0dfc-2e95-4801-a534-f5483156e956&quot;,&quot;parentUUID&quot;:&quot;f463d04f-bf84-44f8-950d-0f8e35a50114&quot;,&quot;isHook&quot;:false,&quot;skipped&quot;:false},{&quot;title&quot;:&quot;It should be false for different integers&quot;,&quot;fullTitle&quot;:&quot;Positive testing for eq.js It should be false for different integers&quot;,&quot;timedOut&quot;:false,&quot;duration&quot;:0,&quot;state&quot;:&quot;passed&quot;,&quot;speed&quot;:&quot;fast&quot;,&quot;pass&quot;:true,&quot;fail&quot;:false,&quot;pending&quot;:false,&quot;code&quot;:&quot;const int1 = 1;\nconst int2 = 4;\nassert.equal(eq(int1, int2), false);&quot;,&quot;err&quot;:{},&quot;uuid&quot;:&quot;2769a663-0be0-45ca-a5ea-a1ba75fac86b&quot;,&quot;parentUUID&quot;:&quot;f463d04f-bf84-44f8-950d-0f8e35a50114&quot;,&quot;isHook&quot;:false,&quot;skipped&quot;:false},{&quot;title&quot;:&quot;It should be false for +1 and -1&quot;,&quot;fullTitle&quot;:&quot;Positive testing for eq.js It should be false for +1 and -1&quot;,&quot;timedOut&quot;:false,&quot;duration&quot;:1,&quot;state&quot;:&quot;passed&quot;,&quot;speed&quot;:&quot;fast&quot;,&quot;pass&quot;:true,&quot;fail&quot;:false,&quot;pending&quot;:false,&quot;code&quot;:&quot;const int1 = 1;\nconst int2 = -1;\nassert.equal(eq(int1, int2), false);&quot;,&quot;err&quot;:{},&quot;uuid&quot;:&quot;99aaeef7-e33d-4e56-bedf-31c236e27315&quot;,&quot;parentUUID&quot;:&quot;f463d04f-bf84-44f8-950d-0f8e35a50114&quot;,&quot;isHook&quot;:false,&quot;skipped&quot;:false},{&quot;title&quot;:&quot;It should be true for -0 and +0&quot;,&quot;fullTitle&quot;:&quot;Positive testing for eq.js It should be true for -0 and +0&quot;,&quot;timedOut&quot;:false,&quot;duration&quot;:0,&quot;state&quot;:&quot;passed&quot;,&quot;speed&quot;:&quot;fast&quot;,&quot;pass&quot;:true,&quot;fail&quot;:false,&quot;pending&quot;:false,&quot;code&quot;:&quot;const int1 = -0;\nconst int2 = 0;\nassert.equal(eq(int1, int2), true);&quot;,&quot;err&quot;:{},&quot;uuid&quot;:&quot;a7682718-0e72-41cd-a913-8894d4585e31&quot;,&quot;parentUUID&quot;:&quot;f463d04f-bf84-44f8-950d-0f8e35a50114&quot;,&quot;isHook&quot;:false,&quot;skipped&quot;:false},{&quot;title&quot;:&quot;It should be true for equal decimals&quot;,&quot;fullTitle&quot;:&quot;Positive testing for eq.js It should be true for equal decimals&quot;,&quot;timedOut&quot;:false,&quot;duration&quot;:0,&quot;state&quot;:&quot;passed&quot;,&quot;speed&quot;:&quot;fast&quot;,&quot;pass&quot;:true,&quot;fail&quot;:false,&quot;pending&quot;:false,&quot;code&quot;:&quot;const deci1 = 1.1;\nconst deci2 = 1.1;\nassert.equal(eq(deci1, deci2), true);&quot;,&quot;err&quot;:{},&quot;uuid&quot;:&quot;775cb5c1-5198-4ff2-b304-667f9a6c99d7&quot;,&quot;parentUUID&quot;:&quot;f463d04f-bf84-44f8-950d-0f8e35a50114&quot;,&quot;isHook&quot;:false,&quot;skipped&quot;:false},{&quot;title&quot;:&quot;It should be false for different decimals&quot;,&quot;fullTitle&quot;:&quot;Positive testing for eq.js It should be false for different decimals&quot;,&quot;timedOut&quot;:false,&quot;duration&quot;:0,&quot;state&quot;:&quot;passed&quot;,&quot;speed&quot;:&quot;fast&quot;,&quot;pass&quot;:true,&quot;fail&quot;:false,&quot;pending&quot;:false,&quot;code&quot;:&quot;const deci1 = 1.1;\nconst deci2 = 2.1;\nassert.equal(eq(deci1, deci2), false);&quot;,&quot;err&quot;:{},&quot;uuid&quot;:&quot;8951d503-d614-44ef-9adb-725ca20b94c5&quot;,&quot;parentUUID&quot;:&quot;f463d04f-bf84-44f8-950d-0f8e35a50114&quot;,&quot;isHook&quot;:false,&quot;skipped&quot;:false},{&quot;title&quot;:&quot;It should be false when numbers are different&quot;,&quot;fullTitle&quot;:&quot;Positive testing for eq.js It should be false when numbers are different&quot;,&quot;timedOut&quot;:false,&quot;duration&quot;:0,&quot;state&quot;:&quot;passed&quot;,&quot;speed&quot;:&quot;fast&quot;,&quot;pass&quot;:true,&quot;fail&quot;:false,&quot;pending&quot;:false,&quot;code&quot;:&quot;const int1 = 1;\nconst deci1 = 2.3;\nassert.equal(eq(int1, deci1), false);&quot;,&quot;err&quot;:{},&quot;uuid&quot;:&quot;a7862e72-c8d4-452d-8d31-544145aeb47d&quot;,&quot;parentUUID&quot;:&quot;f463d04f-bf84-44f8-950d-0f8e35a50114&quot;,&quot;isHook&quot;:false,&quot;skipped&quot;:false},{&quot;title&quot;:&quot;It should be true when comparing NaN to NaN&quot;,&quot;fullTitle&quot;:&quot;Positive testing for eq.js It should be true when comparing NaN to NaN&quot;,&quot;timedOut&quot;:false,&quot;duration&quot;:0,&quot;state&quot;:&quot;passed&quot;,&quot;speed&quot;:&quot;fast&quot;,&quot;pass&quot;:true,&quot;fail&quot;:false,&quot;pending&quot;:false,&quot;code&quot;:&quot;const val1 = NaN;\nconst val2 = NaN;\nassert.equal(eq(val1, val2), true);&quot;,&quot;err&quot;:{},&quot;uuid&quot;:&quot;5049ffa7-196e-424f-a812-d690463825ab&quot;,&quot;parentUUID&quot;:&quot;f463d04f-bf84-44f8-950d-0f8e35a50114&quot;,&quot;isHook&quot;:false,&quot;skipped&quot;:false},{&quot;title&quot;:&quot;It should be true when comparing undefined to undefined&quot;,&quot;fullTitle&quot;:&quot;Positive testing for eq.js It should be true when comparing undefined to undefined&quot;,&quot;timedOut&quot;:false,&quot;duration&quot;:0,&quot;state&quot;:&quot;passed&quot;,&quot;speed&quot;:&quot;fast&quot;,&quot;pass&quot;:true,&quot;fail&quot;:false,&quot;pending&quot;:false,&quot;code&quot;:&quot;const val1 = undefined\nconst val2 = undefined\nassert.equal(eq(val1, val2), true);&quot;,&quot;err&quot;:{},&quot;uuid&quot;:&quot;53db790b-3b6f-4628-94a4-ba3e48cded72&quot;,&quot;parentUUID&quot;:&quot;f463d04f-bf84-44f8-950d-0f8e35a50114&quot;,&quot;isHook&quot;:false,&quot;skipped&quot;:false},{&quot;title&quot;:&quot;It should be true when comparing null to null&quot;,&quot;fullTitle&quot;:&quot;Positive testing for eq.js It should be true when comparing null to null&quot;,&quot;timedOut&quot;:false,&quot;duration&quot;:0,&quot;state&quot;:&quot;passed&quot;,&quot;speed&quot;:&quot;fast&quot;,&quot;pass&quot;:true,&quot;fail&quot;:false,&quot;pending&quot;:false,&quot;code&quot;:&quot;const val1 = null\nconst val2 = null\nassert.equal(eq(val1, val2), true);&quot;,&quot;err&quot;:{},&quot;uuid&quot;:&quot;49a4e21a-990d-4a1f-ad1a-b52f750764e9&quot;,&quot;parentUUID&quot;:&quot;f463d04f-bf84-44f8-950d-0f8e35a50114&quot;,&quot;isHook&quot;:false,&quot;skipped&quot;:false},{&quot;title&quot;:&quot;It should be true if array is compared to itself&quot;,&quot;fullTitle&quot;:&quot;Positive testing for eq.js It should be true if array is compared to itself&quot;,&quot;timedOut&quot;:false,&quot;duration&quot;:0,&quot;state&quot;:&quot;passed&quot;,&quot;speed&quot;:&quot;fast&quot;,&quot;pass&quot;:true,&quot;fail&quot;:false,&quot;pending&quot;:false,&quot;code&quot;:&quot;const arr = []\nassert.equal(eq(arr, arr), true);&quot;,&quot;err&quot;:{},&quot;uuid&quot;:&quot;5de1f973-15c5-4f29-99ae-41092a6c9b10&quot;,&quot;parentUUID&quot;:&quot;f463d04f-bf84-44f8-950d-0f8e35a50114&quot;,&quot;isHook&quot;:false,&quot;skipped&quot;:false},{&quot;title&quot;:&quot;It should be false if two different arrays are compared&quot;,&quot;fullTitle&quot;:&quot;Positive testing for eq.js It should be false if two different arrays are compared&quot;,&quot;timedOut&quot;:false,&quot;duration&quot;:0,&quot;state&quot;:&quot;passed&quot;,&quot;speed&quot;:&quot;fast&quot;,&quot;pass&quot;:true,&quot;fail&quot;:false,&quot;pending&quot;:false,&quot;code&quot;:&quot;const arr1 = [1,2,3,4]\nconst arr2 = [1,2,3]\nassert.equal(eq(arr1, arr2), false);&quot;,&quot;err&quot;:{},&quot;uuid&quot;:&quot;0fc27b3f-3ba3-4f62-829f-c8227aa34738&quot;,&quot;parentUUID&quot;:&quot;f463d04f-bf84-44f8-950d-0f8e35a50114&quot;,&quot;isHook&quot;:false,&quot;skipped&quot;:false},{&quot;title&quot;:&quot;It should be true if class is compared to itself&quot;,&quot;fullTitle&quot;:&quot;Positive testing for eq.js It should be true if class is compared to itself&quot;,&quot;timedOut&quot;:false,&quot;duration&quot;:0,&quot;state&quot;:&quot;passed&quot;,&quot;speed&quot;:&quot;fast&quot;,&quot;pass&quot;:true,&quot;fail&quot;:false,&quot;pending&quot;:false,&quot;code&quot;:&quot;class A {}\nassert.equal(eq(A, A), true);&quot;,&quot;err&quot;:{},&quot;uuid&quot;:&quot;a4c9881d-ec1a-4e35-97a0-09342ade85f3&quot;,&quot;parentUUID&quot;:&quot;f463d04f-bf84-44f8-950d-0f8e35a50114&quot;,&quot;isHook&quot;:false,&quot;skipped&quot;:false},{&quot;title&quot;:&quot;It should be false if two different classes are compared&quot;,&quot;fullTitle&quot;:&quot;Positive testing for eq.js It should be false if two different classes are compared&quot;,&quot;timedOut&quot;:false,&quot;duration&quot;:0,&quot;state&quot;:&quot;passed&quot;,&quot;speed&quot;:&quot;fast&quot;,&quot;pass&quot;:true,&quot;fail&quot;:false,&quot;pending&quot;:false,&quot;code&quot;:&quot;class A {\n    constructor(value) {\n        this.value = value;\n    }\n}\nclass B {\n    constructor(value) {\n        this.value = value;\n    }\n}\nassert.equal(eq(A, B), false);&quot;,&quot;err&quot;:{},&quot;uuid&quot;:&quot;b3324fca-56f6-4bca-9711-655a50700f1b&quot;,&quot;parentUUID&quot;:&quot;f463d04f-bf84-44f8-950d-0f8e35a50114&quot;,&quot;isHook&quot;:false,&quot;skipped&quot;:false},{&quot;title&quot;:&quot;It should be true when comparing true to true&quot;,&quot;fullTitle&quot;:&quot;Positive testing for eq.js It should be true when comparing true to true&quot;,&quot;timedOut&quot;:false,&quot;duration&quot;:0,&quot;state&quot;:&quot;passed&quot;,&quot;speed&quot;:&quot;fast&quot;,&quot;pass&quot;:true,&quot;fail&quot;:false,&quot;pending&quot;:false,&quot;code&quot;:&quot;const bool1 = true\nconst bool2 = true\nassert.equal(eq(bool1, bool2), true);&quot;,&quot;err&quot;:{},&quot;uuid&quot;:&quot;752e682a-a0db-4cb2-b9f0-cafbf667ce4a&quot;,&quot;parentUUID&quot;:&quot;f463d04f-bf84-44f8-950d-0f8e35a50114&quot;,&quot;isHook&quot;:false,&quot;skipped&quot;:false},{&quot;title&quot;:&quot;It should be true when comparing false to false&quot;,&quot;fullTitle&quot;:&quot;Positive testing for eq.js It should be true when comparing false to false&quot;,&quot;timedOut&quot;:false,&quot;duration&quot;:0,&quot;state&quot;:&quot;passed&quot;,&quot;speed&quot;:&quot;fast&quot;,&quot;pass&quot;:true,&quot;fail&quot;:false,&quot;pending&quot;:false,&quot;code&quot;:&quot;const bool1 = false\nconst bool2 = false\nassert.equal(eq(bool1, bool2), true);&quot;,&quot;err&quot;:{},&quot;uuid&quot;:&quot;5289c999-095e-4a95-8446-4235496a8c34&quot;,&quot;parentUUID&quot;:&quot;f463d04f-bf84-44f8-950d-0f8e35a50114&quot;,&quot;isHook&quot;:false,&quot;skipped&quot;:false},{&quot;title&quot;:&quot;It should be false when comparing false to true&quot;,&quot;fullTitle&quot;:&quot;Positive testing for eq.js It should be false when comparing false to true&quot;,&quot;timedOut&quot;:false,&quot;duration&quot;:0,&quot;state&quot;:&quot;passed&quot;,&quot;speed&quot;:&quot;fast&quot;,&quot;pass&quot;:true,&quot;fail&quot;:false,&quot;pending&quot;:false,&quot;code&quot;:&quot;const bool1 = true\nconst bool2 = false\nassert.equal(eq(bool1, bool2), false);&quot;,&quot;err&quot;:{},&quot;uuid&quot;:&quot;75f048a7-f8d8-49d2-bb38-f376b8cfcadd&quot;,&quot;parentUUID&quot;:&quot;f463d04f-bf84-44f8-950d-0f8e35a50114&quot;,&quot;isHook&quot;:false,&quot;skipped&quot;:false},{&quot;title&quot;:&quot;It should be false when comparing different symbols&quot;,&quot;fullTitle&quot;:&quot;Positive testing for eq.js It should be false when comparing different symbols&quot;,&quot;timedOut&quot;:false,&quot;duration&quot;:0,&quot;state&quot;:&quot;passed&quot;,&quot;speed&quot;:&quot;fast&quot;,&quot;pass&quot;:true,&quot;fail&quot;:false,&quot;pending&quot;:false,&quot;code&quot;:&quot;const symb1 = Symbol(&#x27;fool&#x27;)\nconst symb2 = Symbol(&#x27;fool&#x27;)\nassert.equal(eq(symb1, symb2), false);&quot;,&quot;err&quot;:{},&quot;uuid&quot;:&quot;bb28b92d-299b-45c6-982f-7a99b512efcd&quot;,&quot;parentUUID&quot;:&quot;f463d04f-bf84-44f8-950d-0f8e35a50114&quot;,&quot;isHook&quot;:false,&quot;skipped&quot;:false},{&quot;title&quot;:&quot;It should be true when comparing symbol to itself&quot;,&quot;fullTitle&quot;:&quot;Positive testing for eq.js It should be true when comparing symbol to itself&quot;,&quot;timedOut&quot;:false,&quot;duration&quot;:0,&quot;state&quot;:&quot;passed&quot;,&quot;speed&quot;:&quot;fast&quot;,&quot;pass&quot;:true,&quot;fail&quot;:false,&quot;pending&quot;:false,&quot;code&quot;:&quot;const symb = Symbol()\nassert.equal(eq(symb, symb), true);&quot;,&quot;err&quot;:{},&quot;uuid&quot;:&quot;98665366-a4d4-4359-9a94-396940722771&quot;,&quot;parentUUID&quot;:&quot;f463d04f-bf84-44f8-950d-0f8e35a50114&quot;,&quot;isHook&quot;:false,&quot;skipped&quot;:false},{&quot;title&quot;:&quot;It should be false when comparing string to other types&quot;,&quot;fullTitle&quot;:&quot;Positive testing for eq.js It should be false when comparing string to other types&quot;,&quot;timedOut&quot;:false,&quot;duration&quot;:0,&quot;state&quot;:&quot;failed&quot;,&quot;pass&quot;:false,&quot;fail&quot;:true,&quot;pending&quot;:false,&quot;code&quot;:&quot;const str1 = \&quot;1\&quot;;\nconst int1 = 1;\nassert.equal(eq(str1, int1), false);&quot;,&quot;err&quot;:{&quot;message&quot;:&quot;AssertionError: expected true to equal false&quot;,&quot;estack&quot;:&quot;AssertionError: expected true to equal false\n    at Context.&lt;anonymous&gt; (file:///home/elmeripk/sw_testing_gw/test/eqTest.js:144:16)\n    at process.processImmediate (node:internal/timers:511:21)&quot;,&quot;diff&quot;:&quot;- true\n+ false\n&quot;},&quot;uuid&quot;:&quot;97a6c2d9-f9db-48dd-99ac-842dc73ef96f&quot;,&quot;parentUUID&quot;:&quot;f463d04f-bf84-44f8-950d-0f8e35a50114&quot;,&quot;isHook&quot;:false,&quot;skipped&quot;:false},{&quot;title&quot;:&quot;It should be false when object or list is compared to other types&quot;,&quot;fullTitle&quot;:&quot;Positive testing for eq.js It should be false when object or list is compared to other types&quot;,&quot;timedOut&quot;:false,&quot;duration&quot;:1,&quot;state&quot;:&quot;passed&quot;,&quot;speed&quot;:&quot;fast&quot;,&quot;pass&quot;:true,&quot;fail&quot;:false,&quot;pending&quot;:false,&quot;code&quot;:&quot;const object = { &#x27;a&#x27;: 1 }\nconst list = [1,2,3];\nassert.equal(eq(object, list), false);&quot;,&quot;err&quot;:{},&quot;uuid&quot;:&quot;240461bb-3f4e-4dec-85f7-209dc4b4a0c9&quot;,&quot;parentUUID&quot;:&quot;f463d04f-bf84-44f8-950d-0f8e35a50114&quot;,&quot;isHook&quot;:false,&quot;skipped&quot;:false},{&quot;title&quot;:&quot;It should be false when class or undefined is compared to other types&quot;,&quot;fullTitle&quot;:&quot;Positive testing for eq.js It should be false when class or undefined is compared to other types&quot;,&quot;timedOut&quot;:false,&quot;duration&quot;:0,&quot;state&quot;:&quot;passed&quot;,&quot;speed&quot;:&quot;fast&quot;,&quot;pass&quot;:true,&quot;fail&quot;:false,&quot;pending&quot;:false,&quot;code&quot;:&quot;class A {};\nconst val = undefined;\nassert.equal(eq(A, val), false);&quot;,&quot;err&quot;:{},&quot;uuid&quot;:&quot;3261fd7f-dd95-4aa3-afc6-3f2462381e84&quot;,&quot;parentUUID&quot;:&quot;f463d04f-bf84-44f8-950d-0f8e35a50114&quot;,&quot;isHook&quot;:false,&quot;skipped&quot;:false},{&quot;title&quot;:&quot;It should be false when NaN or null is compared to other types&quot;,&quot;fullTitle&quot;:&quot;Positive testing for eq.js It should be false when NaN or null is compared to other types&quot;,&quot;timedOut&quot;:false,&quot;duration&quot;:0,&quot;state&quot;:&quot;passed&quot;,&quot;speed&quot;:&quot;fast&quot;,&quot;pass&quot;:true,&quot;fail&quot;:false,&quot;pending&quot;:false,&quot;code&quot;:&quot;const val1 = NaN;\nconst val2 = null;\nassert.equal(eq(val1, val2), false);&quot;,&quot;err&quot;:{},&quot;uuid&quot;:&quot;ed1a0a01-ad4b-4364-8ae5-b199924279a5&quot;,&quot;parentUUID&quot;:&quot;f463d04f-bf84-44f8-950d-0f8e35a50114&quot;,&quot;isHook&quot;:false,&quot;skipped&quot;:false},{&quot;title&quot;:&quot;It should be false when boolean or symbol is compared to other types&quot;,&quot;fullTitle&quot;:&quot;Positive testing for eq.js It should be false when boolean or symbol is compared to other types&quot;,&quot;timedOut&quot;:false,&quot;duration&quot;:0,&quot;state&quot;:&quot;passed&quot;,&quot;speed&quot;:&quot;fast&quot;,&quot;pass&quot;:true,&quot;fail&quot;:false,&quot;pending&quot;:false,&quot;code&quot;:&quot;const val1 = true;\nconst val2 = Symbol(&#x27;fool&#x27;);\nassert.equal(eq(val1, val2), false);&quot;,&quot;err&quot;:{},&quot;uuid&quot;:&quot;9539a0bf-5a78-4f00-a8b4-b3f532bad527&quot;,&quot;parentUUID&quot;:&quot;f463d04f-bf84-44f8-950d-0f8e35a50114&quot;,&quot;isHook&quot;:false,&quot;skipped&quot;:false}],&quot;suites&quot;:[],&quot;passes&quot;:[&quot;33f44ce2-a735-4cbd-849a-fe48e6a3da79&quot;,&quot;edcff11f-1323-43d3-9a3e-9310bd8f8122&quot;,&quot;b06ee114-2dfb-4f97-9a42-14af33ea8a9f&quot;,&quot;39b91573-f03d-4cf2-8f62-1a8f79750ad2&quot;,&quot;d02f0dfc-2e95-4801-a534-f5483156e956&quot;,&quot;2769a663-0be0-45ca-a5ea-a1ba75fac86b&quot;,&quot;99aaeef7-e33d-4e56-bedf-31c236e27315&quot;,&quot;a7682718-0e72-41cd-a913-8894d4585e31&quot;,&quot;775cb5c1-5198-4ff2-b304-667f9a6c99d7&quot;,&quot;8951d503-d614-44ef-9adb-725ca20b94c5&quot;,&quot;a7862e72-c8d4-452d-8d31-544145aeb47d&quot;,&quot;5049ffa7-196e-424f-a812-d690463825ab&quot;,&quot;53db790b-3b6f-4628-94a4-ba3e48cded72&quot;,&quot;49a4e21a-990d-4a1f-ad1a-b52f750764e9&quot;,&quot;5de1f973-15c5-4f29-99ae-41092a6c9b10&quot;,&quot;0fc27b3f-3ba3-4f62-829f-c8227aa34738&quot;,&quot;a4c9881d-ec1a-4e35-97a0-09342ade85f3&quot;,&quot;b3324fca-56f6-4bca-9711-655a50700f1b&quot;,&quot;752e682a-a0db-4cb2-b9f0-cafbf667ce4a&quot;,&quot;5289c999-095e-4a95-8446-4235496a8c34&quot;,&quot;75f048a7-f8d8-49d2-bb38-f376b8cfcadd&quot;,&quot;bb28b92d-299b-45c6-982f-7a99b512efcd&quot;,&quot;98665366-a4d4-4359-9a94-396940722771&quot;,&quot;240461bb-3f4e-4dec-85f7-209dc4b4a0c9&quot;,&quot;3261fd7f-dd95-4aa3-afc6-3f2462381e84&quot;,&quot;ed1a0a01-ad4b-4364-8ae5-b199924279a5&quot;,&quot;9539a0bf-5a78-4f00-a8b4-b3f532bad527&quot;],&quot;failures&quot;:[&quot;97a6c2d9-f9db-48dd-99ac-842dc73ef96f&quot;],&quot;pending&quot;:[],&quot;skipped&quot;:[],&quot;duration&quot;:2,&quot;root&quot;:false,&quot;rootEmpty&quot;:false,&quot;_timeout&quot;:2000},{&quot;uuid&quot;:&quot;d12f1b2d-6693-422c-b6de-e950a2460b9b&quot;,&quot;title&quot;:&quot;Positive test cases for filter.js&quot;,&quot;fullFile&quot;:&quot;/home/elmeripk/sw_testing_gw/test/filterTest.js&quot;,&quot;file&quot;:&quot;/test/filterTest.js&quot;,&quot;beforeHooks&quot;:[],&quot;afterHooks&quot;:[],&quot;tests&quot;:[{&quot;title&quot;:&quot;Should filter out elements correctly for simple array&quot;,&quot;fullTitle&quot;:&quot;Positive test cases for filter.js Should filter out elements correctly for simple array&quot;,&quot;timedOut&quot;:false,&quot;duration&quot;:1,&quot;state&quot;:&quot;passed&quot;,&quot;speed&quot;:&quot;fast&quot;,&quot;pass&quot;:true,&quot;fail&quot;:false,&quot;pending&quot;:false,&quot;code&quot;:&quot;const array = [1, 2, 3, 4, 5, 6];\n        const excpectedOutput = [1, 2];\n        const actualOutput = filter(array, (value) =&gt; value &lt; 3);\n        //https://stackoverflow.com/questions/51388975/comparing-an-array-object-to-string-using-mocha-chai\n        // https://stackoverflow.com/questions/13225274/the-difference-between-assert-equal-and-assert-deepequal-in-javascript-testing-w\n        assert.deepEqual(actualOutput, excpectedOutput);&quot;,&quot;err&quot;:{},&quot;uuid&quot;:&quot;19a5acfa-2717-4245-9601-c991a56dc0d2&quot;,&quot;parentUUID&quot;:&quot;d12f1b2d-6693-422c-b6de-e950a2460b9b&quot;,&quot;isHook&quot;:false,&quot;skipped&quot;:false},{&quot;title&quot;:&quot;Should leave array unchanged if all elements pass the predicate&quot;,&quot;fullTitle&quot;:&quot;Positive test cases for filter.js Should leave array unchanged if all elements pass the predicate&quot;,&quot;timedOut&quot;:false,&quot;duration&quot;:0,&quot;state&quot;:&quot;passed&quot;,&quot;speed&quot;:&quot;fast&quot;,&quot;pass&quot;:true,&quot;fail&quot;:false,&quot;pending&quot;:false,&quot;code&quot;:&quot;const array = [1, 2, 3];\n        const excpectedOutput = [1, 2, 3];\n        const actualOutput = filter(array, (value) =&gt; value &lt; 4);\n        assert.deepEqual(actualOutput, excpectedOutput);&quot;,&quot;err&quot;:{},&quot;uuid&quot;:&quot;3c15eb3e-9e3d-4bda-880c-c338bfdc57b2&quot;,&quot;parentUUID&quot;:&quot;d12f1b2d-6693-422c-b6de-e950a2460b9b&quot;,&quot;isHook&quot;:false,&quot;skipped&quot;:false},{&quot;title&quot;:&quot;Should return empty array if no elements pass the predicate&quot;,&quot;fullTitle&quot;:&quot;Positive test cases for filter.js Should return empty array if no elements pass the predicate&quot;,&quot;timedOut&quot;:false,&quot;duration&quot;:0,&quot;state&quot;:&quot;failed&quot;,&quot;pass&quot;:false,&quot;fail&quot;:true,&quot;pending&quot;:false,&quot;code&quot;:&quot;const array = [4, 5, 6];\n        const excpectedOutput = [];\n        const actualOutput = filter(array, (value) =&gt; value &lt; 4);\n        assert.deepEqual(actualOutput, excpectedOutput);&quot;,&quot;err&quot;:{&quot;message&quot;:&quot;AssertionError: expected [ [] ] to deeply equal []&quot;,&quot;estack&quot;:&quot;AssertionError: expected [ [] ] to deeply equal []\n    at Context.&lt;anonymous&gt; (file:///home/elmeripk/sw_testing_gw/test/filterTest.js:32:16)\n    at process.processImmediate (node:internal/timers:511:21)&quot;,&quot;diff&quot;:&quot;- [\n-   []\n- ]\n+ []\n&quot;},&quot;uuid&quot;:&quot;da5abfcb-acf3-4cd6-a884-b120b2bb1373&quot;,&quot;parentUUID&quot;:&quot;d12f1b2d-6693-422c-b6de-e950a2460b9b&quot;,&quot;isHook&quot;:false,&quot;skipped&quot;:false},{&quot;title&quot;:&quot;Should work correctly with an empty array&quot;,&quot;fullTitle&quot;:&quot;Positive test cases for filter.js Should work correctly with an empty array&quot;,&quot;timedOut&quot;:false,&quot;duration&quot;:0,&quot;state&quot;:&quot;failed&quot;,&quot;pass&quot;:false,&quot;fail&quot;:true,&quot;pending&quot;:false,&quot;code&quot;:&quot;const array = [];\n        const excpectedOutput = [];\n        const actualOutput = filter(array, (value) =&gt; value &lt; 4);\n        assert.deepEqual(actualOutput, excpectedOutput);&quot;,&quot;err&quot;:{&quot;message&quot;:&quot;AssertionError: expected [ [] ] to deeply equal []&quot;,&quot;estack&quot;:&quot;AssertionError: expected [ [] ] to deeply equal []\n    at Context.&lt;anonymous&gt; (file:///home/elmeripk/sw_testing_gw/test/filterTest.js:41:16)\n    at process.processImmediate (node:internal/timers:511:21)&quot;,&quot;diff&quot;:&quot;- [\n-   []\n- ]\n+ []\n&quot;},&quot;uuid&quot;:&quot;e2667d04-48a1-482d-bd33-9b7d1899b052&quot;,&quot;parentUUID&quot;:&quot;d12f1b2d-6693-422c-b6de-e950a2460b9b&quot;,&quot;isHook&quot;:false,&quot;skipped&quot;:false},{&quot;title&quot;:&quot;Should filter objects based on property values&quot;,&quot;fullTitle&quot;:&quot;Positive test cases for filter.js Should filter objects based on property values&quot;,&quot;timedOut&quot;:false,&quot;duration&quot;:1,&quot;state&quot;:&quot;passed&quot;,&quot;speed&quot;:&quot;fast&quot;,&quot;pass&quot;:true,&quot;fail&quot;:false,&quot;pending&quot;:false,&quot;code&quot;:&quot;const array = [{\&quot;name\&quot;: \&quot;Pekka\&quot;, \&quot;age\&quot;: 25}, {\&quot;name\&quot;: \&quot;Jari\&quot;, \&quot;age\&quot;: 30}, {\&quot;name\&quot;: \&quot;Linda\&quot;, \&quot;age\&quot;: 22}];\n        const excpectedOutput = [{\&quot;name\&quot;: \&quot;Pekka\&quot;, \&quot;age\&quot;: 25}, {\&quot;name\&quot;: \&quot;Linda\&quot;, \&quot;age\&quot;: 22}];\n        const actualOutput = filter(array, (value) =&gt; value.age &lt; 30);\n        assert.deepEqual(actualOutput, excpectedOutput);&quot;,&quot;err&quot;:{},&quot;uuid&quot;:&quot;b5927ae2-bd3c-4953-98a4-c09dd18995ed&quot;,&quot;parentUUID&quot;:&quot;d12f1b2d-6693-422c-b6de-e950a2460b9b&quot;,&quot;isHook&quot;:false,&quot;skipped&quot;:false},{&quot;title&quot;:&quot;Should work correctly with object destructuring in predicate&quot;,&quot;fullTitle&quot;:&quot;Positive test cases for filter.js Should work correctly with object destructuring in predicate&quot;,&quot;timedOut&quot;:false,&quot;duration&quot;:0,&quot;state&quot;:&quot;passed&quot;,&quot;speed&quot;:&quot;fast&quot;,&quot;pass&quot;:true,&quot;fail&quot;:false,&quot;pending&quot;:false,&quot;code&quot;:&quot;const array = [{\&quot;name\&quot;: \&quot;Pekka\&quot;, \&quot;age\&quot;: 25}, {\&quot;name\&quot;: \&quot;Jari\&quot;, \&quot;age\&quot;: 30}, {\&quot;name\&quot;: \&quot;Linda\&quot;, \&quot;age\&quot;: 22}];\n        const excpectedOutput = [{\&quot;name\&quot;: \&quot;Pekka\&quot;, \&quot;age\&quot;: 25}, {\&quot;name\&quot;: \&quot;Linda\&quot;, \&quot;age\&quot;: 22}];\n        const actualOutput = filter(array, ({age}) =&gt; age &lt; 30);\n        assert.deepEqual(actualOutput, excpectedOutput);&quot;,&quot;err&quot;:{},&quot;uuid&quot;:&quot;72ef089f-6e66-478d-9f95-d415081cdff6&quot;,&quot;parentUUID&quot;:&quot;d12f1b2d-6693-422c-b6de-e950a2460b9b&quot;,&quot;isHook&quot;:false,&quot;skipped&quot;:false},{&quot;title&quot;:&quot;Should work correctly when array contains a single element&quot;,&quot;fullTitle&quot;:&quot;Positive test cases for filter.js Should work correctly when array contains a single element&quot;,&quot;timedOut&quot;:false,&quot;duration&quot;:0,&quot;state&quot;:&quot;passed&quot;,&quot;speed&quot;:&quot;fast&quot;,&quot;pass&quot;:true,&quot;fail&quot;:false,&quot;pending&quot;:false,&quot;code&quot;:&quot;const array = [5];\n        const excpectedOutput = [5];\n        const actualOutput = filter(array, (value) =&gt; value &gt; 0);\n        assert.deepEqual(actualOutput, excpectedOutput);&quot;,&quot;err&quot;:{},&quot;uuid&quot;:&quot;a2b90d6d-60b0-44cc-8b31-554530aeb148&quot;,&quot;parentUUID&quot;:&quot;d12f1b2d-6693-422c-b6de-e950a2460b9b&quot;,&quot;isHook&quot;:false,&quot;skipped&quot;:false},{&quot;title&quot;:&quot;Should work correctly when array contains null, undefined, and NaN values&quot;,&quot;fullTitle&quot;:&quot;Positive test cases for filter.js Should work correctly when array contains null, undefined, and NaN values&quot;,&quot;timedOut&quot;:false,&quot;duration&quot;:0,&quot;state&quot;:&quot;passed&quot;,&quot;speed&quot;:&quot;fast&quot;,&quot;pass&quot;:true,&quot;fail&quot;:false,&quot;pending&quot;:false,&quot;code&quot;:&quot;const array = [null, undefined, NaN, 1, 2, 3];\n        const excpectedOutput = [1, 2, 3];\n        const actualOutput = filter(array, (value) =&gt; value &gt; 0);\n        assert.deepEqual(actualOutput, excpectedOutput);&quot;,&quot;err&quot;:{},&quot;uuid&quot;:&quot;337d4e1d-5817-48d0-be2d-7619bd495fe2&quot;,&quot;parentUUID&quot;:&quot;d12f1b2d-6693-422c-b6de-e950a2460b9b&quot;,&quot;isHook&quot;:false,&quot;skipped&quot;:false}],&quot;suites&quot;:[],&quot;passes&quot;:[&quot;19a5acfa-2717-4245-9601-c991a56dc0d2&quot;,&quot;3c15eb3e-9e3d-4bda-880c-c338bfdc57b2&quot;,&quot;b5927ae2-bd3c-4953-98a4-c09dd18995ed&quot;,&quot;72ef089f-6e66-478d-9f95-d415081cdff6&quot;,&quot;a2b90d6d-60b0-44cc-8b31-554530aeb148&quot;,&quot;337d4e1d-5817-48d0-be2d-7619bd495fe2&quot;],&quot;failures&quot;:[&quot;da5abfcb-acf3-4cd6-a884-b120b2bb1373&quot;,&quot;e2667d04-48a1-482d-bd33-9b7d1899b052&quot;],&quot;pending&quot;:[],&quot;skipped&quot;:[],&quot;duration&quot;:2,&quot;root&quot;:false,&quot;rootEmpty&quot;:false,&quot;_timeout&quot;:2000},{&quot;uuid&quot;:&quot;3761c9be-4ee5-48bf-9e90-5220a3772911&quot;,&quot;title&quot;:&quot;Negative test cases for filter.js&quot;,&quot;fullFile&quot;:&quot;/home/elmeripk/sw_testing_gw/test/filterTest.js&quot;,&quot;file&quot;:&quot;/test/filterTest.js&quot;,&quot;beforeHooks&quot;:[],&quot;afterHooks&quot;:[],&quot;tests&quot;:[{&quot;title&quot;:&quot;Should return empty array when predicate is not a function&quot;,&quot;fullTitle&quot;:&quot;Negative test cases for filter.js Should return empty array when predicate is not a function&quot;,&quot;timedOut&quot;:false,&quot;duration&quot;:1,&quot;state&quot;:&quot;failed&quot;,&quot;pass&quot;:false,&quot;fail&quot;:true,&quot;pending&quot;:false,&quot;code&quot;:&quot;const array = [1, 2, 3];\nassert.deepEqual([], filter(array, 111));&quot;,&quot;err&quot;:{&quot;message&quot;:&quot;TypeError: predicate is not a function&quot;,&quot;estack&quot;:&quot;TypeError: predicate is not a function\n    at filter (file:///home/elmeripk/sw_testing_gw/src/filter.js:32:9)\n    at Context.&lt;anonymous&gt; (file:///home/elmeripk/sw_testing_gw/test/filterTest.js:90:30)\n    at process.processImmediate (node:internal/timers:511:21)&quot;},&quot;uuid&quot;:&quot;a05e10ea-85c4-4bbe-83b7-7c73ad05b3cf&quot;,&quot;parentUUID&quot;:&quot;3761c9be-4ee5-48bf-9e90-5220a3772911&quot;,&quot;isHook&quot;:false,&quot;skipped&quot;:false},{&quot;title&quot;:&quot;Should return empty array when the iterable is undefined&quot;,&quot;fullTitle&quot;:&quot;Negative test cases for filter.js Should return empty array when the iterable is undefined&quot;,&quot;timedOut&quot;:false,&quot;duration&quot;:0,&quot;state&quot;:&quot;failed&quot;,&quot;pass&quot;:false,&quot;fail&quot;:true,&quot;pending&quot;:false,&quot;code&quot;:&quot;const array = undefined;\nconst excpectedOutput = [];\nconst actualOutput = filter(array, (value) =&gt; value &gt; 0);\nassert.deepEqual(actualOutput, excpectedOutput);&quot;,&quot;err&quot;:{&quot;message&quot;:&quot;AssertionError: expected [ [] ] to deeply equal []&quot;,&quot;estack&quot;:&quot;AssertionError: expected [ [] ] to deeply equal []\n    at Context.&lt;anonymous&gt; (file:///home/elmeripk/sw_testing_gw/test/filterTest.js:98:16)\n    at process.processImmediate (node:internal/timers:511:21)&quot;,&quot;diff&quot;:&quot;- [\n-   []\n- ]\n+ []\n&quot;},&quot;uuid&quot;:&quot;708b4a04-caa9-4378-a873-a4de405a07a6&quot;,&quot;parentUUID&quot;:&quot;3761c9be-4ee5-48bf-9e90-5220a3772911&quot;,&quot;isHook&quot;:false,&quot;skipped&quot;:false},{&quot;title&quot;:&quot;Should return empty array when the iterable is null&quot;,&quot;fullTitle&quot;:&quot;Negative test cases for filter.js Should return empty array when the iterable is null&quot;,&quot;timedOut&quot;:false,&quot;duration&quot;:0,&quot;state&quot;:&quot;failed&quot;,&quot;pass&quot;:false,&quot;fail&quot;:true,&quot;pending&quot;:false,&quot;code&quot;:&quot;const array = null;\nconst excpectedOutput = [];\nconst actualOutput = filter(array, (value) =&gt; value &gt; 0);\nassert.deepEqual(actualOutput, excpectedOutput);&quot;,&quot;err&quot;:{&quot;message&quot;:&quot;AssertionError: expected [ [] ] to deeply equal []&quot;,&quot;estack&quot;:&quot;AssertionError: expected [ [] ] to deeply equal []\n    at Context.&lt;anonymous&gt; (file:///home/elmeripk/sw_testing_gw/test/filterTest.js:106:16)\n    at process.processImmediate (node:internal/timers:511:21)&quot;,&quot;diff&quot;:&quot;- [\n-   []\n- ]\n+ []\n&quot;},&quot;uuid&quot;:&quot;1d69b76a-848f-434e-96e5-c03e6873a7d6&quot;,&quot;parentUUID&quot;:&quot;3761c9be-4ee5-48bf-9e90-5220a3772911&quot;,&quot;isHook&quot;:false,&quot;skipped&quot;:false}],&quot;suites&quot;:[],&quot;passes&quot;:[],&quot;failures&quot;:[&quot;a05e10ea-85c4-4bbe-83b7-7c73ad05b3cf&quot;,&quot;708b4a04-caa9-4378-a873-a4de405a07a6&quot;,&quot;1d69b76a-848f-434e-96e5-c03e6873a7d6&quot;],&quot;pending&quot;:[],&quot;skipped&quot;:[],&quot;duration&quot;:1,&quot;root&quot;:false,&quot;rootEmpty&quot;:false,&quot;_timeout&quot;:2000},{&quot;uuid&quot;:&quot;0f927d05-59cc-4b89-8749-f248ce49c791&quot;,&quot;title&quot;:&quot;Positive test cases for reduce.js&quot;,&quot;fullFile&quot;:&quot;/home/elmeripk/sw_testing_gw/test/reduceTest.js&quot;,&quot;file&quot;:&quot;/test/reduceTest.js&quot;,&quot;beforeHooks&quot;:[],&quot;afterHooks&quot;:[],&quot;tests&quot;:[{&quot;title&quot;:&quot;Should reduce a simple array of numbers to their sum&quot;,&quot;fullTitle&quot;:&quot;Positive test cases for reduce.js Should reduce a simple array of numbers to their sum&quot;,&quot;timedOut&quot;:false,&quot;duration&quot;:0,&quot;state&quot;:&quot;passed&quot;,&quot;speed&quot;:&quot;fast&quot;,&quot;pass&quot;:true,&quot;fail&quot;:false,&quot;pending&quot;:false,&quot;code&quot;:&quot;const array = [1, 2, 3, 4];\nassert.equal(10, reduce(array, (acc, curr, key) =&gt; acc + curr, 0));&quot;,&quot;err&quot;:{},&quot;uuid&quot;:&quot;9dd5f40c-391f-4b6a-b036-f2dbcae7b0b1&quot;,&quot;parentUUID&quot;:&quot;0f927d05-59cc-4b89-8749-f248ce49c791&quot;,&quot;isHook&quot;:false,&quot;skipped&quot;:false},{&quot;title&quot;:&quot;Should use the first element as the initial accumulator when no initial value is provided&quot;,&quot;fullTitle&quot;:&quot;Positive test cases for reduce.js Should use the first element as the initial accumulator when no initial value is provided&quot;,&quot;timedOut&quot;:false,&quot;duration&quot;:0,&quot;state&quot;:&quot;passed&quot;,&quot;speed&quot;:&quot;fast&quot;,&quot;pass&quot;:true,&quot;fail&quot;:false,&quot;pending&quot;:false,&quot;code&quot;:&quot;const array = [1, 2, 3, 4];\nassert.equal(10, reduce(array, (acc, curr,key) =&gt; acc + curr));&quot;,&quot;err&quot;:{},&quot;uuid&quot;:&quot;281b1547-64d8-49dc-af01-48c3c5dda617&quot;,&quot;parentUUID&quot;:&quot;0f927d05-59cc-4b89-8749-f248ce49c791&quot;,&quot;isHook&quot;:false,&quot;skipped&quot;:false},{&quot;title&quot;:&quot;Should return the accumulator when reducing an empty array with an initial value&quot;,&quot;fullTitle&quot;:&quot;Positive test cases for reduce.js Should return the accumulator when reducing an empty array with an initial value&quot;,&quot;timedOut&quot;:false,&quot;duration&quot;:0,&quot;state&quot;:&quot;passed&quot;,&quot;speed&quot;:&quot;fast&quot;,&quot;pass&quot;:true,&quot;fail&quot;:false,&quot;pending&quot;:false,&quot;code&quot;:&quot;assert.equal(5, reduce([], (acc, curr, key) =&gt; acc + curr, 5));&quot;,&quot;err&quot;:{},&quot;uuid&quot;:&quot;8971bacb-7be2-41a1-ab13-7f20d31cf00c&quot;,&quot;parentUUID&quot;:&quot;0f927d05-59cc-4b89-8749-f248ce49c791&quot;,&quot;isHook&quot;:false,&quot;skipped&quot;:false},{&quot;title&quot;:&quot;Should work with array of objects&quot;,&quot;fullTitle&quot;:&quot;Positive test cases for reduce.js Should work with array of objects&quot;,&quot;timedOut&quot;:false,&quot;duration&quot;:0,&quot;state&quot;:&quot;passed&quot;,&quot;speed&quot;:&quot;fast&quot;,&quot;pass&quot;:true,&quot;fail&quot;:false,&quot;pending&quot;:false,&quot;code&quot;:&quot;const array = [{\&quot;name\&quot;: \&quot;Pekka\&quot;, \&quot;age\&quot;: 25}, {\&quot;name\&quot;: \&quot;Jari\&quot;, \&quot;age\&quot;: 30}, {\&quot;name\&quot;: \&quot;Linda\&quot;, \&quot;age\&quot;: 22}];\nconst expected = [\&quot;Pekka\&quot;, \&quot;Jari\&quot;, \&quot;Linda\&quot;];\nassert.deepEqual(expected, reduce(array, (acc, curr) =&gt; {\n    acc.push(curr.name);\n    return acc;\n}, [])\n);&quot;,&quot;err&quot;:{},&quot;uuid&quot;:&quot;fc03219e-8868-4682-b1ec-74147c4767a5&quot;,&quot;parentUUID&quot;:&quot;0f927d05-59cc-4b89-8749-f248ce49c791&quot;,&quot;isHook&quot;:false,&quot;skipped&quot;:false},{&quot;title&quot;:&quot;Should work when item to iterate over is an object&quot;,&quot;fullTitle&quot;:&quot;Positive test cases for reduce.js Should work when item to iterate over is an object&quot;,&quot;timedOut&quot;:false,&quot;duration&quot;:0,&quot;state&quot;:&quot;passed&quot;,&quot;speed&quot;:&quot;fast&quot;,&quot;pass&quot;:true,&quot;fail&quot;:false,&quot;pending&quot;:false,&quot;code&quot;:&quot;const testObject = {\&quot;buyPrice\&quot;: 2, \&quot;sellPrice\&quot;: 5};\nassert.equal(7, reduce(testObject, (acc, curr, key) =&gt; acc + curr, 0));&quot;,&quot;err&quot;:{},&quot;uuid&quot;:&quot;e956d68f-f579-4303-a9a5-f95041287e0a&quot;,&quot;parentUUID&quot;:&quot;0f927d05-59cc-4b89-8749-f248ce49c791&quot;,&quot;isHook&quot;:false,&quot;skipped&quot;:false}],&quot;suites&quot;:[],&quot;passes&quot;:[&quot;9dd5f40c-391f-4b6a-b036-f2dbcae7b0b1&quot;,&quot;281b1547-64d8-49dc-af01-48c3c5dda617&quot;,&quot;8971bacb-7be2-41a1-ab13-7f20d31cf00c&quot;,&quot;fc03219e-8868-4682-b1ec-74147c4767a5&quot;,&quot;e956d68f-f579-4303-a9a5-f95041287e0a&quot;],&quot;failures&quot;:[],&quot;pending&quot;:[],&quot;skipped&quot;:[],&quot;duration&quot;:0,&quot;root&quot;:false,&quot;rootEmpty&quot;:false,&quot;_timeout&quot;:2000},{&quot;uuid&quot;:&quot;3e72c6a0-3bd4-4e3b-8d54-3c85767f0f85&quot;,&quot;title&quot;:&quot;Negative test cases for reduce.js&quot;,&quot;fullFile&quot;:&quot;/home/elmeripk/sw_testing_gw/test/reduceTest.js&quot;,&quot;file&quot;:&quot;/test/reduceTest.js&quot;,&quot;beforeHooks&quot;:[],&quot;afterHooks&quot;:[],&quot;tests&quot;:[{&quot;title&quot;:&quot;Should return undefined when empty array is used without any accumulator&quot;,&quot;fullTitle&quot;:&quot;Negative test cases for reduce.js Should return undefined when empty array is used without any accumulator&quot;,&quot;timedOut&quot;:false,&quot;duration&quot;:0,&quot;state&quot;:&quot;passed&quot;,&quot;speed&quot;:&quot;fast&quot;,&quot;pass&quot;:true,&quot;fail&quot;:false,&quot;pending&quot;:false,&quot;code&quot;:&quot;const result = reduce([], (acc, curr, key) =&gt; acc + curr);\nassert.equal(result, undefined);&quot;,&quot;err&quot;:{},&quot;uuid&quot;:&quot;4c32b132-ef74-4872-a020-a72d878846c9&quot;,&quot;parentUUID&quot;:&quot;3e72c6a0-3bd4-4e3b-8d54-3c85767f0f85&quot;,&quot;isHook&quot;:false,&quot;skipped&quot;:false},{&quot;title&quot;:&quot;Should return the initial accumulator when non-array/object is used as collection and accumulator is provided&quot;,&quot;fullTitle&quot;:&quot;Negative test cases for reduce.js Should return the initial accumulator when non-array/object is used as collection and accumulator is provided&quot;,&quot;timedOut&quot;:false,&quot;duration&quot;:0,&quot;state&quot;:&quot;passed&quot;,&quot;speed&quot;:&quot;fast&quot;,&quot;pass&quot;:true,&quot;fail&quot;:false,&quot;pending&quot;:false,&quot;code&quot;:&quot;const result = reduce(42, (acc, curr, key) =&gt; acc + curr, 10);\nassert.equal(result, 10);&quot;,&quot;err&quot;:{},&quot;uuid&quot;:&quot;f913f04b-b172-4138-835b-940fbe5339b5&quot;,&quot;parentUUID&quot;:&quot;3e72c6a0-3bd4-4e3b-8d54-3c85767f0f85&quot;,&quot;isHook&quot;:false,&quot;skipped&quot;:false},{&quot;title&quot;:&quot;Should return undefined when non-array/object is used as collection and no accumulator is provided&quot;,&quot;fullTitle&quot;:&quot;Negative test cases for reduce.js Should return undefined when non-array/object is used as collection and no accumulator is provided&quot;,&quot;timedOut&quot;:false,&quot;duration&quot;:0,&quot;state&quot;:&quot;passed&quot;,&quot;speed&quot;:&quot;fast&quot;,&quot;pass&quot;:true,&quot;fail&quot;:false,&quot;pending&quot;:false,&quot;code&quot;:&quot;const result = reduce(42, (acc, curr, key) =&gt; acc + curr);\nassert.equal(result, undefined);&quot;,&quot;err&quot;:{},&quot;uuid&quot;:&quot;c80f8a96-9a4f-466f-8e8a-eaf571898a44&quot;,&quot;parentUUID&quot;:&quot;3e72c6a0-3bd4-4e3b-8d54-3c85767f0f85&quot;,&quot;isHook&quot;:false,&quot;skipped&quot;:false},{&quot;title&quot;:&quot;Should return undefined when trying to use a null array&quot;,&quot;fullTitle&quot;:&quot;Negative test cases for reduce.js Should return undefined when trying to use a null array&quot;,&quot;timedOut&quot;:false,&quot;duration&quot;:1,&quot;state&quot;:&quot;passed&quot;,&quot;speed&quot;:&quot;fast&quot;,&quot;pass&quot;:true,&quot;fail&quot;:false,&quot;pending&quot;:false,&quot;code&quot;:&quot;const result = reduce(null, (acc, curr, key) =&gt; acc + curr);\n assert.equal(result, undefined);&quot;,&quot;err&quot;:{},&quot;uuid&quot;:&quot;e05f619a-482f-4070-b0f0-802176d0e630&quot;,&quot;parentUUID&quot;:&quot;3e72c6a0-3bd4-4e3b-8d54-3c85767f0f85&quot;,&quot;isHook&quot;:false,&quot;skipped&quot;:false},{&quot;title&quot;:&quot;Should return undefined when trying to use undefined array&quot;,&quot;fullTitle&quot;:&quot;Negative test cases for reduce.js Should return undefined when trying to use undefined array&quot;,&quot;timedOut&quot;:false,&quot;duration&quot;:0,&quot;state&quot;:&quot;passed&quot;,&quot;speed&quot;:&quot;fast&quot;,&quot;pass&quot;:true,&quot;fail&quot;:false,&quot;pending&quot;:false,&quot;code&quot;:&quot;const result = reduce(undefined, (acc, curr, key) =&gt; acc + curr);\nassert.equal(result, undefined);&quot;,&quot;err&quot;:{},&quot;uuid&quot;:&quot;6e3eb2c2-49ba-459c-8bbf-6028858ff50d&quot;,&quot;parentUUID&quot;:&quot;3e72c6a0-3bd4-4e3b-8d54-3c85767f0f85&quot;,&quot;isHook&quot;:false,&quot;skipped&quot;:false},{&quot;title&quot;:&quot;Should return undefined when a non-function is used as iteratee&quot;,&quot;fullTitle&quot;:&quot;Negative test cases for reduce.js Should return undefined when a non-function is used as iteratee&quot;,&quot;timedOut&quot;:false,&quot;duration&quot;:0,&quot;state&quot;:&quot;failed&quot;,&quot;pass&quot;:false,&quot;fail&quot;:true,&quot;pending&quot;:false,&quot;code&quot;:&quot;const array = [1, 2, 3];\nconst result = reduce(array, null, 0);\nassert.equal(result, undefined);&quot;,&quot;err&quot;:{&quot;message&quot;:&quot;TypeError: iteratee is not a function&quot;,&quot;estack&quot;:&quot;TypeError: iteratee is not a function\n    at arrayReduce (file:///home/elmeripk/sw_testing_gw/src/.internal/arrayReduce.js:20:19)\n    at reduce (file:///home/elmeripk/sw_testing_gw/src/reduce.js:41:10)\n    at Context.&lt;anonymous&gt; (file:///home/elmeripk/sw_testing_gw/test/reduceTest.js:72:24)\n    at process.processImmediate (node:internal/timers:511:21)&quot;},&quot;uuid&quot;:&quot;5c0327ce-3003-4c70-a690-06a9f1027708&quot;,&quot;parentUUID&quot;:&quot;3e72c6a0-3bd4-4e3b-8d54-3c85767f0f85&quot;,&quot;isHook&quot;:false,&quot;skipped&quot;:false},{&quot;title&quot;:&quot;Should return joined string when array contains undefined values and string values and no initial accumulator is provided&quot;,&quot;fullTitle&quot;:&quot;Negative test cases for reduce.js Should return joined string when array contains undefined values and string values and no initial accumulator is provided&quot;,&quot;timedOut&quot;:false,&quot;duration&quot;:0,&quot;state&quot;:&quot;passed&quot;,&quot;speed&quot;:&quot;fast&quot;,&quot;pass&quot;:true,&quot;fail&quot;:false,&quot;pending&quot;:false,&quot;code&quot;:&quot;const array = [\&quot;test1\&quot;, \&quot;test2\&quot;, undefined];\nconst result = reduce(array, (acc, curr, key) =&gt; acc + curr);\nassert.equal(result, \&quot;test1test2undefined\&quot;);&quot;,&quot;err&quot;:{},&quot;uuid&quot;:&quot;a4a1c1ac-2a8a-44ed-8f52-d925cc6bd595&quot;,&quot;parentUUID&quot;:&quot;3e72c6a0-3bd4-4e3b-8d54-3c85767f0f85&quot;,&quot;isHook&quot;:false,&quot;skipped&quot;:false},{&quot;title&quot;:&quot;Should return NaN when array contains undefined values and numeric values and no initial accumulator is provided&quot;,&quot;fullTitle&quot;:&quot;Negative test cases for reduce.js Should return NaN when array contains undefined values and numeric values and no initial accumulator is provided&quot;,&quot;timedOut&quot;:false,&quot;duration&quot;:0,&quot;state&quot;:&quot;passed&quot;,&quot;speed&quot;:&quot;fast&quot;,&quot;pass&quot;:true,&quot;fail&quot;:false,&quot;pending&quot;:false,&quot;code&quot;:&quot;const array = [1, 2, undefined];\nconst result = reduce(array, (acc, curr, key) =&gt; acc + curr);\nassert.isNaN(result);&quot;,&quot;err&quot;:{},&quot;uuid&quot;:&quot;b7903c52-713a-4570-b9d3-3ff10fa5d8b1&quot;,&quot;parentUUID&quot;:&quot;3e72c6a0-3bd4-4e3b-8d54-3c85767f0f85&quot;,&quot;isHook&quot;:false,&quot;skipped&quot;:false}],&quot;suites&quot;:[],&quot;passes&quot;:[&quot;4c32b132-ef74-4872-a020-a72d878846c9&quot;,&quot;f913f04b-b172-4138-835b-940fbe5339b5&quot;,&quot;c80f8a96-9a4f-466f-8e8a-eaf571898a44&quot;,&quot;e05f619a-482f-4070-b0f0-802176d0e630&quot;,&quot;6e3eb2c2-49ba-459c-8bbf-6028858ff50d&quot;,&quot;a4a1c1ac-2a8a-44ed-8f52-d925cc6bd595&quot;,&quot;b7903c52-713a-4570-b9d3-3ff10fa5d8b1&quot;],&quot;failures&quot;:[&quot;5c0327ce-3003-4c70-a690-06a9f1027708&quot;],&quot;pending&quot;:[],&quot;skipped&quot;:[],&quot;duration&quot;:1,&quot;root&quot;:false,&quot;rootEmpty&quot;:false,&quot;_timeout&quot;:2000}],&quot;passes&quot;:[],&quot;failures&quot;:[],&quot;pending&quot;:[],&quot;skipped&quot;:[],&quot;duration&quot;:0,&quot;root&quot;:true,&quot;rootEmpty&quot;:true,&quot;_timeout&quot;:2000}],&quot;meta&quot;:{&quot;mocha&quot;:{&quot;version&quot;:&quot;11.7.5&quot;},&quot;mochawesome&quot;:{&quot;options&quot;:{&quot;quiet&quot;:false,&quot;reportFilename&quot;:&quot;mochawesome&quot;,&quot;saveHtml&quot;:true,&quot;saveJson&quot;:true,&quot;consoleReporter&quot;:&quot;spec&quot;,&quot;useInlineDiffs&quot;:false,&quot;code&quot;:true},&quot;version&quot;:&quot;7.1.4&quot;},&quot;marge&quot;:{&quot;version&quot;:&quot;6.3.2&quot;}}}" data-config="{&quot;reportFilename&quot;:&quot;mochawesome&quot;,&quot;reportDir&quot;:&quot;mochawesome-report&quot;,&quot;reportTitle&quot;:&quot;sw_testing_gw&quot;,&quot;reportPageTitle&quot;:&quot;Mochawesome Report&quot;,&quot;inline&quot;:false,&quot;inlineAssets&quot;:false,&quot;cdn&quot;:false,&quot;charts&quot;:false,&quot;enableCharts&quot;:false,&quot;code&quot;:true,&quot;enableCode&quot;:true,&quot;autoOpen&quot;:false,&quot;overwrite&quot;:true,&quot;timestamp&quot;:false,&quot;ts&quot;:false,&quot;showPassed&quot;:true,&quot;showFailed&quot;:true,&quot;showPending&quot;:true,&quot;showSkipped&quot;:false,&quot;showHooks&quot;:&quot;failed&quot;,&quot;saveJson&quot;:true,&quot;saveHtml&quot;:true,&quot;dev&quot;:false,&quot;assetsDir&quot;:&quot;mochawesome-report/assets&quot;,&quot;jsonFile&quot;:&quot;/home/elmeripk/sw_testing_gw/mochawesome-report/mochawesome.json&quot;,&quot;htmlFile&quot;:&quot;/home/elmeripk/sw_testing_gw/mochawesome-report/mochawesome.html&quot;}"><div id="report"></div><script src="assets/app.js"></script></body></html>